INFO:werkzeug:[31m[1mWARNING: This is a development server. Do not use it in a production deployment. Use a production WSGI server instead.[0m
 * Running on all addresses (0.0.0.0)
 * Running on http://127.0.0.1:8080
 * Running on http://10.244.2.187:8080
INFO:werkzeug:[33mPress CTRL+C to quit[0m
INFO:werkzeug:127.0.0.1 - - [24/Nov/2023 03:43:36] "GET /api/stream/active/192.168.2.2:1935/200 HTTP/1.1" 200 -
INFO:main:7.98
INFO:main:15.50
INFO:main:15.87
INFO:main:16.30
INFO:main:16.17
INFO:main:16.00
INFO:main:16.06
INFO:main:16.02
INFO:main:16.03
INFO:main:15.98
INFO:main:15.91
INFO:main:15.98
INFO:main:15.76
INFO:main:15.84
INFO:main:16.10
INFO:main:15.99
INFO:main:16.12
INFO:main:16.17
INFO:main:15.83
INFO:main:15.97
INFO:main:15.86
INFO:main:16.18
INFO:main:15.88
INFO:main:15.84
INFO:main:15.91
INFO:main:15.43
INFO:main:15.14
INFO:main:15.14
INFO:main:15.55
INFO:main:16.26
INFO:main:15.99
INFO:main:15.55
INFO:main:15.38
INFO:main:15.47
INFO:main:15.88
INFO:main:15.86
INFO:main:15.97
INFO:main:15.93
INFO:main:16.12
INFO:main:16.05
INFO:main:16.06
INFO:main:16.20
INFO:main:16.17
INFO:main:16.35
INFO:main:16.19
INFO:main:16.06
INFO:main:15.94
INFO:main:15.99
INFO:main:16.03
INFO:main:15.74
INFO:main:15.99
INFO:main:15.80
INFO:main:15.93
INFO:main:15.85
INFO:main:15.79
INFO:main:15.74
INFO:main:15.84
INFO:main:15.79
INFO:main:15.70
INFO:main:15.90
INFO:main:16.10
INFO:main:16.19
INFO:main:16.03
INFO:main:15.99
INFO:main:15.76
INFO:main:15.90
INFO:main:15.97
INFO:main:15.89
INFO:main:15.69
INFO:main:15.60
INFO:main:15.97
INFO:main:16.29
INFO:main:16.15
INFO:main:16.20
INFO:main:15.63
INFO:main:15.76
INFO:main:15.39
INFO:main:15.16
INFO:main:15.44
INFO:main:15.61
INFO:main:15.71
INFO:main:15.49
INFO:main:15.16
INFO:main:14.99
INFO:main:14.90
INFO:main:15.26
INFO:main:15.48
INFO:main:15.47
