INFO:werkzeug:[31m[1mWARNING: This is a development server. Do not use it in a production deployment. Use a production WSGI server instead.[0m
 * Running on all addresses (0.0.0.0)
 * Running on http://127.0.0.1:8080
 * Running on http://10.244.2.184:8080
INFO:werkzeug:[33mPress CTRL+C to quit[0m
INFO:werkzeug:127.0.0.1 - - [24/Nov/2023 03:16:30] "GET /api/stream/active/192.168.2.2:1935/200 HTTP/1.1" 200 -
INFO:werkzeug:127.0.0.1 - - [24/Nov/2023 03:16:30] "GET /api/stream/active/192.168.2.2:1935/200 HTTP/1.1" 200 -
INFO:werkzeug:127.0.0.1 - - [24/Nov/2023 03:16:30] "GET /api/stream/active/192.168.2.2:1935/200 HTTP/1.1" 200 -
INFO:werkzeug:127.0.0.1 - - [24/Nov/2023 03:16:30] "GET /api/stream/active/192.168.2.2:1935/200 HTTP/1.1" 200 -
INFO:werkzeug:127.0.0.1 - - [24/Nov/2023 03:16:30] "GET /api/stream/active/192.168.2.2:1935/200 HTTP/1.1" 200 -
INFO:main:8.78
INFO:main:14.44
INFO:main:14.48
INFO:main:14.41
INFO:main:14.70
INFO:main:15.26
INFO:main:16.36
INFO:main:15.19
INFO:main:15.17
INFO:main:15.39
INFO:main:15.36
INFO:main:15.08
INFO:main:15.60
INFO:main:15.99
INFO:main:14.85
INFO:main:14.37
INFO:main:14.11
INFO:main:13.84
INFO:main:14.89
INFO:main:16.11
INFO:main:15.19
INFO:main:15.14
INFO:main:15.08
INFO:main:15.16
INFO:main:14.99
INFO:main:14.97
INFO:main:16.11
INFO:main:14.96
INFO:main:14.74
INFO:main:14.41
INFO:main:14.17
INFO:main:13.80
INFO:main:13.81
INFO:main:13.73
INFO:main:13.80
INFO:main:14.04
INFO:main:14.22
INFO:main:14.37
INFO:main:14.17
INFO:main:14.12
INFO:main:14.29
INFO:main:14.48
INFO:main:14.41
INFO:main:14.30
INFO:main:14.26
INFO:main:14.19
INFO:main:14.28
INFO:main:14.08
INFO:main:14.98
INFO:main:15.87
INFO:main:15.69
INFO:main:15.16
INFO:main:14.78
INFO:main:14.53
INFO:main:14.61
INFO:main:14.29
INFO:main:14.28
INFO:main:14.33
INFO:main:14.85
INFO:main:14.72
INFO:main:14.92
INFO:main:15.03
INFO:main:14.91
INFO:main:14.85
INFO:main:14.70
INFO:main:14.28
INFO:main:13.80
INFO:main:13.74
INFO:main:13.47
INFO:main:13.50
INFO:main:13.72
INFO:main:13.96
INFO:main:14.47
INFO:main:14.54
INFO:main:14.14
INFO:main:14.22
INFO:main:13.98
INFO:main:13.93
INFO:main:14.08
INFO:main:14.34
INFO:main:14.71
INFO:main:15.20
INFO:main:15.35
INFO:main:14.82
INFO:main:14.93
INFO:main:14.64
INFO:main:14.58
INFO:main:14.18
INFO:main:14.32
INFO:main:14.03
INFO:main:14.48
INFO:main:14.14
INFO:main:13.90
INFO:main:13.78
INFO:main:13.67
INFO:main:13.54
INFO:main:13.94
INFO:main:14.17
INFO:werkzeug:127.0.0.1 - - [24/Nov/2023 03:18:11] "GET /download HTTP/1.1" 200 -
INFO:werkzeug:127.0.0.1 - - [24/Nov/2023 03:18:11] "GET /download HTTP/1.1" 200 -
INFO:werkzeug:127.0.0.1 - - [24/Nov/2023 03:18:11] "GET /download HTTP/1.1" 200 -
INFO:werkzeug:127.0.0.1 - - [24/Nov/2023 03:18:11] "GET /download HTTP/1.1" 200 -
