INFO:werkzeug:[31m[1mWARNING: This is a development server. Do not use it in a production deployment. Use a production WSGI server instead.[0m
 * Running on all addresses (0.0.0.0)
 * Running on http://127.0.0.1:8080
 * Running on http://10.244.2.66:8080
INFO:werkzeug:[33mPress CTRL+C to quit[0m
INFO:werkzeug:127.0.0.1 - - [13/Nov/2023 02:08:42] "GET /api/stream/active/192.168.2.2:1936/200 HTTP/1.1" 200 -
INFO:werkzeug:127.0.0.1 - - [13/Nov/2023 02:08:42] "GET /api/stream/active/192.168.2.2:1939/200 HTTP/1.1" 200 -
INFO:werkzeug:127.0.0.1 - - [13/Nov/2023 02:08:42] "GET /api/stream/active/192.168.2.2:1935/200 HTTP/1.1" 200 -
INFO:werkzeug:127.0.0.1 - - [13/Nov/2023 02:08:42] "GET /api/stream/active/192.168.2.2:1938/200 HTTP/1.1" 200 -
INFO:werkzeug:127.0.0.1 - - [13/Nov/2023 02:08:42] "GET /api/stream/active/192.168.2.2:1937/200 HTTP/1.1" 200 -
INFO:main:7.71
INFO:main:13.83
INFO:main:13.96
INFO:main:14.13
INFO:main:14.03
INFO:main:15.04
INFO:main:15.86
INFO:main:15.01
INFO:main:14.99
INFO:main:14.97
INFO:main:14.99
INFO:main:15.04
INFO:main:15.05
INFO:main:15.07
INFO:main:15.05
INFO:main:15.04
INFO:main:15.96
INFO:main:14.99
INFO:main:15.03
INFO:main:14.99
INFO:main:14.91
INFO:main:15.04
INFO:main:15.07
INFO:main:15.02
INFO:main:15.06
INFO:main:15.17
INFO:main:15.82
INFO:main:15.37
INFO:main:15.34
INFO:main:15.37
INFO:main:15.37
INFO:main:15.27
INFO:main:15.30
INFO:main:15.30
INFO:main:15.23
INFO:main:14.45
INFO:main:14.01
INFO:main:14.87
INFO:main:14.41
INFO:main:15.06
INFO:main:15.02
INFO:main:14.45
INFO:main:14.27
INFO:main:14.15
INFO:main:14.19
INFO:main:14.22
INFO:main:14.61
INFO:main:13.89
INFO:main:13.82
INFO:main:14.17
INFO:main:14.56
INFO:main:14.57
INFO:main:14.76
INFO:main:14.76
INFO:main:14.86
INFO:main:14.92
INFO:main:14.40
INFO:main:14.29
INFO:main:14.42
INFO:main:14.37
INFO:main:14.18
INFO:main:14.09
INFO:main:14.31
INFO:main:14.38
INFO:main:14.05
INFO:main:14.14
INFO:main:14.14
INFO:main:14.04
INFO:main:14.12
INFO:main:14.04
INFO:main:14.24
INFO:main:14.25
INFO:main:14.50
INFO:main:14.29
INFO:main:13.92
INFO:main:14.30
INFO:main:14.03
INFO:main:14.08
INFO:main:14.25
INFO:main:14.53
INFO:main:14.16
INFO:main:14.44
INFO:main:14.38
INFO:main:14.49
INFO:main:14.36
INFO:main:14.57
INFO:main:14.26
INFO:main:14.24
INFO:main:14.40
INFO:main:14.35
INFO:main:14.12
INFO:main:13.99
INFO:main:14.26
INFO:main:14.41
INFO:main:14.50
INFO:main:14.33
INFO:main:14.38
INFO:main:14.13
INFO:main:14.10
INFO:main:14.19
INFO:main:14.06
INFO:main:13.95
INFO:main:13.89
INFO:main:13.56
INFO:main:14.26
INFO:werkzeug:127.0.0.1 - - [13/Nov/2023 02:10:19] "GET /download HTTP/1.1" 200 -
INFO:werkzeug:127.0.0.1 - - [13/Nov/2023 02:10:20] "GET /download HTTP/1.1" 200 -
INFO:werkzeug:127.0.0.1 - - [13/Nov/2023 02:10:20] "GET /download HTTP/1.1" 200 -
INFO:werkzeug:127.0.0.1 - - [13/Nov/2023 02:10:20] "GET /download HTTP/1.1" 200 -
