INFO:werkzeug:[31m[1mWARNING: This is a development server. Do not use it in a production deployment. Use a production WSGI server instead.[0m
 * Running on all addresses (0.0.0.0)
 * Running on http://127.0.0.1:8080
 * Running on http://10.244.2.63:8080
INFO:werkzeug:[33mPress CTRL+C to quit[0m
INFO:werkzeug:127.0.0.1 - - [13/Nov/2023 01:53:10] "GET /api/stream/active/192.168.2.2:1935/200 HTTP/1.1" 200 -
INFO:werkzeug:127.0.0.1 - - [13/Nov/2023 01:53:10] "GET /api/stream/active/192.168.2.2:1939/200 HTTP/1.1" 200 -
INFO:werkzeug:127.0.0.1 - - [13/Nov/2023 01:53:10] "GET /api/stream/active/192.168.2.2:1937/200 HTTP/1.1" 200 -
INFO:werkzeug:127.0.0.1 - - [13/Nov/2023 01:53:10] "GET /api/stream/active/192.168.2.2:1936/200 HTTP/1.1" 200 -
INFO:werkzeug:127.0.0.1 - - [13/Nov/2023 01:53:11] "GET /api/stream/active/192.168.2.2:1938/200 HTTP/1.1" 200 -
INFO:main:8.53
INFO:main:14.74
INFO:main:14.34
INFO:main:14.31
INFO:main:13.99
INFO:main:15.89
INFO:main:14.78
INFO:main:14.50
INFO:main:14.11
INFO:main:13.87
INFO:main:16.38
INFO:main:15.40
INFO:main:14.98
INFO:main:14.83
INFO:main:14.57
INFO:main:16.32
INFO:main:14.22
INFO:main:13.66
INFO:main:13.39
INFO:main:13.25
INFO:main:13.87
INFO:main:15.43
INFO:main:14.73
INFO:main:14.72
INFO:main:14.74
INFO:main:14.81
INFO:main:14.74
INFO:main:14.72
INFO:main:14.93
INFO:main:14.88
INFO:main:14.28
INFO:main:14.30
INFO:main:14.74
INFO:main:14.77
INFO:main:14.90
INFO:main:14.85
INFO:main:14.92
INFO:main:14.95
INFO:main:15.07
INFO:main:15.06
INFO:main:14.99
INFO:main:14.47
INFO:main:14.23
INFO:main:13.78
INFO:main:14.08
INFO:main:14.34
INFO:main:14.11
INFO:main:13.88
INFO:main:14.29
INFO:main:14.20
INFO:main:15.20
INFO:main:15.31
INFO:main:14.94
INFO:main:14.11
INFO:main:13.79
INFO:main:13.55
INFO:main:13.88
INFO:main:14.44
INFO:main:14.20
INFO:main:14.02
INFO:main:13.36
INFO:main:13.25
INFO:main:13.40
INFO:main:13.43
INFO:main:13.48
INFO:main:13.47
INFO:main:13.55
INFO:main:13.63
INFO:main:13.68
INFO:main:13.70
INFO:main:13.41
INFO:main:13.79
INFO:main:13.66
INFO:main:13.95
INFO:main:13.85
INFO:main:13.69
INFO:main:13.92
INFO:main:13.90
INFO:main:13.79
INFO:main:13.91
INFO:main:14.09
INFO:main:14.39
INFO:main:14.70
INFO:main:15.11
INFO:main:14.57
INFO:main:14.15
INFO:main:13.97
INFO:main:13.66
INFO:main:13.57
INFO:main:13.74
INFO:main:13.85
INFO:main:13.68
INFO:main:13.75
INFO:main:13.28
INFO:main:13.55
INFO:main:13.79
INFO:main:13.98
INFO:main:13.79
INFO:werkzeug:127.0.0.1 - - [13/Nov/2023 01:54:48] "GET /download HTTP/1.1" 200 -
INFO:werkzeug:127.0.0.1 - - [13/Nov/2023 01:54:48] "GET /download HTTP/1.1" 200 -
INFO:main:14.11
INFO:werkzeug:127.0.0.1 - - [13/Nov/2023 01:54:48] "GET /download HTTP/1.1" 200 -
INFO:werkzeug:127.0.0.1 - - [13/Nov/2023 01:54:48] "GET /download HTTP/1.1" 200 -
