INFO:werkzeug:[31m[1mWARNING: This is a development server. Do not use it in a production deployment. Use a production WSGI server instead.[0m
 * Running on all addresses (0.0.0.0)
 * Running on http://127.0.0.1:8080
 * Running on http://10.244.2.69:8080
INFO:werkzeug:[33mPress CTRL+C to quit[0m
INFO:werkzeug:127.0.0.1 - - [13/Nov/2023 02:26:15] "GET /api/stream/active/192.168.2.2:1935/200 HTTP/1.1" 200 -
INFO:main:7.91
INFO:main:13.69
INFO:main:13.80
INFO:main:13.71
INFO:main:13.48
INFO:main:13.79
INFO:main:13.71
INFO:main:13.64
INFO:main:13.72
INFO:main:13.62
INFO:main:13.71
INFO:main:13.93
INFO:main:13.83
INFO:main:13.82
INFO:main:13.67
INFO:main:13.72
INFO:main:13.56
INFO:main:13.73
INFO:main:13.83
INFO:main:13.93
INFO:main:13.62
INFO:main:13.65
INFO:main:13.66
INFO:main:13.53
INFO:main:13.43
INFO:main:14.85
INFO:main:14.57
INFO:main:14.09
INFO:main:13.71
INFO:main:14.03
INFO:main:14.57
INFO:main:14.49
INFO:main:14.82
INFO:main:14.81
INFO:main:15.04
INFO:main:13.97
INFO:main:13.66
INFO:main:13.62
INFO:main:13.31
INFO:main:13.35
INFO:main:13.56
INFO:main:13.68
INFO:main:13.91
INFO:main:14.57
INFO:main:14.26
INFO:main:13.68
INFO:main:13.55
INFO:main:13.53
INFO:main:13.99
INFO:main:14.00
INFO:main:14.27
INFO:main:14.36
INFO:main:14.25
INFO:main:13.98
INFO:main:13.71
INFO:main:13.76
INFO:main:13.78
INFO:main:13.94
INFO:main:13.92
INFO:main:14.03
INFO:main:13.98
INFO:main:14.53
INFO:main:13.99
INFO:main:14.00
INFO:main:13.95
INFO:main:14.28
INFO:main:13.95
INFO:main:14.01
INFO:main:14.10
INFO:main:13.93
INFO:main:14.11
INFO:main:14.42
INFO:main:14.34
INFO:main:14.44
INFO:main:14.30
INFO:main:14.39
INFO:main:14.66
INFO:main:14.47
INFO:main:14.15
INFO:main:13.86
INFO:main:14.13
INFO:main:14.30
INFO:main:14.29
INFO:main:13.85
INFO:main:13.96
INFO:main:14.00
INFO:main:13.96
INFO:main:14.04
