INFO:werkzeug:[31m[1mWARNING: This is a development server. Do not use it in a production deployment. Use a production WSGI server instead.[0m
 * Running on all addresses (0.0.0.0)
 * Running on http://127.0.0.1:8080
 * Running on http://10.244.2.72:8080
INFO:werkzeug:[33mPress CTRL+C to quit[0m
INFO:werkzeug:127.0.0.1 - - [13/Nov/2023 02:41:45] "GET /api/stream/active/192.168.2.2:1935/200 HTTP/1.1" 200 -
INFO:main:8.60
INFO:main:15.14
INFO:main:15.11
INFO:main:15.33
INFO:main:15.47
INFO:main:15.71
INFO:main:15.80
INFO:main:15.73
INFO:main:15.62
INFO:main:15.42
INFO:main:15.61
INFO:main:15.69
INFO:main:15.58
INFO:main:15.58
INFO:main:15.45
INFO:main:15.45
INFO:main:15.25
INFO:main:15.21
INFO:main:15.05
INFO:main:15.11
INFO:main:15.42
INFO:main:15.31
INFO:main:15.68
INFO:main:16.03
INFO:main:15.83
INFO:main:15.69
INFO:main:15.29
INFO:main:15.03
INFO:main:15.09
INFO:main:14.64
INFO:main:14.90
INFO:main:15.35
INFO:main:15.18
INFO:main:15.34
INFO:main:15.44
INFO:main:15.44
INFO:main:15.43
INFO:main:16.16
INFO:main:15.87
INFO:main:16.01
INFO:main:15.80
INFO:main:15.85
INFO:main:15.58
INFO:main:15.51
INFO:main:15.45
INFO:main:15.84
INFO:main:15.81
INFO:main:15.91
INFO:main:15.81
INFO:main:15.76
INFO:main:15.76
INFO:main:15.45
INFO:main:15.51
INFO:main:15.62
INFO:main:16.16
INFO:main:16.24
INFO:main:15.88
INFO:main:15.91
INFO:main:15.57
INFO:main:15.63
INFO:main:15.86
INFO:main:15.92
INFO:main:15.70
INFO:main:15.75
INFO:main:15.73
INFO:main:16.16
INFO:main:16.28
INFO:main:16.43
INFO:main:16.19
INFO:main:16.09
INFO:main:15.72
INFO:main:15.88
INFO:main:15.99
INFO:main:16.14
INFO:main:15.99
INFO:main:15.86
INFO:main:15.60
INFO:main:15.23
INFO:main:15.28
INFO:main:15.14
INFO:main:15.45
INFO:main:15.69
INFO:main:15.69
INFO:main:15.48
INFO:main:15.22
INFO:main:15.20
INFO:main:15.33
INFO:main:14.92
INFO:main:15.11
