INFO:werkzeug:[31m[1mWARNING: This is a development server. Do not use it in a production deployment. Use a production WSGI server instead.[0m
 * Running on all addresses (0.0.0.0)
 * Running on http://127.0.0.1:8080
 * Running on http://10.244.2.190:8080
INFO:werkzeug:[33mPress CTRL+C to quit[0m
INFO:werkzeug:127.0.0.1 - - [24/Nov/2023 04:07:28] "GET /api/stream/active/192.168.2.2:1935/200 HTTP/1.1" 200 -
INFO:main:8.56
INFO:main:13.67
INFO:main:13.70
INFO:main:13.63
INFO:main:13.42
INFO:main:13.37
INFO:main:13.43
INFO:main:13.45
INFO:main:13.49
INFO:main:13.45
INFO:main:13.38
INFO:main:13.56
INFO:main:13.83
INFO:main:13.83
INFO:main:13.22
INFO:main:13.22
INFO:main:13.27
INFO:main:13.34
INFO:main:13.79
INFO:main:13.62
INFO:main:13.40
INFO:main:13.48
INFO:main:13.81
INFO:main:14.92
INFO:main:14.49
INFO:main:14.36
INFO:main:14.22
INFO:main:13.84
INFO:main:13.66
INFO:main:14.02
INFO:main:13.91
INFO:main:14.40
INFO:main:14.59
INFO:main:14.60
INFO:main:14.55
INFO:main:14.40
INFO:main:13.97
INFO:main:14.13
INFO:main:13.97
INFO:main:13.55
INFO:main:14.27
INFO:main:13.89
INFO:main:13.86
INFO:main:13.54
INFO:main:13.99
INFO:main:13.95
INFO:main:14.14
INFO:main:13.82
INFO:main:13.93
INFO:main:14.18
INFO:main:14.21
INFO:main:13.98
INFO:main:13.90
INFO:main:13.86
INFO:main:14.15
INFO:main:14.12
INFO:main:13.94
INFO:main:13.87
INFO:main:13.78
INFO:main:14.04
INFO:main:13.68
INFO:main:13.71
INFO:main:14.01
INFO:main:14.07
INFO:main:14.14
INFO:main:13.71
INFO:main:13.55
INFO:main:13.88
INFO:main:14.48
INFO:main:14.28
INFO:main:13.66
INFO:main:14.32
INFO:main:14.26
INFO:main:13.99
INFO:main:14.00
INFO:main:14.04
INFO:main:14.45
INFO:main:14.45
INFO:main:14.28
INFO:main:14.49
INFO:main:14.69
INFO:main:14.43
INFO:main:14.27
INFO:main:14.18
INFO:main:14.03
INFO:main:14.26
INFO:main:14.69
INFO:main:14.21
INFO:main:14.16
INFO:main:14.37
INFO:main:14.28
INFO:main:14.19
INFO:main:14.36
INFO:main:14.48
INFO:main:14.57
