INFO:werkzeug:[31m[1mWARNING: This is a development server. Do not use it in a production deployment. Use a production WSGI server instead.[0m
 * Running on all addresses (0.0.0.0)
 * Running on http://127.0.0.1:8080
 * Running on http://10.244.2.196:8080
INFO:werkzeug:[33mPress CTRL+C to quit[0m
INFO:werkzeug:127.0.0.1 - - [24/Nov/2023 04:50:24] "GET /api/stream/active/192.168.2.2:1935/200 HTTP/1.1" 200 -
INFO:werkzeug:127.0.0.1 - - [24/Nov/2023 04:50:24] "GET /api/stream/active/192.168.2.2:1935/200 HTTP/1.1" 200 -
INFO:werkzeug:127.0.0.1 - - [24/Nov/2023 04:50:24] "GET /api/stream/active/192.168.2.2:1935/200 HTTP/1.1" 200 -
INFO:main:7.91
INFO:main:14.98
INFO:main:14.58
INFO:main:14.22
INFO:main:14.31
INFO:main:15.59
INFO:main:14.52
INFO:main:14.28
INFO:main:13.90
INFO:main:13.94
INFO:main:14.76
INFO:main:16.04
INFO:main:15.10
INFO:main:14.96
INFO:main:14.81
INFO:main:14.82
INFO:main:14.85
INFO:main:14.77
INFO:main:14.84
INFO:main:14.97
INFO:main:14.91
INFO:main:14.81
INFO:main:14.81
INFO:main:14.88
INFO:main:14.90
INFO:main:14.87
INFO:main:14.91
INFO:main:14.98
INFO:main:14.93
INFO:main:14.87
INFO:main:14.88
INFO:main:14.89
INFO:main:14.81
INFO:main:14.77
INFO:main:14.98
INFO:main:15.02
INFO:main:14.83
INFO:main:14.78
INFO:main:14.84
INFO:main:14.87
INFO:main:14.76
INFO:main:14.73
INFO:main:14.84
INFO:main:14.91
INFO:main:14.87
INFO:main:14.81
INFO:main:14.83
INFO:main:14.83
INFO:main:14.82
INFO:main:14.85
INFO:main:15.41
INFO:main:14.69
INFO:main:14.01
INFO:main:13.55
INFO:main:13.49
INFO:main:13.55
INFO:main:13.88
INFO:main:14.07
INFO:main:13.94
INFO:main:14.28
INFO:main:13.67
INFO:main:13.52
INFO:main:13.76
INFO:main:13.70
INFO:main:13.78
INFO:main:13.89
INFO:main:13.84
INFO:main:13.97
INFO:main:13.96
INFO:main:13.72
INFO:main:13.47
INFO:main:13.93
INFO:main:14.07
INFO:main:13.71
INFO:main:13.65
INFO:main:13.64
INFO:main:13.51
INFO:main:13.60
INFO:main:13.40
INFO:main:13.39
INFO:main:13.67
INFO:main:13.76
INFO:main:13.87
INFO:main:13.48
INFO:main:13.93
INFO:main:13.88
INFO:main:14.16
INFO:main:14.06
INFO:main:13.57
INFO:main:14.14
INFO:main:14.01
INFO:main:14.17
INFO:main:13.92
INFO:main:13.98
INFO:main:14.06
INFO:main:14.01
INFO:main:13.89
INFO:main:14.38
INFO:main:14.15
INFO:main:13.96
INFO:main:13.67
INFO:main:13.86
INFO:main:13.93
INFO:main:14.17
INFO:main:13.99
INFO:main:14.09
INFO:main:14.15
INFO:main:14.07
INFO:main:13.66
INFO:main:14.00
INFO:main:14.04
INFO:main:13.99
INFO:werkzeug:127.0.0.1 - - [24/Nov/2023 04:52:05] "GET /download HTTP/1.1" 200 -
INFO:werkzeug:127.0.0.1 - - [24/Nov/2023 04:52:05] "GET /download HTTP/1.1" 200 -
