INFO:werkzeug:[31m[1mWARNING: This is a development server. Do not use it in a production deployment. Use a production WSGI server instead.[0m
 * Running on all addresses (0.0.0.0)
 * Running on http://127.0.0.1:8080
 * Running on http://10.244.2.54:8080
INFO:werkzeug:[33mPress CTRL+C to quit[0m
INFO:werkzeug:127.0.0.1 - - [11/Nov/2023 10:27:05] "GET /api/stream/active/192.168.2.2:1936/200 HTTP/1.1" 200 -
INFO:werkzeug:127.0.0.1 - - [11/Nov/2023 10:27:05] "GET /api/stream/active/192.168.2.2:1937/200 HTTP/1.1" 200 -
INFO:werkzeug:127.0.0.1 - - [11/Nov/2023 10:27:05] "GET /api/stream/active/192.168.2.2:1935/200 HTTP/1.1" 200 -
INFO:main:8.51
INFO:main:14.20
INFO:main:13.98
INFO:main:13.72
INFO:main:13.71
INFO:main:15.36
INFO:main:14.75
INFO:main:14.34
INFO:main:14.28
INFO:main:13.95
INFO:main:16.42
INFO:main:15.68
INFO:main:15.88
INFO:main:15.59
INFO:main:15.46
INFO:main:15.27
INFO:main:15.42
INFO:main:15.67
INFO:main:16.09
INFO:main:15.98
INFO:main:15.91
INFO:main:15.70
INFO:main:15.73
INFO:main:15.84
INFO:main:16.21
INFO:main:16.22
INFO:main:16.20
INFO:main:16.03
INFO:main:16.17
INFO:main:16.51
INFO:main:16.21
INFO:main:16.10
INFO:main:16.15
INFO:main:16.27
INFO:main:16.00
INFO:main:15.93
INFO:main:15.61
INFO:main:16.02
INFO:main:15.60
INFO:main:15.12
INFO:main:15.20
INFO:main:15.39
INFO:main:15.55
INFO:main:15.93
INFO:main:15.98
INFO:main:15.98
INFO:main:15.68
INFO:main:15.59
INFO:main:15.66
INFO:main:15.67
INFO:main:15.45
INFO:main:15.72
INFO:main:15.80
INFO:main:15.67
INFO:main:15.81
INFO:main:15.81
INFO:main:15.82
INFO:main:16.01
INFO:main:15.93
INFO:main:15.86
INFO:main:16.06
INFO:main:15.87
INFO:main:15.96
INFO:main:15.96
INFO:main:16.16
INFO:main:15.96
INFO:main:15.96
INFO:main:16.10
INFO:main:16.00
INFO:main:16.21
INFO:main:16.08
INFO:main:15.89
INFO:main:15.87
INFO:main:16.07
INFO:main:16.13
INFO:main:16.49
INFO:main:16.25
INFO:main:16.10
INFO:main:16.00
INFO:main:16.05
INFO:main:16.01
INFO:main:15.89
INFO:main:15.93
INFO:main:16.08
INFO:main:16.05
INFO:main:15.87
INFO:main:16.10
INFO:main:16.00
INFO:werkzeug:127.0.0.1 - - [11/Nov/2023 10:28:42] "GET /download HTTP/1.1" 200 -
INFO:werkzeug:127.0.0.1 - - [11/Nov/2023 10:28:42] "GET /download HTTP/1.1" 200 -
