INFO:werkzeug:[31m[1mWARNING: This is a development server. Do not use it in a production deployment. Use a production WSGI server instead.[0m
 * Running on all addresses (0.0.0.0)
 * Running on http://127.0.0.1:8080
 * Running on http://172.17.0.2:8080
INFO:werkzeug:[33mPress CTRL+C to quit[0m
INFO:werkzeug:[31m[1mWARNING: This is a development server. Do not use it in a production deployment. Use a production WSGI server instead.[0m
 * Running on all addresses (0.0.0.0)
 * Running on http://127.0.0.1:8080
 * Running on http://172.17.0.2:8080
INFO:werkzeug:[33mPress CTRL+C to quit[0m
INFO:werkzeug:[31m[1mWARNING: This is a development server. Do not use it in a production deployment. Use a production WSGI server instead.[0m
 * Running on all addresses (0.0.0.0)
 * Running on http://127.0.0.1:8080
 * Running on http://172.17.0.2:8080
INFO:werkzeug:[33mPress CTRL+C to quit[0m
INFO:werkzeug:[31m[1mWARNING: This is a development server. Do not use it in a production deployment. Use a production WSGI server instead.[0m
 * Running on all addresses (0.0.0.0)
 * Running on http://127.0.0.1:8080
 * Running on http://10.244.2.146:8080
INFO:werkzeug:[33mPress CTRL+C to quit[0m
INFO:werkzeug:127.0.0.1 - - [15/Nov/2023 15:51:42] "GET /api/stream/active/192.168.2.2:1935/200/0 HTTP/1.1" 200 -
INFO:werkzeug:127.0.0.1 - - [15/Nov/2023 15:51:42] "GET /api/stream/active/192.168.2.2:1936/200/0 HTTP/1.1" 200 -
INFO:main:3.62
INFO:main:3.67
INFO:main:3.63
INFO:main:3.62
INFO:main:3.65
INFO:main:5.25
INFO:main:3.61
INFO:main:3.67
INFO:main:3.61
INFO:main:3.67
INFO:main:3.67
INFO:main:3.72
INFO:main:3.62
INFO:main:3.66
INFO:main:3.60
INFO:main:3.67
INFO:main:3.65
INFO:main:3.70
INFO:main:3.62
INFO:main:3.66
INFO:main:3.67
INFO:main:3.66
INFO:main:3.66
INFO:main:3.70
INFO:main:3.69
INFO:main:3.63
INFO:main:3.64
INFO:main:3.66
INFO:main:3.66
INFO:main:3.70
INFO:main:3.69
INFO:main:3.67
INFO:main:3.67
INFO:main:3.65
INFO:main:3.66
INFO:main:3.69
INFO:main:3.68
INFO:main:3.65
INFO:main:3.66
INFO:main:3.64
INFO:main:3.66
INFO:main:3.70
INFO:main:3.67
INFO:main:3.66
INFO:main:3.66
INFO:main:3.65
INFO:main:3.67
INFO:main:3.69
INFO:main:3.66
INFO:main:3.61
INFO:main:3.61
INFO:main:3.63
INFO:main:3.66
INFO:main:3.69
INFO:main:3.66
INFO:main:3.64
INFO:main:3.64
INFO:main:3.62
INFO:main:3.66
INFO:main:3.69
INFO:main:3.66
INFO:main:3.64
INFO:main:3.65
INFO:main:3.63
INFO:main:3.69
INFO:main:3.70
INFO:main:3.66
INFO:main:3.66
INFO:main:3.64
INFO:main:3.66
INFO:main:3.68
INFO:main:3.69
INFO:main:3.67
INFO:main:3.67
INFO:main:3.67
INFO:main:3.65
INFO:main:3.66
INFO:main:3.70
INFO:main:3.69
INFO:main:3.67
INFO:main:3.66
INFO:main:3.65
INFO:main:3.66
INFO:main:3.69
INFO:main:3.68
INFO:main:3.66
INFO:main:3.66
INFO:main:3.65
INFO:main:3.66
INFO:main:3.69
INFO:main:3.69
INFO:main:3.66
INFO:main:3.66
INFO:main:3.65
INFO:main:3.64
INFO:main:3.67
INFO:main:3.67
INFO:main:3.65
INFO:main:3.66
INFO:main:3.64
INFO:main:3.65
INFO:main:3.69
INFO:main:3.68
INFO:main:3.65
INFO:main:3.65
INFO:main:3.64
INFO:main:3.64
INFO:main:3.68
INFO:main:3.68
INFO:main:3.65
INFO:main:3.66
INFO:main:3.65
INFO:main:3.66
INFO:main:3.69
INFO:main:3.67
INFO:main:3.65
INFO:main:3.66
INFO:main:3.65
INFO:main:3.67
INFO:main:3.71
INFO:main:3.69
INFO:main:3.67
INFO:main:3.68
INFO:main:3.66
INFO:main:3.66
INFO:main:3.70
INFO:main:3.69
INFO:main:3.68
INFO:main:3.68
INFO:main:3.68
INFO:main:3.68
INFO:main:3.70
INFO:main:3.69
INFO:main:3.69
INFO:main:3.68
INFO:main:3.68
INFO:main:3.69
INFO:main:3.68
INFO:main:3.68
INFO:main:3.68
INFO:main:3.68
INFO:main:3.69
INFO:main:3.69
INFO:main:3.69
INFO:main:3.69
INFO:main:3.65
INFO:main:3.65
INFO:main:3.70
INFO:main:3.70
INFO:main:3.69
INFO:main:3.70
INFO:main:3.70
INFO:main:3.69
INFO:main:3.71
INFO:main:3.71
INFO:main:3.70
INFO:main:3.70
INFO:main:3.69
INFO:main:3.69
INFO:main:3.71
INFO:main:3.70
INFO:main:3.70
INFO:main:3.70
INFO:main:3.69
INFO:main:3.69
INFO:main:3.69
INFO:main:3.69
INFO:main:3.70
INFO:main:3.70
INFO:main:3.69
INFO:main:3.69
INFO:main:3.67
INFO:main:3.68
INFO:main:3.70
INFO:main:3.70
INFO:main:3.67
INFO:main:3.68
INFO:main:3.66
INFO:main:3.68
INFO:main:3.68
INFO:main:3.65
INFO:main:3.66
INFO:main:3.66
INFO:main:3.65
INFO:main:3.72
INFO:main:3.69
INFO:main:3.72
INFO:main:3.68
INFO:main:3.73
INFO:main:3.73
INFO:main:3.73
INFO:main:3.72
INFO:main:3.73
INFO:main:3.73
INFO:main:3.72
INFO:main:3.74
INFO:main:3.74
INFO:main:3.75
INFO:main:3.75
INFO:main:3.75
INFO:main:3.74
INFO:main:3.75
INFO:main:3.74
INFO:main:3.73
INFO:main:3.74
INFO:main:3.73
INFO:main:3.74
INFO:main:3.75
INFO:main:3.73
INFO:main:3.73
INFO:main:3.72
INFO:main:3.72
INFO:main:3.73
INFO:main:3.74
INFO:main:3.73
INFO:main:3.73
INFO:main:3.73
INFO:main:3.73
INFO:main:3.73
INFO:main:3.73
INFO:main:3.73
INFO:main:3.75
INFO:main:3.73
INFO:main:3.74
INFO:main:3.72
INFO:main:3.74
INFO:main:3.72
INFO:main:3.71
INFO:main:3.71
INFO:main:3.72
INFO:main:3.70
INFO:main:3.72
INFO:main:3.72
INFO:main:3.74
INFO:main:3.72
INFO:main:3.73
INFO:main:3.70
INFO:main:3.73
INFO:main:3.71
INFO:main:3.72
INFO:main:3.73
INFO:main:3.70
INFO:main:3.72
INFO:main:3.63
INFO:main:3.72
INFO:main:3.63
INFO:main:3.71
INFO:main:3.65
INFO:main:3.71
INFO:main:3.74
INFO:main:3.71
INFO:main:3.75
INFO:main:3.72
INFO:main:3.76
INFO:main:3.72
INFO:main:3.75
INFO:main:3.71
INFO:main:3.75
INFO:main:3.73
INFO:main:3.75
INFO:main:3.74
INFO:main:3.73
INFO:main:3.75
INFO:main:3.74
INFO:main:3.74
INFO:main:3.73
INFO:main:3.74
INFO:main:3.74
INFO:main:3.74
INFO:main:3.73
INFO:main:3.75
INFO:main:3.72
INFO:main:3.76
INFO:main:3.73
INFO:werkzeug:127.0.0.1 - - [15/Nov/2023 15:54:19] "GET /download HTTP/1.1" 200 -
INFO:main:3.75
