INFO:werkzeug:[31m[1mWARNING: This is a development server. Do not use it in a production deployment. Use a production WSGI server instead.[0m
 * Running on all addresses (0.0.0.0)
 * Running on http://127.0.0.1:8080
 * Running on http://10.244.1.35:8080
INFO:werkzeug:[33mPress CTRL+C to quit[0m
INFO:werkzeug:127.0.0.1 - - [04/Aug/2023 11:18:45] "GET /api/stream/active/192.168.2.2:1935/200 HTTP/1.1" 200 -
INFO:main:7.78
INFO:main:15.37
INFO:main:15.25
INFO:main:14.11
INFO:main:12.49
INFO:main:12.93
INFO:main:13.80
INFO:main:14.40
INFO:main:12.96
INFO:main:12.30
INFO:main:11.80
INFO:main:11.57
INFO:main:11.75
INFO:main:11.67
INFO:main:11.81
INFO:main:12.84
INFO:main:14.63
INFO:main:14.57
INFO:main:14.42
INFO:main:14.82
INFO:main:14.77
INFO:main:14.08
INFO:main:14.26
INFO:main:14.43
INFO:main:14.54
INFO:main:13.88
INFO:main:13.12
INFO:main:13.93
INFO:main:12.68
INFO:main:13.94
INFO:main:14.62
INFO:main:14.84
INFO:main:14.88
INFO:main:14.45
INFO:main:14.59
INFO:main:13.98
INFO:main:12.08
INFO:main:11.84
INFO:main:13.05
INFO:main:12.69
INFO:main:12.08
INFO:main:14.89
INFO:main:12.29
INFO:main:12.38
INFO:main:13.17
INFO:main:11.80
INFO:main:12.01
INFO:main:11.35
INFO:main:12.48
INFO:main:13.01
INFO:main:11.78
INFO:main:13.18
INFO:main:13.49
INFO:main:12.69
INFO:main:12.69
INFO:main:11.80
INFO:main:13.70
INFO:main:14.18
INFO:main:12.37
INFO:main:13.02
INFO:main:11.69
INFO:main:12.35
INFO:main:12.24
INFO:main:13.99
INFO:main:14.26
INFO:main:13.46
INFO:main:15.33
INFO:main:15.76
INFO:main:14.68
INFO:main:15.40
INFO:main:13.85
INFO:main:12.25
INFO:main:12.24
INFO:main:11.81
INFO:main:11.93
INFO:main:12.48
INFO:main:13.79
INFO:main:13.15
INFO:main:12.13
INFO:main:12.24
INFO:main:12.01
INFO:main:12.28
INFO:main:13.46
INFO:main:12.12
INFO:main:12.11
INFO:main:12.83
INFO:main:14.70
INFO:main:15.26
INFO:main:14.94
INFO:main:14.98
INFO:main:13.17
INFO:main:12.33
INFO:main:11.77
INFO:main:12.35
