INFO:werkzeug:[31m[1mWARNING: This is a development server. Do not use it in a production deployment. Use a production WSGI server instead.[0m
 * Running on all addresses (0.0.0.0)
 * Running on http://127.0.0.1:8080
 * Running on http://10.244.1.247:8080
INFO:werkzeug:[33mPress CTRL+C to quit[0m
INFO:werkzeug:127.0.0.1 - - [04/Aug/2023 15:58:13] "GET /api/stream/active/192.168.2.2:1935/200 HTTP/1.1" 200 -
INFO:main:6.89
INFO:main:11.78
INFO:main:9.71
INFO:main:9.99
INFO:main:10.05
INFO:main:9.84
INFO:main:9.95
INFO:main:9.91
INFO:main:9.83
INFO:main:9.75
INFO:main:9.84
INFO:main:9.86
INFO:main:9.92
INFO:main:9.64
INFO:main:9.99
INFO:main:9.75
INFO:main:9.87
INFO:main:9.57
INFO:main:9.83
INFO:main:9.62
INFO:main:9.90
INFO:main:9.71
INFO:main:8.90
INFO:main:9.67
INFO:main:9.86
INFO:main:9.57
INFO:main:9.78
INFO:main:9.58
INFO:main:9.94
INFO:main:9.49
INFO:main:9.79
INFO:main:9.44
INFO:main:9.44
INFO:main:9.64
INFO:main:9.55
INFO:main:8.92
INFO:main:10.27
INFO:main:9.85
INFO:main:10.24
INFO:main:10.24
INFO:main:9.49
INFO:main:9.24
INFO:main:10.20
INFO:main:10.15
INFO:main:10.05
INFO:main:11.14
INFO:main:8.23
INFO:main:9.66
INFO:main:4.34
INFO:main:4.54
INFO:main:8.36
INFO:main:9.58
INFO:main:9.67
INFO:main:9.95
INFO:main:9.62
INFO:main:9.81
INFO:main:9.73
INFO:main:9.64
INFO:main:9.69
INFO:main:10.11
INFO:main:9.90
INFO:main:9.64
INFO:main:9.86
INFO:main:9.85
INFO:main:9.93
INFO:main:9.75
INFO:main:9.84
INFO:main:9.95
INFO:main:9.82
INFO:main:9.40
INFO:main:9.77
INFO:main:9.78
INFO:main:9.80
INFO:main:10.02
INFO:main:10.07
INFO:main:9.66
INFO:main:9.78
INFO:main:7.97
INFO:main:8.49
INFO:main:9.46
INFO:main:9.48
INFO:main:8.97
INFO:main:8.84
INFO:main:9.42
INFO:main:9.48
INFO:main:9.68
INFO:main:9.74
INFO:main:8.55
INFO:main:9.84
INFO:main:9.83
INFO:main:10.11
INFO:main:9.91
INFO:main:9.67
INFO:main:9.72
INFO:main:9.53
INFO:main:9.78
INFO:main:9.75
INFO:main:9.84
INFO:main:9.90
INFO:main:9.82
