INFO:werkzeug:[31m[1mWARNING: This is a development server. Do not use it in a production deployment. Use a production WSGI server instead.[0m
 * Running on all addresses (0.0.0.0)
 * Running on http://127.0.0.1:8080
 * Running on http://10.244.1.223:8080
INFO:werkzeug:[33mPress CTRL+C to quit[0m
INFO:werkzeug:127.0.0.1 - - [04/Aug/2023 09:02:58] "GET /api/stream/active/192.168.2.2:1935/200 HTTP/1.1" 200 -
INFO:main:6.55
INFO:main:11.14
INFO:main:10.85
INFO:main:11.09
INFO:main:10.81
INFO:main:11.38
INFO:main:11.60
INFO:main:12.66
INFO:main:13.48
INFO:main:13.65
INFO:main:12.22
INFO:main:11.64
INFO:main:11.36
INFO:main:10.95
INFO:main:10.70
INFO:main:10.77
INFO:main:10.69
INFO:main:10.75
INFO:main:11.28
INFO:main:11.47
INFO:main:11.75
INFO:main:12.64
INFO:main:11.80
INFO:main:10.92
INFO:main:10.71
INFO:main:10.70
INFO:main:11.28
INFO:main:12.29
INFO:main:12.63
INFO:main:15.15
INFO:main:15.22
INFO:main:15.06
INFO:main:14.99
INFO:main:14.58
INFO:main:13.33
INFO:main:12.28
INFO:main:11.34
INFO:main:12.05
INFO:main:13.56
INFO:main:11.73
INFO:main:11.35
INFO:main:11.12
INFO:main:11.33
INFO:main:11.81
INFO:main:12.46
INFO:main:12.67
INFO:main:11.95
INFO:main:13.77
INFO:main:15.54
INFO:main:14.74
INFO:main:14.70
INFO:main:14.82
INFO:main:14.25
INFO:main:13.58
INFO:main:14.45
INFO:main:14.44
INFO:main:13.97
INFO:main:14.78
INFO:main:12.32
INFO:main:12.45
INFO:main:11.87
INFO:main:10.79
INFO:main:11.27
INFO:main:10.90
INFO:main:12.42
INFO:main:13.69
INFO:main:15.15
INFO:main:14.24
INFO:main:14.07
INFO:main:14.21
INFO:main:14.25
INFO:main:13.73
INFO:main:12.82
INFO:main:12.31
INFO:main:11.07
INFO:main:11.92
INFO:main:12.61
INFO:main:13.83
INFO:main:13.38
INFO:main:13.62
INFO:main:11.97
INFO:main:11.63
INFO:main:12.59
INFO:main:14.32
INFO:main:14.43
INFO:main:12.92
INFO:main:11.76
INFO:main:13.28
INFO:main:14.48
INFO:main:13.78
INFO:main:11.42
INFO:main:11.32
INFO:main:11.51
INFO:main:11.79
INFO:main:12.96
