INFO:werkzeug:[31m[1mWARNING: This is a development server. Do not use it in a production deployment. Use a production WSGI server instead.[0m
 * Running on all addresses (0.0.0.0)
 * Running on http://127.0.0.1:8080
 * Running on http://10.244.1.114:8080
INFO:werkzeug:[33mPress CTRL+C to quit[0m
INFO:werkzeug:127.0.0.1 - - [04/Aug/2023 18:06:36] "GET /api/stream/active/192.168.2.2:1935/200 HTTP/1.1" 200 -
INFO:main:4.99
INFO:main:12.32
INFO:main:12.11
INFO:main:12.12
INFO:main:11.69
INFO:main:11.48
INFO:main:11.23
INFO:main:11.42
INFO:main:11.77
INFO:main:10.85
INFO:main:11.97
INFO:main:13.18
INFO:main:12.27
INFO:main:10.72
INFO:main:11.44
INFO:main:11.68
INFO:main:11.84
INFO:main:11.29
INFO:main:12.56
INFO:main:12.58
INFO:main:11.31
INFO:main:11.17
INFO:main:10.28
INFO:main:10.12
INFO:main:11.52
INFO:main:10.53
INFO:main:10.79
INFO:main:10.58
INFO:main:10.82
INFO:main:10.64
INFO:main:11.46
INFO:main:10.64
INFO:main:11.93
INFO:main:11.29
INFO:main:11.28
INFO:main:11.57
INFO:main:11.51
INFO:main:12.43
INFO:main:10.91
INFO:main:10.92
INFO:main:11.88
INFO:main:11.85
INFO:main:11.70
INFO:main:10.22
INFO:main:9.10
INFO:main:11.16
INFO:main:9.76
INFO:main:11.89
INFO:main:11.76
INFO:main:10.51
INFO:main:10.53
INFO:main:11.89
INFO:main:11.77
INFO:main:10.85
INFO:main:11.98
INFO:main:10.56
INFO:main:9.57
INFO:main:9.60
INFO:main:11.50
INFO:main:10.47
INFO:main:13.27
INFO:main:11.52
INFO:main:12.32
INFO:main:11.29
INFO:main:9.57
INFO:main:10.47
INFO:main:11.48
INFO:main:11.03
INFO:main:12.36
INFO:main:10.25
INFO:main:11.17
INFO:main:10.97
INFO:main:10.88
INFO:main:11.35
INFO:main:11.30
INFO:main:10.48
INFO:main:8.82
INFO:main:11.56
INFO:main:12.39
INFO:main:12.03
INFO:main:9.89
INFO:main:10.97
INFO:main:10.87
INFO:main:11.68
INFO:main:11.69
INFO:main:10.76
INFO:main:11.86
INFO:main:10.19
INFO:main:11.91
INFO:main:9.93
INFO:main:10.52
INFO:main:10.89
INFO:main:11.43
INFO:main:13.02
INFO:main:12.89
INFO:main:10.95
INFO:main:11.05
INFO:main:10.65
