INFO:werkzeug:[31m[1mWARNING: This is a development server. Do not use it in a production deployment. Use a production WSGI server instead.[0m
 * Running on all addresses (0.0.0.0)
 * Running on http://127.0.0.1:8080
 * Running on http://10.244.1.198:8080
INFO:werkzeug:[33mPress CTRL+C to quit[0m
INFO:werkzeug:127.0.0.1 - - [04/Aug/2023 15:04:11] "GET /api/stream/active/192.168.2.2:1935/200 HTTP/1.1" 200 -
INFO:main:7.77
INFO:main:9.81
INFO:main:8.53
INFO:main:8.49
INFO:main:9.47
INFO:main:9.63
INFO:main:10.11
INFO:main:10.00
INFO:main:9.87
INFO:main:9.93
INFO:main:9.90
INFO:main:9.89
INFO:main:10.07
INFO:main:9.89
INFO:main:9.93
INFO:main:9.90
INFO:main:10.03
INFO:main:9.75
INFO:main:9.38
INFO:main:9.71
INFO:main:9.88
INFO:main:9.97
INFO:main:9.93
INFO:main:9.90
INFO:main:9.85
INFO:main:10.08
INFO:main:9.77
INFO:main:9.65
INFO:main:9.51
INFO:main:9.60
INFO:main:9.75
INFO:main:9.85
INFO:main:9.96
INFO:main:9.72
INFO:main:9.87
INFO:main:10.08
INFO:main:9.78
INFO:main:9.73
INFO:main:9.53
INFO:main:9.71
INFO:main:9.85
INFO:main:9.63
INFO:main:9.85
INFO:main:10.10
INFO:main:8.21
INFO:main:9.29
INFO:main:9.38
INFO:main:9.56
INFO:main:9.82
INFO:main:9.79
INFO:main:9.87
INFO:main:9.98
INFO:main:9.88
INFO:main:9.85
INFO:main:9.81
INFO:main:9.83
INFO:main:9.99
INFO:main:9.78
INFO:main:9.58
INFO:main:8.81
INFO:main:9.92
INFO:main:9.48
INFO:main:9.76
INFO:main:9.64
INFO:main:9.65
INFO:main:9.28
INFO:main:8.53
INFO:main:7.26
INFO:main:9.29
INFO:main:9.77
INFO:main:9.78
INFO:main:9.50
INFO:main:9.90
INFO:main:9.78
INFO:main:10.01
INFO:main:9.95
INFO:main:9.92
INFO:main:9.85
INFO:main:9.88
INFO:main:9.88
INFO:main:9.77
INFO:main:10.09
INFO:main:10.10
INFO:main:9.93
INFO:main:9.21
INFO:main:8.49
INFO:main:9.51
INFO:main:9.37
INFO:main:8.23
INFO:main:9.41
INFO:main:9.81
INFO:main:9.33
INFO:main:9.47
INFO:main:9.54
INFO:main:8.71
INFO:main:9.75
INFO:main:9.73
INFO:main:9.68
INFO:main:8.93
INFO:main:9.97
INFO:main:9.72
