INFO:werkzeug:[31m[1mWARNING: This is a development server. Do not use it in a production deployment. Use a production WSGI server instead.[0m
 * Running on all addresses (0.0.0.0)
 * Running on http://127.0.0.1:8080
 * Running on http://10.244.1.144:8080
INFO:werkzeug:[33mPress CTRL+C to quit[0m
INFO:werkzeug:127.0.0.1 - - [04/Aug/2023 13:55:19] "GET /api/stream/active/192.168.2.2:1935/200 HTTP/1.1" 200 -
INFO:main:9.59
INFO:main:12.51
INFO:main:10.15
INFO:main:10.66
INFO:main:10.89
INFO:main:10.82
INFO:main:10.53
INFO:main:9.91
INFO:main:10.88
INFO:main:11.93
INFO:main:12.34
INFO:main:11.72
INFO:main:13.26
INFO:main:13.42
INFO:main:13.57
INFO:main:13.54
INFO:main:13.47
INFO:main:12.70
INFO:main:10.89
INFO:main:11.77
INFO:main:10.77
INFO:main:10.09
INFO:main:10.62
INFO:main:9.90
INFO:main:11.25
INFO:main:12.13
INFO:main:12.94
INFO:main:12.50
INFO:main:10.28
INFO:main:12.51
INFO:main:12.50
INFO:main:11.75
INFO:main:10.29
INFO:main:10.43
INFO:main:11.54
INFO:main:12.84
INFO:main:10.97
INFO:main:10.25
INFO:main:9.71
INFO:main:10.79
INFO:main:10.95
INFO:main:10.44
INFO:main:10.38
INFO:main:11.36
INFO:main:12.49
INFO:main:10.46
INFO:main:9.74
INFO:main:11.38
INFO:main:11.70
INFO:main:13.16
INFO:main:12.53
INFO:main:12.00
INFO:main:10.95
INFO:main:10.23
INFO:main:9.65
INFO:main:12.29
INFO:main:9.32
INFO:main:11.63
INFO:main:12.24
INFO:main:12.50
INFO:main:11.42
INFO:main:10.30
INFO:main:10.92
INFO:main:12.32
INFO:main:11.27
INFO:main:10.23
INFO:main:11.67
INFO:main:10.97
INFO:main:11.42
INFO:main:12.64
INFO:main:11.12
INFO:main:11.74
INFO:main:11.61
INFO:main:11.31
INFO:main:11.44
INFO:main:11.38
INFO:main:11.76
INFO:main:11.89
INFO:main:11.42
INFO:main:10.80
INFO:main:11.00
INFO:main:9.96
INFO:main:10.03
INFO:main:10.41
INFO:main:10.02
INFO:main:10.42
INFO:main:11.93
INFO:main:10.63
INFO:main:9.49
INFO:main:11.26
