INFO:werkzeug:[31m[1mWARNING: This is a development server. Do not use it in a production deployment. Use a production WSGI server instead.[0m
 * Running on all addresses (0.0.0.0)
 * Running on http://127.0.0.1:8080
 * Running on http://10.244.1.102:8080
INFO:werkzeug:[33mPress CTRL+C to quit[0m
INFO:werkzeug:127.0.0.1 - - [04/Aug/2023 13:03:09] "GET /api/stream/active/192.168.2.2:1935/200 HTTP/1.1" 200 -
INFO:main:5.87
INFO:main:11.97
INFO:main:11.97
INFO:main:10.43
INFO:main:11.65
INFO:main:10.76
INFO:main:12.40
INFO:main:12.38
INFO:main:11.35
INFO:main:11.42
INFO:main:11.63
INFO:main:12.34
INFO:main:12.63
INFO:main:10.84
INFO:main:10.45
INFO:main:12.78
INFO:main:12.23
INFO:main:10.78
INFO:main:10.47
INFO:main:11.86
INFO:main:11.31
INFO:main:10.54
INFO:main:10.14
INFO:main:12.43
INFO:main:12.69
INFO:main:11.60
INFO:main:11.18
INFO:main:10.33
INFO:main:10.79
INFO:main:10.74
INFO:main:10.71
INFO:main:9.14
INFO:main:13.20
INFO:main:11.31
INFO:main:12.30
INFO:main:10.82
INFO:main:12.79
INFO:main:11.82
INFO:main:10.67
INFO:main:10.72
INFO:main:10.67
INFO:main:12.66
INFO:main:11.65
INFO:main:10.24
INFO:main:11.39
INFO:main:10.86
INFO:main:9.90
INFO:main:11.28
INFO:main:10.72
INFO:main:10.85
INFO:main:10.36
INFO:main:11.90
INFO:main:9.26
INFO:main:10.75
INFO:main:10.03
INFO:main:11.82
INFO:main:11.59
INFO:main:10.30
INFO:main:9.46
INFO:main:10.40
INFO:main:10.16
INFO:main:10.59
INFO:main:11.21
INFO:main:10.02
INFO:main:10.17
INFO:main:11.50
INFO:main:11.12
INFO:main:11.38
INFO:main:10.90
INFO:main:10.23
INFO:main:11.07
INFO:main:11.76
INFO:main:11.74
INFO:main:11.38
INFO:main:12.73
INFO:main:11.91
INFO:main:11.30
INFO:main:12.36
INFO:main:10.38
INFO:main:9.81
INFO:main:9.12
INFO:main:11.51
INFO:main:12.25
INFO:main:12.86
INFO:main:12.55
INFO:main:10.91
INFO:main:11.80
INFO:main:10.75
INFO:main:10.90
INFO:main:10.79
INFO:main:12.82
INFO:main:12.12
INFO:main:11.66
INFO:main:11.88
INFO:main:12.26
INFO:main:11.19
INFO:main:9.90
INFO:main:12.34
INFO:main:11.36
INFO:main:11.45
INFO:main:11.60
INFO:main:11.83
INFO:main:9.58
INFO:main:10.95
INFO:main:10.00
