INFO:werkzeug:[31m[1mWARNING: This is a development server. Do not use it in a production deployment. Use a production WSGI server instead.[0m
 * Running on all addresses (0.0.0.0)
 * Running on http://127.0.0.1:8080
 * Running on http://10.244.1.26:8080
INFO:werkzeug:[33mPress CTRL+C to quit[0m
INFO:werkzeug:127.0.0.1 - - [04/Aug/2023 11:02:01] "GET /api/stream/active/192.168.2.2:1935/200 HTTP/1.1" 200 -
INFO:main:7.68
INFO:main:11.92
INFO:main:12.26
INFO:main:12.02
INFO:main:11.33
INFO:main:11.27
INFO:main:11.30
INFO:main:11.88
INFO:main:11.25
INFO:main:11.50
INFO:main:11.44
INFO:main:11.12
INFO:main:11.23
INFO:main:11.21
INFO:main:11.39
INFO:main:11.45
INFO:main:11.35
INFO:main:11.73
INFO:main:11.66
INFO:main:11.61
INFO:main:11.73
INFO:main:12.47
INFO:main:13.86
INFO:main:14.85
INFO:main:14.98
INFO:main:14.84
INFO:main:14.17
INFO:main:13.84
INFO:main:15.85
INFO:main:13.91
INFO:main:12.55
INFO:main:11.61
INFO:main:11.56
INFO:main:12.75
INFO:main:12.06
INFO:main:11.69
INFO:main:11.53
INFO:main:13.30
INFO:main:12.40
INFO:main:11.68
INFO:main:11.40
INFO:main:11.17
INFO:main:11.08
INFO:main:11.94
INFO:main:11.65
INFO:main:11.55
INFO:main:11.55
INFO:main:12.73
INFO:main:14.93
INFO:main:11.71
INFO:main:11.26
INFO:main:12.40
INFO:main:12.06
INFO:main:12.29
INFO:main:13.71
INFO:main:14.10
INFO:main:13.06
INFO:main:12.77
INFO:main:14.20
INFO:main:14.68
INFO:main:12.83
INFO:main:12.00
INFO:main:11.44
INFO:main:14.14
INFO:main:15.18
INFO:main:13.15
INFO:main:14.53
INFO:main:14.20
INFO:main:11.72
INFO:main:12.11
INFO:main:13.25
INFO:main:13.09
INFO:main:11.99
INFO:main:11.95
INFO:main:11.40
INFO:main:13.25
INFO:main:13.22
INFO:main:11.30
INFO:main:10.96
INFO:main:11.65
INFO:main:11.72
INFO:main:12.99
INFO:main:11.54
INFO:main:14.00
INFO:main:12.94
INFO:main:12.70
INFO:main:13.00
INFO:main:11.13
INFO:main:11.88
INFO:main:12.92
INFO:main:12.75
INFO:main:13.42
INFO:main:12.30
INFO:main:13.22
