INFO:werkzeug:[31m[1mWARNING: This is a development server. Do not use it in a production deployment. Use a production WSGI server instead.[0m
 * Running on all addresses (0.0.0.0)
 * Running on http://127.0.0.1:8080
 * Running on http://10.244.1.221:8080
INFO:werkzeug:[33mPress CTRL+C to quit[0m
INFO:werkzeug:127.0.0.1 - - [04/Aug/2023 19:50:13] "GET /api/stream/active/192.168.2.2:1935/200 HTTP/1.1" 200 -
INFO:main:2.99
INFO:main:12.62
INFO:main:12.89
INFO:main:14.58
INFO:main:14.21
INFO:main:12.06
INFO:main:11.58
INFO:main:11.21
INFO:main:11.21
INFO:main:11.15
INFO:main:11.41
INFO:main:11.47
INFO:main:12.38
INFO:main:14.81
INFO:main:12.93
INFO:main:12.88
INFO:main:12.24
INFO:main:11.75
INFO:main:11.68
INFO:main:12.01
INFO:main:12.20
INFO:main:12.33
INFO:main:12.22
INFO:main:12.40
INFO:main:13.68
INFO:main:13.85
INFO:main:14.64
INFO:main:14.01
INFO:main:13.57
INFO:main:13.63
INFO:main:11.74
INFO:main:11.93
INFO:main:11.59
INFO:main:12.27
INFO:main:12.11
INFO:main:11.36
INFO:main:12.27
INFO:main:15.03
INFO:main:12.91
INFO:main:12.04
INFO:main:11.70
INFO:main:11.29
INFO:main:11.46
INFO:main:13.81
INFO:main:12.06
INFO:main:11.47
INFO:main:12.21
INFO:main:14.14
INFO:main:13.98
INFO:main:11.32
INFO:main:10.83
INFO:main:13.17
INFO:main:13.58
INFO:main:14.27
INFO:main:13.69
INFO:main:13.42
INFO:main:13.85
INFO:main:13.52
INFO:main:12.55
INFO:main:10.99
INFO:main:10.95
INFO:main:11.63
INFO:main:12.69
INFO:main:13.85
INFO:main:11.63
INFO:main:11.16
INFO:main:12.77
INFO:main:12.44
INFO:main:11.19
INFO:main:11.16
INFO:main:11.79
INFO:main:12.20
INFO:main:11.94
INFO:main:11.81
INFO:main:12.08
INFO:main:11.15
INFO:main:11.85
INFO:main:11.52
INFO:main:11.07
INFO:main:11.62
INFO:main:11.13
INFO:main:12.94
INFO:main:11.58
INFO:main:12.12
INFO:main:11.06
INFO:main:10.97
INFO:main:11.21
INFO:main:11.82
INFO:main:13.47
INFO:main:14.13
INFO:main:14.62
INFO:main:14.68
INFO:main:12.89
INFO:main:14.26
INFO:main:13.96
INFO:main:13.96
INFO:main:11.19
INFO:main:11.62
