INFO:werkzeug:[31m[1mWARNING: This is a development server. Do not use it in a production deployment. Use a production WSGI server instead.[0m
 * Running on all addresses (0.0.0.0)
 * Running on http://127.0.0.1:8080
 * Running on http://10.244.1.3:8080
INFO:werkzeug:[33mPress CTRL+C to quit[0m
INFO:werkzeug:127.0.0.1 - - [04/Aug/2023 10:10:52] "GET /api/stream/active/192.168.2.2:1935/200 HTTP/1.1" 200 -
INFO:main:7.89
INFO:main:14.68
INFO:main:14.44
INFO:main:14.65
INFO:main:14.83
INFO:main:14.33
INFO:main:13.51
INFO:main:13.22
INFO:main:13.27
INFO:main:12.73
INFO:main:12.43
INFO:main:12.32
INFO:main:11.77
INFO:main:11.06
INFO:main:10.62
INFO:main:10.63
INFO:main:10.61
INFO:main:11.00
INFO:main:11.14
INFO:main:10.87
INFO:main:11.18
INFO:main:12.62
INFO:main:11.92
INFO:main:11.32
INFO:main:12.58
INFO:main:14.31
INFO:main:12.24
INFO:main:14.26
INFO:main:12.45
INFO:main:11.76
INFO:main:13.43
INFO:main:12.18
INFO:main:11.85
INFO:main:13.13
INFO:main:15.07
INFO:main:14.90
INFO:main:14.40
INFO:main:13.19
INFO:main:14.31
INFO:main:12.13
INFO:main:13.69
INFO:main:13.99
INFO:main:12.73
INFO:main:14.23
INFO:main:12.69
INFO:main:14.00
INFO:main:11.54
INFO:main:12.81
INFO:main:11.21
INFO:main:13.17
INFO:main:13.24
INFO:main:12.02
INFO:main:11.40
INFO:main:14.44
INFO:main:13.14
INFO:main:11.67
INFO:main:13.84
INFO:main:14.58
INFO:main:14.70
INFO:main:14.22
INFO:main:13.23
INFO:main:12.69
INFO:main:13.69
INFO:main:14.62
INFO:main:12.72
INFO:main:14.06
INFO:main:12.40
INFO:main:12.37
INFO:main:14.56
INFO:main:15.04
INFO:main:14.84
INFO:main:13.58
INFO:main:12.09
INFO:main:12.53
INFO:main:11.73
INFO:main:15.27
INFO:main:12.07
INFO:main:13.65
INFO:main:14.62
INFO:main:14.69
INFO:main:13.88
INFO:main:14.27
INFO:main:13.12
INFO:main:13.29
INFO:main:15.22
INFO:main:14.96
INFO:main:11.96
INFO:main:14.65
INFO:main:11.89
INFO:main:13.57
INFO:main:14.66
INFO:main:13.32
INFO:main:11.67
INFO:main:12.40
