INFO:werkzeug:[31m[1mWARNING: This is a development server. Do not use it in a production deployment. Use a production WSGI server instead.[0m
 * Running on all addresses (0.0.0.0)
 * Running on http://127.0.0.1:8080
 * Running on http://10.244.1.231:8080
INFO:werkzeug:[33mPress CTRL+C to quit[0m
INFO:werkzeug:127.0.0.1 - - [04/Aug/2023 09:19:48] "GET /api/stream/active/192.168.2.2:1935/200 HTTP/1.1" 200 -
INFO:main:7.73
INFO:main:12.50
INFO:main:11.28
INFO:main:10.65
INFO:main:10.62
INFO:main:10.90
INFO:main:11.61
INFO:main:11.73
INFO:main:12.95
INFO:main:13.93
INFO:main:13.19
INFO:main:13.12
INFO:main:12.21
INFO:main:11.73
INFO:main:11.59
INFO:main:11.23
INFO:main:10.89
INFO:main:10.88
INFO:main:11.61
INFO:main:11.34
INFO:main:11.24
INFO:main:11.45
INFO:main:12.23
INFO:main:12.30
INFO:main:12.46
INFO:main:13.74
INFO:main:16.50
INFO:main:15.95
INFO:main:12.51
INFO:main:12.00
INFO:main:12.10
INFO:main:12.28
INFO:main:12.61
INFO:main:13.08
INFO:main:12.21
INFO:main:12.19
INFO:main:12.89
INFO:main:13.37
INFO:main:12.37
INFO:main:12.49
INFO:main:13.67
INFO:main:15.44
INFO:main:15.79
INFO:main:13.99
INFO:main:12.30
INFO:main:11.30
INFO:main:11.91
INFO:main:12.64
INFO:main:13.78
INFO:main:15.81
INFO:main:14.00
INFO:main:12.02
INFO:main:11.62
INFO:main:11.74
INFO:main:12.36
INFO:main:12.46
INFO:main:15.12
INFO:main:14.05
INFO:main:13.31
INFO:main:12.91
INFO:main:12.57
INFO:main:14.40
INFO:main:15.88
INFO:main:16.15
INFO:main:15.84
INFO:main:15.53
INFO:main:14.75
INFO:main:15.96
INFO:main:15.86
INFO:main:14.83
INFO:main:12.93
INFO:main:12.95
INFO:main:12.40
INFO:main:12.89
INFO:main:11.71
INFO:main:12.11
INFO:main:11.32
INFO:main:12.61
INFO:main:13.18
INFO:main:15.70
INFO:main:12.53
INFO:main:13.77
INFO:main:13.25
INFO:main:11.97
INFO:main:11.76
INFO:main:12.43
INFO:main:13.12
INFO:main:11.95
INFO:main:11.56
INFO:main:11.79
INFO:main:12.31
