INFO:werkzeug:[31m[1mWARNING: This is a development server. Do not use it in a production deployment. Use a production WSGI server instead.[0m
 * Running on all addresses (0.0.0.0)
 * Running on http://127.0.0.1:8080
 * Running on http://10.244.1.74:8080
INFO:werkzeug:[33mPress CTRL+C to quit[0m
INFO:werkzeug:127.0.0.1 - - [04/Aug/2023 17:30:56] "GET /api/stream/active/192.168.2.2:1935/200 HTTP/1.1" 200 -
INFO:main:3.98
INFO:main:11.41
INFO:main:8.57
INFO:main:9.07
INFO:main:9.55
INFO:main:9.59
INFO:main:8.79
INFO:main:9.63
INFO:main:9.58
INFO:main:8.90
INFO:main:9.97
INFO:main:9.66
INFO:main:9.88
INFO:main:9.92
INFO:main:10.01
INFO:main:9.82
INFO:main:9.81
INFO:main:10.01
INFO:main:9.72
INFO:main:9.99
INFO:main:10.00
INFO:main:9.51
INFO:main:9.87
INFO:main:9.74
INFO:main:9.99
INFO:main:9.98
INFO:main:9.67
INFO:main:9.79
INFO:main:9.91
INFO:main:9.82
INFO:main:9.95
INFO:main:10.02
INFO:main:9.88
INFO:main:9.99
INFO:main:9.73
INFO:main:9.86
INFO:main:9.77
INFO:main:9.87
INFO:main:9.86
INFO:main:9.64
INFO:main:9.91
INFO:main:9.72
INFO:main:9.01
INFO:main:10.16
INFO:main:9.53
INFO:main:8.81
INFO:main:8.98
INFO:main:9.38
INFO:main:8.62
INFO:main:8.64
INFO:main:8.90
INFO:main:8.89
INFO:main:8.86
INFO:main:9.60
INFO:main:8.87
INFO:main:7.67
INFO:main:8.48
INFO:main:9.83
INFO:main:9.90
INFO:main:9.83
INFO:main:9.96
INFO:main:9.90
INFO:main:9.81
INFO:main:9.99
INFO:main:9.67
INFO:main:9.75
INFO:main:8.99
INFO:main:9.61
INFO:main:9.58
INFO:main:9.67
INFO:main:9.81
INFO:main:9.68
INFO:main:9.97
INFO:main:9.56
INFO:main:9.69
INFO:main:7.90
INFO:main:9.13
INFO:main:9.73
INFO:main:9.47
INFO:main:9.58
INFO:main:9.63
INFO:main:9.76
INFO:main:8.67
INFO:main:9.43
INFO:main:9.60
INFO:main:9.76
INFO:main:9.79
INFO:main:9.78
INFO:main:9.63
INFO:main:9.86
INFO:main:10.02
INFO:main:9.94
INFO:main:9.80
INFO:main:9.63
INFO:main:8.45
INFO:main:9.67
INFO:main:9.61
