INFO:werkzeug:[31m[1mWARNING: This is a development server. Do not use it in a production deployment. Use a production WSGI server instead.[0m
 * Running on all addresses (0.0.0.0)
 * Running on http://127.0.0.1:8080
 * Running on http://10.244.1.114:8080
INFO:werkzeug:[33mPress CTRL+C to quit[0m
INFO:werkzeug:127.0.0.1 - - [04/Aug/2023 13:20:33] "GET /api/stream/active/192.168.2.2:1935/200 HTTP/1.1" 200 -
INFO:main:6.61
INFO:main:10.95
INFO:main:9.38
INFO:main:8.92
INFO:main:9.45
INFO:main:11.75
INFO:main:9.01
INFO:main:10.32
INFO:main:10.98
INFO:main:10.97
INFO:main:10.57
INFO:main:12.01
INFO:main:11.94
INFO:main:11.69
INFO:main:12.04
INFO:main:12.00
INFO:main:12.76
INFO:main:12.63
INFO:main:13.75
INFO:main:13.35
INFO:main:13.18
INFO:main:12.71
INFO:main:13.06
INFO:main:11.89
INFO:main:11.86
INFO:main:11.80
INFO:main:11.70
INFO:main:11.35
INFO:main:13.13
INFO:main:13.14
INFO:main:11.26
INFO:main:10.53
INFO:main:10.73
INFO:main:12.56
INFO:main:12.93
INFO:main:12.13
INFO:main:11.61
INFO:main:11.97
INFO:main:11.85
INFO:main:11.27
INFO:main:11.81
INFO:main:12.86
INFO:main:9.64
INFO:main:10.79
INFO:main:11.43
INFO:main:11.87
INFO:main:11.50
INFO:main:11.94
INFO:main:11.00
INFO:main:12.67
INFO:main:10.78
INFO:main:9.61
INFO:main:11.77
INFO:main:12.08
INFO:main:12.06
INFO:main:11.80
INFO:main:10.64
INFO:main:10.97
INFO:main:11.58
INFO:main:10.28
INFO:main:11.33
INFO:main:12.71
INFO:main:11.00
INFO:main:10.25
INFO:main:11.69
INFO:main:12.01
INFO:main:13.07
INFO:main:12.71
INFO:main:12.14
INFO:main:11.97
INFO:main:9.13
INFO:main:10.41
INFO:main:11.53
INFO:main:10.71
INFO:main:11.69
INFO:main:11.85
INFO:main:10.97
INFO:main:13.35
INFO:main:10.85
INFO:main:9.72
INFO:main:10.69
INFO:main:11.11
INFO:main:11.68
INFO:main:12.89
INFO:main:12.32
INFO:main:10.93
INFO:main:12.35
INFO:main:11.36
INFO:main:11.94
INFO:main:10.57
INFO:main:10.14
INFO:main:12.09
INFO:main:10.54
INFO:main:11.67
INFO:main:12.03
INFO:main:11.06
