INFO:werkzeug:[31m[1mWARNING: This is a development server. Do not use it in a production deployment. Use a production WSGI server instead.[0m
 * Running on all addresses (0.0.0.0)
 * Running on http://127.0.0.1:8080
 * Running on http://10.244.1.41:8080
INFO:werkzeug:[33mPress CTRL+C to quit[0m
INFO:werkzeug:127.0.0.1 - - [04/Aug/2023 16:52:01] "GET /api/stream/active/192.168.2.2:1935/200 HTTP/1.1" 200 -
INFO:main:6.89
INFO:main:11.10
INFO:main:8.96
INFO:main:10.02
INFO:main:9.94
INFO:main:9.69
INFO:main:9.99
INFO:main:9.87
INFO:main:9.97
INFO:main:9.97
INFO:main:9.59
INFO:main:9.94
INFO:main:9.85
INFO:main:10.03
INFO:main:9.71
INFO:main:9.39
INFO:main:8.68
INFO:main:9.45
INFO:main:9.55
INFO:main:9.48
INFO:main:9.55
INFO:main:9.66
INFO:main:9.60
INFO:main:9.60
INFO:main:9.51
INFO:main:9.93
INFO:main:9.91
INFO:main:9.57
INFO:main:9.53
INFO:main:8.96
INFO:main:9.87
INFO:main:10.03
INFO:main:9.58
INFO:main:9.50
INFO:main:9.85
INFO:main:9.44
INFO:main:9.47
INFO:main:8.78
INFO:main:8.70
INFO:main:9.72
INFO:main:9.54
INFO:main:9.95
INFO:main:9.92
INFO:main:9.76
INFO:main:9.92
INFO:main:9.92
INFO:main:9.73
INFO:main:9.59
INFO:main:9.87
INFO:main:9.13
INFO:main:9.32
INFO:main:9.34
INFO:main:9.93
INFO:main:9.69
INFO:main:8.63
INFO:main:9.51
INFO:main:10.05
INFO:main:9.79
INFO:main:9.24
INFO:main:8.62
INFO:main:9.37
INFO:main:8.52
INFO:main:9.48
INFO:main:9.33
INFO:main:9.69
INFO:main:9.24
INFO:main:9.65
INFO:main:9.64
INFO:main:9.79
INFO:main:9.83
INFO:main:9.96
INFO:main:10.06
INFO:main:9.69
INFO:main:8.93
INFO:main:9.00
INFO:main:8.71
INFO:main:9.79
INFO:main:9.72
INFO:main:9.87
INFO:main:9.53
INFO:main:7.85
INFO:main:9.41
INFO:main:9.29
INFO:main:9.91
INFO:main:9.94
INFO:main:9.92
INFO:main:9.93
INFO:main:8.90
INFO:main:8.32
INFO:main:8.58
INFO:main:7.49
INFO:main:9.26
INFO:main:9.66
INFO:main:9.86
INFO:main:9.60
