INFO:werkzeug:[31m[1mWARNING: This is a development server. Do not use it in a production deployment. Use a production WSGI server instead.[0m
 * Running on all addresses (0.0.0.0)
 * Running on http://127.0.0.1:8080
 * Running on http://10.244.1.146:8080
INFO:werkzeug:[33mPress CTRL+C to quit[0m
INFO:werkzeug:127.0.0.1 - - [04/Aug/2023 13:55:19] "GET /api/stream/active/192.168.2.2:1935/200 HTTP/1.1" 200 -
INFO:main:5.94
INFO:main:10.35
INFO:main:10.40
INFO:main:11.27
INFO:main:10.27
INFO:main:10.86
INFO:main:10.19
INFO:main:11.21
INFO:main:11.73
INFO:main:12.03
INFO:main:11.98
INFO:main:13.17
INFO:main:13.44
INFO:main:13.62
INFO:main:13.57
INFO:main:13.30
INFO:main:12.62
INFO:main:11.21
INFO:main:11.57
INFO:main:10.78
INFO:main:10.38
INFO:main:10.60
INFO:main:10.50
INFO:main:11.40
INFO:main:11.94
INFO:main:12.81
INFO:main:12.80
INFO:main:10.54
INFO:main:12.17
INFO:main:12.76
INFO:main:11.74
INFO:main:10.31
INFO:main:10.41
INFO:main:12.19
INFO:main:12.47
INFO:main:11.42
INFO:main:9.63
INFO:main:10.75
INFO:main:11.47
INFO:main:10.83
INFO:main:11.32
INFO:main:10.58
INFO:main:11.74
INFO:main:12.77
INFO:main:10.80
INFO:main:10.61
INFO:main:10.75
INFO:main:11.99
INFO:main:13.06
INFO:main:12.65
INFO:main:12.09
INFO:main:10.46
INFO:main:11.00
INFO:main:10.53
INFO:main:11.94
INFO:main:10.93
INFO:main:11.26
INFO:main:11.75
INFO:main:12.57
INFO:main:11.98
INFO:main:10.65
INFO:main:9.94
INFO:main:12.30
INFO:main:11.30
INFO:main:10.79
INFO:main:11.29
INFO:main:10.45
INFO:main:11.52
INFO:main:11.73
INFO:main:11.24
INFO:main:11.86
INFO:main:11.39
INFO:main:11.51
INFO:main:11.66
INFO:main:11.29
INFO:main:11.58
INFO:main:11.98
INFO:main:11.59
INFO:main:11.71
INFO:main:10.63
INFO:main:10.33
INFO:main:9.35
INFO:main:10.91
INFO:main:10.33
INFO:main:10.93
INFO:main:9.91
INFO:main:11.88
INFO:main:9.49
INFO:main:10.78
INFO:main:11.14
