INFO:werkzeug:[31m[1mWARNING: This is a development server. Do not use it in a production deployment. Use a production WSGI server instead.[0m
 * Running on all addresses (0.0.0.0)
 * Running on http://127.0.0.1:8080
 * Running on http://10.244.1.64:8080
INFO:werkzeug:[33mPress CTRL+C to quit[0m
INFO:werkzeug:127.0.0.1 - - [04/Aug/2023 12:10:38] "GET /api/stream/active/192.168.2.2:1935/200 HTTP/1.1" 200 -
INFO:main:3.88
INFO:main:10.55
INFO:main:10.99
INFO:main:12.61
INFO:main:10.80
INFO:main:10.98
INFO:main:9.33
INFO:main:10.35
INFO:main:10.52
INFO:main:10.49
INFO:main:11.18
INFO:main:9.45
INFO:main:9.49
INFO:main:11.75
INFO:main:12.13
INFO:main:10.97
INFO:main:11.48
INFO:main:11.37
INFO:main:12.92
INFO:main:11.48
INFO:main:9.91
INFO:main:10.57
INFO:main:10.42
INFO:main:11.14
INFO:main:11.29
INFO:main:9.94
INFO:main:9.70
INFO:main:11.74
INFO:main:10.64
INFO:main:10.41
INFO:main:11.78
INFO:main:12.88
INFO:main:13.32
INFO:main:11.96
INFO:main:10.96
INFO:main:11.67
INFO:main:10.82
INFO:main:11.60
INFO:main:10.43
INFO:main:9.32
INFO:main:11.41
INFO:main:10.36
INFO:main:9.13
INFO:main:10.43
INFO:main:9.68
INFO:main:10.52
INFO:main:10.39
INFO:main:11.64
INFO:main:9.69
INFO:main:10.60
INFO:main:12.04
INFO:main:10.34
INFO:main:13.02
INFO:main:12.27
INFO:main:11.45
INFO:main:11.67
INFO:main:11.95
INFO:main:11.63
INFO:main:11.73
INFO:main:12.10
INFO:main:11.88
INFO:main:12.27
INFO:main:13.23
INFO:main:11.92
INFO:main:12.17
INFO:main:12.83
INFO:main:10.97
INFO:main:11.49
INFO:main:11.01
INFO:main:10.53
INFO:main:11.33
INFO:main:11.44
INFO:main:10.35
INFO:main:10.73
INFO:main:11.62
INFO:main:10.15
INFO:main:12.21
INFO:main:10.44
INFO:main:12.61
INFO:main:12.61
INFO:main:11.31
INFO:main:10.78
INFO:main:10.55
INFO:main:10.72
INFO:main:11.68
INFO:main:10.47
INFO:main:11.46
INFO:main:11.45
INFO:main:10.84
INFO:main:9.98
INFO:main:10.88
INFO:main:10.97
INFO:main:9.62
INFO:main:10.95
INFO:main:11.55
