INFO:werkzeug:[31m[1mWARNING: This is a development server. Do not use it in a production deployment. Use a production WSGI server instead.[0m
 * Running on all addresses (0.0.0.0)
 * Running on http://127.0.0.1:8080
 * Running on http://10.244.1.10:8080
INFO:werkzeug:[33mPress CTRL+C to quit[0m
INFO:werkzeug:127.0.0.1 - - [04/Aug/2023 10:27:48] "GET /api/stream/active/192.168.2.2:1935/200 HTTP/1.1" 200 -
INFO:main:7.86
INFO:main:11.13
INFO:main:11.16
INFO:main:11.14
INFO:main:10.98
INFO:main:10.79
INFO:main:10.72
INFO:main:10.97
INFO:main:11.18
INFO:main:11.07
INFO:main:10.99
INFO:main:10.62
INFO:main:10.80
INFO:main:11.09
INFO:main:10.96
INFO:main:10.99
INFO:main:11.00
INFO:main:11.41
INFO:main:11.97
INFO:main:12.38
INFO:main:12.61
INFO:main:12.87
INFO:main:12.79
INFO:main:12.51
INFO:main:12.21
INFO:main:11.29
INFO:main:12.43
INFO:main:14.18
INFO:main:12.52
INFO:main:12.40
INFO:main:14.38
INFO:main:14.12
INFO:main:14.78
INFO:main:13.57
INFO:main:12.09
INFO:main:11.19
INFO:main:14.15
INFO:main:13.21
INFO:main:12.38
INFO:main:11.54
INFO:main:11.57
INFO:main:13.96
INFO:main:13.95
INFO:main:12.61
INFO:main:12.02
INFO:main:11.42
INFO:main:13.41
INFO:main:14.58
INFO:main:11.35
INFO:main:11.66
INFO:main:14.20
INFO:main:14.80
INFO:main:13.84
INFO:main:11.79
INFO:main:11.48
INFO:main:12.07
INFO:main:11.39
INFO:main:11.43
INFO:main:13.98
INFO:main:14.41
INFO:main:13.34
INFO:main:12.44
INFO:main:14.53
INFO:main:11.36
INFO:main:14.56
INFO:main:14.84
INFO:main:14.82
INFO:main:13.65
INFO:main:14.23
INFO:main:13.54
INFO:main:11.57
INFO:main:11.82
INFO:main:12.90
INFO:main:12.25
INFO:main:14.67
INFO:main:13.05
INFO:main:11.57
INFO:main:14.21
INFO:main:12.94
INFO:main:11.25
INFO:main:11.71
INFO:main:12.98
INFO:main:14.03
INFO:main:12.92
INFO:main:14.54
INFO:main:14.55
INFO:main:14.17
INFO:main:14.64
INFO:main:12.65
INFO:main:12.61
INFO:main:14.26
INFO:main:12.07
INFO:main:13.87
INFO:main:14.86
INFO:main:13.81
INFO:main:13.41
