INFO:werkzeug:[31m[1mWARNING: This is a development server. Do not use it in a production deployment. Use a production WSGI server instead.[0m
 * Running on all addresses (0.0.0.0)
 * Running on http://127.0.0.1:8080
 * Running on http://10.244.1.11:8080
INFO:werkzeug:[33mPress CTRL+C to quit[0m
INFO:werkzeug:127.0.0.1 - - [04/Aug/2023 10:27:48] "GET /api/stream/active/192.168.2.2:1935/200 HTTP/1.1" 200 -
INFO:main:6.65
INFO:main:11.11
INFO:main:11.16
INFO:main:11.11
INFO:main:11.12
INFO:main:10.70
INFO:main:10.75
INFO:main:10.96
INFO:main:10.99
INFO:main:11.13
INFO:main:10.92
INFO:main:10.59
INFO:main:10.82
INFO:main:11.09
INFO:main:10.97
INFO:main:10.99
INFO:main:11.00
INFO:main:11.42
INFO:main:12.02
INFO:main:12.42
INFO:main:12.57
INFO:main:12.92
INFO:main:12.77
INFO:main:12.50
INFO:main:12.12
INFO:main:11.31
INFO:main:12.53
INFO:main:12.30
INFO:main:13.36
INFO:main:13.48
INFO:main:14.43
INFO:main:14.24
INFO:main:14.39
INFO:main:13.34
INFO:main:11.32
INFO:main:11.26
INFO:main:14.25
INFO:main:14.10
INFO:main:12.46
INFO:main:11.40
INFO:main:11.74
INFO:main:14.02
INFO:main:13.28
INFO:main:12.15
INFO:main:11.55
INFO:main:11.68
INFO:main:13.76
INFO:main:14.21
INFO:main:11.22
INFO:main:11.96
INFO:main:14.36
INFO:main:14.35
INFO:main:12.95
INFO:main:11.59
INFO:main:12.21
INFO:main:11.53
INFO:main:11.16
INFO:main:12.82
INFO:main:13.99
INFO:main:14.27
INFO:main:12.54
INFO:main:12.43
INFO:main:13.29
INFO:main:12.42
INFO:main:14.73
INFO:main:14.98
INFO:main:13.58
INFO:main:14.78
INFO:main:13.41
INFO:main:13.43
INFO:main:11.27
INFO:main:12.03
INFO:main:12.68
INFO:main:13.71
INFO:main:14.66
INFO:main:11.49
INFO:main:12.33
INFO:main:14.99
INFO:main:12.56
INFO:main:11.21
INFO:main:11.49
INFO:main:14.81
INFO:main:12.53
INFO:main:14.37
INFO:main:14.77
INFO:main:13.91
INFO:main:14.66
INFO:main:13.81
INFO:main:12.00
INFO:main:13.16
INFO:main:13.95
INFO:main:12.11
INFO:main:15.12
INFO:main:14.95
INFO:main:13.58
INFO:main:12.98
