INFO:werkzeug:[31m[1mWARNING: This is a development server. Do not use it in a production deployment. Use a production WSGI server instead.[0m
 * Running on all addresses (0.0.0.0)
 * Running on http://127.0.0.1:8080
 * Running on http://10.244.1.59:8080
INFO:werkzeug:[33mPress CTRL+C to quit[0m
INFO:werkzeug:127.0.0.1 - - [04/Aug/2023 17:13:09] "GET /api/stream/active/192.168.2.2:1935/200 HTTP/1.1" 200 -
INFO:main:6.65
INFO:main:9.00
INFO:main:9.32
INFO:main:9.01
INFO:main:9.66
INFO:main:10.06
INFO:main:9.60
INFO:main:9.98
INFO:main:9.90
INFO:main:9.79
INFO:main:9.91
INFO:main:9.76
INFO:main:9.99
INFO:main:9.87
INFO:main:9.71
INFO:main:9.40
INFO:main:8.94
INFO:main:8.74
INFO:main:9.44
INFO:main:9.54
INFO:main:9.58
INFO:main:10.05
INFO:main:9.76
INFO:main:9.97
INFO:main:9.84
INFO:main:9.60
INFO:main:9.58
INFO:main:9.08
INFO:main:9.88
INFO:main:9.86
INFO:main:9.83
INFO:main:9.91
INFO:main:9.81
INFO:main:9.85
INFO:main:9.49
INFO:main:9.54
INFO:main:9.12
INFO:main:9.47
INFO:main:9.79
INFO:main:9.65
INFO:main:9.69
INFO:main:9.51
INFO:main:9.91
INFO:main:9.82
INFO:main:9.90
INFO:main:9.08
INFO:main:8.70
INFO:main:8.92
INFO:main:9.78
INFO:main:9.95
INFO:main:9.61
INFO:main:7.95
INFO:main:8.37
INFO:main:8.78
INFO:main:9.37
INFO:main:8.55
INFO:main:8.62
INFO:main:8.38
INFO:main:9.82
INFO:main:9.81
INFO:main:9.99
INFO:main:9.43
INFO:main:9.65
INFO:main:9.97
INFO:main:10.01
INFO:main:9.80
INFO:main:9.97
INFO:main:9.92
INFO:main:9.78
INFO:main:9.78
INFO:main:9.84
INFO:main:9.98
INFO:main:9.70
INFO:main:9.75
INFO:main:9.88
INFO:main:9.75
INFO:main:9.81
INFO:main:9.97
INFO:main:9.84
INFO:main:9.86
INFO:main:9.85
INFO:main:9.80
INFO:main:9.64
INFO:main:9.84
INFO:main:9.61
INFO:main:9.26
INFO:main:9.50
INFO:main:9.42
INFO:main:8.92
INFO:main:9.73
INFO:main:9.70
INFO:main:9.77
INFO:main:9.52
INFO:main:9.90
INFO:main:9.97
INFO:main:9.93
INFO:main:9.79
INFO:main:9.88
INFO:main:9.55
INFO:main:8.91
