INFO:werkzeug:[31m[1mWARNING: This is a development server. Do not use it in a production deployment. Use a production WSGI server instead.[0m
 * Running on all addresses (0.0.0.0)
 * Running on http://127.0.0.1:8080
 * Running on http://10.244.1.25:8080
INFO:werkzeug:[33mPress CTRL+C to quit[0m
INFO:werkzeug:127.0.0.1 - - [04/Aug/2023 16:34:12] "GET /api/stream/active/192.168.2.2:1935/200 HTTP/1.1" 200 -
INFO:main:5.89
INFO:main:9.89
INFO:main:8.75
INFO:main:8.64
INFO:main:8.80
INFO:main:9.33
INFO:main:8.60
INFO:main:8.45
INFO:main:8.90
INFO:main:8.61
INFO:main:8.75
INFO:main:8.62
INFO:main:9.37
INFO:main:9.65
INFO:main:9.98
INFO:main:10.00
INFO:main:9.96
INFO:main:9.60
INFO:main:9.65
INFO:main:9.83
INFO:main:9.93
INFO:main:9.99
INFO:main:9.70
INFO:main:9.86
INFO:main:9.62
INFO:main:9.37
INFO:main:9.10
INFO:main:9.72
INFO:main:9.80
INFO:main:9.81
INFO:main:9.82
INFO:main:9.89
INFO:main:9.78
INFO:main:9.80
INFO:main:9.97
INFO:main:9.82
INFO:main:9.78
INFO:main:9.87
INFO:main:9.94
INFO:main:9.67
INFO:main:10.08
INFO:main:9.95
INFO:main:9.95
INFO:main:9.89
INFO:main:9.87
INFO:main:9.73
INFO:main:9.37
INFO:main:8.65
INFO:main:8.75
INFO:main:9.76
INFO:main:12.35
INFO:main:6.26
INFO:main:2.95
INFO:main:3.07
INFO:main:4.61
INFO:main:6.85
INFO:main:9.78
INFO:main:9.68
INFO:main:9.88
INFO:main:9.94
INFO:main:9.96
INFO:main:10.00
INFO:main:9.68
INFO:main:9.18
INFO:main:9.73
INFO:main:9.95
INFO:main:9.39
INFO:main:9.50
INFO:main:9.81
INFO:main:9.87
INFO:main:9.65
INFO:main:9.68
INFO:main:9.60
INFO:main:9.10
INFO:main:9.30
INFO:main:9.93
INFO:main:8.71
INFO:main:9.30
INFO:main:9.25
INFO:main:9.17
INFO:main:10.10
INFO:main:9.97
INFO:main:8.23
INFO:main:8.01
INFO:main:7.50
INFO:main:9.45
INFO:main:9.25
INFO:main:8.95
INFO:main:9.52
INFO:main:9.76
INFO:main:8.75
INFO:main:8.48
INFO:main:9.40
INFO:main:9.35
INFO:main:8.95
