INFO:werkzeug:[31m[1mWARNING: This is a development server. Do not use it in a production deployment. Use a production WSGI server instead.[0m
 * Running on all addresses (0.0.0.0)
 * Running on http://127.0.0.1:8080
 * Running on http://10.244.1.218:8080
INFO:werkzeug:[33mPress CTRL+C to quit[0m
INFO:werkzeug:127.0.0.1 - - [03/Aug/2023 22:57:27] "GET /api/stream/active/192.168.2.2:1935/200 HTTP/1.1" 200 -
INFO:main:8.83
INFO:main:15.21
INFO:main:15.28
INFO:main:14.85
INFO:main:14.76
INFO:main:14.65
INFO:main:14.41
INFO:main:14.29
INFO:main:14.71
INFO:main:14.65
INFO:main:14.51
INFO:main:14.08
INFO:main:14.12
INFO:main:13.85
INFO:main:13.66
INFO:main:13.74
INFO:main:13.82
INFO:main:13.81
INFO:main:13.79
INFO:main:13.77
INFO:main:13.87
INFO:main:13.92
INFO:main:14.67
INFO:main:14.70
INFO:main:14.26
INFO:main:14.02
INFO:main:13.55
INFO:main:13.48
INFO:main:13.51
INFO:main:13.43
INFO:main:13.51
INFO:main:14.51
INFO:main:13.99
INFO:main:13.73
INFO:main:13.98
INFO:main:13.73
INFO:main:13.67
INFO:main:13.90
INFO:main:13.84
INFO:main:13.82
INFO:main:14.19
INFO:main:13.82
INFO:main:13.56
INFO:main:13.72
INFO:main:13.89
INFO:main:14.13
INFO:main:13.77
INFO:main:13.99
INFO:main:14.10
INFO:main:14.14
INFO:main:13.99
INFO:main:13.67
INFO:main:13.92
INFO:main:13.76
INFO:main:14.28
INFO:main:14.25
INFO:main:14.39
INFO:main:14.48
INFO:main:14.47
INFO:main:14.14
INFO:main:14.23
INFO:main:14.54
INFO:main:14.49
INFO:main:14.31
INFO:main:14.77
INFO:main:15.19
INFO:main:14.04
INFO:main:13.97
INFO:main:13.50
INFO:main:13.47
INFO:main:13.98
INFO:main:13.93
INFO:main:13.95
INFO:main:14.63
INFO:main:14.44
INFO:main:14.06
INFO:main:13.74
INFO:main:13.78
INFO:main:13.92
INFO:main:13.85
INFO:main:14.04
INFO:main:14.34
INFO:main:14.60
INFO:main:13.93
INFO:main:14.29
INFO:main:14.28
INFO:main:14.61
INFO:main:14.45
INFO:main:14.45
INFO:main:14.47
INFO:main:14.38
INFO:main:14.13
INFO:main:13.85
INFO:main:13.96
