INFO:werkzeug:[31m[1mWARNING: This is a development server. Do not use it in a production deployment. Use a production WSGI server instead.[0m
 * Running on all addresses (0.0.0.0)
 * Running on http://127.0.0.1:8080
 * Running on http://10.244.1.199:8080
INFO:werkzeug:[33mPress CTRL+C to quit[0m
INFO:werkzeug:127.0.0.1 - - [04/Aug/2023 19:31:52] "GET /api/stream/active/192.168.2.2:1935/200 HTTP/1.1" 200 -
INFO:main:6.70
INFO:main:13.69
INFO:main:12.98
INFO:main:13.26
INFO:main:14.20
INFO:main:13.89
INFO:main:13.59
INFO:main:13.35
INFO:main:13.50
INFO:main:13.24
INFO:main:13.46
INFO:main:13.88
INFO:main:13.98
INFO:main:13.57
INFO:main:13.58
INFO:main:13.77
INFO:main:13.94
INFO:main:13.88
INFO:main:13.67
INFO:main:13.61
INFO:main:13.64
INFO:main:13.75
INFO:main:13.91
INFO:main:13.90
INFO:main:15.15
INFO:main:15.23
INFO:main:14.64
INFO:main:14.35
INFO:main:13.93
INFO:main:14.02
INFO:main:14.17
INFO:main:14.05
INFO:main:14.37
INFO:main:14.97
INFO:main:13.85
INFO:main:13.64
INFO:main:13.56
INFO:main:13.60
INFO:main:13.86
INFO:main:13.96
INFO:main:14.10
INFO:main:14.58
INFO:main:14.80
INFO:main:14.36
INFO:main:14.32
INFO:main:14.28
INFO:main:14.17
INFO:main:13.99
INFO:main:13.92
INFO:main:14.03
INFO:main:14.21
INFO:main:14.28
INFO:main:13.99
INFO:main:13.72
INFO:main:13.80
INFO:main:13.71
INFO:main:13.49
INFO:main:13.94
INFO:main:13.80
INFO:main:14.57
INFO:main:14.34
INFO:main:14.32
INFO:main:14.44
INFO:main:14.24
INFO:main:14.16
INFO:main:14.04
INFO:main:14.47
INFO:main:14.74
INFO:main:14.46
INFO:main:14.53
INFO:main:14.36
INFO:main:14.06
INFO:main:13.98
INFO:main:14.01
INFO:main:14.21
INFO:main:14.65
INFO:main:14.31
INFO:main:14.11
INFO:main:13.85
INFO:main:13.66
INFO:main:13.58
INFO:main:13.63
INFO:main:13.53
INFO:main:13.79
INFO:main:14.17
INFO:main:14.77
INFO:main:14.64
INFO:main:14.44
INFO:main:14.19
INFO:main:14.19
INFO:main:14.04
INFO:main:13.99
INFO:main:14.03
INFO:main:14.89
INFO:main:15.43
INFO:main:15.81
INFO:main:16.05
INFO:main:16.10
INFO:main:16.16
INFO:main:16.09
INFO:main:16.15
INFO:main:15.96
INFO:main:15.57
INFO:main:14.45
INFO:main:13.83
