INFO:werkzeug:[31m[1mWARNING: This is a development server. Do not use it in a production deployment. Use a production WSGI server instead.[0m
 * Running on all addresses (0.0.0.0)
 * Running on http://127.0.0.1:8080
 * Running on http://10.244.1.224:8080
INFO:werkzeug:[33mPress CTRL+C to quit[0m
INFO:werkzeug:127.0.0.1 - - [04/Aug/2023 09:02:58] "GET /api/stream/active/192.168.2.2:1935/200 HTTP/1.1" 200 -
INFO:main:7.00
INFO:main:11.14
INFO:main:10.77
INFO:main:11.11
INFO:main:10.80
INFO:main:11.20
INFO:main:11.48
INFO:main:12.40
INFO:main:13.54
INFO:main:13.87
INFO:main:12.52
INFO:main:11.65
INFO:main:11.51
INFO:main:11.01
INFO:main:10.68
INFO:main:10.77
INFO:main:10.68
INFO:main:10.67
INFO:main:11.18
INFO:main:11.43
INFO:main:11.72
INFO:main:12.61
INFO:main:11.97
INFO:main:10.95
INFO:main:10.67
INFO:main:10.67
INFO:main:11.19
INFO:main:12.14
INFO:main:12.68
INFO:main:14.75
INFO:main:15.82
INFO:main:14.32
INFO:main:15.04
INFO:main:14.74
INFO:main:14.09
INFO:main:12.50
INFO:main:11.42
INFO:main:11.76
INFO:main:12.97
INFO:main:12.71
INFO:main:11.29
INFO:main:11.21
INFO:main:11.14
INFO:main:11.66
INFO:main:12.16
INFO:main:13.06
INFO:main:11.53
INFO:main:13.31
INFO:main:15.51
INFO:main:14.92
INFO:main:14.67
INFO:main:14.88
INFO:main:14.46
INFO:main:13.60
INFO:main:14.33
INFO:main:14.72
INFO:main:13.75
INFO:main:14.98
INFO:main:12.40
INFO:main:12.51
INFO:main:11.92
INFO:main:10.87
INFO:main:11.21
INFO:main:10.90
INFO:main:12.15
INFO:main:13.79
INFO:main:14.88
INFO:main:14.32
INFO:main:14.02
INFO:main:14.18
INFO:main:14.16
INFO:main:13.66
INFO:main:12.74
INFO:main:12.08
INFO:main:11.15
INFO:main:12.18
INFO:main:12.45
INFO:main:14.13
INFO:main:13.41
INFO:main:13.18
INFO:main:11.66
INFO:main:11.66
INFO:main:12.62
INFO:main:13.80
INFO:main:14.99
INFO:main:13.10
INFO:main:11.64
INFO:main:13.33
INFO:main:14.23
INFO:main:13.34
INFO:main:11.19
INFO:main:11.50
INFO:main:11.27
INFO:main:11.96
INFO:main:13.65
