INFO:werkzeug:[31m[1mWARNING: This is a development server. Do not use it in a production deployment. Use a production WSGI server instead.[0m
 * Running on all addresses (0.0.0.0)
 * Running on http://127.0.0.1:8080
 * Running on http://10.244.1.7:8080
INFO:werkzeug:[33mPress CTRL+C to quit[0m
INFO:werkzeug:127.0.0.1 - - [04/Aug/2023 20:29:22] "GET /api/stream/active/192.168.2.2:1935/200 HTTP/1.1" 200 -
INFO:main:7.64
INFO:main:13.56
INFO:main:13.31
INFO:main:15.04
INFO:main:14.61
INFO:main:14.22
INFO:main:14.05
INFO:main:13.75
INFO:main:13.77
INFO:main:13.82
INFO:main:13.73
INFO:main:13.81
INFO:main:13.76
INFO:main:14.11
INFO:main:14.27
INFO:main:14.24
INFO:main:14.13
INFO:main:14.14
INFO:main:14.13
INFO:main:14.02
INFO:main:13.90
INFO:main:13.82
INFO:main:13.72
INFO:main:14.20
INFO:main:15.49
INFO:main:14.95
INFO:main:15.06
INFO:main:14.62
INFO:main:14.11
INFO:main:14.11
INFO:main:14.45
INFO:main:13.80
INFO:main:15.12
INFO:main:14.51
INFO:main:14.30
INFO:main:14.18
INFO:main:14.33
INFO:main:14.14
INFO:main:14.59
INFO:main:14.42
INFO:main:14.86
INFO:main:14.58
INFO:main:14.64
INFO:main:14.36
INFO:main:14.24
INFO:main:14.43
INFO:main:14.57
INFO:main:14.58
INFO:main:14.73
INFO:main:14.80
INFO:main:13.99
INFO:main:13.92
INFO:main:13.83
INFO:main:13.76
INFO:main:13.69
INFO:main:13.64
INFO:main:13.67
INFO:main:14.10
INFO:main:14.55
INFO:main:14.27
INFO:main:14.05
INFO:main:13.67
INFO:main:13.62
INFO:main:13.83
INFO:main:13.72
INFO:main:13.85
INFO:main:13.82
INFO:main:14.28
INFO:main:13.63
INFO:main:13.62
INFO:main:13.99
INFO:main:13.59
INFO:main:13.64
INFO:main:13.63
INFO:main:13.97
INFO:main:13.99
INFO:main:14.61
INFO:main:14.08
INFO:main:14.00
INFO:main:13.90
INFO:main:14.09
INFO:main:14.23
INFO:main:13.96
INFO:main:13.97
INFO:main:14.36
INFO:main:14.64
INFO:main:14.34
INFO:main:14.41
INFO:main:14.83
INFO:main:15.34
INFO:main:15.18
INFO:main:15.31
INFO:main:15.34
INFO:main:14.75
INFO:main:14.17
INFO:main:13.59
INFO:main:13.69
INFO:main:13.79
INFO:main:13.96
INFO:main:14.19
