INFO:werkzeug:[31m[1mWARNING: This is a development server. Do not use it in a production deployment. Use a production WSGI server instead.[0m
 * Running on all addresses (0.0.0.0)
 * Running on http://127.0.0.1:8080
 * Running on http://10.244.1.113:8080
INFO:werkzeug:[33mPress CTRL+C to quit[0m
INFO:werkzeug:127.0.0.1 - - [04/Aug/2023 13:20:32] "GET /api/stream/active/192.168.2.2:1935/200 HTTP/1.1" 200 -
INFO:main:6.61
INFO:main:10.88
INFO:main:10.61
INFO:main:9.46
INFO:main:10.24
INFO:main:10.90
INFO:main:9.95
INFO:main:10.24
INFO:main:10.86
INFO:main:10.91
INFO:main:10.65
INFO:main:11.84
INFO:main:11.54
INFO:main:11.61
INFO:main:12.09
INFO:main:11.98
INFO:main:12.89
INFO:main:12.81
INFO:main:13.47
INFO:main:13.47
INFO:main:12.99
INFO:main:12.94
INFO:main:13.16
INFO:main:12.24
INFO:main:11.36
INFO:main:11.58
INFO:main:11.48
INFO:main:11.11
INFO:main:12.97
INFO:main:13.16
INFO:main:11.46
INFO:main:9.69
INFO:main:10.97
INFO:main:12.45
INFO:main:12.81
INFO:main:12.10
INFO:main:12.14
INFO:main:11.19
INFO:main:11.79
INFO:main:11.22
INFO:main:11.98
INFO:main:11.91
INFO:main:10.36
INFO:main:10.80
INFO:main:11.15
INFO:main:11.95
INFO:main:10.73
INFO:main:11.94
INFO:main:11.40
INFO:main:12.08
INFO:main:10.46
INFO:main:9.69
INFO:main:12.28
INFO:main:11.85
INFO:main:12.06
INFO:main:11.46
INFO:main:10.70
INFO:main:10.90
INFO:main:10.54
INFO:main:11.37
INFO:main:11.75
INFO:main:11.36
INFO:main:10.55
INFO:main:9.73
INFO:main:12.42
INFO:main:12.23
INFO:main:12.85
INFO:main:12.05
INFO:main:12.61
INFO:main:11.15
INFO:main:10.31
INFO:main:10.65
INFO:main:10.43
INFO:main:9.69
INFO:main:11.93
INFO:main:10.85
INFO:main:11.76
INFO:main:12.95
INFO:main:10.94
INFO:main:10.25
INFO:main:10.74
INFO:main:10.14
INFO:main:11.98
INFO:main:12.77
INFO:main:12.04
INFO:main:10.90
INFO:main:12.76
INFO:main:11.13
INFO:main:12.09
INFO:main:10.87
INFO:main:10.64
INFO:main:11.98
INFO:main:10.63
INFO:main:11.61
INFO:main:12.09
INFO:main:10.91
