INFO:werkzeug:[31m[1mWARNING: This is a development server. Do not use it in a production deployment. Use a production WSGI server instead.[0m
 * Running on all addresses (0.0.0.0)
 * Running on http://127.0.0.1:8080
 * Running on http://10.244.1.248:8080
INFO:werkzeug:[33mPress CTRL+C to quit[0m
INFO:werkzeug:127.0.0.1 - - [04/Aug/2023 09:53:16] "GET /api/stream/active/192.168.2.2:1935/200 HTTP/1.1" 200 -
INFO:main:6.95
INFO:main:12.23
INFO:main:11.29
INFO:main:11.41
INFO:main:11.17
INFO:main:11.20
INFO:main:11.22
INFO:main:11.56
INFO:main:11.20
INFO:main:11.20
INFO:main:11.00
INFO:main:11.27
INFO:main:11.19
INFO:main:11.41
INFO:main:11.87
INFO:main:11.71
INFO:main:11.62
INFO:main:11.43
INFO:main:11.58
INFO:main:11.63
INFO:main:11.88
INFO:main:11.50
INFO:main:11.06
INFO:main:11.16
INFO:main:11.02
INFO:main:11.05
INFO:main:11.48
INFO:main:12.38
INFO:main:13.12
INFO:main:12.98
INFO:main:13.62
INFO:main:13.31
INFO:main:12.46
INFO:main:12.28
INFO:main:13.52
INFO:main:13.45
INFO:main:11.91
INFO:main:12.25
INFO:main:11.93
INFO:main:11.11
INFO:main:10.77
INFO:main:10.77
INFO:main:11.36
INFO:main:12.31
INFO:main:12.49
INFO:main:12.22
INFO:main:12.12
INFO:main:12.36
INFO:main:13.96
INFO:main:12.88
INFO:main:10.89
INFO:main:10.91
INFO:main:11.34
INFO:main:12.12
INFO:main:11.90
INFO:main:11.86
INFO:main:12.00
INFO:main:12.28
INFO:main:12.29
INFO:main:11.02
INFO:main:11.18
INFO:main:11.53
INFO:main:11.75
INFO:main:12.15
INFO:main:11.97
INFO:main:11.19
INFO:main:11.98
INFO:main:13.61
INFO:main:13.10
INFO:main:13.62
INFO:main:11.76
INFO:main:10.95
INFO:main:11.15
INFO:main:11.26
INFO:main:12.66
INFO:main:12.07
INFO:main:11.55
INFO:main:11.59
INFO:main:13.02
INFO:main:13.83
INFO:main:13.98
INFO:main:14.43
INFO:main:13.40
INFO:main:14.30
INFO:main:13.78
INFO:main:14.61
INFO:main:14.17
INFO:main:14.39
INFO:main:13.33
INFO:main:13.65
