INFO:werkzeug:[31m[1mWARNING: This is a development server. Do not use it in a production deployment. Use a production WSGI server instead.[0m
 * Running on all addresses (0.0.0.0)
 * Running on http://127.0.0.1:8080
 * Running on http://10.244.1.183:8080
INFO:werkzeug:[33mPress CTRL+C to quit[0m
INFO:werkzeug:127.0.0.1 - - [04/Aug/2023 14:47:07] "GET /api/stream/active/192.168.2.2:1935/200 HTTP/1.1" 200 -
INFO:main:7.51
INFO:main:9.96
INFO:main:8.74
INFO:main:9.67
INFO:main:9.94
INFO:main:10.00
INFO:main:9.02
INFO:main:8.16
INFO:main:8.68
INFO:main:9.37
INFO:main:8.69
INFO:main:9.16
INFO:main:9.80
INFO:main:9.90
INFO:main:9.86
INFO:main:9.80
INFO:main:9.94
INFO:main:9.78
INFO:main:9.86
INFO:main:10.06
INFO:main:9.94
INFO:main:9.85
INFO:main:9.81
INFO:main:10.00
INFO:main:9.87
INFO:main:9.88
INFO:main:9.99
INFO:main:9.95
INFO:main:9.85
INFO:main:9.75
INFO:main:9.97
INFO:main:9.98
INFO:main:9.89
INFO:main:9.29
INFO:main:9.03
INFO:main:9.99
INFO:main:9.91
INFO:main:9.67
INFO:main:9.86
INFO:main:9.94
INFO:main:9.59
INFO:main:9.62
INFO:main:9.36
INFO:main:9.82
INFO:main:9.91
INFO:main:9.86
INFO:main:9.84
INFO:main:9.83
INFO:main:9.50
INFO:main:9.72
INFO:main:9.80
INFO:main:9.83
INFO:main:9.55
INFO:main:9.88
INFO:main:9.71
INFO:main:9.84
INFO:main:8.65
INFO:main:9.50
INFO:main:9.93
INFO:main:9.30
INFO:main:9.95
INFO:main:9.88
INFO:main:9.81
INFO:main:9.94
INFO:main:9.96
INFO:main:9.71
INFO:main:9.93
INFO:main:9.88
INFO:main:9.29
INFO:main:7.64
INFO:main:9.51
INFO:main:9.69
INFO:main:9.71
INFO:main:9.62
INFO:main:9.90
INFO:main:9.87
INFO:main:9.88
INFO:main:9.81
INFO:main:9.80
INFO:main:9.72
INFO:main:9.89
INFO:main:9.86
INFO:main:9.84
INFO:main:9.92
INFO:main:9.87
INFO:main:9.84
INFO:main:9.88
INFO:main:9.82
INFO:main:9.75
INFO:main:9.96
INFO:main:9.83
INFO:main:9.98
INFO:main:9.76
INFO:main:9.80
INFO:main:9.90
INFO:main:9.89
INFO:main:9.68
