INFO:werkzeug:[31m[1mWARNING: This is a development server. Do not use it in a production deployment. Use a production WSGI server instead.[0m
 * Running on all addresses (0.0.0.0)
 * Running on http://127.0.0.1:8080
 * Running on http://10.244.1.230:8080
INFO:werkzeug:[33mPress CTRL+C to quit[0m
INFO:werkzeug:127.0.0.1 - - [04/Aug/2023 15:39:51] "GET /api/stream/active/192.168.2.2:1935/200 HTTP/1.1" 200 -
INFO:main:5.80
INFO:main:9.33
INFO:main:8.83
INFO:main:8.18
INFO:main:8.20
INFO:main:7.20
INFO:main:8.60
INFO:main:8.72
INFO:main:9.45
INFO:main:8.93
INFO:main:9.33
INFO:main:9.84
INFO:main:9.83
INFO:main:9.90
INFO:main:9.89
INFO:main:9.93
INFO:main:9.45
INFO:main:9.76
INFO:main:9.82
INFO:main:9.98
INFO:main:9.42
INFO:main:8.88
INFO:main:8.70
INFO:main:9.91
INFO:main:9.96
INFO:main:9.99
INFO:main:9.94
INFO:main:9.88
INFO:main:9.92
INFO:main:9.86
INFO:main:9.80
INFO:main:9.80
INFO:main:9.80
INFO:main:9.80
INFO:main:9.71
INFO:main:9.73
INFO:main:9.97
INFO:main:9.99
INFO:main:9.95
INFO:main:9.96
INFO:main:9.88
INFO:main:9.83
INFO:main:9.36
INFO:main:9.83
INFO:main:9.83
INFO:main:9.53
INFO:main:9.72
INFO:main:9.76
INFO:main:9.95
INFO:main:9.83
INFO:main:9.98
INFO:main:9.94
INFO:main:9.89
INFO:main:9.99
INFO:main:9.73
INFO:main:9.98
INFO:main:9.72
INFO:main:8.81
INFO:main:9.53
INFO:main:9.56
INFO:main:9.75
INFO:main:9.48
INFO:main:9.98
INFO:main:8.71
INFO:main:8.90
INFO:main:9.31
INFO:main:9.93
INFO:main:9.85
INFO:main:9.82
INFO:main:9.80
INFO:main:9.85
INFO:main:9.73
INFO:main:9.56
INFO:main:9.70
INFO:main:9.56
INFO:main:9.95
INFO:main:9.22
INFO:main:9.30
INFO:main:8.37
INFO:main:8.65
INFO:main:9.48
INFO:main:9.26
INFO:main:9.95
INFO:main:9.37
INFO:main:9.10
INFO:main:8.86
INFO:main:9.66
INFO:main:9.58
INFO:main:10.16
INFO:main:9.98
INFO:main:10.09
INFO:main:9.55
INFO:main:9.85
INFO:main:9.83
INFO:main:9.79
INFO:main:8.82
