INFO:werkzeug:[31m[1mWARNING: This is a development server. Do not use it in a production deployment. Use a production WSGI server instead.[0m
 * Running on all addresses (0.0.0.0)
 * Running on http://127.0.0.1:8080
 * Running on http://10.244.1.168:8080
INFO:werkzeug:[33mPress CTRL+C to quit[0m
INFO:werkzeug:127.0.0.1 - - [04/Aug/2023 14:29:43] "GET /api/stream/active/192.168.2.2:1935/200 HTTP/1.1" 200 -
INFO:main:5.87
INFO:main:12.38
INFO:main:11.79
INFO:main:10.95
INFO:main:11.16
INFO:main:11.16
INFO:main:10.16
INFO:main:10.97
INFO:main:11.78
INFO:main:12.31
INFO:main:11.49
INFO:main:9.75
INFO:main:11.75
INFO:main:12.17
INFO:main:10.91
INFO:main:10.77
INFO:main:11.53
INFO:main:10.94
INFO:main:10.97
INFO:main:11.86
INFO:main:11.61
INFO:main:12.68
INFO:main:12.29
INFO:main:9.92
INFO:main:11.14
INFO:main:12.14
INFO:main:12.79
INFO:main:12.58
INFO:main:10.95
INFO:main:10.83
INFO:main:11.48
INFO:main:10.41
INFO:main:10.76
INFO:main:11.10
INFO:main:11.48
INFO:main:11.90
INFO:main:12.08
INFO:main:10.94
INFO:main:10.57
INFO:main:11.98
INFO:main:11.95
INFO:main:10.90
INFO:main:11.17
INFO:main:10.73
INFO:main:11.65
INFO:main:11.41
INFO:main:11.42
INFO:main:10.61
INFO:main:9.91
INFO:main:12.34
INFO:main:12.55
INFO:main:10.91
INFO:main:11.56
INFO:main:13.19
INFO:main:13.36
INFO:main:11.86
INFO:main:11.06
INFO:main:10.39
INFO:main:10.59
INFO:main:10.71
INFO:main:11.91
INFO:main:11.35
INFO:main:10.37
INFO:main:9.40
INFO:main:10.22
INFO:main:10.76
INFO:main:11.37
INFO:main:10.63
INFO:main:11.34
INFO:main:10.82
INFO:main:9.81
INFO:main:10.99
INFO:main:11.45
INFO:main:12.10
INFO:main:10.97
INFO:main:10.67
INFO:main:12.34
INFO:main:12.79
INFO:main:12.46
INFO:main:12.19
INFO:main:11.90
INFO:main:12.91
INFO:main:11.56
INFO:main:10.81
INFO:main:11.95
INFO:main:10.56
INFO:main:12.46
INFO:main:10.19
INFO:main:10.28
INFO:main:11.41
INFO:main:11.13
INFO:main:11.35
INFO:main:10.52
INFO:main:10.30
INFO:main:11.47
INFO:main:10.53
INFO:main:10.66
