INFO:werkzeug:[31m[1mWARNING: This is a development server. Do not use it in a production deployment. Use a production WSGI server instead.[0m
 * Running on all addresses (0.0.0.0)
 * Running on http://127.0.0.1:8080
 * Running on http://10.244.1.27:8080
INFO:werkzeug:[33mPress CTRL+C to quit[0m
INFO:werkzeug:127.0.0.1 - - [04/Aug/2023 11:02:01] "GET /api/stream/active/192.168.2.2:1935/200 HTTP/1.1" 200 -
INFO:main:7.52
INFO:main:11.97
INFO:main:12.57
INFO:main:11.83
INFO:main:11.28
INFO:main:11.25
INFO:main:11.45
INFO:main:11.84
INFO:main:11.15
INFO:main:11.41
INFO:main:11.49
INFO:main:11.14
INFO:main:11.27
INFO:main:11.21
INFO:main:11.33
INFO:main:11.45
INFO:main:11.28
INFO:main:11.72
INFO:main:11.65
INFO:main:11.60
INFO:main:11.73
INFO:main:12.48
INFO:main:13.97
INFO:main:14.66
INFO:main:14.86
INFO:main:14.83
INFO:main:14.16
INFO:main:13.22
INFO:main:15.86
INFO:main:13.68
INFO:main:12.61
INFO:main:11.54
INFO:main:11.63
INFO:main:12.71
INFO:main:11.96
INFO:main:11.70
INFO:main:11.63
INFO:main:12.99
INFO:main:12.86
INFO:main:11.66
INFO:main:11.39
INFO:main:11.09
INFO:main:11.10
INFO:main:11.84
INFO:main:11.56
INFO:main:11.73
INFO:main:11.54
INFO:main:12.40
INFO:main:15.07
INFO:main:11.70
INFO:main:11.31
INFO:main:12.73
INFO:main:11.67
INFO:main:12.15
INFO:main:13.71
INFO:main:13.92
INFO:main:13.71
INFO:main:11.90
INFO:main:14.34
INFO:main:14.91
INFO:main:12.95
INFO:main:12.02
INFO:main:11.55
INFO:main:13.51
INFO:main:15.11
INFO:main:13.18
INFO:main:14.67
INFO:main:14.66
INFO:main:11.99
INFO:main:12.06
INFO:main:13.29
INFO:main:13.10
INFO:main:11.84
INFO:main:12.00
INFO:main:11.34
INFO:main:13.99
INFO:main:13.20
INFO:main:11.39
INFO:main:11.13
INFO:main:11.92
INFO:main:11.81
INFO:main:12.93
INFO:main:11.32
INFO:main:13.20
INFO:main:12.78
INFO:main:13.48
INFO:main:13.14
INFO:main:11.24
INFO:main:11.73
INFO:main:12.84
INFO:main:12.93
INFO:main:13.24
INFO:main:11.96
INFO:main:12.80
