INFO:werkzeug:[31m[1mWARNING: This is a development server. Do not use it in a production deployment. Use a production WSGI server instead.[0m
 * Running on all addresses (0.0.0.0)
 * Running on http://127.0.0.1:8080
 * Running on http://10.244.1.88:8080
INFO:werkzeug:[33mPress CTRL+C to quit[0m
INFO:werkzeug:127.0.0.1 - - [04/Aug/2023 12:45:26] "GET /api/stream/active/192.168.2.2:1935/200 HTTP/1.1" 200 -
INFO:main:4.98
INFO:main:9.73
INFO:main:11.57
INFO:main:9.76
INFO:main:11.44
INFO:main:12.45
INFO:main:11.13
INFO:main:10.55
INFO:main:10.52
INFO:main:11.28
INFO:main:10.48
INFO:main:8.99
INFO:main:11.81
INFO:main:11.64
INFO:main:11.11
INFO:main:10.96
INFO:main:10.99
INFO:main:10.00
INFO:main:11.23
INFO:main:11.71
INFO:main:10.30
INFO:main:10.93
INFO:main:11.12
INFO:main:10.33
INFO:main:9.99
INFO:main:11.21
INFO:main:10.74
INFO:main:10.69
INFO:main:12.66
INFO:main:11.37
INFO:main:10.67
INFO:main:11.26
INFO:main:10.80
INFO:main:11.30
INFO:main:9.82
INFO:main:3.74
INFO:main:5.86
INFO:main:7.81
INFO:main:6.91
INFO:main:11.18
INFO:main:11.49
INFO:main:9.44
INFO:main:10.71
INFO:main:11.65
INFO:main:11.37
INFO:main:9.77
INFO:main:7.83
INFO:main:3.33
INFO:main:5.00
INFO:main:5.06
INFO:main:3.74
INFO:main:4.78
INFO:main:11.32
INFO:main:10.57
INFO:main:12.04
INFO:main:12.57
INFO:main:11.33
INFO:main:13.15
INFO:main:11.75
INFO:main:9.60
INFO:main:12.69
INFO:main:12.59
INFO:main:12.53
INFO:main:10.66
INFO:main:10.66
INFO:main:11.96
INFO:main:12.67
INFO:main:11.15
INFO:main:11.69
INFO:main:9.88
INFO:main:11.37
INFO:main:12.87
INFO:main:10.91
INFO:main:11.91
INFO:main:11.58
INFO:main:12.98
INFO:main:12.15
INFO:main:11.31
INFO:main:10.85
INFO:main:9.11
INFO:main:9.54
INFO:main:11.97
INFO:main:9.32
INFO:main:10.58
INFO:main:11.47
INFO:main:12.06
INFO:main:11.68
INFO:main:11.55
INFO:main:11.48
INFO:main:10.60
INFO:main:10.94
INFO:main:10.48
