INFO:werkzeug:[31m[1mWARNING: This is a development server. Do not use it in a production deployment. Use a production WSGI server instead.[0m
 * Running on all addresses (0.0.0.0)
 * Running on http://127.0.0.1:8080
 * Running on http://10.244.1.42:8080
INFO:werkzeug:[33mPress CTRL+C to quit[0m
INFO:werkzeug:127.0.0.1 - - [04/Aug/2023 16:52:01] "GET /api/stream/active/192.168.2.2:1935/200 HTTP/1.1" 200 -
INFO:main:1.92
INFO:main:9.66
INFO:main:9.79
INFO:main:9.99
INFO:main:10.01
INFO:main:9.82
INFO:main:9.90
INFO:main:9.69
INFO:main:9.91
INFO:main:9.68
INFO:main:10.02
INFO:main:9.93
INFO:main:9.88
INFO:main:9.76
INFO:main:9.30
INFO:main:8.80
INFO:main:9.36
INFO:main:9.68
INFO:main:9.36
INFO:main:9.52
INFO:main:9.69
INFO:main:9.59
INFO:main:9.59
INFO:main:9.93
INFO:main:9.83
INFO:main:9.87
INFO:main:9.12
INFO:main:9.95
INFO:main:8.89
INFO:main:9.64
INFO:main:10.14
INFO:main:9.62
INFO:main:10.00
INFO:main:10.18
INFO:main:9.54
INFO:main:9.46
INFO:main:8.87
INFO:main:8.70
INFO:main:9.55
INFO:main:9.76
INFO:main:9.59
INFO:main:10.00
INFO:main:9.76
INFO:main:9.68
INFO:main:9.75
INFO:main:10.08
INFO:main:8.84
INFO:main:9.76
INFO:main:9.01
INFO:main:9.41
INFO:main:8.76
INFO:main:9.86
INFO:main:9.92
INFO:main:8.95
INFO:main:9.62
INFO:main:10.09
INFO:main:9.71
INFO:main:9.71
INFO:main:9.97
INFO:main:8.13
INFO:main:9.10
INFO:main:8.86
INFO:main:9.72
INFO:main:5.99
INFO:main:7.44
INFO:main:9.49
INFO:main:9.87
INFO:main:10.07
INFO:main:10.11
INFO:main:9.98
INFO:main:9.81
INFO:main:9.52
INFO:main:8.99
INFO:main:8.51
INFO:main:7.74
INFO:main:9.84
INFO:main:9.67
INFO:main:9.68
INFO:main:9.73
INFO:main:8.68
INFO:main:9.35
INFO:main:9.73
INFO:main:9.67
INFO:main:9.90
INFO:main:10.05
INFO:main:10.03
INFO:main:8.58
INFO:main:8.27
INFO:main:8.54
INFO:main:8.40
INFO:main:9.61
INFO:main:9.94
INFO:main:9.52
INFO:main:9.88
