INFO:werkzeug:[31m[1mWARNING: This is a development server. Do not use it in a production deployment. Use a production WSGI server instead.[0m
 * Running on all addresses (0.0.0.0)
 * Running on http://127.0.0.1:8080
 * Running on http://10.244.1.125:8080
INFO:werkzeug:[33mPress CTRL+C to quit[0m
INFO:werkzeug:127.0.0.1 - - [04/Aug/2023 13:37:49] "GET /api/stream/active/192.168.2.2:1935/200 HTTP/1.1" 200 -
INFO:main:3.84
INFO:main:11.70
INFO:main:10.59
INFO:main:11.47
INFO:main:13.18
INFO:main:11.85
INFO:main:11.32
INFO:main:10.46
INFO:main:11.32
INFO:main:10.73
INFO:main:9.90
INFO:main:10.66
INFO:main:13.09
INFO:main:12.88
INFO:main:11.98
INFO:main:11.76
INFO:main:10.57
INFO:main:11.93
INFO:main:10.32
INFO:main:11.70
INFO:main:13.21
INFO:main:13.14
INFO:main:12.54
INFO:main:12.73
INFO:main:12.78
INFO:main:9.97
INFO:main:12.50
INFO:main:10.86
INFO:main:12.19
INFO:main:12.05
INFO:main:11.09
INFO:main:11.90
INFO:main:11.82
INFO:main:11.41
INFO:main:9.67
INFO:main:10.72
INFO:main:11.21
INFO:main:11.36
INFO:main:10.07
INFO:main:10.14
INFO:main:11.14
INFO:main:10.92
INFO:main:11.21
INFO:main:11.97
INFO:main:11.40
INFO:main:11.98
INFO:main:10.35
INFO:main:10.20
INFO:main:11.77
INFO:main:11.87
INFO:main:12.25
INFO:main:10.96
INFO:main:10.54
INFO:main:12.25
INFO:main:11.99
INFO:main:12.85
INFO:main:11.75
INFO:main:12.17
INFO:main:10.27
INFO:main:10.64
INFO:main:10.95
INFO:main:12.36
INFO:main:12.45
INFO:main:10.85
INFO:main:12.74
INFO:main:11.81
INFO:main:10.11
INFO:main:10.60
INFO:main:11.95
INFO:main:10.61
INFO:main:9.97
INFO:main:9.29
INFO:main:12.02
INFO:main:10.96
INFO:main:8.88
INFO:main:10.11
INFO:main:11.85
INFO:main:11.73
INFO:main:12.44
INFO:main:12.22
INFO:main:12.74
INFO:main:11.78
INFO:main:11.52
INFO:main:11.90
INFO:main:11.60
INFO:main:10.54
INFO:main:11.36
INFO:main:10.33
INFO:main:11.91
INFO:main:12.24
INFO:main:11.63
INFO:main:11.56
INFO:main:11.84
INFO:main:11.73
INFO:main:12.90
