INFO:werkzeug:[31m[1mWARNING: This is a development server. Do not use it in a production deployment. Use a production WSGI server instead.[0m
 * Running on all addresses (0.0.0.0)
 * Running on http://127.0.0.1:8080
 * Running on http://10.244.1.112:8080
INFO:werkzeug:[33mPress CTRL+C to quit[0m
INFO:werkzeug:127.0.0.1 - - [04/Aug/2023 13:20:33] "GET /api/stream/active/192.168.2.2:1935/200 HTTP/1.1" 200 -
INFO:main:4.74
INFO:main:9.66
INFO:main:9.11
INFO:main:9.90
INFO:main:10.75
INFO:main:10.61
INFO:main:8.81
INFO:main:10.48
INFO:main:11.00
INFO:main:10.82
INFO:main:10.61
INFO:main:12.02
INFO:main:11.97
INFO:main:11.36
INFO:main:12.33
INFO:main:12.08
INFO:main:13.02
INFO:main:12.90
INFO:main:13.65
INFO:main:13.13
INFO:main:13.04
INFO:main:12.76
INFO:main:12.98
INFO:main:11.74
INFO:main:11.84
INFO:main:11.70
INFO:main:10.03
INFO:main:12.92
INFO:main:13.13
INFO:main:12.38
INFO:main:10.40
INFO:main:11.76
INFO:main:10.85
INFO:main:12.97
INFO:main:12.46
INFO:main:11.92
INFO:main:12.13
INFO:main:10.96
INFO:main:12.13
INFO:main:10.83
INFO:main:12.96
INFO:main:10.80
INFO:main:11.34
INFO:main:11.15
INFO:main:12.00
INFO:main:11.71
INFO:main:11.07
INFO:main:11.76
INFO:main:11.97
INFO:main:11.43
INFO:main:10.47
INFO:main:11.73
INFO:main:12.74
INFO:main:11.35
INFO:main:12.14
INFO:main:10.68
INFO:main:10.74
INFO:main:11.66
INFO:main:9.38
INFO:main:11.48
INFO:main:12.28
INFO:main:10.91
INFO:main:9.63
INFO:main:11.32
INFO:main:11.98
INFO:main:12.78
INFO:main:13.09
INFO:main:11.86
INFO:main:12.52
INFO:main:9.25
INFO:main:10.51
INFO:main:10.33
INFO:main:10.71
INFO:main:10.62
INFO:main:12.02
INFO:main:10.59
INFO:main:13.07
INFO:main:12.56
INFO:main:11.24
INFO:main:11.33
INFO:main:11.74
INFO:main:11.77
INFO:main:12.51
INFO:main:12.48
INFO:main:10.93
INFO:main:11.00
INFO:main:12.18
INFO:main:11.80
INFO:main:12.28
INFO:main:9.17
INFO:main:11.76
INFO:main:11.03
INFO:main:10.52
INFO:main:12.03
INFO:main:11.32
