INFO:werkzeug:[31m[1mWARNING: This is a development server. Do not use it in a production deployment. Use a production WSGI server instead.[0m
 * Running on all addresses (0.0.0.0)
 * Running on http://127.0.0.1:8080
 * Running on http://10.244.1.94:8080
INFO:werkzeug:[33mPress CTRL+C to quit[0m
INFO:werkzeug:127.0.0.1 - - [04/Aug/2023 17:48:29] "GET /api/stream/active/192.168.2.2:1935/200 HTTP/1.1" 200 -
INFO:main:7.84
INFO:main:15.18
INFO:main:14.87
INFO:main:15.21
INFO:main:15.85
INFO:main:15.98
INFO:main:16.26
INFO:main:16.23
INFO:main:16.00
INFO:main:16.06
INFO:main:15.70
INFO:main:15.57
INFO:main:15.40
INFO:main:15.35
INFO:main:15.49
INFO:main:15.68
INFO:main:15.79
INFO:main:15.68
INFO:main:15.66
INFO:main:15.61
INFO:main:15.79
INFO:main:15.64
INFO:main:16.28
INFO:main:15.75
INFO:main:15.68
INFO:main:15.40
INFO:main:15.26
INFO:main:15.28
INFO:main:14.84
INFO:main:14.73
INFO:main:15.22
INFO:main:15.53
INFO:main:15.06
INFO:main:14.64
INFO:main:14.52
INFO:main:14.61
INFO:main:14.60
INFO:main:14.55
INFO:main:14.70
INFO:main:14.98
INFO:main:14.95
INFO:main:15.05
INFO:main:14.71
INFO:main:14.67
INFO:main:14.51
INFO:main:15.00
INFO:main:15.33
INFO:main:15.66
INFO:main:15.62
INFO:main:15.55
INFO:main:15.33
INFO:main:14.85
INFO:main:14.43
INFO:main:14.38
INFO:main:14.67
INFO:main:15.06
INFO:main:14.94
INFO:main:14.76
INFO:main:14.86
INFO:main:14.83
INFO:main:14.71
INFO:main:14.66
INFO:main:15.32
INFO:main:15.59
INFO:main:15.46
INFO:main:16.15
INFO:main:16.22
INFO:main:16.17
INFO:main:16.41
INFO:main:16.42
INFO:main:15.80
INFO:main:15.93
INFO:main:16.47
INFO:main:16.52
INFO:main:16.38
INFO:main:16.43
INFO:main:16.41
INFO:main:16.17
INFO:main:15.96
INFO:main:15.94
INFO:main:15.63
INFO:main:15.42
INFO:main:15.07
INFO:main:14.96
INFO:main:14.79
INFO:main:14.50
INFO:main:14.42
INFO:main:14.84
INFO:main:15.20
INFO:main:14.86
INFO:main:14.05
INFO:main:14.17
INFO:main:14.35
INFO:main:14.87
INFO:main:15.10
INFO:main:15.45
INFO:main:15.81
INFO:main:15.68
INFO:main:15.48
INFO:main:15.07
INFO:main:14.93
INFO:main:15.02
INFO:main:15.17
INFO:main:15.15
