INFO:werkzeug:[31m[1mWARNING: This is a development server. Do not use it in a production deployment. Use a production WSGI server instead.[0m
 * Running on all addresses (0.0.0.0)
 * Running on http://127.0.0.1:8080
 * Running on http://10.244.1.170:8080
INFO:werkzeug:[33mPress CTRL+C to quit[0m
INFO:werkzeug:127.0.0.1 - - [04/Aug/2023 14:29:43] "GET /api/stream/active/192.168.2.2:1935/200 HTTP/1.1" 200 -
INFO:main:6.55
INFO:main:12.16
INFO:main:11.66
INFO:main:11.16
INFO:main:10.50
INFO:main:11.11
INFO:main:10.32
INFO:main:11.42
INFO:main:11.95
INFO:main:11.86
INFO:main:11.64
INFO:main:10.37
INFO:main:11.51
INFO:main:12.40
INFO:main:10.95
INFO:main:10.73
INFO:main:10.94
INFO:main:11.63
INFO:main:10.80
INFO:main:11.07
INFO:main:11.94
INFO:main:12.58
INFO:main:12.32
INFO:main:10.35
INFO:main:10.60
INFO:main:12.25
INFO:main:12.99
INFO:main:12.53
INFO:main:10.80
INFO:main:10.88
INFO:main:11.51
INFO:main:10.62
INFO:main:11.39
INFO:main:10.34
INFO:main:10.49
INFO:main:11.88
INFO:main:12.12
INFO:main:10.65
INFO:main:10.80
INFO:main:11.87
INFO:main:11.93
INFO:main:11.08
INFO:main:11.89
INFO:main:11.22
INFO:main:11.61
INFO:main:11.51
INFO:main:11.66
INFO:main:11.30
INFO:main:9.80
INFO:main:12.62
INFO:main:12.28
INFO:main:10.17
INFO:main:11.66
INFO:main:13.27
INFO:main:13.36
INFO:main:11.96
INFO:main:9.40
INFO:main:9.30
INFO:main:10.51
INFO:main:10.47
INFO:main:11.76
INFO:main:11.58
INFO:main:10.16
INFO:main:9.91
INFO:main:10.96
INFO:main:11.13
INFO:main:10.20
INFO:main:10.78
INFO:main:10.54
INFO:main:10.76
INFO:main:10.32
INFO:main:9.51
INFO:main:11.49
INFO:main:11.98
INFO:main:10.86
INFO:main:10.64
INFO:main:12.74
INFO:main:12.94
INFO:main:12.10
INFO:main:12.63
INFO:main:11.83
INFO:main:12.79
INFO:main:10.66
INFO:main:11.72
INFO:main:11.84
INFO:main:10.69
INFO:main:12.27
INFO:main:10.30
INFO:main:10.41
INFO:main:11.33
INFO:main:11.11
INFO:main:11.23
INFO:main:10.58
INFO:main:10.98
INFO:main:10.79
INFO:main:10.54
INFO:main:11.21
INFO:main:11.41
