INFO:werkzeug:[31m[1mWARNING: This is a development server. Do not use it in a production deployment. Use a production WSGI server instead.[0m
 * Running on all addresses (0.0.0.0)
 * Running on http://127.0.0.1:8080
 * Running on http://10.244.1.131:8080
INFO:werkzeug:[33mPress CTRL+C to quit[0m
INFO:werkzeug:127.0.0.1 - - [04/Aug/2023 18:35:37] "GET /api/stream/active/192.168.2.2:1935/200 HTTP/1.1" 200 -
INFO:main:8.50
INFO:main:15.32
INFO:main:13.57
INFO:main:13.77
INFO:main:14.80
INFO:main:14.56
INFO:main:14.52
INFO:main:14.52
INFO:main:14.26
INFO:main:14.06
INFO:main:14.28
INFO:main:13.98
INFO:main:14.08
INFO:main:14.04
INFO:main:14.11
INFO:main:14.23
INFO:main:14.16
INFO:main:14.09
INFO:main:14.13
INFO:main:14.32
INFO:main:14.25
INFO:main:14.68
INFO:main:15.28
INFO:main:15.61
INFO:main:15.35
INFO:main:14.82
INFO:main:14.72
INFO:main:14.47
INFO:main:14.46
INFO:main:14.38
INFO:main:14.07
INFO:main:15.01
INFO:main:14.65
INFO:main:14.40
INFO:main:14.42
INFO:main:14.36
INFO:main:14.39
INFO:main:14.67
INFO:main:14.90
INFO:main:14.88
INFO:main:14.48
INFO:main:14.36
INFO:main:14.32
INFO:main:14.01
INFO:main:13.96
INFO:main:14.11
INFO:main:14.37
INFO:main:14.36
INFO:main:14.53
INFO:main:14.23
INFO:main:14.15
INFO:main:14.43
INFO:main:14.20
INFO:main:14.64
INFO:main:14.35
INFO:main:14.34
INFO:main:14.34
INFO:main:14.40
INFO:main:14.20
INFO:main:13.97
INFO:main:13.69
INFO:main:14.28
INFO:main:14.31
INFO:main:14.53
INFO:main:14.52
INFO:main:14.01
INFO:main:13.99
INFO:main:14.30
INFO:main:14.09
INFO:main:14.15
INFO:main:14.31
INFO:main:13.87
INFO:main:14.32
INFO:main:14.17
INFO:main:14.04
INFO:main:14.87
INFO:main:15.21
INFO:main:15.54
INFO:main:15.22
INFO:main:14.87
INFO:main:14.80
INFO:main:14.12
INFO:main:14.02
INFO:main:14.15
INFO:main:14.23
INFO:main:14.18
INFO:main:14.21
INFO:main:14.45
INFO:main:14.65
INFO:main:14.48
INFO:main:14.31
INFO:main:14.43
INFO:main:14.54
INFO:main:14.09
INFO:main:14.19
INFO:main:14.18
INFO:main:14.40
INFO:main:14.57
INFO:main:14.12
INFO:main:14.06
INFO:main:14.53
INFO:main:14.56
INFO:main:14.47
