INFO:werkzeug:[31m[1mWARNING: This is a development server. Do not use it in a production deployment. Use a production WSGI server instead.[0m
 * Running on all addresses (0.0.0.0)
 * Running on http://127.0.0.1:8080
 * Running on http://10.244.1.124:8080
INFO:werkzeug:[33mPress CTRL+C to quit[0m
INFO:werkzeug:127.0.0.1 - - [04/Aug/2023 13:37:49] "GET /api/stream/active/192.168.2.2:1935/200 HTTP/1.1" 200 -
INFO:main:5.91
INFO:main:11.79
INFO:main:11.36
INFO:main:10.82
INFO:main:12.87
INFO:main:12.41
INFO:main:10.62
INFO:main:11.17
INFO:main:11.57
INFO:main:10.34
INFO:main:10.26
INFO:main:8.99
INFO:main:12.25
INFO:main:13.18
INFO:main:12.28
INFO:main:11.98
INFO:main:10.63
INFO:main:11.75
INFO:main:10.94
INFO:main:10.57
INFO:main:12.77
INFO:main:13.29
INFO:main:12.74
INFO:main:12.70
INFO:main:12.75
INFO:main:11.91
INFO:main:11.91
INFO:main:11.99
INFO:main:10.97
INFO:main:12.14
INFO:main:11.51
INFO:main:11.50
INFO:main:11.98
INFO:main:11.78
INFO:main:10.59
INFO:main:11.11
INFO:main:10.71
INFO:main:11.97
INFO:main:9.65
INFO:main:9.09
INFO:main:9.13
INFO:main:9.25
INFO:main:11.83
INFO:main:10.62
INFO:main:10.29
INFO:main:11.42
INFO:main:10.62
INFO:main:11.82
INFO:main:10.80
INFO:main:11.67
INFO:main:12.53
INFO:main:11.86
INFO:main:10.90
INFO:main:11.37
INFO:main:12.04
INFO:main:12.55
INFO:main:11.45
INFO:main:12.55
INFO:main:11.75
INFO:main:10.91
INFO:main:10.57
INFO:main:10.85
INFO:main:13.05
INFO:main:11.80
INFO:main:11.58
INFO:main:12.11
INFO:main:11.36
INFO:main:10.22
INFO:main:10.52
INFO:main:11.90
INFO:main:10.16
INFO:main:11.29
INFO:main:10.78
INFO:main:12.09
INFO:main:11.01
INFO:main:9.86
INFO:main:10.56
INFO:main:11.94
INFO:main:11.89
INFO:main:12.45
INFO:main:10.24
INFO:main:11.76
INFO:main:12.00
INFO:main:11.98
INFO:main:11.67
INFO:main:10.69
INFO:main:9.69
INFO:main:10.20
INFO:main:10.98
INFO:main:11.80
INFO:main:11.20
INFO:main:11.77
INFO:main:11.37
INFO:main:11.92
INFO:main:12.14
INFO:main:12.45
