INFO:werkzeug:[31m[1mWARNING: This is a development server. Do not use it in a production deployment. Use a production WSGI server instead.[0m
 * Running on all addresses (0.0.0.0)
 * Running on http://127.0.0.1:8080
 * Running on http://10.244.1.113:8080
INFO:werkzeug:[33mPress CTRL+C to quit[0m
INFO:werkzeug:127.0.0.1 - - [04/Aug/2023 18:06:37] "GET /api/stream/active/192.168.2.2:1935/200 HTTP/1.1" 200 -
INFO:main:1.83
INFO:main:12.21
INFO:main:11.89
INFO:main:12.13
INFO:main:11.50
INFO:main:10.52
INFO:main:11.85
INFO:main:11.66
INFO:main:11.09
INFO:main:11.50
INFO:main:12.72
INFO:main:13.02
INFO:main:11.34
INFO:main:10.98
INFO:main:10.99
INFO:main:12.13
INFO:main:11.48
INFO:main:12.11
INFO:main:12.69
INFO:main:11.84
INFO:main:10.85
INFO:main:10.69
INFO:main:10.25
INFO:main:10.89
INFO:main:11.77
INFO:main:10.87
INFO:main:10.95
INFO:main:11.60
INFO:main:10.69
INFO:main:10.61
INFO:main:10.58
INFO:main:11.50
INFO:main:11.19
INFO:main:9.60
INFO:main:11.72
INFO:main:11.09
INFO:main:12.41
INFO:main:11.43
INFO:main:10.76
INFO:main:11.11
INFO:main:10.97
INFO:main:12.55
INFO:main:10.06
INFO:main:10.31
INFO:main:9.19
INFO:main:11.48
INFO:main:11.22
INFO:main:12.43
INFO:main:10.43
INFO:main:10.47
INFO:main:11.89
INFO:main:11.75
INFO:main:10.92
INFO:main:11.68
INFO:main:10.91
INFO:main:10.52
INFO:main:11.30
INFO:main:11.44
INFO:main:9.46
INFO:main:12.92
INFO:main:11.80
INFO:main:11.86
INFO:main:11.15
INFO:main:11.29
INFO:main:10.69
INFO:main:11.43
INFO:main:10.95
INFO:main:12.53
INFO:main:10.39
INFO:main:10.81
INFO:main:10.62
INFO:main:10.43
INFO:main:10.30
INFO:main:11.44
INFO:main:11.40
INFO:main:9.40
INFO:main:11.25
INFO:main:12.53
INFO:main:12.49
INFO:main:11.12
INFO:main:10.97
INFO:main:9.83
INFO:main:11.94
INFO:main:10.60
INFO:main:10.80
INFO:main:11.75
INFO:main:10.54
INFO:main:11.57
INFO:main:11.00
INFO:main:11.72
INFO:main:10.32
INFO:main:11.26
INFO:main:12.30
INFO:main:13.01
INFO:main:11.36
INFO:main:11.55
INFO:main:11.30
INFO:main:9.57
