INFO:werkzeug:[31m[1mWARNING: This is a development server. Do not use it in a production deployment. Use a production WSGI server instead.[0m
 * Running on all addresses (0.0.0.0)
 * Running on http://127.0.0.1:8080
 * Running on http://10.244.1.126:8080
INFO:werkzeug:[33mPress CTRL+C to quit[0m
INFO:werkzeug:127.0.0.1 - - [04/Aug/2023 13:37:49] "GET /api/stream/active/192.168.2.2:1935/200 HTTP/1.1" 200 -
INFO:main:6.83
INFO:main:10.90
INFO:main:10.34
INFO:main:11.35
INFO:main:12.45
INFO:main:12.76
INFO:main:10.52
INFO:main:9.83
INFO:main:11.92
INFO:main:10.97
INFO:main:10.43
INFO:main:9.70
INFO:main:11.87
INFO:main:13.27
INFO:main:12.81
INFO:main:11.97
INFO:main:10.91
INFO:main:10.73
INFO:main:11.97
INFO:main:10.19
INFO:main:12.36
INFO:main:13.27
INFO:main:12.95
INFO:main:12.62
INFO:main:13.01
INFO:main:11.04
INFO:main:10.91
INFO:main:12.75
INFO:main:11.66
INFO:main:12.25
INFO:main:11.77
INFO:main:10.25
INFO:main:11.85
INFO:main:10.50
INFO:main:11.47
INFO:main:9.89
INFO:main:10.65
INFO:main:11.33
INFO:main:10.60
INFO:main:10.85
INFO:main:10.16
INFO:main:11.01
INFO:main:10.87
INFO:main:10.69
INFO:main:10.47
INFO:main:11.08
INFO:main:11.67
INFO:main:10.74
INFO:main:10.79
INFO:main:10.84
INFO:main:12.41
INFO:main:11.82
INFO:main:10.60
INFO:main:10.65
INFO:main:12.33
INFO:main:12.35
INFO:main:12.15
INFO:main:11.98
INFO:main:11.90
INFO:main:10.76
INFO:main:10.93
INFO:main:11.17
INFO:main:13.05
INFO:main:10.87
INFO:main:11.69
INFO:main:11.77
INFO:main:10.47
INFO:main:9.28
INFO:main:10.56
INFO:main:11.98
INFO:main:10.24
INFO:main:11.30
INFO:main:11.24
INFO:main:12.19
INFO:main:10.55
INFO:main:8.86
INFO:main:9.49
INFO:main:12.27
INFO:main:11.54
INFO:main:12.44
INFO:main:12.34
INFO:main:12.14
INFO:main:12.24
INFO:main:11.47
INFO:main:11.51
INFO:main:10.32
INFO:main:10.14
INFO:main:10.75
INFO:main:10.57
INFO:main:11.82
INFO:main:11.36
INFO:main:11.44
INFO:main:10.98
INFO:main:12.36
INFO:main:11.98
INFO:main:12.22
