INFO:werkzeug:[31m[1mWARNING: This is a development server. Do not use it in a production deployment. Use a production WSGI server instead.[0m
 * Running on all addresses (0.0.0.0)
 * Running on http://127.0.0.1:8080
 * Running on http://10.244.1.27:8080
INFO:werkzeug:[33mPress CTRL+C to quit[0m
INFO:werkzeug:127.0.0.1 - - [04/Aug/2023 20:49:38] "GET /api/stream/active/192.168.2.2:1935/200 HTTP/1.1" 200 -
INFO:main:1.93
INFO:main:10.82
INFO:main:10.92
INFO:main:11.11
INFO:main:11.85
INFO:main:12.99
INFO:main:12.72
INFO:main:12.54
INFO:main:12.87
INFO:main:12.46
INFO:main:11.77
INFO:main:11.79
INFO:main:12.14
INFO:main:10.42
INFO:main:10.63
INFO:main:10.40
INFO:main:10.49
INFO:main:11.14
INFO:main:10.84
INFO:main:10.58
INFO:main:11.61
INFO:main:11.20
INFO:main:11.95
INFO:main:9.29
INFO:main:10.81
INFO:main:11.80
INFO:main:10.88
INFO:main:11.98
INFO:main:12.31
INFO:main:12.73
INFO:main:12.02
INFO:main:11.32
INFO:main:10.58
INFO:main:10.80
INFO:main:9.27
INFO:main:10.91
INFO:main:12.54
INFO:main:12.79
INFO:main:11.93
INFO:main:11.25
INFO:main:11.06
INFO:main:11.66
INFO:main:12.06
INFO:main:11.31
INFO:main:10.39
INFO:main:11.75
INFO:main:12.09
INFO:main:10.19
INFO:main:10.52
INFO:main:10.46
INFO:main:11.47
INFO:main:10.63
INFO:main:9.97
INFO:main:10.48
INFO:main:13.38
INFO:main:12.84
INFO:main:12.08
INFO:main:9.62
INFO:main:10.24
INFO:main:10.37
INFO:main:10.60
INFO:main:11.79
INFO:main:11.77
INFO:main:11.74
INFO:main:12.65
INFO:main:10.64
INFO:main:11.40
INFO:main:11.70
INFO:main:11.96
INFO:main:11.20
INFO:main:12.01
INFO:main:11.43
INFO:main:10.12
INFO:main:12.31
INFO:main:10.29
INFO:main:11.98
INFO:main:11.36
INFO:main:10.19
INFO:main:13.13
INFO:main:11.95
INFO:main:11.39
INFO:main:11.83
INFO:main:10.73
INFO:main:10.30
INFO:main:10.47
INFO:main:11.45
INFO:main:11.10
INFO:main:10.73
INFO:main:12.36
INFO:main:9.40
INFO:main:10.96
INFO:main:11.90
INFO:main:11.71
INFO:main:10.89
INFO:main:10.12
INFO:main:10.95
INFO:main:12.00
INFO:main:10.98
INFO:main:10.95
INFO:main:12.37
INFO:main:12.72
INFO:main:11.71
