INFO:werkzeug:[31m[1mWARNING: This is a development server. Do not use it in a production deployment. Use a production WSGI server instead.[0m
 * Running on all addresses (0.0.0.0)
 * Running on http://127.0.0.1:8080
 * Running on http://10.244.1.103:8080
INFO:werkzeug:[33mPress CTRL+C to quit[0m
INFO:werkzeug:127.0.0.1 - - [06/Aug/2023 21:43:24] "GET /api/stream/active/192.168.2.2:1935/200 HTTP/1.1" 200 -
INFO:main:7.63
INFO:main:11.66
INFO:main:10.68
INFO:main:11.92
INFO:main:10.39
INFO:main:10.78
INFO:main:12.70
INFO:main:12.85
INFO:main:10.89
INFO:main:11.26
INFO:main:9.23
INFO:main:11.30
INFO:main:9.65
INFO:main:10.32
INFO:main:11.58
INFO:main:10.31
INFO:main:10.52
INFO:main:11.73
INFO:main:11.98
INFO:main:10.90
INFO:main:11.21
INFO:main:7.01
INFO:main:4.22
INFO:main:7.71
INFO:main:7.05
INFO:main:7.52
INFO:main:9.72
INFO:main:8.93
INFO:main:9.11
INFO:main:1.65
INFO:main:2.79
INFO:main:1.55
INFO:main:1.23
INFO:main:1.96
INFO:main:1.59
INFO:main:1.49
INFO:main:1.29
INFO:main:1.40
INFO:main:1.45
INFO:main:1.61
INFO:main:1.30
INFO:main:1.52
INFO:main:1.47
INFO:main:1.71
INFO:main:1.16
INFO:main:0.83
INFO:main:1.48
INFO:main:5.55
INFO:main:6.15
INFO:main:3.77
INFO:main:1.84
INFO:main:3.98
INFO:main:2.40
INFO:main:1.90
INFO:main:1.94
INFO:main:1.86
INFO:main:1.41
INFO:main:1.93
INFO:main:3.77
INFO:main:1.16
INFO:main:3.77
INFO:main:1.63
INFO:main:0.90
INFO:main:0.95
INFO:main:1.73
INFO:main:2.25
INFO:main:3.01
INFO:main:4.05
INFO:main:3.90
INFO:main:1.14
INFO:main:5.31
