INFO:werkzeug:[31m[1mWARNING: This is a development server. Do not use it in a production deployment. Use a production WSGI server instead.[0m
 * Running on all addresses (0.0.0.0)
 * Running on http://127.0.0.1:8080
 * Running on http://10.244.1.91:8080
INFO:werkzeug:[33mPress CTRL+C to quit[0m
INFO:werkzeug:127.0.0.1 - - [06/Aug/2023 21:26:04] "GET /api/stream/active/192.168.2.2:1935/200 HTTP/1.1" 200 -
INFO:main:4.82
INFO:main:11.55
INFO:main:11.71
INFO:main:10.65
INFO:main:10.59
INFO:main:10.82
INFO:main:11.20
INFO:main:11.21
INFO:main:11.15
INFO:main:10.84
INFO:main:10.83
INFO:main:11.35
INFO:main:11.15
INFO:main:11.50
INFO:main:10.68
INFO:main:10.32
INFO:main:9.63
INFO:main:10.58
INFO:main:8.45
INFO:main:1.94
INFO:main:4.91
INFO:main:4.37
INFO:main:5.31
INFO:main:2.93
INFO:main:5.67
INFO:main:1.34
INFO:main:6.47
INFO:main:2.33
INFO:main:1.32
INFO:main:1.58
INFO:main:4.38
INFO:main:1.31
INFO:main:0.85
INFO:main:0.98
INFO:main:1.81
INFO:main:2.99
INFO:main:1.59
INFO:main:1.27
INFO:main:2.67
INFO:main:1.08
INFO:main:0.97
INFO:main:4.01
INFO:main:1.41
INFO:main:5.58
INFO:main:2.47
INFO:main:3.82
INFO:main:3.74
INFO:main:1.76
INFO:main:3.45
INFO:main:5.52
INFO:main:1.13
INFO:main:0.70
INFO:main:1.39
INFO:main:1.65
INFO:main:1.87
INFO:main:1.85
INFO:main:1.90
INFO:main:0.86
INFO:main:0.86
INFO:main:1.48
INFO:main:1.33
INFO:main:1.71
INFO:main:1.76
INFO:main:1.98
INFO:main:1.55
INFO:main:2.44
INFO:main:2.50
