INFO:werkzeug:[31m[1mWARNING: This is a development server. Do not use it in a production deployment. Use a production WSGI server instead.[0m
 * Running on all addresses (0.0.0.0)
 * Running on http://127.0.0.1:8080
 * Running on http://10.244.1.199:8080
INFO:werkzeug:[33mPress CTRL+C to quit[0m
INFO:werkzeug:127.0.0.1 - - [06/Aug/2023 16:31:02] "GET /api/stream/active/192.168.2.2:1935/200 HTTP/1.1" 200 -
INFO:main:8.75
INFO:main:14.89
INFO:main:14.83
INFO:main:14.45
INFO:main:14.17
INFO:main:14.18
INFO:main:14.10
INFO:main:13.96
INFO:main:13.99
INFO:main:13.97
INFO:main:14.23
INFO:main:14.21
INFO:main:14.19
INFO:main:14.07
INFO:main:14.19
INFO:main:14.00
INFO:main:13.89
INFO:main:13.94
INFO:main:13.88
INFO:main:13.95
INFO:main:14.36
INFO:main:9.90
INFO:main:7.84
INFO:main:13.29
INFO:main:15.11
INFO:main:15.18
INFO:main:15.34
INFO:main:15.42
INFO:main:15.68
INFO:main:15.88
INFO:main:16.34
INFO:main:15.44
INFO:main:15.62
INFO:main:16.41
INFO:main:16.65
INFO:main:16.70
INFO:main:15.23
INFO:main:15.28
INFO:main:14.62
INFO:main:14.02
INFO:main:13.65
INFO:main:13.97
INFO:main:14.22
INFO:main:14.41
INFO:main:14.10
INFO:main:13.69
INFO:main:13.49
INFO:main:13.71
INFO:main:13.62
INFO:main:13.86
INFO:main:14.03
INFO:main:15.04
INFO:main:14.46
INFO:main:13.90
INFO:main:14.04
INFO:main:14.25
INFO:main:14.08
INFO:main:14.25
INFO:main:14.13
INFO:main:14.54
INFO:main:15.01
INFO:main:15.82
INFO:main:17.40
INFO:main:17.94
INFO:main:17.10
INFO:main:15.88
INFO:main:15.75
INFO:main:15.90
INFO:main:16.28
INFO:main:16.35
INFO:main:16.23
INFO:main:15.93
INFO:main:16.34
INFO:main:16.22
INFO:main:16.28
INFO:main:16.22
INFO:main:16.29
INFO:main:16.26
INFO:main:16.25
INFO:main:15.96
INFO:main:16.00
INFO:main:16.14
INFO:main:16.36
INFO:main:16.28
INFO:main:16.18
