INFO:werkzeug:[31m[1mWARNING: This is a development server. Do not use it in a production deployment. Use a production WSGI server instead.[0m
 * Running on all addresses (0.0.0.0)
 * Running on http://127.0.0.1:8080
 * Running on http://10.244.1.179:8080
INFO:werkzeug:[33mPress CTRL+C to quit[0m
INFO:werkzeug:127.0.0.1 - - [06/Aug/2023 15:07:42] "GET /api/stream/active/192.168.2.2:1935/200 HTTP/1.1" 200 -
INFO:main:8.61
INFO:main:13.81
INFO:main:13.55
INFO:main:13.41
INFO:main:13.23
INFO:main:13.34
INFO:main:13.53
INFO:main:13.55
INFO:main:13.58
INFO:main:13.81
INFO:main:13.68
INFO:main:13.81
INFO:main:13.69
INFO:main:13.74
INFO:main:13.74
INFO:main:13.94
INFO:main:13.70
INFO:main:13.48
INFO:main:13.71
INFO:main:13.74
INFO:main:13.98
INFO:main:13.97
INFO:main:10.20
INFO:main:5.00
INFO:main:5.19
INFO:main:4.93
INFO:main:4.40
INFO:main:5.72
INFO:main:11.53
INFO:main:10.03
INFO:main:10.47
INFO:main:8.26
INFO:main:11.88
INFO:main:9.64
INFO:main:13.94
INFO:main:12.37
INFO:main:5.15
INFO:main:4.72
INFO:main:4.06
INFO:main:5.93
INFO:main:6.65
INFO:main:8.43
INFO:main:7.48
INFO:main:8.23
INFO:main:6.96
INFO:main:9.64
INFO:main:6.06
INFO:main:9.61
INFO:main:11.25
INFO:main:14.12
INFO:main:8.93
INFO:main:6.34
INFO:main:4.85
INFO:main:5.87
INFO:main:5.94
INFO:main:5.14
INFO:main:6.67
INFO:main:3.95
INFO:main:7.14
INFO:main:5.83
INFO:main:4.71
INFO:main:7.47
INFO:main:4.84
INFO:main:5.57
INFO:main:1.78
INFO:main:4.94
INFO:main:6.67
INFO:main:6.39
INFO:main:5.93
INFO:main:3.64
INFO:main:2.71
INFO:main:0.98
INFO:main:1.81
INFO:main:2.47
INFO:main:0.66
INFO:main:0.62
INFO:main:0.49
INFO:main:0.70
INFO:main:0.49
INFO:main:1.21
