INFO:werkzeug:[31m[1mWARNING: This is a development server. Do not use it in a production deployment. Use a production WSGI server instead.[0m
 * Running on all addresses (0.0.0.0)
 * Running on http://127.0.0.1:8080
 * Running on http://10.244.1.253:8080
INFO:werkzeug:[33mPress CTRL+C to quit[0m
INFO:werkzeug:127.0.0.1 - - [06/Aug/2023 18:47:23] "GET /api/stream/active/192.168.2.2:1935/200 HTTP/1.1" 200 -
INFO:main:6.62
INFO:main:14.08
INFO:main:12.09
INFO:main:13.17
INFO:main:14.85
INFO:main:14.27
INFO:main:14.82
INFO:main:12.64
INFO:main:11.36
INFO:main:11.43
INFO:main:12.11
INFO:main:13.83
INFO:main:4.05
INFO:main:2.79
INFO:main:1.09
INFO:main:0.28
INFO:main:1.98
INFO:main:0.43
INFO:main:2.09
INFO:main:0.47
INFO:main:0.48
INFO:main:1.03
INFO:main:2.10
INFO:main:2.56
INFO:main:0.84
INFO:main:2.50
INFO:main:2.93
INFO:main:0.93
INFO:main:0.64
INFO:main:4.13
INFO:main:2.77
INFO:main:0.41
INFO:main:0.64
INFO:main:2.14
INFO:main:2.62
INFO:main:1.60
INFO:main:2.94
INFO:main:0.46
INFO:main:1.70
INFO:main:0.60
INFO:main:1.22
INFO:main:1.70
INFO:main:2.79
INFO:main:0.33
