INFO:werkzeug:[31m[1mWARNING: This is a development server. Do not use it in a production deployment. Use a production WSGI server instead.[0m
 * Running on all addresses (0.0.0.0)
 * Running on http://127.0.0.1:8080
 * Running on http://10.244.1.32:8080
INFO:werkzeug:[33mPress CTRL+C to quit[0m
INFO:werkzeug:127.0.0.1 - - [06/Aug/2023 19:55:53] "GET /api/stream/active/192.168.2.2:1935/200 HTTP/1.1" 200 -
INFO:main:5.91
INFO:main:14.38
INFO:main:13.67
INFO:main:11.92
INFO:main:11.25
INFO:main:11.36
INFO:main:11.84
INFO:main:11.19
INFO:main:11.22
INFO:main:12.05
INFO:main:12.69
INFO:main:11.04
INFO:main:11.10
INFO:main:11.86
INFO:main:12.17
INFO:main:12.17
INFO:main:9.92
INFO:main:4.73
INFO:main:7.43
INFO:main:8.86
INFO:main:10.65
INFO:main:9.83
INFO:main:12.91
INFO:main:8.18
INFO:main:10.53
INFO:main:10.99
INFO:main:5.76
INFO:main:2.53
INFO:main:3.06
INFO:main:2.40
INFO:main:3.04
INFO:main:2.96
INFO:main:3.76
INFO:main:4.04
INFO:main:4.96
INFO:main:3.65
INFO:main:3.08
INFO:main:2.95
INFO:main:4.74
INFO:main:10.66
INFO:main:5.58
INFO:main:5.83
INFO:main:10.34
INFO:main:10.53
INFO:main:6.12
INFO:main:3.86
INFO:main:5.07
INFO:main:6.37
INFO:main:5.02
INFO:main:1.35
INFO:main:1.45
INFO:main:2.59
INFO:main:2.50
INFO:main:2.57
INFO:main:2.88
INFO:main:2.64
INFO:main:3.35
INFO:main:5.68
INFO:main:4.12
INFO:main:3.59
INFO:main:2.64
INFO:main:2.88
INFO:main:3.65
INFO:main:3.89
INFO:main:2.88
INFO:main:3.07
INFO:main:5.57
INFO:main:3.91
INFO:main:4.77
INFO:main:3.90
INFO:main:6.66
INFO:main:5.67
INFO:main:3.32
INFO:main:5.41
INFO:main:2.81
INFO:main:3.50
INFO:main:2.75
