INFO:werkzeug:[31m[1mWARNING: This is a development server. Do not use it in a production deployment. Use a production WSGI server instead.[0m
 * Running on all addresses (0.0.0.0)
 * Running on http://127.0.0.1:8080
 * Running on http://10.244.1.183:8080
INFO:werkzeug:[33mPress CTRL+C to quit[0m
INFO:werkzeug:127.0.0.1 - - [06/Aug/2023 15:24:23] "GET /api/stream/active/192.168.2.2:1935/200 HTTP/1.1" 200 -
INFO:main:7.74
INFO:main:13.68
INFO:main:13.64
INFO:main:13.98
INFO:main:13.81
INFO:main:13.72
INFO:main:13.62
INFO:main:13.53
INFO:main:13.79
INFO:main:14.27
INFO:main:13.93
INFO:main:13.60
INFO:main:13.59
INFO:main:13.74
INFO:main:13.76
INFO:main:14.18
INFO:main:14.19
INFO:main:14.08
INFO:main:14.16
INFO:main:14.35
INFO:main:14.01
INFO:main:14.24
INFO:main:5.90
INFO:main:4.24
INFO:main:4.07
INFO:main:5.19
INFO:main:4.05
INFO:main:4.55
INFO:main:12.21
INFO:main:13.34
INFO:main:14.50
INFO:main:14.66
INFO:main:14.94
INFO:main:14.99
INFO:main:15.23
INFO:main:11.44
INFO:main:8.69
INFO:main:8.91
INFO:main:14.20
INFO:main:13.89
INFO:main:14.13
INFO:main:14.31
INFO:main:13.79
INFO:main:13.94
INFO:main:14.35
INFO:main:14.65
INFO:main:14.48
INFO:main:13.39
INFO:main:14.02
INFO:main:14.11
INFO:main:14.04
INFO:main:10.72
INFO:main:9.67
INFO:main:11.46
INFO:main:9.57
INFO:main:8.68
INFO:main:8.60
INFO:main:9.47
INFO:main:13.28
INFO:main:14.04
INFO:main:11.49
INFO:main:10.76
INFO:main:7.94
INFO:main:9.76
INFO:main:8.30
INFO:main:9.78
INFO:main:6.53
INFO:main:7.39
INFO:main:7.96
INFO:main:7.69
INFO:main:10.00
INFO:main:13.32
INFO:main:10.94
INFO:main:8.64
INFO:main:8.99
INFO:main:10.95
INFO:main:8.96
INFO:main:10.91
INFO:main:8.67
INFO:main:9.25
INFO:main:7.87
INFO:main:7.73
INFO:main:8.90
INFO:main:8.65
INFO:main:10.87
INFO:main:9.61
