INFO:werkzeug:[31m[1mWARNING: This is a development server. Do not use it in a production deployment. Use a production WSGI server instead.[0m
 * Running on all addresses (0.0.0.0)
 * Running on http://127.0.0.1:8080
 * Running on http://10.244.1.214:8080
INFO:werkzeug:[33mPress CTRL+C to quit[0m
INFO:werkzeug:127.0.0.1 - - [06/Aug/2023 17:21:49] "GET /api/stream/active/192.168.2.2:1935/200 HTTP/1.1" 200 -
INFO:main:8.76
INFO:main:13.83
INFO:main:13.40
INFO:main:14.45
INFO:main:12.77
INFO:main:10.98
INFO:main:11.11
INFO:main:11.59
INFO:main:11.53
INFO:main:11.03
INFO:main:11.24
INFO:main:11.85
INFO:main:12.14
INFO:main:11.35
INFO:main:11.28
INFO:main:12.22
INFO:main:14.15
INFO:main:11.12
INFO:main:11.32
INFO:main:11.21
INFO:main:11.11
INFO:main:12.96
INFO:main:14.36
INFO:main:14.71
INFO:main:14.60
INFO:main:7.26
INFO:main:3.61
INFO:main:4.12
INFO:main:3.64
INFO:main:3.42
INFO:main:3.47
INFO:main:3.41
INFO:main:6.73
INFO:main:9.73
INFO:main:8.58
INFO:main:8.59
INFO:main:6.57
INFO:main:9.08
INFO:main:6.25
INFO:main:6.66
INFO:main:7.26
INFO:main:7.64
INFO:main:7.72
INFO:main:4.79
INFO:main:4.88
INFO:main:5.42
INFO:main:5.43
INFO:main:4.26
INFO:main:5.74
INFO:main:6.64
INFO:main:7.86
INFO:main:4.09
INFO:main:8.64
INFO:main:4.45
INFO:main:3.64
INFO:main:7.56
INFO:main:5.53
INFO:main:6.80
INFO:main:1.82
INFO:main:3.50
INFO:main:8.22
INFO:main:9.96
INFO:main:7.81
INFO:main:4.00
INFO:main:3.92
INFO:main:4.98
INFO:main:5.72
INFO:main:8.58
INFO:main:9.69
INFO:main:10.18
INFO:main:7.32
INFO:main:5.93
INFO:main:3.78
INFO:main:1.94
INFO:main:4.45
INFO:main:4.80
INFO:main:4.44
INFO:main:3.83
INFO:main:1.29
INFO:main:2.60
INFO:main:2.91
INFO:main:2.49
INFO:main:1.92
INFO:main:2.58
INFO:main:3.42
INFO:main:4.88
