INFO:werkzeug:[31m[1mWARNING: This is a development server. Do not use it in a production deployment. Use a production WSGI server instead.[0m
 * Running on all addresses (0.0.0.0)
 * Running on http://127.0.0.1:8080
 * Running on http://10.244.1.102:8080
INFO:werkzeug:[33mPress CTRL+C to quit[0m
INFO:werkzeug:127.0.0.1 - - [06/Aug/2023 21:43:23] "GET /api/stream/active/192.168.2.2:1935/200 HTTP/1.1" 200 -
INFO:main:3.82
INFO:main:10.65
INFO:main:12.29
INFO:main:9.96
INFO:main:11.50
INFO:main:12.10
INFO:main:12.74
INFO:main:10.42
INFO:main:11.39
INFO:main:9.12
INFO:main:10.80
INFO:main:9.98
INFO:main:11.57
INFO:main:10.75
INFO:main:10.33
INFO:main:10.62
INFO:main:11.70
INFO:main:11.81
INFO:main:4.40
INFO:main:5.96
INFO:main:6.06
INFO:main:5.52
INFO:main:3.42
INFO:main:8.20
INFO:main:9.67
INFO:main:8.79
INFO:main:12.64
INFO:main:7.98
INFO:main:5.87
INFO:main:7.93
INFO:main:1.73
INFO:main:5.36
INFO:main:1.56
INFO:main:5.32
INFO:main:1.21
INFO:main:1.27
INFO:main:1.51
INFO:main:1.58
INFO:main:1.62
INFO:main:0.94
INFO:main:1.59
INFO:main:1.55
INFO:main:1.49
INFO:main:1.76
INFO:main:1.89
INFO:main:2.47
INFO:main:1.87
INFO:main:1.97
INFO:main:1.40
INFO:main:1.40
INFO:main:1.16
INFO:main:1.12
INFO:main:1.29
INFO:main:1.25
INFO:main:1.53
INFO:main:1.91
INFO:main:1.88
INFO:main:1.52
INFO:main:1.45
INFO:main:1.01
INFO:main:0.87
INFO:main:0.99
INFO:main:1.10
INFO:main:1.92
INFO:main:2.22
INFO:main:1.45
INFO:main:3.64
INFO:main:2.83
INFO:main:2.84
INFO:main:4.02
