INFO:werkzeug:[31m[1mWARNING: This is a development server. Do not use it in a production deployment. Use a production WSGI server instead.[0m
 * Running on all addresses (0.0.0.0)
 * Running on http://127.0.0.1:8080
 * Running on http://10.244.1.221:8080
INFO:werkzeug:[33mPress CTRL+C to quit[0m
INFO:werkzeug:127.0.0.1 - - [07/Aug/2023 00:04:50] "GET /api/stream/active/192.168.2.2:1935/200 HTTP/1.1" 200 -
INFO:main:8.60
INFO:main:13.13
INFO:main:10.99
INFO:main:11.29
INFO:main:12.74
INFO:main:10.68
INFO:main:9.58
INFO:main:9.73
INFO:main:9.91
INFO:main:9.66
INFO:main:9.66
INFO:main:9.96
INFO:main:9.05
INFO:main:9.40
INFO:main:9.47
INFO:main:9.34
INFO:main:9.51
INFO:main:2.37
INFO:main:3.29
INFO:main:3.52
INFO:main:3.31
INFO:main:7.07
INFO:main:3.27
INFO:main:4.81
INFO:main:3.62
INFO:main:1.98
INFO:main:1.77
INFO:main:0.91
INFO:main:1.00
INFO:main:2.88
INFO:main:0.88
INFO:main:1.68
INFO:main:1.92
INFO:main:2.06
INFO:main:1.29
INFO:main:2.19
INFO:main:2.87
INFO:main:1.07
INFO:main:2.14
INFO:main:2.44
INFO:main:0.96
INFO:main:1.97
INFO:main:1.54
INFO:main:3.68
INFO:main:1.51
INFO:main:2.79
INFO:main:4.71
INFO:main:2.87
INFO:main:1.16
INFO:main:2.48
INFO:main:2.81
INFO:main:1.70
INFO:main:1.24
INFO:main:1.95
INFO:main:1.71
INFO:main:2.44
INFO:main:1.77
INFO:main:2.82
INFO:main:1.96
INFO:main:1.45
INFO:main:1.18
INFO:main:1.41
