INFO:werkzeug:[31m[1mWARNING: This is a development server. Do not use it in a production deployment. Use a production WSGI server instead.[0m
 * Running on all addresses (0.0.0.0)
 * Running on http://127.0.0.1:8080
 * Running on http://10.244.1.80:8080
INFO:werkzeug:[33mPress CTRL+C to quit[0m
INFO:werkzeug:127.0.0.1 - - [06/Aug/2023 21:08:17] "GET /api/stream/active/192.168.2.2:1935/200 HTTP/1.1" 200 -
INFO:main:4.92
INFO:main:13.60
INFO:main:11.74
INFO:main:11.50
INFO:main:12.24
INFO:main:12.64
INFO:main:10.04
INFO:main:9.96
INFO:main:14.08
INFO:main:5.93
INFO:main:6.38
INFO:main:1.82
INFO:main:4.25
INFO:main:4.97
INFO:main:1.80
INFO:main:3.99
INFO:main:4.59
INFO:main:1.60
INFO:main:3.06
INFO:main:2.70
INFO:main:1.73
INFO:main:2.74
INFO:main:2.68
INFO:main:2.43
INFO:main:1.95
INFO:main:1.91
INFO:main:1.76
INFO:main:1.74
INFO:main:2.48
INFO:main:1.73
INFO:main:2.93
INFO:main:1.71
INFO:main:1.67
INFO:main:1.49
INFO:main:2.34
INFO:main:1.96
INFO:main:2.10
INFO:main:1.86
INFO:main:1.91
INFO:main:1.53
INFO:main:1.95
INFO:main:0.81
INFO:main:0.99
INFO:main:0.86
INFO:main:0.86
INFO:main:0.92
INFO:main:0.85
INFO:main:0.93
INFO:main:0.93
INFO:main:0.87
INFO:main:1.07
INFO:main:1.11
INFO:main:1.15
INFO:main:0.92
INFO:main:0.97
INFO:main:0.99
INFO:main:0.68
INFO:main:0.81
INFO:main:0.96
INFO:main:0.83
INFO:main:0.81
