INFO:werkzeug:[31m[1mWARNING: This is a development server. Do not use it in a production deployment. Use a production WSGI server instead.[0m
 * Running on all addresses (0.0.0.0)
 * Running on http://127.0.0.1:8080
 * Running on http://10.244.1.187:8080
INFO:werkzeug:[33mPress CTRL+C to quit[0m
INFO:werkzeug:127.0.0.1 - - [06/Aug/2023 15:41:16] "GET /api/stream/active/192.168.2.2:1935/200 HTTP/1.1" 200 -
INFO:main:8.75
INFO:main:14.08
INFO:main:14.37
INFO:main:14.25
INFO:main:14.46
INFO:main:14.07
INFO:main:14.07
INFO:main:14.03
INFO:main:14.03
INFO:main:13.99
INFO:main:13.92
INFO:main:13.85
INFO:main:13.77
INFO:main:13.85
INFO:main:13.51
INFO:main:13.64
INFO:main:13.57
INFO:main:13.65
INFO:main:13.42
INFO:main:13.63
INFO:main:13.78
INFO:main:6.76
INFO:main:3.91
INFO:main:3.68
INFO:main:3.72
INFO:main:5.62
INFO:main:3.70
INFO:main:10.36
INFO:main:9.45
INFO:main:9.91
INFO:main:12.37
INFO:main:14.30
INFO:main:14.95
INFO:main:14.70
INFO:main:14.50
INFO:main:5.41
INFO:main:6.06
INFO:main:6.95
INFO:main:7.99
INFO:main:8.72
INFO:main:9.74
INFO:main:9.31
INFO:main:9.54
INFO:main:11.23
INFO:main:10.49
INFO:main:10.47
INFO:main:10.85
INFO:main:10.60
INFO:main:6.93
INFO:main:10.44
INFO:main:9.97
INFO:main:11.95
INFO:main:11.49
INFO:main:10.64
INFO:main:9.87
INFO:main:12.35
INFO:main:11.68
INFO:main:12.90
INFO:main:12.51
INFO:main:8.88
INFO:main:13.06
INFO:main:13.71
INFO:main:14.27
INFO:main:14.51
INFO:main:14.46
INFO:main:14.26
INFO:main:13.79
INFO:main:13.55
INFO:main:13.70
INFO:main:13.66
INFO:main:13.61
INFO:main:13.72
INFO:main:13.96
INFO:main:13.77
INFO:main:13.56
INFO:main:13.61
INFO:main:13.61
INFO:main:13.87
INFO:main:14.13
INFO:main:13.99
INFO:main:13.69
INFO:main:13.74
INFO:main:13.90
INFO:main:14.04
INFO:main:14.05
INFO:main:14.19
INFO:main:14.24
INFO:main:14.49
