INFO:werkzeug:[31m[1mWARNING: This is a development server. Do not use it in a production deployment. Use a production WSGI server instead.[0m
 * Running on all addresses (0.0.0.0)
 * Running on http://127.0.0.1:8080
 * Running on http://10.244.1.16:8080
INFO:werkzeug:[33mPress CTRL+C to quit[0m
INFO:werkzeug:127.0.0.1 - - [06/Aug/2023 19:21:35] "GET /api/stream/active/192.168.2.2:1935/200 HTTP/1.1" 200 -
INFO:main:4.76
INFO:main:10.75
INFO:main:10.67
INFO:main:11.35
INFO:main:11.63
INFO:main:10.90
INFO:main:11.11
INFO:main:11.26
INFO:main:11.19
INFO:main:11.20
INFO:main:13.51
INFO:main:14.50
INFO:main:14.22
INFO:main:14.21
INFO:main:14.23
INFO:main:13.76
INFO:main:12.51
INFO:main:11.91
INFO:main:11.09
INFO:main:11.99
INFO:main:7.38
INFO:main:6.66
INFO:main:10.67
INFO:main:11.71
INFO:main:12.78
INFO:main:5.88
INFO:main:4.23
INFO:main:3.85
INFO:main:4.37
INFO:main:4.04
INFO:main:5.40
INFO:main:5.61
INFO:main:6.55
INFO:main:11.86
INFO:main:13.46
INFO:main:11.92
INFO:main:9.60
INFO:main:13.07
INFO:main:14.03
INFO:main:11.99
INFO:main:6.44
INFO:main:4.33
INFO:main:5.83
INFO:main:7.58
INFO:main:7.51
INFO:main:9.95
INFO:main:8.45
INFO:main:7.98
INFO:main:7.83
INFO:main:7.12
INFO:main:6.93
INFO:main:10.32
INFO:main:10.73
INFO:main:8.12
INFO:main:7.90
INFO:main:5.20
INFO:main:8.91
INFO:main:9.41
INFO:main:9.81
INFO:main:9.88
INFO:main:7.82
INFO:main:11.34
INFO:main:7.95
INFO:main:12.41
INFO:main:13.87
INFO:main:12.23
INFO:main:13.99
INFO:main:10.83
INFO:main:12.00
INFO:main:13.46
INFO:main:13.25
INFO:main:6.71
INFO:main:10.86
INFO:main:9.53
INFO:main:11.45
INFO:main:11.76
INFO:main:8.27
INFO:main:8.24
INFO:main:9.55
INFO:main:10.24
INFO:main:7.75
INFO:main:6.65
INFO:main:7.97
