INFO:werkzeug:[31m[1mWARNING: This is a development server. Do not use it in a production deployment. Use a production WSGI server instead.[0m
 * Running on all addresses (0.0.0.0)
 * Running on http://127.0.0.1:8080
 * Running on http://10.244.1.238:8080
INFO:werkzeug:[33mPress CTRL+C to quit[0m
INFO:werkzeug:127.0.0.1 - - [06/Aug/2023 18:13:20] "GET /api/stream/active/192.168.2.2:1935/200 HTTP/1.1" 200 -
INFO:main:5.76
INFO:main:14.78
INFO:main:14.32
INFO:main:14.94
INFO:main:14.83
INFO:main:12.09
INFO:main:12.63
INFO:main:14.99
INFO:main:14.72
INFO:main:14.89
INFO:main:14.79
INFO:main:14.85
INFO:main:14.37
INFO:main:12.22
INFO:main:13.50
INFO:main:13.17
INFO:main:14.94
INFO:main:13.80
INFO:main:14.06
INFO:main:11.55
INFO:main:13.20
INFO:main:13.26
INFO:main:12.98
INFO:main:12.49
INFO:main:9.46
INFO:main:5.32
INFO:main:4.03
INFO:main:3.23
INFO:main:4.39
INFO:main:3.73
INFO:main:3.92
INFO:main:6.46
INFO:main:12.87
INFO:main:6.15
INFO:main:9.60
INFO:main:5.63
INFO:main:3.29
INFO:main:8.72
INFO:main:6.92
INFO:main:8.32
INFO:main:3.53
INFO:main:4.61
INFO:main:4.43
INFO:main:4.95
INFO:main:4.30
INFO:main:2.00
INFO:main:2.39
INFO:main:3.34
INFO:main:2.81
INFO:main:2.83
INFO:main:1.81
INFO:main:5.38
INFO:main:6.71
INFO:main:9.52
INFO:main:10.97
INFO:main:5.49
INFO:main:6.75
INFO:main:4.87
INFO:main:2.86
INFO:main:2.59
INFO:main:3.88
INFO:main:5.64
INFO:main:4.98
INFO:main:4.34
INFO:main:2.61
INFO:main:1.71
INFO:main:3.51
INFO:main:3.18
INFO:main:3.07
INFO:main:0.97
INFO:main:1.50
INFO:main:1.74
