INFO:werkzeug:[31m[1mWARNING: This is a development server. Do not use it in a production deployment. Use a production WSGI server instead.[0m
 * Running on all addresses (0.0.0.0)
 * Running on http://127.0.0.1:8080
 * Running on http://10.244.1.66:8080
INFO:werkzeug:[33mPress CTRL+C to quit[0m
INFO:werkzeug:127.0.0.1 - - [07/Aug/2023 01:52:28] "GET /api/stream/active/192.168.2.2:1935/200 HTTP/1.1" 200 -
INFO:main:7.80
INFO:main:10.75
INFO:main:11.45
INFO:main:8.67
INFO:main:9.56
INFO:main:9.81
INFO:main:9.93
INFO:main:9.95
INFO:main:9.97
INFO:main:10.02
INFO:main:9.84
INFO:main:9.47
INFO:main:9.58
INFO:main:9.37
INFO:main:9.11
INFO:main:9.74
INFO:main:9.95
INFO:main:9.91
INFO:main:4.98
INFO:main:1.34
INFO:main:3.81
INFO:main:5.64
INFO:main:7.54
INFO:main:7.41
INFO:main:6.83
INFO:main:4.74
INFO:main:2.42
INFO:main:2.72
INFO:main:4.22
INFO:main:2.95
INFO:main:4.47
INFO:main:5.72
INFO:main:3.74
INFO:main:2.29
INFO:main:3.00
INFO:main:5.76
INFO:main:6.25
INFO:main:6.61
INFO:main:2.34
INFO:main:3.42
INFO:main:3.91
INFO:main:6.04
INFO:main:2.59
INFO:main:1.79
INFO:main:1.37
INFO:main:2.54
INFO:main:2.36
INFO:main:1.58
INFO:main:1.93
INFO:main:1.69
INFO:main:1.56
INFO:main:1.89
INFO:main:1.83
INFO:main:1.39
INFO:main:2.20
INFO:main:2.73
INFO:main:2.33
INFO:main:2.33
INFO:main:2.97
INFO:main:2.89
INFO:main:2.66
INFO:main:2.94
INFO:main:3.01
INFO:main:2.88
INFO:main:3.24
INFO:main:1.95
INFO:main:1.39
INFO:main:1.56
