INFO:werkzeug:[31m[1mWARNING: This is a development server. Do not use it in a production deployment. Use a production WSGI server instead.[0m
 * Running on all addresses (0.0.0.0)
 * Running on http://127.0.0.1:8080
 * Running on http://10.244.1.31:8080
INFO:werkzeug:[33mPress CTRL+C to quit[0m
INFO:werkzeug:127.0.0.1 - - [07/Aug/2023 01:16:43] "GET /api/stream/active/192.168.2.2:1935/200 HTTP/1.1" 200 -
INFO:main:3.71
INFO:main:8.85
INFO:main:8.97
INFO:main:9.80
INFO:main:9.74
INFO:main:9.79
INFO:main:9.91
INFO:main:9.82
INFO:main:9.95
INFO:main:9.45
INFO:main:9.98
INFO:main:9.78
INFO:main:9.76
INFO:main:9.94
INFO:main:8.65
INFO:main:9.58
INFO:main:8.71
INFO:main:8.99
INFO:main:12.70
INFO:main:3.71
INFO:main:2.17
INFO:main:1.43
INFO:main:4.13
INFO:main:1.08
INFO:main:1.05
INFO:main:1.00
INFO:main:0.86
INFO:main:4.30
INFO:main:0.96
INFO:main:1.78
INFO:main:2.02
INFO:main:1.07
INFO:main:0.55
INFO:main:1.66
INFO:main:1.54
INFO:main:1.58
INFO:main:1.58
INFO:main:2.80
INFO:main:3.18
INFO:main:0.44
INFO:main:0.53
INFO:main:0.76
INFO:main:1.26
INFO:main:0.81
INFO:main:0.58
INFO:main:0.46
INFO:main:0.66
INFO:main:1.00
INFO:main:0.66
INFO:main:0.73
INFO:main:1.84
INFO:main:5.33
INFO:main:1.31
INFO:main:0.71
INFO:main:2.67
