INFO:werkzeug:[31m[1mWARNING: This is a development server. Do not use it in a production deployment. Use a production WSGI server instead.[0m
 * Running on all addresses (0.0.0.0)
 * Running on http://127.0.0.1:8080
 * Running on http://10.244.1.213:8080
INFO:werkzeug:[33mPress CTRL+C to quit[0m
INFO:werkzeug:127.0.0.1 - - [06/Aug/2023 17:21:49] "GET /api/stream/active/192.168.2.2:1935/200 HTTP/1.1" 200 -
INFO:main:5.83
INFO:main:14.41
INFO:main:13.99
INFO:main:11.83
INFO:main:10.85
INFO:main:11.07
INFO:main:11.94
INFO:main:11.23
INFO:main:11.00
INFO:main:11.42
INFO:main:11.98
INFO:main:11.91
INFO:main:11.33
INFO:main:11.28
INFO:main:13.17
INFO:main:14.17
INFO:main:11.05
INFO:main:11.47
INFO:main:11.14
INFO:main:11.12
INFO:main:13.81
INFO:main:14.63
INFO:main:14.79
INFO:main:14.54
INFO:main:10.74
INFO:main:4.13
INFO:main:3.53
INFO:main:3.78
INFO:main:4.70
INFO:main:3.67
INFO:main:3.99
INFO:main:5.49
INFO:main:10.29
INFO:main:8.34
INFO:main:9.46
INFO:main:8.62
INFO:main:10.75
INFO:main:12.37
INFO:main:8.68
INFO:main:10.89
INFO:main:7.33
INFO:main:5.34
INFO:main:4.88
INFO:main:3.80
INFO:main:3.69
INFO:main:3.71
INFO:main:6.89
INFO:main:5.73
INFO:main:6.54
INFO:main:7.94
INFO:main:6.70
INFO:main:5.96
INFO:main:7.87
INFO:main:8.83
INFO:main:10.80
INFO:main:9.14
INFO:main:10.94
INFO:main:6.97
INFO:main:7.96
INFO:main:3.59
INFO:main:4.91
INFO:main:5.86
INFO:main:6.20
INFO:main:10.50
INFO:main:8.90
INFO:main:7.74
INFO:main:8.97
INFO:main:7.48
INFO:main:5.76
INFO:main:4.90
INFO:main:5.88
INFO:main:5.88
INFO:main:6.81
INFO:main:5.38
INFO:main:4.17
INFO:main:5.61
INFO:main:4.70
INFO:main:2.99
INFO:main:2.94
INFO:main:3.18
INFO:main:1.93
INFO:main:2.53
INFO:main:1.61
INFO:main:1.60
INFO:main:2.30
INFO:main:1.73
INFO:main:2.65
INFO:main:3.78
INFO:main:7.46
