INFO:werkzeug:[31m[1mWARNING: This is a development server. Do not use it in a production deployment. Use a production WSGI server instead.[0m
 * Running on all addresses (0.0.0.0)
 * Running on http://127.0.0.1:8080
 * Running on http://10.244.1.42:8080
INFO:werkzeug:[33mPress CTRL+C to quit[0m
INFO:werkzeug:127.0.0.1 - - [06/Aug/2023 20:13:10] "GET /api/stream/active/192.168.2.2:1935/200 HTTP/1.1" 200 -
INFO:main:8.78
INFO:main:14.55
INFO:main:14.43
INFO:main:14.04
INFO:main:13.26
INFO:main:11.83
INFO:main:11.63
INFO:main:12.41
INFO:main:13.27
INFO:main:12.02
INFO:main:10.40
INFO:main:12.26
INFO:main:12.52
INFO:main:11.93
INFO:main:10.54
INFO:main:10.12
INFO:main:10.84
INFO:main:10.36
INFO:main:9.31
INFO:main:10.08
INFO:main:10.53
INFO:main:11.14
INFO:main:11.96
INFO:main:11.77
INFO:main:6.14
INFO:main:0.77
INFO:main:2.87
INFO:main:4.91
INFO:main:2.63
INFO:main:2.93
INFO:main:3.60
INFO:main:3.59
INFO:main:3.23
INFO:main:1.25
INFO:main:3.47
INFO:main:1.83
INFO:main:6.92
INFO:main:2.74
INFO:main:5.48
INFO:main:2.80
INFO:main:4.67
INFO:main:2.21
INFO:main:3.37
INFO:main:4.96
INFO:main:3.45
INFO:main:2.29
INFO:main:3.29
INFO:main:2.22
INFO:main:8.29
INFO:main:3.86
INFO:main:1.66
INFO:main:2.73
INFO:main:2.00
INFO:main:1.24
INFO:main:3.29
INFO:main:2.91
INFO:main:1.53
INFO:main:1.84
INFO:main:1.45
INFO:main:2.79
INFO:main:1.84
INFO:main:2.30
INFO:main:2.40
INFO:main:2.54
INFO:main:2.59
INFO:main:2.85
INFO:main:2.69
INFO:main:2.53
INFO:main:1.90
INFO:main:2.07
INFO:main:2.02
INFO:main:3.72
INFO:main:2.30
INFO:main:2.10
INFO:main:2.80
