INFO:werkzeug:[31m[1mWARNING: This is a development server. Do not use it in a production deployment. Use a production WSGI server instead.[0m
 * Running on all addresses (0.0.0.0)
 * Running on http://127.0.0.1:8080
 * Running on http://10.244.1.237:8080
INFO:werkzeug:[33mPress CTRL+C to quit[0m
INFO:werkzeug:127.0.0.1 - - [06/Aug/2023 18:13:20] "GET /api/stream/active/192.168.2.2:1935/200 HTTP/1.1" 200 -
INFO:main:7.99
INFO:main:14.39
INFO:main:14.31
INFO:main:14.99
INFO:main:14.89
INFO:main:14.46
INFO:main:11.65
INFO:main:13.42
INFO:main:14.78
INFO:main:14.92
INFO:main:14.71
INFO:main:14.81
INFO:main:15.19
INFO:main:13.88
INFO:main:12.18
INFO:main:8.63
INFO:main:7.86
INFO:main:9.90
INFO:main:11.78
INFO:main:11.80
INFO:main:11.73
INFO:main:9.86
INFO:main:6.60
INFO:main:7.64
INFO:main:7.53
INFO:main:10.58
INFO:main:5.23
INFO:main:2.17
INFO:main:3.30
INFO:main:3.80
INFO:main:3.44
INFO:main:3.44
INFO:main:2.86
INFO:main:3.25
INFO:main:2.46
INFO:main:8.81
INFO:main:3.82
INFO:main:9.20
INFO:main:4.93
INFO:main:5.99
INFO:main:4.93
INFO:main:4.75
INFO:main:2.09
INFO:main:5.63
INFO:main:4.75
INFO:main:5.78
INFO:main:4.32
INFO:main:4.42
INFO:main:7.32
INFO:main:5.81
INFO:main:3.65
INFO:main:1.97
INFO:main:2.26
INFO:main:3.72
INFO:main:4.12
INFO:main:4.66
INFO:main:1.60
INFO:main:2.44
INFO:main:2.17
INFO:main:4.47
INFO:main:2.17
INFO:main:3.75
INFO:main:4.00
INFO:main:8.00
INFO:main:4.46
INFO:main:3.92
INFO:main:1.88
INFO:main:2.34
INFO:main:4.35
INFO:main:2.81
INFO:main:3.37
INFO:main:3.91
INFO:main:1.61
INFO:main:2.53
