INFO:werkzeug:[31m[1mWARNING: This is a development server. Do not use it in a production deployment. Use a production WSGI server instead.[0m
 * Running on all addresses (0.0.0.0)
 * Running on http://127.0.0.1:8080
 * Running on http://10.244.1.191:8080
INFO:werkzeug:[33mPress CTRL+C to quit[0m
INFO:werkzeug:127.0.0.1 - - [06/Aug/2023 15:57:47] "GET /api/stream/active/192.168.2.2:1935/200 HTTP/1.1" 200 -
INFO:main:8.68
INFO:main:14.28
INFO:main:14.19
INFO:main:14.08
INFO:main:14.06
INFO:main:14.27
INFO:main:14.18
INFO:main:14.19
INFO:main:13.98
INFO:main:14.38
INFO:main:14.38
INFO:main:14.67
INFO:main:14.18
INFO:main:13.92
INFO:main:13.85
INFO:main:13.63
INFO:main:13.87
INFO:main:13.89
INFO:main:13.65
INFO:main:13.67
INFO:main:13.92
INFO:main:13.95
INFO:main:13.94
INFO:main:13.67
INFO:main:14.35
INFO:main:4.94
INFO:main:2.45
INFO:main:1.88
INFO:main:1.76
INFO:main:2.73
INFO:main:5.43
INFO:main:3.00
INFO:main:4.08
INFO:main:1.68
INFO:main:2.86
INFO:main:2.44
INFO:main:1.64
INFO:main:3.98
INFO:main:0.93
INFO:main:0.81
INFO:main:0.81
INFO:main:1.80
INFO:main:0.84
INFO:main:1.67
INFO:main:0.81
INFO:main:0.87
INFO:main:3.89
INFO:main:3.75
INFO:main:1.98
INFO:main:1.78
INFO:main:4.84
INFO:main:0.84
INFO:main:2.81
INFO:main:2.32
INFO:main:0.84
INFO:main:5.81
INFO:main:3.20
INFO:main:4.58
INFO:main:3.97
INFO:main:7.51
INFO:main:4.28
INFO:main:2.33
INFO:main:1.63
INFO:main:1.66
INFO:main:2.93
INFO:main:2.00
INFO:main:1.80
INFO:main:1.81
INFO:main:2.92
INFO:main:1.53
INFO:main:0.93
INFO:main:0.70
INFO:main:4.31
INFO:main:1.45
INFO:main:2.00
INFO:main:2.79
INFO:main:2.63
INFO:main:1.24
INFO:main:1.24
INFO:main:0.72
INFO:main:0.67
INFO:main:0.55
INFO:main:1.31
INFO:main:0.62
INFO:main:0.77
INFO:main:0.73
