INFO:werkzeug:[31m[1mWARNING: This is a development server. Do not use it in a production deployment. Use a production WSGI server instead.[0m
 * Running on all addresses (0.0.0.0)
 * Running on http://127.0.0.1:8080
 * Running on http://10.244.1.229:8080
INFO:werkzeug:[33mPress CTRL+C to quit[0m
INFO:werkzeug:127.0.0.1 - - [06/Aug/2023 17:56:27] "GET /api/stream/active/192.168.2.2:1935/200 HTTP/1.1" 200 -
INFO:main:8.88
INFO:main:14.78
INFO:main:14.65
INFO:main:14.50
INFO:main:14.21
INFO:main:13.48
INFO:main:13.59
INFO:main:11.99
INFO:main:13.00
INFO:main:12.54
INFO:main:12.61
INFO:main:13.16
INFO:main:13.06
INFO:main:14.10
INFO:main:13.88
INFO:main:11.21
INFO:main:12.97
INFO:main:14.41
INFO:main:11.93
INFO:main:14.55
INFO:main:13.85
INFO:main:14.26
INFO:main:10.43
INFO:main:2.75
INFO:main:1.86
INFO:main:1.18
INFO:main:2.79
INFO:main:1.62
INFO:main:5.83
INFO:main:6.99
INFO:main:5.50
INFO:main:6.66
INFO:main:5.96
INFO:main:4.68
INFO:main:4.03
INFO:main:3.25
INFO:main:4.87
INFO:main:3.69
INFO:main:4.67
INFO:main:6.68
INFO:main:6.91
INFO:main:4.65
INFO:main:6.78
INFO:main:7.34
INFO:main:5.72
INFO:main:3.44
INFO:main:2.99
INFO:main:2.02
INFO:main:2.58
INFO:main:2.94
INFO:main:2.39
INFO:main:2.09
INFO:main:1.93
INFO:main:1.63
INFO:main:2.08
INFO:main:2.59
INFO:main:4.75
INFO:main:8.75
INFO:main:5.50
INFO:main:3.93
INFO:main:3.48
INFO:main:3.65
INFO:main:2.72
INFO:main:2.52
INFO:main:1.98
INFO:main:2.78
INFO:main:2.53
INFO:main:3.17
INFO:main:2.02
INFO:main:5.64
INFO:main:1.94
INFO:main:3.48
INFO:main:2.53
INFO:main:4.36
INFO:main:4.94
INFO:main:3.19
INFO:main:3.41
INFO:main:2.80
