INFO:werkzeug:[31m[1mWARNING: This is a development server. Do not use it in a production deployment. Use a production WSGI server instead.[0m
 * Running on all addresses (0.0.0.0)
 * Running on http://127.0.0.1:8080
 * Running on http://10.244.1.160:8080
INFO:werkzeug:[33mPress CTRL+C to quit[0m
INFO:werkzeug:127.0.0.1 - - [06/Aug/2023 22:52:37] "GET /api/stream/active/192.168.2.2:1935/200 HTTP/1.1" 200 -
INFO:main:6.54
INFO:main:12.81
INFO:main:10.52
INFO:main:11.55
INFO:main:12.49
INFO:main:11.97
INFO:main:9.74
INFO:main:10.67
INFO:main:9.93
INFO:main:10.04
INFO:main:10.42
INFO:main:10.65
INFO:main:11.24
INFO:main:12.05
INFO:main:11.86
INFO:main:11.33
INFO:main:12.75
INFO:main:10.43
INFO:main:9.59
INFO:main:10.49
INFO:main:10.54
INFO:main:10.36
INFO:main:12.23
INFO:main:12.49
INFO:main:11.81
INFO:main:11.89
INFO:main:10.92
INFO:main:8.85
INFO:main:3.46
INFO:main:2.88
INFO:main:2.75
INFO:main:2.90
INFO:main:2.96
INFO:main:3.10
INFO:main:2.53
INFO:main:1.57
INFO:main:2.46
INFO:main:3.50
INFO:main:7.53
INFO:main:5.53
INFO:main:7.82
INFO:main:4.59
INFO:main:4.52
INFO:main:3.80
INFO:main:4.69
INFO:main:2.16
INFO:main:5.05
INFO:main:2.83
INFO:main:3.81
INFO:main:6.15
INFO:main:6.53
INFO:main:5.60
INFO:main:5.97
INFO:main:4.60
INFO:main:1.64
INFO:main:1.87
INFO:main:3.68
INFO:main:1.96
INFO:main:1.11
INFO:main:1.47
INFO:main:1.45
INFO:main:1.29
INFO:main:1.45
INFO:main:1.85
INFO:main:0.70
INFO:main:0.64
INFO:main:0.84
INFO:main:1.09
INFO:main:0.85
INFO:main:0.94
INFO:main:1.09
INFO:main:0.86
INFO:main:2.14
INFO:main:1.60
INFO:main:2.47
INFO:main:2.82
INFO:main:1.94
