INFO:werkzeug:[31m[1mWARNING: This is a development server. Do not use it in a production deployment. Use a production WSGI server instead.[0m
 * Running on all addresses (0.0.0.0)
 * Running on http://127.0.0.1:8080
 * Running on http://10.244.1.158:8080
INFO:werkzeug:[33mPress CTRL+C to quit[0m
INFO:werkzeug:127.0.0.1 - - [06/Aug/2023 22:52:37] "GET /api/stream/active/192.168.2.2:1935/200 HTTP/1.1" 200 -
INFO:main:2.92
INFO:main:11.63
INFO:main:11.69
INFO:main:12.41
INFO:main:12.22
INFO:main:8.98
INFO:main:10.43
INFO:main:9.95
INFO:main:9.18
INFO:main:11.28
INFO:main:10.72
INFO:main:10.97
INFO:main:12.03
INFO:main:11.19
INFO:main:11.61
INFO:main:12.91
INFO:main:9.69
INFO:main:8.89
INFO:main:10.58
INFO:main:11.31
INFO:main:9.58
INFO:main:11.82
INFO:main:12.24
INFO:main:12.00
INFO:main:11.91
INFO:main:10.83
INFO:main:13.70
INFO:main:2.85
INFO:main:2.59
INFO:main:2.41
INFO:main:2.16
INFO:main:2.18
INFO:main:2.18
INFO:main:1.87
INFO:main:2.84
INFO:main:2.61
INFO:main:2.92
INFO:main:2.55
INFO:main:2.88
INFO:main:4.71
INFO:main:5.91
INFO:main:8.76
INFO:main:5.84
INFO:main:4.72
INFO:main:4.90
INFO:main:10.44
INFO:main:7.88
INFO:main:3.33
INFO:main:3.83
INFO:main:6.20
INFO:main:7.76
INFO:main:3.94
INFO:main:1.64
INFO:main:1.99
INFO:main:1.94
INFO:main:1.95
INFO:main:2.50
INFO:main:1.94
INFO:main:1.96
INFO:main:2.30
INFO:main:2.49
INFO:main:2.31
INFO:main:1.72
INFO:main:1.80
INFO:main:2.39
INFO:main:1.51
INFO:main:0.99
INFO:main:1.43
INFO:main:1.36
INFO:main:1.16
INFO:main:0.39
INFO:main:2.51
INFO:main:0.86
INFO:main:4.46
INFO:main:1.20
INFO:main:0.70
INFO:main:1.69
