INFO:werkzeug:[31m[1mWARNING: This is a development server. Do not use it in a production deployment. Use a production WSGI server instead.[0m
 * Running on all addresses (0.0.0.0)
 * Running on http://127.0.0.1:8080
 * Running on http://10.244.1.92:8080
INFO:werkzeug:[33mPress CTRL+C to quit[0m
INFO:werkzeug:127.0.0.1 - - [06/Aug/2023 21:26:04] "GET /api/stream/active/192.168.2.2:1935/200 HTTP/1.1" 200 -
INFO:main:7.88
INFO:main:13.95
INFO:main:13.99
INFO:main:12.39
INFO:main:11.80
INFO:main:11.12
INFO:main:10.60
INFO:main:10.55
INFO:main:9.33
INFO:main:9.67
INFO:main:11.58
INFO:main:11.74
INFO:main:10.81
INFO:main:10.71
INFO:main:11.51
INFO:main:11.05
INFO:main:10.77
INFO:main:11.71
INFO:main:10.97
INFO:main:5.92
INFO:main:3.68
INFO:main:4.95
INFO:main:8.88
INFO:main:3.46
INFO:main:3.89
INFO:main:6.10
INFO:main:3.99
INFO:main:3.98
INFO:main:2.84
INFO:main:1.25
INFO:main:4.07
INFO:main:2.67
INFO:main:2.59
INFO:main:2.09
INFO:main:4.51
INFO:main:1.34
INFO:main:0.81
INFO:main:0.87
INFO:main:0.93
INFO:main:0.72
INFO:main:1.27
INFO:main:1.34
INFO:main:1.06
INFO:main:1.19
INFO:main:0.94
INFO:main:1.31
INFO:main:1.04
INFO:main:0.91
INFO:main:1.83
INFO:main:1.49
INFO:main:0.80
INFO:main:1.54
INFO:main:1.95
INFO:main:1.56
INFO:main:1.98
INFO:main:2.25
INFO:main:1.88
INFO:main:2.94
INFO:main:5.30
INFO:main:0.63
INFO:main:2.00
INFO:main:1.91
INFO:main:2.95
INFO:main:1.64
INFO:main:2.96
INFO:main:1.48
INFO:main:2.78
INFO:main:3.82
INFO:main:4.00
