INFO:werkzeug:[31m[1mWARNING: This is a development server. Do not use it in a production deployment. Use a production WSGI server instead.[0m
 * Running on all addresses (0.0.0.0)
 * Running on http://127.0.0.1:8080
 * Running on http://10.244.1.222:8080
INFO:werkzeug:[33mPress CTRL+C to quit[0m
INFO:werkzeug:127.0.0.1 - - [06/Aug/2023 17:39:10] "GET /api/stream/active/192.168.2.2:1935/200 HTTP/1.1" 200 -
INFO:main:5.87
INFO:main:12.93
INFO:main:10.78
INFO:main:10.84
INFO:main:10.82
INFO:main:10.75
INFO:main:11.37
INFO:main:12.26
INFO:main:11.46
INFO:main:11.45
INFO:main:11.62
INFO:main:10.89
INFO:main:10.60
INFO:main:10.82
INFO:main:11.66
INFO:main:10.94
INFO:main:10.64
INFO:main:10.92
INFO:main:11.31
INFO:main:11.30
INFO:main:11.61
INFO:main:11.74
INFO:main:11.74
INFO:main:11.69
INFO:main:12.06
INFO:main:11.69
INFO:main:2.52
INFO:main:3.49
INFO:main:4.21
INFO:main:3.41
INFO:main:3.84
INFO:main:4.25
INFO:main:3.91
INFO:main:3.89
INFO:main:12.45
INFO:main:12.25
INFO:main:12.98
INFO:main:13.84
INFO:main:12.40
INFO:main:14.12
INFO:main:7.88
INFO:main:3.97
INFO:main:4.90
INFO:main:2.43
INFO:main:6.29
INFO:main:3.87
INFO:main:6.33
INFO:main:5.72
INFO:main:5.53
INFO:main:6.38
INFO:main:9.39
INFO:main:9.00
INFO:main:8.63
INFO:main:10.29
INFO:main:11.35
INFO:main:9.41
INFO:main:3.69
INFO:main:8.60
INFO:main:5.56
INFO:main:6.88
INFO:main:4.67
INFO:main:6.88
INFO:main:6.30
INFO:main:6.94
INFO:main:6.82
INFO:main:10.74
INFO:main:9.65
INFO:main:9.28
INFO:main:10.73
INFO:main:9.71
INFO:main:13.80
INFO:main:9.63
INFO:main:8.18
INFO:main:7.36
INFO:main:6.63
INFO:main:7.00
INFO:main:10.31
INFO:main:9.64
INFO:main:7.76
INFO:main:6.65
INFO:main:6.14
INFO:main:5.84
INFO:main:10.49
INFO:main:9.61
INFO:main:9.92
INFO:main:9.21
INFO:main:8.91
