INFO:werkzeug:[31m[1mWARNING: This is a development server. Do not use it in a production deployment. Use a production WSGI server instead.[0m
 * Running on all addresses (0.0.0.0)
 * Running on http://127.0.0.1:8080
 * Running on http://10.244.1.171:8080
INFO:werkzeug:[33mPress CTRL+C to quit[0m
INFO:werkzeug:127.0.0.1 - - [05/Aug/2023 03:50:00] "GET /api/stream/active/192.168.2.2:1935/200 HTTP/1.1" 200 -
INFO:main:5.84
INFO:main:9.06
INFO:main:11.29
INFO:main:11.00
INFO:main:12.91
INFO:main:10.95
INFO:main:10.30
INFO:main:10.39
INFO:main:11.31
INFO:main:10.76
INFO:main:11.59
INFO:main:11.78
INFO:main:9.57
INFO:main:10.06
INFO:main:10.37
INFO:main:12.23
INFO:main:10.28
INFO:main:10.65
INFO:main:11.81
INFO:main:11.29
INFO:main:11.40
INFO:main:11.67
INFO:main:10.77
INFO:main:9.81
INFO:main:10.54
INFO:main:12.01
INFO:main:9.59
INFO:main:11.00
INFO:main:10.76
INFO:main:9.35
INFO:main:11.89
INFO:main:12.54
INFO:main:13.05
INFO:main:10.90
INFO:main:10.86
INFO:main:11.61
INFO:main:10.96
INFO:main:10.39
INFO:main:11.39
INFO:main:11.93
INFO:main:11.78
INFO:main:11.18
INFO:main:10.86
INFO:main:10.13
INFO:main:11.57
INFO:main:10.31
INFO:main:8.94
INFO:main:8.81
INFO:main:9.92
INFO:main:11.25
INFO:main:10.86
INFO:main:10.52
INFO:main:11.81
INFO:main:10.41
INFO:main:10.95
INFO:main:10.76
INFO:main:10.91
INFO:main:10.15
INFO:main:11.62
INFO:main:10.26
INFO:main:9.52
INFO:main:10.29
INFO:main:10.23
INFO:main:11.17
INFO:main:10.71
INFO:main:10.37
INFO:main:10.55
INFO:main:9.36
INFO:main:10.59
INFO:main:11.72
INFO:main:11.81
INFO:main:11.75
INFO:main:11.57
INFO:main:13.07
INFO:main:12.94
INFO:main:12.83
INFO:main:11.87
INFO:main:12.91
INFO:main:12.35
INFO:main:10.48
INFO:main:12.24
INFO:main:9.90
INFO:main:10.35
INFO:main:10.56
INFO:main:11.47
INFO:main:11.58
INFO:main:10.42
INFO:main:10.88
INFO:main:11.34
INFO:main:10.88
INFO:main:11.29
INFO:main:12.79
