INFO:werkzeug:[31m[1mWARNING: This is a development server. Do not use it in a production deployment. Use a production WSGI server instead.[0m
 * Running on all addresses (0.0.0.0)
 * Running on http://127.0.0.1:8080
 * Running on http://10.244.1.183:8080
INFO:werkzeug:[33mPress CTRL+C to quit[0m
INFO:werkzeug:127.0.0.1 - - [05/Aug/2023 04:07:19] "GET /api/stream/active/192.168.2.2:1935/200 HTTP/1.1" 200 -
INFO:main:6.90
INFO:main:9.93
INFO:main:10.46
INFO:main:9.80
INFO:main:10.30
INFO:main:10.78
INFO:main:11.98
INFO:main:12.24
INFO:main:12.23
INFO:main:10.71
INFO:main:12.32
INFO:main:12.31
INFO:main:9.58
INFO:main:10.30
INFO:main:8.98
INFO:main:11.82
INFO:main:11.95
INFO:main:9.77
INFO:main:10.20
INFO:main:11.49
INFO:main:9.36
INFO:main:10.60
INFO:main:10.26
INFO:main:11.50
INFO:main:12.08
INFO:main:11.30
INFO:main:10.75
INFO:main:10.28
INFO:main:11.27
INFO:main:10.28
INFO:main:9.64
INFO:main:11.74
INFO:main:11.85
INFO:main:11.81
INFO:main:9.19
INFO:main:10.82
INFO:main:9.80
INFO:main:10.88
INFO:main:9.55
INFO:main:11.40
INFO:main:12.06
INFO:main:12.55
INFO:main:12.85
INFO:main:12.23
INFO:main:9.84
INFO:main:10.60
INFO:main:9.97
INFO:main:9.21
INFO:main:11.43
INFO:main:10.36
INFO:main:10.72
INFO:main:12.33
INFO:main:12.47
INFO:main:11.14
INFO:main:10.68
INFO:main:11.22
INFO:main:10.19
INFO:main:11.14
INFO:main:10.41
INFO:main:10.26
INFO:main:9.88
INFO:main:10.46
INFO:main:10.44
INFO:main:10.43
INFO:main:10.07
INFO:main:10.48
INFO:main:10.26
INFO:main:12.12
INFO:main:11.87
INFO:main:11.41
INFO:main:10.60
INFO:main:10.82
INFO:main:11.89
INFO:main:12.67
INFO:main:11.92
INFO:main:12.23
INFO:main:11.60
INFO:main:12.21
INFO:main:12.05
INFO:main:10.67
INFO:main:11.14
INFO:main:11.69
INFO:main:11.59
INFO:main:11.42
INFO:main:9.88
INFO:main:11.33
INFO:main:12.16
INFO:main:10.83
INFO:main:11.55
INFO:main:10.71
INFO:main:11.70
INFO:main:11.55
INFO:main:10.94
INFO:main:11.31
INFO:main:11.71
INFO:main:11.40
INFO:main:9.79
