INFO:werkzeug:[31m[1mWARNING: This is a development server. Do not use it in a production deployment. Use a production WSGI server instead.[0m
 * Running on all addresses (0.0.0.0)
 * Running on http://127.0.0.1:8080
 * Running on http://10.244.1.3:8080
INFO:werkzeug:[33mPress CTRL+C to quit[0m
INFO:werkzeug:127.0.0.1 - - [05/Aug/2023 05:51:42] "GET /api/stream/active/192.168.2.2:1935/200 HTTP/1.1" 200 -
INFO:main:5.69
INFO:main:10.65
INFO:main:12.86
INFO:main:11.00
INFO:main:9.08
INFO:main:12.75
INFO:main:12.42
INFO:main:10.78
INFO:main:10.40
INFO:main:10.67
INFO:main:10.21
INFO:main:10.63
INFO:main:11.55
INFO:main:10.60
INFO:main:10.66
INFO:main:10.45
INFO:main:10.79
INFO:main:12.73
INFO:main:11.22
INFO:main:10.55
INFO:main:10.28
INFO:main:11.27
INFO:main:10.65
INFO:main:10.41
INFO:main:11.17
INFO:main:10.92
INFO:main:12.91
INFO:main:11.79
INFO:main:10.58
INFO:main:10.62
INFO:main:11.86
INFO:main:10.99
INFO:main:10.23
INFO:main:11.00
INFO:main:10.64
INFO:main:11.04
INFO:main:10.59
INFO:main:10.36
INFO:main:9.51
INFO:main:11.76
INFO:main:11.84
INFO:main:10.49
INFO:main:11.22
INFO:main:13.10
INFO:main:13.29
INFO:main:12.77
INFO:main:11.87
INFO:main:11.68
INFO:main:11.38
INFO:main:10.78
INFO:main:11.43
INFO:main:11.68
INFO:main:11.65
INFO:main:12.48
INFO:main:10.96
INFO:main:10.95
INFO:main:8.94
INFO:main:9.47
INFO:main:10.41
INFO:main:10.59
INFO:main:11.27
INFO:main:11.48
INFO:main:12.60
INFO:main:11.67
INFO:main:11.65
INFO:main:11.48
INFO:main:11.65
INFO:main:13.09
INFO:main:13.18
INFO:main:12.13
INFO:main:11.04
INFO:main:10.84
INFO:main:12.96
INFO:main:13.00
INFO:main:12.37
INFO:main:12.27
INFO:main:9.87
INFO:main:11.62
INFO:main:10.59
INFO:main:11.69
INFO:main:10.60
INFO:main:10.25
INFO:main:10.40
INFO:main:10.90
INFO:main:10.26
INFO:main:9.23
INFO:main:11.88
INFO:main:12.40
INFO:main:9.61
INFO:main:11.13
INFO:main:9.99
INFO:main:11.56
INFO:main:10.70
