INFO:werkzeug:[31m[1mWARNING: This is a development server. Do not use it in a production deployment. Use a production WSGI server instead.[0m
 * Running on all addresses (0.0.0.0)
 * Running on http://127.0.0.1:8080
 * Running on http://10.244.1.250:8080
INFO:werkzeug:[33mPress CTRL+C to quit[0m
INFO:werkzeug:127.0.0.1 - - [05/Aug/2023 10:19:25] "GET /api/stream/active/192.168.2.2:1935/200 HTTP/1.1" 200 -
INFO:main:7.56
INFO:main:13.92
INFO:main:13.07
INFO:main:13.97
INFO:main:14.61
INFO:main:13.97
INFO:main:13.70
INFO:main:13.44
INFO:main:13.73
INFO:main:13.71
INFO:main:13.80
INFO:main:13.57
INFO:main:13.45
INFO:main:13.37
INFO:main:13.61
INFO:main:13.52
INFO:main:13.65
INFO:main:13.63
INFO:main:13.91
INFO:main:14.32
INFO:main:14.27
INFO:main:14.25
INFO:main:14.06
INFO:main:13.86
INFO:main:14.28
INFO:main:14.04
INFO:main:13.85
INFO:main:13.85
INFO:main:14.60
INFO:main:14.53
INFO:main:13.98
INFO:main:14.19
INFO:main:13.96
INFO:main:14.13
INFO:main:14.17
INFO:main:13.99
INFO:main:13.63
INFO:main:14.73
INFO:main:13.92
INFO:main:14.11
INFO:main:14.49
INFO:main:14.14
INFO:main:13.83
INFO:main:13.83
INFO:main:13.62
INFO:main:13.50
INFO:main:13.95
INFO:main:13.51
INFO:main:13.66
INFO:main:13.62
INFO:main:14.04
INFO:main:13.74
INFO:main:13.86
INFO:main:14.11
INFO:main:14.14
INFO:main:14.00
INFO:main:14.06
INFO:main:14.20
INFO:main:14.74
INFO:main:14.16
INFO:main:14.47
INFO:main:14.41
INFO:main:14.32
INFO:main:14.13
INFO:main:13.89
INFO:main:14.40
INFO:main:13.97
INFO:main:14.09
INFO:main:14.40
INFO:main:14.22
INFO:main:14.27
INFO:main:14.17
INFO:main:13.97
INFO:main:14.04
INFO:main:14.09
INFO:main:14.13
INFO:main:14.07
INFO:main:14.04
INFO:main:13.98
INFO:main:13.88
INFO:main:14.11
INFO:main:14.00
INFO:main:13.73
INFO:main:13.92
INFO:main:14.07
INFO:main:13.82
INFO:main:13.94
INFO:main:14.08
INFO:main:14.22
INFO:main:14.48
INFO:main:14.38
INFO:main:14.35
INFO:main:14.64
INFO:main:14.49
INFO:main:14.35
INFO:main:14.26
INFO:main:14.18
INFO:main:14.11
INFO:main:13.66
INFO:main:13.87
INFO:main:13.77
INFO:main:13.63
INFO:main:14.06
INFO:main:14.02
