INFO:werkzeug:[31m[1mWARNING: This is a development server. Do not use it in a production deployment. Use a production WSGI server instead.[0m
 * Running on all addresses (0.0.0.0)
 * Running on http://127.0.0.1:8080
 * Running on http://10.244.1.145:8080
INFO:werkzeug:[33mPress CTRL+C to quit[0m
INFO:werkzeug:127.0.0.1 - - [05/Aug/2023 02:59:49] "GET /api/stream/active/192.168.2.2:1935/200 HTTP/1.1" 200 -
INFO:main:5.82
INFO:main:11.57
INFO:main:12.29
INFO:main:13.08
INFO:main:12.67
INFO:main:12.64
INFO:main:12.81
INFO:main:13.28
INFO:main:13.75
INFO:main:12.72
INFO:main:12.63
INFO:main:12.34
INFO:main:11.81
INFO:main:11.64
INFO:main:11.13
INFO:main:11.10
INFO:main:11.62
INFO:main:12.23
INFO:main:12.07
INFO:main:12.30
INFO:main:12.36
INFO:main:13.02
INFO:main:12.77
INFO:main:12.82
INFO:main:12.53
INFO:main:12.86
INFO:main:13.78
INFO:main:14.29
INFO:main:12.64
INFO:main:13.51
INFO:main:12.84
INFO:main:12.46
INFO:main:13.23
INFO:main:11.14
INFO:main:13.15
INFO:main:13.99
INFO:main:12.98
INFO:main:13.49
INFO:main:13.50
INFO:main:14.96
INFO:main:14.86
INFO:main:14.96
INFO:main:11.98
INFO:main:12.79
INFO:main:13.98
INFO:main:14.99
INFO:main:14.31
INFO:main:12.22
INFO:main:11.75
INFO:main:11.45
INFO:main:14.08
INFO:main:12.87
INFO:main:11.99
INFO:main:14.93
INFO:main:11.96
INFO:main:11.62
INFO:main:11.34
INFO:main:12.91
INFO:main:11.63
INFO:main:12.86
INFO:main:11.91
INFO:main:14.03
INFO:main:14.30
INFO:main:13.83
INFO:main:13.93
INFO:main:13.73
INFO:main:14.32
INFO:main:13.27
INFO:main:11.63
INFO:main:14.61
INFO:main:12.61
INFO:main:12.88
INFO:main:13.86
INFO:main:14.03
INFO:main:14.27
INFO:main:12.63
INFO:main:14.17
INFO:main:13.65
INFO:main:13.34
INFO:main:15.71
INFO:main:14.86
INFO:main:12.55
INFO:main:11.92
INFO:main:12.98
INFO:main:12.43
INFO:main:13.38
INFO:main:11.36
INFO:main:11.83
INFO:main:13.65
INFO:main:14.00
INFO:main:11.28
INFO:main:13.31
INFO:main:11.97
INFO:main:13.31
