INFO:werkzeug:[31m[1mWARNING: This is a development server. Do not use it in a production deployment. Use a production WSGI server instead.[0m
 * Running on all addresses (0.0.0.0)
 * Running on http://127.0.0.1:8080
 * Running on http://10.244.1.73:8080
INFO:werkzeug:[33mPress CTRL+C to quit[0m
INFO:werkzeug:127.0.0.1 - - [05/Aug/2023 07:19:56] "GET /api/stream/active/192.168.2.2:1935/200 HTTP/1.1" 200 -
INFO:main:7.50
INFO:main:8.68
INFO:main:9.00
INFO:main:9.59
INFO:main:9.73
INFO:main:9.80
INFO:main:10.06
INFO:main:9.88
INFO:main:9.95
INFO:main:9.95
INFO:main:9.84
INFO:main:9.99
INFO:main:9.96
INFO:main:9.55
INFO:main:8.90
INFO:main:9.20
INFO:main:9.39
INFO:main:9.55
INFO:main:8.82
INFO:main:9.53
INFO:main:9.58
INFO:main:8.93
INFO:main:8.68
INFO:main:10.13
INFO:main:9.93
INFO:main:9.53
INFO:main:8.71
INFO:main:8.45
INFO:main:9.47
INFO:main:8.67
INFO:main:8.24
INFO:main:9.32
INFO:main:8.78
INFO:main:8.84
INFO:main:9.70
INFO:main:9.63
INFO:main:9.76
INFO:main:9.69
INFO:main:9.79
INFO:main:9.88
INFO:main:9.89
INFO:main:9.88
INFO:main:9.90
INFO:main:7.23
INFO:main:8.96
INFO:main:8.80
INFO:main:9.59
INFO:main:9.77
INFO:main:9.93
INFO:main:10.17
INFO:main:9.93
INFO:main:9.67
INFO:main:8.86
INFO:main:9.33
INFO:main:8.89
INFO:main:8.65
INFO:main:10.21
INFO:main:8.45
INFO:main:9.43
INFO:main:6.40
INFO:main:8.49
INFO:main:9.78
INFO:main:9.59
INFO:main:9.64
INFO:main:9.94
INFO:main:9.54
INFO:main:9.53
INFO:main:10.19
INFO:main:9.88
INFO:main:9.86
INFO:main:9.66
INFO:main:9.71
INFO:main:9.52
INFO:main:8.95
INFO:main:9.32
INFO:main:9.90
INFO:main:9.33
INFO:main:8.98
INFO:main:10.03
INFO:main:9.72
INFO:main:8.88
INFO:main:9.61
INFO:main:9.66
INFO:main:9.48
INFO:main:9.51
INFO:main:9.62
INFO:main:9.47
INFO:main:9.98
INFO:main:9.75
INFO:main:8.28
INFO:main:8.54
INFO:main:8.86
INFO:main:9.73
INFO:main:9.99
INFO:main:8.69
INFO:main:8.71
INFO:main:8.74
INFO:main:9.49
