INFO:werkzeug:[31m[1mWARNING: This is a development server. Do not use it in a production deployment. Use a production WSGI server instead.[0m
 * Running on all addresses (0.0.0.0)
 * Running on http://127.0.0.1:8080
 * Running on http://10.244.1.220:8080
INFO:werkzeug:[33mPress CTRL+C to quit[0m
INFO:werkzeug:127.0.0.1 - - [05/Aug/2023 04:59:11] "GET /api/stream/active/192.168.2.2:1935/200 HTTP/1.1" 200 -
INFO:main:5.91
INFO:main:10.70
INFO:main:10.23
INFO:main:11.46
INFO:main:9.92
INFO:main:11.62
INFO:main:11.50
INFO:main:11.27
INFO:main:10.63
INFO:main:10.62
INFO:main:12.00
INFO:main:11.67
INFO:main:11.66
INFO:main:12.28
INFO:main:12.36
INFO:main:12.38
INFO:main:11.09
INFO:main:11.62
INFO:main:10.92
INFO:main:10.91
INFO:main:11.53
INFO:main:9.95
INFO:main:9.63
INFO:main:10.70
INFO:main:11.24
INFO:main:10.77
INFO:main:9.62
INFO:main:11.83
INFO:main:10.10
INFO:main:11.51
INFO:main:10.48
INFO:main:10.42
INFO:main:10.74
INFO:main:10.50
INFO:main:12.15
INFO:main:11.96
INFO:main:9.80
INFO:main:11.91
INFO:main:10.87
INFO:main:12.41
INFO:main:11.43
INFO:main:11.86
INFO:main:12.12
INFO:main:10.73
INFO:main:11.01
INFO:main:10.63
INFO:main:10.71
INFO:main:8.96
INFO:main:11.90
INFO:main:10.32
INFO:main:9.14
INFO:main:9.69
INFO:main:11.33
INFO:main:11.94
INFO:main:11.97
INFO:main:10.89
INFO:main:11.85
INFO:main:11.56
INFO:main:12.17
INFO:main:11.67
INFO:main:12.41
INFO:main:11.42
INFO:main:12.35
INFO:main:11.90
INFO:main:11.65
INFO:main:12.35
INFO:main:10.19
INFO:main:10.54
INFO:main:10.19
INFO:main:10.83
INFO:main:10.58
INFO:main:12.93
INFO:main:12.41
INFO:main:10.76
INFO:main:12.13
INFO:main:11.93
INFO:main:11.80
INFO:main:11.72
INFO:main:13.04
INFO:main:13.22
INFO:main:12.69
INFO:main:12.75
INFO:main:12.92
INFO:main:13.61
INFO:main:13.20
INFO:main:10.77
INFO:main:8.78
INFO:main:10.53
INFO:main:11.71
INFO:main:11.01
INFO:main:10.77
INFO:main:10.79
INFO:main:9.79
INFO:main:10.99
INFO:main:11.95
INFO:main:9.91
INFO:main:11.95
INFO:main:10.16
INFO:main:12.16
INFO:main:11.66
INFO:main:11.33
INFO:main:11.49
INFO:main:11.72
INFO:main:12.78
INFO:main:12.61
INFO:main:11.57
INFO:main:11.80
INFO:main:10.90
INFO:main:11.52
INFO:main:12.11
INFO:main:11.17
INFO:main:10.72
INFO:main:11.57
INFO:main:10.70
INFO:main:9.20
INFO:main:10.65
INFO:main:11.77
INFO:main:9.20
INFO:main:10.36
INFO:main:10.07
INFO:main:11.27
INFO:main:11.63
INFO:main:11.45
INFO:main:11.26
INFO:main:11.57
INFO:main:10.62
INFO:main:8.97
INFO:main:9.61
INFO:main:12.91
