INFO:werkzeug:[31m[1mWARNING: This is a development server. Do not use it in a production deployment. Use a production WSGI server instead.[0m
 * Running on all addresses (0.0.0.0)
 * Running on http://127.0.0.1:8080
 * Running on http://10.244.1.26:8080
INFO:werkzeug:[33mPress CTRL+C to quit[0m
INFO:werkzeug:127.0.0.1 - - [05/Aug/2023 06:26:26] "GET /api/stream/active/192.168.2.2:1935/200 HTTP/1.1" 200 -
INFO:main:5.93
INFO:main:10.97
INFO:main:10.70
INFO:main:9.99
INFO:main:10.93
INFO:main:10.45
INFO:main:11.94
INFO:main:12.05
INFO:main:12.78
INFO:main:10.09
INFO:main:11.43
INFO:main:11.83
INFO:main:10.27
INFO:main:11.40
INFO:main:13.20
INFO:main:10.23
INFO:main:10.97
INFO:main:9.57
INFO:main:10.72
INFO:main:12.80
INFO:main:12.93
INFO:main:12.13
INFO:main:9.85
INFO:main:11.00
INFO:main:10.69
INFO:main:10.72
INFO:main:11.86
INFO:main:11.18
INFO:main:13.22
INFO:main:10.67
INFO:main:11.97
INFO:main:13.12
INFO:main:12.10
INFO:main:11.24
INFO:main:10.86
INFO:main:10.36
INFO:main:10.39
INFO:main:10.12
INFO:main:10.28
INFO:main:10.85
INFO:main:12.77
INFO:main:10.82
INFO:main:11.44
INFO:main:12.69
INFO:main:11.26
INFO:main:11.69
INFO:main:9.03
INFO:main:10.34
INFO:main:11.69
INFO:main:10.49
INFO:main:11.76
INFO:main:10.78
INFO:main:11.65
INFO:main:11.24
INFO:main:9.86
INFO:main:11.17
INFO:main:10.43
INFO:main:10.47
INFO:main:11.79
INFO:main:11.26
INFO:main:11.61
INFO:main:11.74
INFO:main:10.72
INFO:main:13.24
INFO:main:11.94
INFO:main:10.95
INFO:main:11.52
INFO:main:10.87
INFO:main:11.66
INFO:main:12.88
INFO:main:11.57
INFO:main:11.48
INFO:main:12.20
INFO:main:10.88
INFO:main:11.30
INFO:main:11.50
INFO:main:12.72
INFO:main:11.97
INFO:main:11.25
INFO:main:10.32
INFO:main:10.50
INFO:main:9.99
INFO:main:10.33
INFO:main:12.24
INFO:main:12.89
INFO:main:10.46
INFO:main:11.42
INFO:main:9.38
INFO:main:9.98
INFO:main:10.07
INFO:main:10.38
INFO:main:10.25
INFO:main:10.52
