INFO:werkzeug:[31m[1mWARNING: This is a development server. Do not use it in a production deployment. Use a production WSGI server instead.[0m
 * Running on all addresses (0.0.0.0)
 * Running on http://127.0.0.1:8080
 * Running on http://10.244.1.170:8080
INFO:werkzeug:[33mPress CTRL+C to quit[0m
INFO:werkzeug:127.0.0.1 - - [05/Aug/2023 03:49:59] "GET /api/stream/active/192.168.2.2:1935/200 HTTP/1.1" 200 -
INFO:main:7.49
INFO:main:9.10
INFO:main:10.51
INFO:main:10.83
INFO:main:12.95
INFO:main:11.39
INFO:main:10.59
INFO:main:10.16
INFO:main:10.80
INFO:main:11.26
INFO:main:11.19
INFO:main:11.92
INFO:main:10.07
INFO:main:9.72
INFO:main:9.84
INFO:main:12.12
INFO:main:10.47
INFO:main:11.21
INFO:main:11.93
INFO:main:9.59
INFO:main:12.27
INFO:main:10.62
INFO:main:10.83
INFO:main:10.25
INFO:main:10.02
INFO:main:11.96
INFO:main:10.53
INFO:main:10.32
INFO:main:10.57
INFO:main:9.36
INFO:main:11.91
INFO:main:12.13
INFO:main:12.81
INFO:main:10.55
INFO:main:10.72
INFO:main:11.67
INFO:main:9.95
INFO:main:10.42
INFO:main:10.90
INFO:main:12.43
INFO:main:11.77
INFO:main:10.13
INFO:main:11.96
INFO:main:9.84
INFO:main:11.44
INFO:main:10.11
INFO:main:8.76
INFO:main:8.88
INFO:main:10.30
INFO:main:11.36
INFO:main:11.16
INFO:main:10.38
INFO:main:11.05
INFO:main:10.80
INFO:main:11.21
INFO:main:10.56
INFO:main:11.11
INFO:main:10.22
INFO:main:11.31
INFO:main:9.86
INFO:main:10.13
INFO:main:11.69
INFO:main:9.76
INFO:main:10.61
INFO:main:10.45
INFO:main:10.36
INFO:main:10.08
INFO:main:9.94
INFO:main:9.84
INFO:main:11.66
INFO:main:12.07
INFO:main:11.13
INFO:main:12.51
INFO:main:13.18
INFO:main:12.92
INFO:main:12.70
INFO:main:11.84
INFO:main:12.77
INFO:main:12.12
INFO:main:10.59
INFO:main:12.31
INFO:main:9.73
INFO:main:10.51
INFO:main:11.60
INFO:main:10.30
INFO:main:10.67
INFO:main:10.33
INFO:main:10.99
INFO:main:11.26
INFO:main:11.00
INFO:main:11.26
INFO:main:12.34
