INFO:werkzeug:[31m[1mWARNING: This is a development server. Do not use it in a production deployment. Use a production WSGI server instead.[0m
 * Running on all addresses (0.0.0.0)
 * Running on http://127.0.0.1:8080
 * Running on http://10.244.1.208:8080
INFO:werkzeug:[33mPress CTRL+C to quit[0m
INFO:werkzeug:127.0.0.1 - - [05/Aug/2023 04:41:57] "GET /api/stream/active/192.168.2.2:1935/200 HTTP/1.1" 200 -
INFO:main:6.47
INFO:main:13.10
INFO:main:11.28
INFO:main:11.06
INFO:main:10.49
INFO:main:11.14
INFO:main:10.97
INFO:main:10.52
INFO:main:11.00
INFO:main:9.24
INFO:main:10.32
INFO:main:10.24
INFO:main:11.80
INFO:main:9.37
INFO:main:11.67
INFO:main:10.92
INFO:main:11.19
INFO:main:10.90
INFO:main:10.63
INFO:main:11.91
INFO:main:12.56
INFO:main:11.64
INFO:main:9.27
INFO:main:11.40
INFO:main:9.83
INFO:main:11.46
INFO:main:11.60
INFO:main:11.62
INFO:main:10.95
INFO:main:10.18
INFO:main:10.14
INFO:main:11.28
INFO:main:11.41
INFO:main:11.55
INFO:main:10.68
INFO:main:11.31
INFO:main:9.39
INFO:main:12.77
INFO:main:10.54
INFO:main:11.90
INFO:main:9.68
INFO:main:11.18
INFO:main:10.79
INFO:main:11.16
INFO:main:9.82
INFO:main:10.92
INFO:main:9.67
INFO:main:12.35
INFO:main:12.81
INFO:main:11.19
INFO:main:10.97
INFO:main:9.67
INFO:main:10.31
INFO:main:10.95
INFO:main:10.78
INFO:main:10.36
INFO:main:10.87
INFO:main:11.16
INFO:main:9.95
INFO:main:10.19
INFO:main:11.66
INFO:main:12.54
INFO:main:11.85
INFO:main:11.95
INFO:main:11.95
INFO:main:10.68
INFO:main:11.53
INFO:main:11.13
INFO:main:11.71
INFO:main:11.94
INFO:main:10.88
INFO:main:13.65
INFO:main:13.33
INFO:main:11.24
INFO:main:10.40
INFO:main:10.94
INFO:main:11.75
INFO:main:11.81
INFO:main:13.41
INFO:main:11.46
INFO:main:11.90
INFO:main:11.95
INFO:main:11.26
INFO:main:12.43
INFO:main:11.65
INFO:main:10.70
INFO:main:10.54
INFO:main:11.92
INFO:main:12.63
INFO:main:11.83
INFO:main:12.10
INFO:main:12.59
INFO:main:10.72
INFO:main:10.25
INFO:main:11.93
INFO:main:12.44
