INFO:werkzeug:[31m[1mWARNING: This is a development server. Do not use it in a production deployment. Use a production WSGI server instead.[0m
 * Running on all addresses (0.0.0.0)
 * Running on http://127.0.0.1:8080
 * Running on http://10.244.1.74:8080
INFO:werkzeug:[33mPress CTRL+C to quit[0m
INFO:werkzeug:127.0.0.1 - - [05/Aug/2023 12:26:16] "GET /api/stream/active/192.168.2.2:1935/200 HTTP/1.1" 200 -
INFO:main:7.80
INFO:main:14.17
INFO:main:13.54
INFO:main:14.49
INFO:main:14.87
INFO:main:14.69
INFO:main:14.46
INFO:main:14.01
INFO:main:14.08
INFO:main:13.75
INFO:main:13.96
INFO:main:13.82
INFO:main:13.54
INFO:main:13.45
INFO:main:13.21
INFO:main:13.25
INFO:main:13.37
INFO:main:13.50
INFO:main:13.54
INFO:main:13.49
INFO:main:13.47
INFO:main:13.30
INFO:main:13.37
INFO:main:13.81
INFO:main:13.93
INFO:main:14.94
INFO:main:14.97
INFO:main:14.61
INFO:main:14.20
INFO:main:14.07
INFO:main:13.73
INFO:main:13.86
INFO:main:14.34
INFO:main:14.52
INFO:main:14.72
INFO:main:14.04
INFO:main:14.31
INFO:main:14.14
INFO:main:14.04
INFO:main:14.13
INFO:main:14.03
INFO:main:14.20
INFO:main:14.30
INFO:main:13.70
INFO:main:13.54
INFO:main:13.55
INFO:main:13.78
INFO:main:14.13
INFO:main:14.14
INFO:main:14.57
INFO:main:14.65
INFO:main:15.21
INFO:main:15.06
INFO:main:14.81
INFO:main:13.95
INFO:main:13.72
INFO:main:13.86
INFO:main:13.95
INFO:main:14.15
INFO:main:14.38
INFO:main:13.93
INFO:main:13.95
INFO:main:13.80
INFO:main:13.82
INFO:main:13.84
INFO:main:13.83
INFO:main:13.80
INFO:main:14.06
INFO:main:14.26
INFO:main:14.48
INFO:main:14.47
INFO:main:14.66
INFO:main:14.30
INFO:main:14.48
INFO:main:14.08
INFO:main:14.30
INFO:main:14.11
INFO:main:14.18
INFO:main:14.19
INFO:main:14.41
INFO:main:14.21
INFO:main:14.08
INFO:main:14.45
INFO:main:14.15
INFO:main:14.00
INFO:main:13.84
INFO:main:13.81
INFO:main:13.79
INFO:main:13.81
INFO:main:13.78
INFO:main:13.72
INFO:main:13.39
INFO:main:13.98
INFO:main:14.55
INFO:main:14.13
INFO:main:13.65
INFO:main:14.17
INFO:main:13.95
INFO:main:14.06
INFO:main:14.20
