INFO:werkzeug:[31m[1mWARNING: This is a development server. Do not use it in a production deployment. Use a production WSGI server instead.[0m
 * Running on all addresses (0.0.0.0)
 * Running on http://127.0.0.1:8080
 * Running on http://10.244.1.58:8080
INFO:werkzeug:[33mPress CTRL+C to quit[0m
INFO:werkzeug:127.0.0.1 - - [04/Aug/2023 23:40:29] "GET /api/stream/active/192.168.2.2:1935/200 HTTP/1.1" 200 -
INFO:main:8.60
INFO:main:13.93
INFO:main:14.16
INFO:main:14.02
INFO:main:13.97
INFO:main:13.79
INFO:main:14.11
INFO:main:14.20
INFO:main:14.35
INFO:main:14.36
INFO:main:14.21
INFO:main:13.87
INFO:main:13.78
INFO:main:13.77
INFO:main:13.81
INFO:main:14.00
INFO:main:13.87
INFO:main:13.73
INFO:main:13.99
INFO:main:13.84
INFO:main:13.80
INFO:main:14.05
INFO:main:13.99
INFO:main:13.81
INFO:main:13.85
INFO:main:14.11
INFO:main:14.24
INFO:main:13.99
INFO:main:14.15
INFO:main:15.66
INFO:main:15.34
INFO:main:15.00
INFO:main:14.73
INFO:main:14.78
INFO:main:14.82
INFO:main:14.70
INFO:main:14.26
INFO:main:14.63
INFO:main:14.66
INFO:main:14.47
INFO:main:13.80
INFO:main:14.32
INFO:main:14.47
INFO:main:14.33
INFO:main:14.08
INFO:main:14.09
INFO:main:14.11
INFO:main:14.00
INFO:main:14.09
INFO:main:14.21
INFO:main:14.15
INFO:main:13.92
INFO:main:14.51
INFO:main:14.12
INFO:main:14.24
INFO:main:14.35
INFO:main:13.96
INFO:main:13.89
INFO:main:14.14
INFO:main:14.19
INFO:main:14.57
INFO:main:14.60
INFO:main:14.54
INFO:main:14.36
INFO:main:14.71
INFO:main:14.37
INFO:main:14.28
INFO:main:14.59
INFO:main:14.69
INFO:main:14.51
INFO:main:14.69
INFO:main:14.49
INFO:main:14.20
INFO:main:14.31
INFO:main:14.08
INFO:main:13.93
INFO:main:14.34
INFO:main:14.38
INFO:main:14.95
INFO:main:14.97
INFO:main:14.79
INFO:main:14.34
INFO:main:14.71
INFO:main:14.43
INFO:main:14.17
INFO:main:14.47
INFO:main:14.33
INFO:main:14.32
INFO:main:14.67
INFO:main:14.55
INFO:main:14.47
INFO:main:14.25
INFO:main:14.29
INFO:main:14.27
