INFO:werkzeug:[31m[1mWARNING: This is a development server. Do not use it in a production deployment. Use a production WSGI server instead.[0m
 * Running on all addresses (0.0.0.0)
 * Running on http://127.0.0.1:8080
 * Running on http://10.244.1.88:8080
INFO:werkzeug:[33mPress CTRL+C to quit[0m
INFO:werkzeug:127.0.0.1 - - [05/Aug/2023 01:19:20] "GET /api/stream/active/192.168.2.2:1935/200 HTTP/1.1" 200 -
INFO:main:6.79
INFO:main:11.85
INFO:main:10.97
INFO:main:11.07
INFO:main:11.13
INFO:main:11.06
INFO:main:11.16
INFO:main:10.80
INFO:main:10.91
INFO:main:10.96
INFO:main:10.94
INFO:main:10.93
INFO:main:10.96
INFO:main:11.15
INFO:main:11.55
INFO:main:11.85
INFO:main:11.83
INFO:main:11.95
INFO:main:11.78
INFO:main:11.31
INFO:main:11.16
INFO:main:11.05
INFO:main:10.96
INFO:main:10.95
INFO:main:10.90
INFO:main:10.75
INFO:main:11.29
INFO:main:11.98
INFO:main:12.75
INFO:main:13.26
INFO:main:11.78
INFO:main:14.10
INFO:main:14.68
INFO:main:13.43
INFO:main:11.99
INFO:main:13.47
INFO:main:12.49
INFO:main:12.76
INFO:main:11.68
INFO:main:13.85
INFO:main:12.91
INFO:main:13.11
INFO:main:14.42
INFO:main:12.77
INFO:main:12.57
INFO:main:13.96
INFO:main:13.86
INFO:main:11.12
INFO:main:10.98
INFO:main:11.25
INFO:main:11.51
INFO:main:12.99
INFO:main:13.50
INFO:main:13.80
INFO:main:12.96
INFO:main:14.03
INFO:main:13.05
INFO:main:11.46
INFO:main:13.99
INFO:main:14.35
INFO:main:12.98
INFO:main:12.38
INFO:main:14.46
INFO:main:13.34
INFO:main:13.32
INFO:main:12.81
INFO:main:14.58
INFO:main:13.16
INFO:main:11.54
INFO:main:11.26
INFO:main:12.86
INFO:main:12.60
INFO:main:12.57
INFO:main:13.22
INFO:main:11.51
INFO:main:12.07
INFO:main:13.99
INFO:main:12.73
INFO:main:13.26
INFO:main:12.48
INFO:main:12.62
INFO:main:13.35
INFO:main:12.11
INFO:main:13.25
INFO:main:13.77
INFO:main:13.28
INFO:main:12.59
INFO:main:13.78
INFO:main:13.53
INFO:main:12.34
