INFO:werkzeug:[31m[1mWARNING: This is a development server. Do not use it in a production deployment. Use a production WSGI server instead.[0m
 * Running on all addresses (0.0.0.0)
 * Running on http://127.0.0.1:8080
 * Running on http://10.244.1.62:8080
INFO:werkzeug:[33mPress CTRL+C to quit[0m
INFO:werkzeug:127.0.0.1 - - [04/Aug/2023 23:56:38] "GET /api/stream/active/192.168.2.2:1935/200 HTTP/1.1" 200 -
INFO:main:8.91
INFO:main:15.27
INFO:main:14.86
INFO:main:14.48
INFO:main:14.27
INFO:main:14.18
INFO:main:14.08
INFO:main:14.12
INFO:main:14.03
INFO:main:14.29
INFO:main:14.21
INFO:main:14.00
INFO:main:13.98
INFO:main:13.99
INFO:main:13.95
INFO:main:13.98
INFO:main:13.88
INFO:main:13.84
INFO:main:13.87
INFO:main:13.84
INFO:main:13.89
INFO:main:13.66
INFO:main:13.60
INFO:main:13.82
INFO:main:13.55
INFO:main:13.62
INFO:main:13.89
INFO:main:13.70
INFO:main:14.64
INFO:main:14.41
INFO:main:14.37
INFO:main:14.44
INFO:main:14.34
INFO:main:13.93
INFO:main:13.84
INFO:main:13.97
INFO:main:14.07
INFO:main:14.78
INFO:main:14.44
INFO:main:14.34
INFO:main:14.66
INFO:main:13.99
INFO:main:13.93
INFO:main:13.99
INFO:main:13.89
INFO:main:13.94
INFO:main:14.23
INFO:main:13.84
INFO:main:13.95
INFO:main:13.51
INFO:main:13.29
INFO:main:13.40
INFO:main:13.48
INFO:main:13.49
INFO:main:13.41
INFO:main:13.51
INFO:main:13.70
INFO:main:14.33
INFO:main:14.93
INFO:main:14.33
INFO:main:14.45
INFO:main:14.20
INFO:main:14.14
INFO:main:14.16
INFO:main:13.95
INFO:main:13.99
INFO:main:14.23
INFO:main:14.22
INFO:main:13.97
INFO:main:13.81
INFO:main:13.52
INFO:main:13.76
INFO:main:13.88
INFO:main:14.25
INFO:main:13.98
INFO:main:14.08
INFO:main:14.75
INFO:main:14.27
INFO:main:14.71
INFO:main:15.01
INFO:main:14.46
INFO:main:14.20
INFO:main:14.72
INFO:main:14.74
INFO:main:14.94
INFO:main:14.92
INFO:main:14.60
INFO:main:15.19
