INFO:werkzeug:[31m[1mWARNING: This is a development server. Do not use it in a production deployment. Use a production WSGI server instead.[0m
 * Running on all addresses (0.0.0.0)
 * Running on http://127.0.0.1:8080
 * Running on http://10.244.1.38:8080
INFO:werkzeug:[33mPress CTRL+C to quit[0m
INFO:werkzeug:127.0.0.1 - - [04/Aug/2023 22:18:12] "GET /api/stream/active/192.168.2.2:1935/200 HTTP/1.1" 200 -
INFO:main:9.65
INFO:main:16.54
INFO:main:16.41
INFO:main:16.51
INFO:main:16.25
INFO:main:16.26
INFO:main:16.16
INFO:main:15.88
INFO:main:16.00
INFO:main:15.81
INFO:main:15.59
INFO:main:15.81
INFO:main:15.51
INFO:main:14.97
INFO:main:14.68
INFO:main:14.73
INFO:main:14.62
INFO:main:14.32
INFO:main:13.92
INFO:main:14.03
INFO:main:14.61
INFO:main:15.12
INFO:main:14.40
INFO:main:14.36
INFO:main:14.59
INFO:main:14.67
INFO:main:14.85
INFO:main:14.83
INFO:main:14.79
INFO:main:15.04
INFO:main:14.56
INFO:main:14.42
INFO:main:14.73
INFO:main:14.64
INFO:main:14.45
INFO:main:14.96
INFO:main:14.90
INFO:main:15.08
INFO:main:15.18
INFO:main:14.83
INFO:main:14.99
INFO:main:15.24
INFO:main:15.27
INFO:main:15.68
INFO:main:16.12
INFO:main:15.08
INFO:main:14.81
INFO:main:14.15
INFO:main:14.03
INFO:main:13.87
INFO:main:14.00
INFO:main:13.98
INFO:main:14.36
INFO:main:14.65
INFO:main:14.69
INFO:main:14.85
INFO:main:14.23
INFO:main:14.02
INFO:main:13.86
INFO:main:14.17
INFO:main:14.26
INFO:main:14.57
INFO:main:14.73
INFO:main:14.80
INFO:main:14.30
INFO:main:13.89
INFO:main:14.24
INFO:main:14.06
INFO:main:13.92
INFO:main:14.11
INFO:main:14.60
INFO:main:14.91
INFO:main:15.30
INFO:main:14.74
INFO:main:13.98
INFO:main:14.12
INFO:main:13.98
INFO:main:13.99
INFO:main:14.48
INFO:main:14.35
INFO:main:14.51
INFO:main:14.75
INFO:main:15.27
INFO:main:15.29
INFO:main:14.79
INFO:main:15.01
INFO:main:15.26
INFO:main:15.31
INFO:main:14.72
INFO:main:14.35
INFO:main:13.70
INFO:main:13.69
INFO:main:13.93
