INFO:werkzeug:[31m[1mWARNING: This is a development server. Do not use it in a production deployment. Use a production WSGI server instead.[0m
 * Running on all addresses (0.0.0.0)
 * Running on http://127.0.0.1:8080
 * Running on http://10.244.1.17:8080
INFO:werkzeug:[33mPress CTRL+C to quit[0m
INFO:werkzeug:127.0.0.1 - - [05/Aug/2023 10:37:35] "GET /api/stream/active/192.168.2.2:1935/200 HTTP/1.1" 200 -
INFO:main:7.54
INFO:main:13.45
INFO:main:13.02
INFO:main:14.16
INFO:main:14.43
INFO:main:14.22
INFO:main:14.33
INFO:main:14.28
INFO:main:14.13
INFO:main:14.31
INFO:main:14.01
INFO:main:13.91
INFO:main:13.95
INFO:main:13.83
INFO:main:13.75
INFO:main:14.04
INFO:main:13.87
INFO:main:13.88
INFO:main:13.83
INFO:main:13.99
INFO:main:14.24
INFO:main:14.35
INFO:main:15.50
INFO:main:15.22
INFO:main:15.22
INFO:main:14.86
INFO:main:14.93
INFO:main:14.74
INFO:main:14.80
INFO:main:14.44
INFO:main:14.78
INFO:main:14.30
INFO:main:13.92
INFO:main:13.93
INFO:main:14.18
INFO:main:14.43
INFO:main:14.93
INFO:main:15.15
INFO:main:15.13
INFO:main:15.31
INFO:main:14.54
INFO:main:14.19
INFO:main:14.49
INFO:main:14.44
INFO:main:14.67
INFO:main:14.56
INFO:main:14.62
INFO:main:14.71
INFO:main:14.44
INFO:main:14.26
INFO:main:14.13
INFO:main:14.36
INFO:main:14.24
INFO:main:14.19
INFO:main:14.18
INFO:main:14.25
INFO:main:14.40
INFO:main:14.35
INFO:main:14.14
INFO:main:14.30
INFO:main:14.50
INFO:main:14.15
INFO:main:13.96
INFO:main:13.97
INFO:main:14.20
INFO:main:14.60
INFO:main:14.30
INFO:main:14.28
INFO:main:14.54
INFO:main:14.56
INFO:main:14.39
INFO:main:14.58
INFO:main:14.30
INFO:main:14.64
INFO:main:14.52
INFO:main:14.36
INFO:main:14.18
INFO:main:14.58
INFO:main:14.71
INFO:main:14.53
INFO:main:14.88
INFO:main:14.98
INFO:main:14.79
INFO:main:14.51
INFO:main:14.39
INFO:main:14.31
INFO:main:14.12
INFO:main:13.82
INFO:main:13.69
INFO:main:13.88
INFO:main:14.75
INFO:main:14.49
INFO:main:14.47
INFO:main:14.53
INFO:main:14.46
INFO:main:15.13
INFO:main:15.17
INFO:main:14.34
INFO:main:14.21
