INFO:werkzeug:[31m[1mWARNING: This is a development server. Do not use it in a production deployment. Use a production WSGI server instead.[0m
 * Running on all addresses (0.0.0.0)
 * Running on http://127.0.0.1:8080
 * Running on http://10.244.1.15:8080
INFO:werkzeug:[33mPress CTRL+C to quit[0m
INFO:werkzeug:127.0.0.1 - - [05/Aug/2023 06:08:57] "GET /api/stream/active/192.168.2.2:1935/200 HTTP/1.1" 200 -
INFO:main:4.75
INFO:main:12.71
INFO:main:11.79
INFO:main:11.43
INFO:main:12.37
INFO:main:11.40
INFO:main:12.87
INFO:main:11.36
INFO:main:9.59
INFO:main:10.92
INFO:main:10.50
INFO:main:10.19
INFO:main:10.10
INFO:main:11.98
INFO:main:10.47
INFO:main:10.73
INFO:main:10.33
INFO:main:10.29
INFO:main:9.25
INFO:main:12.52
INFO:main:11.40
INFO:main:12.20
INFO:main:10.66
INFO:main:11.98
INFO:main:12.86
INFO:main:13.22
INFO:main:13.28
INFO:main:13.00
INFO:main:12.73
INFO:main:13.36
INFO:main:11.28
INFO:main:9.71
INFO:main:10.42
INFO:main:12.85
INFO:main:12.85
INFO:main:12.35
INFO:main:10.94
INFO:main:12.25
INFO:main:11.35
INFO:main:11.39
INFO:main:12.35
INFO:main:11.99
INFO:main:10.72
INFO:main:11.65
INFO:main:10.74
INFO:main:9.79
INFO:main:10.81
INFO:main:11.12
INFO:main:10.53
INFO:main:12.56
INFO:main:12.90
INFO:main:11.53
INFO:main:10.77
INFO:main:11.35
INFO:main:11.23
INFO:main:12.79
INFO:main:10.67
INFO:main:11.47
INFO:main:11.55
INFO:main:11.39
INFO:main:9.86
INFO:main:10.35
INFO:main:10.46
INFO:main:10.64
INFO:main:11.47
INFO:main:12.84
INFO:main:11.38
INFO:main:10.78
INFO:main:10.31
INFO:main:11.58
INFO:main:10.50
INFO:main:10.95
INFO:main:11.76
INFO:main:12.88
INFO:main:12.57
INFO:main:11.38
INFO:main:9.83
INFO:main:12.20
INFO:main:12.54
INFO:main:10.37
INFO:main:10.35
INFO:main:11.60
INFO:main:9.74
INFO:main:10.58
INFO:main:10.63
INFO:main:11.41
INFO:main:11.01
INFO:main:10.79
INFO:main:11.01
INFO:main:11.96
INFO:main:11.70
INFO:main:12.07
INFO:main:10.55
INFO:main:11.83
INFO:main:10.71
INFO:main:11.54
