INFO:werkzeug:[31m[1mWARNING: This is a development server. Do not use it in a production deployment. Use a production WSGI server instead.[0m
 * Running on all addresses (0.0.0.0)
 * Running on http://127.0.0.1:8080
 * Running on http://10.244.1.196:8080
INFO:werkzeug:[33mPress CTRL+C to quit[0m
INFO:werkzeug:127.0.0.1 - - [05/Aug/2023 04:24:55] "GET /api/stream/active/192.168.2.2:1935/200 HTTP/1.1" 200 -
INFO:main:5.56
INFO:main:8.96
INFO:main:11.54
INFO:main:10.93
INFO:main:12.62
INFO:main:10.75
INFO:main:9.87
INFO:main:10.58
INFO:main:11.96
INFO:main:10.77
INFO:main:11.00
INFO:main:12.07
INFO:main:10.62
INFO:main:11.50
INFO:main:11.10
INFO:main:9.94
INFO:main:12.15
INFO:main:10.63
INFO:main:9.43
INFO:main:11.25
INFO:main:10.39
INFO:main:11.10
INFO:main:10.32
INFO:main:11.60
INFO:main:10.75
INFO:main:10.72
INFO:main:11.44
INFO:main:10.89
INFO:main:11.50
INFO:main:10.49
INFO:main:10.83
INFO:main:10.99
INFO:main:11.30
INFO:main:8.97
INFO:main:10.76
INFO:main:10.88
INFO:main:10.46
INFO:main:12.01
INFO:main:11.33
INFO:main:10.76
INFO:main:11.44
INFO:main:11.13
INFO:main:11.65
INFO:main:11.15
INFO:main:12.94
INFO:main:11.51
INFO:main:10.57
INFO:main:11.76
INFO:main:10.66
INFO:main:11.23
INFO:main:11.34
INFO:main:10.90
INFO:main:10.66
INFO:main:11.52
INFO:main:12.64
INFO:main:12.60
INFO:main:11.97
INFO:main:10.94
INFO:main:11.19
INFO:main:10.99
INFO:main:11.89
INFO:main:11.10
INFO:main:9.43
INFO:main:11.52
INFO:main:11.73
INFO:main:10.81
INFO:main:12.54
INFO:main:10.51
INFO:main:11.58
INFO:main:12.49
INFO:main:12.19
INFO:main:11.38
INFO:main:12.07
INFO:main:12.26
INFO:main:10.57
INFO:main:10.90
INFO:main:9.39
INFO:main:10.18
INFO:main:9.61
INFO:main:11.86
INFO:main:11.96
INFO:main:9.13
INFO:main:11.20
INFO:main:9.75
INFO:main:10.75
INFO:main:9.97
INFO:main:12.60
INFO:main:11.38
INFO:main:12.13
INFO:main:11.42
INFO:main:12.58
INFO:main:11.53
INFO:main:11.35
INFO:main:11.55
INFO:main:10.96
INFO:main:11.26
