INFO:werkzeug:[31m[1mWARNING: This is a development server. Do not use it in a production deployment. Use a production WSGI server instead.[0m
 * Running on all addresses (0.0.0.0)
 * Running on http://127.0.0.1:8080
 * Running on http://10.244.1.97:8080
INFO:werkzeug:[33mPress CTRL+C to quit[0m
INFO:werkzeug:127.0.0.1 - - [05/Aug/2023 01:36:11] "GET /api/stream/active/192.168.2.2:1935/200 HTTP/1.1" 200 -
INFO:main:6.84
INFO:main:12.37
INFO:main:11.46
INFO:main:11.63
INFO:main:11.47
INFO:main:11.68
INFO:main:12.43
INFO:main:13.97
INFO:main:12.09
INFO:main:11.33
INFO:main:11.15
INFO:main:11.22
INFO:main:11.40
INFO:main:11.31
INFO:main:11.51
INFO:main:11.28
INFO:main:11.42
INFO:main:11.78
INFO:main:11.26
INFO:main:11.78
INFO:main:12.25
INFO:main:11.95
INFO:main:11.73
INFO:main:13.00
INFO:main:13.48
INFO:main:13.26
INFO:main:12.55
INFO:main:12.66
INFO:main:13.99
INFO:main:14.62
INFO:main:14.37
INFO:main:14.18
INFO:main:13.88
INFO:main:13.20
INFO:main:13.56
INFO:main:12.08
INFO:main:11.40
INFO:main:11.61
INFO:main:13.17
INFO:main:13.14
INFO:main:12.85
INFO:main:11.65
INFO:main:11.43
INFO:main:12.61
INFO:main:14.45
INFO:main:13.53
INFO:main:12.57
INFO:main:14.41
INFO:main:13.97
INFO:main:11.53
INFO:main:14.10
INFO:main:12.67
INFO:main:12.14
INFO:main:11.65
INFO:main:11.84
INFO:main:11.92
INFO:main:11.06
INFO:main:10.75
INFO:main:11.02
INFO:main:11.67
INFO:main:11.98
INFO:main:13.00
INFO:main:12.76
INFO:main:11.36
INFO:main:11.68
INFO:main:12.66
INFO:main:14.48
INFO:main:13.33
INFO:main:13.97
INFO:main:14.46
INFO:main:13.94
INFO:main:13.93
INFO:main:13.89
INFO:main:14.46
INFO:main:15.06
INFO:main:13.25
INFO:main:12.31
INFO:main:11.53
INFO:main:12.04
INFO:main:11.51
INFO:main:14.56
INFO:main:11.05
INFO:main:12.34
INFO:main:11.76
INFO:main:11.95
INFO:main:12.67
INFO:main:12.75
INFO:main:13.41
INFO:main:11.50
INFO:main:12.57
INFO:main:12.15
INFO:main:12.51
INFO:main:11.51
INFO:main:12.88
