INFO:werkzeug:[31m[1mWARNING: This is a development server. Do not use it in a production deployment. Use a production WSGI server instead.[0m
 * Running on all addresses (0.0.0.0)
 * Running on http://127.0.0.1:8080
 * Running on http://10.244.1.13:8080
INFO:werkzeug:[33mPress CTRL+C to quit[0m
INFO:werkzeug:127.0.0.1 - - [05/Aug/2023 06:08:57] "GET /api/stream/active/192.168.2.2:1935/200 HTTP/1.1" 200 -
INFO:main:5.76
INFO:main:11.81
INFO:main:11.89
INFO:main:11.44
INFO:main:12.63
INFO:main:10.96
INFO:main:12.90
INFO:main:11.98
INFO:main:9.26
INFO:main:10.99
INFO:main:11.19
INFO:main:10.20
INFO:main:9.55
INFO:main:11.70
INFO:main:10.44
INFO:main:11.48
INFO:main:10.49
INFO:main:10.10
INFO:main:10.28
INFO:main:11.82
INFO:main:11.75
INFO:main:11.86
INFO:main:10.57
INFO:main:11.94
INFO:main:12.60
INFO:main:13.06
INFO:main:13.45
INFO:main:13.06
INFO:main:12.61
INFO:main:13.39
INFO:main:11.65
INFO:main:11.48
INFO:main:10.42
INFO:main:12.73
INFO:main:12.80
INFO:main:12.20
INFO:main:10.17
INFO:main:11.93
INFO:main:10.59
INFO:main:10.71
INFO:main:12.29
INFO:main:11.61
INFO:main:11.08
INFO:main:11.91
INFO:main:10.54
INFO:main:10.60
INFO:main:11.25
INFO:main:11.30
INFO:main:10.52
INFO:main:12.23
INFO:main:12.83
INFO:main:11.93
INFO:main:11.68
INFO:main:9.97
INFO:main:11.57
INFO:main:12.66
INFO:main:9.99
INFO:main:10.60
INFO:main:11.21
INFO:main:11.28
INFO:main:10.11
INFO:main:11.20
INFO:main:10.89
INFO:main:11.18
INFO:main:12.55
INFO:main:13.12
INFO:main:10.98
INFO:main:10.67
INFO:main:10.44
INFO:main:11.50
INFO:main:10.61
INFO:main:10.84
INFO:main:11.89
INFO:main:12.91
INFO:main:11.32
INFO:main:11.51
INFO:main:11.29
INFO:main:11.95
INFO:main:11.98
INFO:main:11.25
INFO:main:10.69
INFO:main:11.60
INFO:main:11.39
INFO:main:9.90
INFO:main:11.47
INFO:main:10.95
INFO:main:10.80
INFO:main:10.41
INFO:main:10.26
INFO:main:10.86
INFO:main:12.11
INFO:main:11.59
INFO:main:10.63
INFO:main:11.55
INFO:main:10.93
INFO:main:9.79
