INFO:werkzeug:[31m[1mWARNING: This is a development server. Do not use it in a production deployment. Use a production WSGI server instead.[0m
 * Running on all addresses (0.0.0.0)
 * Running on http://127.0.0.1:8080
 * Running on http://10.244.1.229:8080
INFO:werkzeug:[33mPress CTRL+C to quit[0m
INFO:werkzeug:127.0.0.1 - - [05/Aug/2023 10:00:46] "GET /api/stream/active/192.168.2.2:1935/200 HTTP/1.1" 200 -
INFO:main:5.73
INFO:main:13.62
INFO:main:13.54
INFO:main:15.27
INFO:main:15.19
INFO:main:14.46
INFO:main:11.54
INFO:main:11.35
INFO:main:11.58
INFO:main:11.05
INFO:main:12.67
INFO:main:14.28
INFO:main:14.78
INFO:main:14.78
INFO:main:14.93
INFO:main:15.06
INFO:main:15.12
INFO:main:14.91
INFO:main:14.87
INFO:main:15.05
INFO:main:14.78
INFO:main:12.98
INFO:main:11.23
INFO:main:12.63
INFO:main:11.86
INFO:main:12.41
INFO:main:13.94
INFO:main:14.67
INFO:main:12.78
INFO:main:14.31
INFO:main:14.13
INFO:main:13.18
INFO:main:11.26
INFO:main:12.40
INFO:main:11.50
INFO:main:11.61
INFO:main:11.37
INFO:main:13.60
INFO:main:13.29
INFO:main:11.84
INFO:main:11.22
INFO:main:10.99
INFO:main:11.20
INFO:main:11.10
INFO:main:11.31
INFO:main:11.64
INFO:main:11.83
INFO:main:12.56
INFO:main:14.37
INFO:main:12.94
INFO:main:12.03
INFO:main:13.92
INFO:main:11.13
INFO:main:10.82
INFO:main:11.34
INFO:main:11.00
INFO:main:11.24
INFO:main:12.17
INFO:main:12.73
INFO:main:12.95
INFO:main:11.61
INFO:main:10.95
INFO:main:11.24
INFO:main:12.56
INFO:main:11.63
INFO:main:10.99
INFO:main:10.98
INFO:main:12.22
INFO:main:13.25
INFO:main:12.90
INFO:main:14.33
INFO:main:13.93
INFO:main:11.06
INFO:main:12.65
INFO:main:13.34
INFO:main:14.18
INFO:main:12.58
INFO:main:11.58
INFO:main:14.72
INFO:main:14.78
INFO:main:14.94
INFO:main:14.68
INFO:main:12.83
INFO:main:11.08
INFO:main:12.29
INFO:main:11.61
INFO:main:10.89
INFO:main:12.18
INFO:main:14.41
INFO:main:13.93
INFO:main:12.23
INFO:main:11.14
INFO:main:11.72
INFO:main:12.24
INFO:main:11.19
INFO:main:11.71
INFO:main:12.75
INFO:main:14.35
INFO:main:14.78
INFO:main:14.86
INFO:main:14.37
INFO:main:12.34
