INFO:werkzeug:[31m[1mWARNING: This is a development server. Do not use it in a production deployment. Use a production WSGI server instead.[0m
 * Running on all addresses (0.0.0.0)
 * Running on http://127.0.0.1:8080
 * Running on http://10.244.1.152:8080
INFO:werkzeug:[33mPress CTRL+C to quit[0m
INFO:werkzeug:127.0.0.1 - - [05/Aug/2023 03:16:18] "GET /api/stream/active/192.168.2.2:1935/200 HTTP/1.1" 200 -
INFO:main:7.72
INFO:main:12.73
INFO:main:12.57
INFO:main:11.78
INFO:main:11.60
INFO:main:11.36
INFO:main:11.80
INFO:main:11.99
INFO:main:11.40
INFO:main:11.28
INFO:main:11.60
INFO:main:11.37
INFO:main:11.27
INFO:main:11.78
INFO:main:11.46
INFO:main:11.14
INFO:main:11.50
INFO:main:11.30
INFO:main:11.39
INFO:main:11.53
INFO:main:11.49
INFO:main:11.78
INFO:main:11.77
INFO:main:11.42
INFO:main:11.78
INFO:main:12.52
INFO:main:13.38
INFO:main:14.62
INFO:main:15.29
INFO:main:12.34
INFO:main:11.69
INFO:main:13.61
INFO:main:14.90
INFO:main:13.13
INFO:main:11.61
INFO:main:11.55
INFO:main:12.18
INFO:main:14.44
INFO:main:12.37
INFO:main:13.86
INFO:main:14.53
INFO:main:13.26
INFO:main:13.16
INFO:main:12.76
INFO:main:11.75
INFO:main:12.11
INFO:main:11.55
INFO:main:11.41
INFO:main:12.86
INFO:main:14.76
INFO:main:14.83
INFO:main:14.86
INFO:main:14.87
INFO:main:13.87
INFO:main:12.81
INFO:main:12.69
INFO:main:12.46
INFO:main:11.86
INFO:main:11.96
INFO:main:12.13
INFO:main:12.38
INFO:main:12.13
INFO:main:11.86
INFO:main:11.67
INFO:main:11.94
INFO:main:14.28
INFO:main:13.17
INFO:main:14.44
INFO:main:14.88
INFO:main:14.63
INFO:main:14.12
INFO:main:13.91
INFO:main:13.73
INFO:main:14.71
INFO:main:12.96
INFO:main:13.22
INFO:main:12.10
INFO:main:12.72
INFO:main:15.09
INFO:main:14.80
INFO:main:12.94
INFO:main:11.34
INFO:main:11.46
INFO:main:11.77
INFO:main:14.84
INFO:main:14.42
INFO:main:11.88
INFO:main:14.15
INFO:main:14.10
INFO:main:13.34
INFO:main:13.75
INFO:main:11.65
INFO:main:12.12
INFO:main:12.75
INFO:main:13.90
INFO:main:12.70
INFO:main:12.00
