INFO:werkzeug:[31m[1mWARNING: This is a development server. Do not use it in a production deployment. Use a production WSGI server instead.[0m
 * Running on all addresses (0.0.0.0)
 * Running on http://127.0.0.1:8080
 * Running on http://10.244.1.230:8080
INFO:werkzeug:[33mPress CTRL+C to quit[0m
INFO:werkzeug:127.0.0.1 - - [05/Aug/2023 05:16:57] "GET /api/stream/active/192.168.2.2:1935/200 HTTP/1.1" 200 -
INFO:main:6.68
INFO:main:9.63
INFO:main:11.93
INFO:main:13.34
INFO:main:11.83
INFO:main:9.70
INFO:main:11.93
INFO:main:12.08
INFO:main:12.46
INFO:main:10.79
INFO:main:9.40
INFO:main:11.73
INFO:main:11.20
INFO:main:12.86
INFO:main:13.17
INFO:main:12.70
INFO:main:10.96
INFO:main:11.35
INFO:main:11.56
INFO:main:13.39
INFO:main:12.78
INFO:main:13.26
INFO:main:12.50
INFO:main:10.85
INFO:main:12.72
INFO:main:12.99
INFO:main:12.29
INFO:main:12.02
INFO:main:12.06
INFO:main:12.99
INFO:main:13.05
INFO:main:12.76
INFO:main:10.94
INFO:main:12.95
INFO:main:11.68
INFO:main:10.87
INFO:main:10.46
INFO:main:11.54
INFO:main:11.47
INFO:main:12.10
INFO:main:12.51
INFO:main:12.45
INFO:main:10.93
INFO:main:10.69
INFO:main:12.84
INFO:main:11.63
INFO:main:11.95
INFO:main:11.86
INFO:main:13.44
INFO:main:13.34
INFO:main:12.74
INFO:main:9.77
INFO:main:11.26
INFO:main:11.53
INFO:main:10.27
INFO:main:9.45
INFO:main:10.33
INFO:main:10.45
INFO:main:12.20
INFO:main:11.05
INFO:main:12.77
INFO:main:10.50
INFO:main:11.57
INFO:main:10.89
INFO:main:11.31
INFO:main:12.49
INFO:main:11.98
INFO:main:10.12
INFO:main:10.64
INFO:main:12.47
INFO:main:9.94
INFO:main:11.36
INFO:main:10.91
INFO:main:10.55
INFO:main:12.00
INFO:main:11.95
INFO:main:12.17
INFO:main:11.41
INFO:main:11.30
INFO:main:12.41
INFO:main:12.44
INFO:main:12.21
INFO:main:10.46
INFO:main:11.35
INFO:main:11.33
INFO:main:11.60
INFO:main:11.93
INFO:main:10.30
INFO:main:10.57
INFO:main:11.37
INFO:main:11.83
INFO:main:10.92
INFO:main:11.78
INFO:main:12.70
INFO:main:11.76
INFO:main:11.28
