INFO:werkzeug:[31m[1mWARNING: This is a development server. Do not use it in a production deployment. Use a production WSGI server instead.[0m
 * Running on all addresses (0.0.0.0)
 * Running on http://127.0.0.1:8080
 * Running on http://10.244.1.129:8080
INFO:werkzeug:[33mPress CTRL+C to quit[0m
INFO:werkzeug:127.0.0.1 - - [05/Aug/2023 02:43:08] "GET /api/stream/active/192.168.2.2:1935/200 HTTP/1.1" 200 -
INFO:main:7.43
INFO:main:11.52
INFO:main:11.54
INFO:main:11.75
INFO:main:11.01
INFO:main:10.82
INFO:main:10.97
INFO:main:11.11
INFO:main:11.60
INFO:main:11.79
INFO:main:11.53
INFO:main:11.64
INFO:main:11.32
INFO:main:10.82
INFO:main:10.99
INFO:main:11.16
INFO:main:11.00
INFO:main:11.43
INFO:main:12.01
INFO:main:12.63
INFO:main:11.91
INFO:main:11.17
INFO:main:11.18
INFO:main:11.28
INFO:main:11.34
INFO:main:11.30
INFO:main:11.11
INFO:main:11.37
INFO:main:11.92
INFO:main:12.54
INFO:main:13.99
INFO:main:14.88
INFO:main:11.37
INFO:main:12.81
INFO:main:13.81
INFO:main:13.85
INFO:main:11.89
INFO:main:12.47
INFO:main:12.62
INFO:main:13.97
INFO:main:14.31
INFO:main:14.78
INFO:main:13.36
INFO:main:12.58
INFO:main:12.16
INFO:main:11.74
INFO:main:11.72
INFO:main:13.78
INFO:main:12.34
INFO:main:13.30
INFO:main:12.47
INFO:main:12.26
INFO:main:14.39
INFO:main:12.24
INFO:main:11.76
INFO:main:11.49
INFO:main:11.77
INFO:main:12.81
INFO:main:14.35
INFO:main:12.64
INFO:main:13.25
INFO:main:11.47
INFO:main:11.46
INFO:main:10.81
INFO:main:12.37
INFO:main:13.39
INFO:main:13.99
INFO:main:12.28
INFO:main:13.34
INFO:main:14.38
INFO:main:12.50
INFO:main:14.97
INFO:main:12.43
INFO:main:11.81
INFO:main:12.20
INFO:main:12.35
INFO:main:11.59
INFO:main:13.05
INFO:main:13.43
INFO:main:14.85
INFO:main:14.82
INFO:main:11.96
INFO:main:11.70
INFO:main:12.08
INFO:main:12.16
INFO:main:11.74
INFO:main:12.65
INFO:main:13.94
INFO:main:12.13
INFO:main:12.10
INFO:main:15.26
INFO:main:13.71
INFO:main:11.81
INFO:main:12.79
INFO:main:15.19
INFO:main:15.37
