INFO:werkzeug:[31m[1mWARNING: This is a development server. Do not use it in a production deployment. Use a production WSGI server instead.[0m
 * Running on all addresses (0.0.0.0)
 * Running on http://127.0.0.1:8080
 * Running on http://10.244.1.105:8080
INFO:werkzeug:[33mPress CTRL+C to quit[0m
INFO:werkzeug:127.0.0.1 - - [05/Aug/2023 01:52:49] "GET /api/stream/active/192.168.2.2:1935/200 HTTP/1.1" 200 -
INFO:main:7.43
INFO:main:13.84
INFO:main:13.95
INFO:main:14.36
INFO:main:14.32
INFO:main:14.13
INFO:main:13.32
INFO:main:13.52
INFO:main:13.75
INFO:main:13.43
INFO:main:13.63
INFO:main:14.29
INFO:main:14.41
INFO:main:14.12
INFO:main:13.57
INFO:main:12.74
INFO:main:12.22
INFO:main:11.60
INFO:main:11.43
INFO:main:11.37
INFO:main:12.73
INFO:main:12.85
INFO:main:12.24
INFO:main:11.58
INFO:main:11.03
INFO:main:12.85
INFO:main:13.83
INFO:main:13.70
INFO:main:12.82
INFO:main:13.61
INFO:main:12.99
INFO:main:12.61
INFO:main:13.86
INFO:main:14.97
INFO:main:12.43
INFO:main:14.49
INFO:main:13.33
INFO:main:12.71
INFO:main:11.90
INFO:main:12.12
INFO:main:10.95
INFO:main:11.59
INFO:main:11.43
INFO:main:13.31
INFO:main:13.72
INFO:main:13.33
INFO:main:14.21
INFO:main:14.59
INFO:main:13.91
INFO:main:14.33
INFO:main:14.26
INFO:main:14.80
INFO:main:13.82
INFO:main:12.38
INFO:main:13.72
INFO:main:11.32
INFO:main:13.27
INFO:main:13.28
INFO:main:12.32
INFO:main:13.68
INFO:main:11.76
INFO:main:11.51
INFO:main:13.80
INFO:main:12.99
INFO:main:14.09
INFO:main:13.98
INFO:main:12.80
INFO:main:13.46
INFO:main:12.97
INFO:main:13.99
INFO:main:14.76
INFO:main:14.70
INFO:main:14.91
INFO:main:14.78
INFO:main:13.87
INFO:main:14.70
INFO:main:13.44
INFO:main:13.57
INFO:main:13.17
INFO:main:13.02
INFO:main:11.55
INFO:main:12.90
INFO:main:14.15
INFO:main:11.71
INFO:main:10.94
INFO:main:11.10
INFO:main:13.49
INFO:main:13.40
INFO:main:12.94
INFO:main:14.33
INFO:main:12.86
INFO:main:13.86
INFO:main:13.99
