INFO:werkzeug:[31m[1mWARNING: This is a development server. Do not use it in a production deployment. Use a production WSGI server instead.[0m
 * Running on all addresses (0.0.0.0)
 * Running on http://127.0.0.1:8080
 * Running on http://10.244.1.207:8080
INFO:werkzeug:[33mPress CTRL+C to quit[0m
INFO:werkzeug:127.0.0.1 - - [05/Aug/2023 04:41:57] "GET /api/stream/active/192.168.2.2:1935/200 HTTP/1.1" 200 -
INFO:main:5.68
INFO:main:13.07
INFO:main:9.53
INFO:main:11.59
INFO:main:10.82
INFO:main:11.98
INFO:main:9.22
INFO:main:11.47
INFO:main:10.75
INFO:main:10.26
INFO:main:10.18
INFO:main:10.65
INFO:main:11.55
INFO:main:9.94
INFO:main:11.20
INFO:main:10.80
INFO:main:11.12
INFO:main:10.89
INFO:main:10.23
INFO:main:12.62
INFO:main:12.39
INFO:main:10.60
INFO:main:9.11
INFO:main:11.44
INFO:main:10.84
INFO:main:11.46
INFO:main:11.35
INFO:main:9.88
INFO:main:9.09
INFO:main:9.34
INFO:main:9.24
INFO:main:11.62
INFO:main:11.98
INFO:main:11.89
INFO:main:11.26
INFO:main:11.55
INFO:main:11.25
INFO:main:10.73
INFO:main:11.56
INFO:main:11.82
INFO:main:9.68
INFO:main:11.17
INFO:main:11.80
INFO:main:11.71
INFO:main:11.23
INFO:main:10.88
INFO:main:10.54
INFO:main:12.28
INFO:main:12.86
INFO:main:10.40
INFO:main:11.00
INFO:main:11.45
INFO:main:10.44
INFO:main:11.62
INFO:main:11.09
INFO:main:10.36
INFO:main:10.86
INFO:main:10.79
INFO:main:11.38
INFO:main:9.94
INFO:main:12.19
INFO:main:12.46
INFO:main:11.60
INFO:main:12.37
INFO:main:11.50
INFO:main:11.16
INFO:main:11.46
INFO:main:10.68
INFO:main:12.11
INFO:main:10.90
INFO:main:11.84
INFO:main:13.51
INFO:main:13.39
INFO:main:11.26
INFO:main:10.19
INFO:main:11.46
INFO:main:11.28
INFO:main:12.51
INFO:main:13.00
INFO:main:10.91
INFO:main:10.53
INFO:main:9.78
INFO:main:10.55
INFO:main:11.87
INFO:main:12.50
INFO:main:11.82
INFO:main:11.56
INFO:main:12.76
INFO:main:11.87
INFO:main:12.05
INFO:main:12.06
INFO:main:12.44
INFO:main:10.15
INFO:main:10.77
INFO:main:11.99
INFO:main:12.56
