INFO:werkzeug:[31m[1mWARNING: This is a development server. Do not use it in a production deployment. Use a production WSGI server instead.[0m
 * Running on all addresses (0.0.0.0)
 * Running on http://127.0.0.1:8080
 * Running on http://10.244.1.134:8080
INFO:werkzeug:[33mPress CTRL+C to quit[0m
INFO:werkzeug:127.0.0.1 - - [05/Aug/2023 13:22:34] "GET /api/stream/active/192.168.2.2:1935/200 HTTP/1.1" 200 -
INFO:main:7.97
INFO:main:13.54
INFO:main:14.36
INFO:main:13.90
INFO:main:13.59
INFO:main:14.95
INFO:main:14.49
INFO:main:14.22
INFO:main:13.99
INFO:main:13.89
INFO:main:13.86
INFO:main:13.87
INFO:main:13.88
INFO:main:13.95
INFO:main:14.01
INFO:main:14.15
INFO:main:14.12
INFO:main:13.74
INFO:main:14.02
INFO:main:14.17
INFO:main:14.15
INFO:main:14.03
INFO:main:14.22
INFO:main:14.38
INFO:main:14.18
INFO:main:14.01
INFO:main:14.06
INFO:main:14.23
INFO:main:15.14
INFO:main:14.82
INFO:main:14.29
INFO:main:13.97
INFO:main:14.08
INFO:main:13.89
INFO:main:13.81
INFO:main:13.76
INFO:main:13.97
INFO:main:14.50
INFO:main:14.12
INFO:main:14.22
INFO:main:14.28
INFO:main:14.29
INFO:main:13.93
INFO:main:14.44
INFO:main:14.39
INFO:main:14.28
INFO:main:13.88
INFO:main:13.89
INFO:main:14.19
INFO:main:14.27
INFO:main:14.08
INFO:main:14.03
INFO:main:13.89
INFO:main:13.62
INFO:main:13.78
INFO:main:14.27
INFO:main:14.34
INFO:main:14.76
INFO:main:14.95
INFO:main:14.49
INFO:main:14.50
INFO:main:14.69
INFO:main:14.52
INFO:main:14.69
INFO:main:14.61
INFO:main:14.82
INFO:main:15.04
INFO:main:14.98
INFO:main:14.57
INFO:main:14.55
INFO:main:14.46
INFO:main:14.07
INFO:main:13.67
INFO:main:13.83
INFO:main:14.16
INFO:main:14.13
INFO:main:13.99
INFO:main:14.15
INFO:main:14.07
INFO:main:14.21
INFO:main:14.15
INFO:main:14.19
INFO:main:14.05
INFO:main:13.94
INFO:main:14.30
INFO:main:14.03
INFO:main:13.93
INFO:main:14.35
INFO:main:14.04
INFO:main:13.75
INFO:main:13.82
INFO:main:13.99
INFO:main:14.11
INFO:main:14.31
INFO:main:14.65
INFO:main:14.11
INFO:main:14.18
INFO:main:13.75
INFO:main:14.15
INFO:main:14.21
INFO:main:14.09
