INFO:werkzeug:[31m[1mWARNING: This is a development server. Do not use it in a production deployment. Use a production WSGI server instead.[0m
 * Running on all addresses (0.0.0.0)
 * Running on http://127.0.0.1:8080
 * Running on http://10.244.1.89:8080
INFO:werkzeug:[33mPress CTRL+C to quit[0m
INFO:werkzeug:127.0.0.1 - - [05/Aug/2023 01:19:20] "GET /api/stream/active/192.168.2.2:1935/200 HTTP/1.1" 200 -
INFO:main:6.90
INFO:main:11.93
INFO:main:10.97
INFO:main:11.02
INFO:main:11.07
INFO:main:11.11
INFO:main:11.07
INFO:main:10.95
INFO:main:10.86
INFO:main:10.99
INFO:main:10.91
INFO:main:10.94
INFO:main:10.90
INFO:main:11.11
INFO:main:11.46
INFO:main:11.87
INFO:main:11.84
INFO:main:11.95
INFO:main:11.80
INFO:main:11.36
INFO:main:11.22
INFO:main:11.05
INFO:main:10.90
INFO:main:10.99
INFO:main:10.68
INFO:main:10.97
INFO:main:11.28
INFO:main:12.92
INFO:main:13.64
INFO:main:14.37
INFO:main:12.95
INFO:main:13.99
INFO:main:14.25
INFO:main:13.11
INFO:main:12.55
INFO:main:13.65
INFO:main:13.23
INFO:main:13.81
INFO:main:11.52
INFO:main:12.92
INFO:main:11.80
INFO:main:12.16
INFO:main:12.84
INFO:main:11.80
INFO:main:12.49
INFO:main:13.97
INFO:main:14.61
INFO:main:11.45
INFO:main:11.03
INFO:main:11.23
INFO:main:11.55
INFO:main:12.98
INFO:main:12.98
INFO:main:13.26
INFO:main:12.98
INFO:main:14.62
INFO:main:13.76
INFO:main:12.22
INFO:main:13.96
INFO:main:14.36
INFO:main:13.75
INFO:main:12.08
INFO:main:14.38
INFO:main:13.61
INFO:main:13.94
INFO:main:12.23
INFO:main:14.00
INFO:main:14.15
INFO:main:11.98
INFO:main:11.14
INFO:main:12.35
INFO:main:14.00
INFO:main:12.13
INFO:main:14.27
INFO:main:11.85
INFO:main:11.36
INFO:main:13.66
INFO:main:11.83
INFO:main:13.15
INFO:main:12.00
INFO:main:14.74
INFO:main:13.76
INFO:main:13.27
INFO:main:11.94
INFO:main:12.76
INFO:main:11.74
INFO:main:13.60
INFO:main:11.95
INFO:main:13.81
INFO:main:13.76
INFO:main:14.09
