INFO:werkzeug:[31m[1mWARNING: This is a development server. Do not use it in a production deployment. Use a production WSGI server instead.[0m
 * Running on all addresses (0.0.0.0)
 * Running on http://127.0.0.1:8080
 * Running on http://10.244.1.71:8080
INFO:werkzeug:[33mPress CTRL+C to quit[0m
INFO:werkzeug:127.0.0.1 - - [05/Aug/2023 07:19:56] "GET /api/stream/active/192.168.2.2:1935/200 HTTP/1.1" 200 -
INFO:main:6.44
INFO:main:9.89
INFO:main:8.84
INFO:main:9.50
INFO:main:9.76
INFO:main:9.90
INFO:main:9.86
INFO:main:9.95
INFO:main:9.80
INFO:main:9.92
INFO:main:9.79
INFO:main:9.79
INFO:main:9.90
INFO:main:9.46
INFO:main:8.82
INFO:main:8.87
INFO:main:9.10
INFO:main:9.58
INFO:main:8.72
INFO:main:9.62
INFO:main:9.73
INFO:main:8.80
INFO:main:8.86
INFO:main:10.04
INFO:main:9.86
INFO:main:9.48
INFO:main:8.78
INFO:main:8.29
INFO:main:8.63
INFO:main:8.25
INFO:main:8.39
INFO:main:8.94
INFO:main:8.75
INFO:main:8.90
INFO:main:9.67
INFO:main:9.79
INFO:main:9.66
INFO:main:10.09
INFO:main:9.67
INFO:main:9.88
INFO:main:9.88
INFO:main:9.78
INFO:main:9.88
INFO:main:7.67
INFO:main:9.55
INFO:main:9.55
INFO:main:9.72
INFO:main:9.75
INFO:main:9.73
INFO:main:9.58
INFO:main:9.80
INFO:main:8.94
INFO:main:8.80
INFO:main:9.55
INFO:main:10.27
INFO:main:8.59
INFO:main:8.96
INFO:main:8.98
INFO:main:8.97
INFO:main:6.95
INFO:main:9.27
INFO:main:9.63
INFO:main:9.57
INFO:main:9.45
INFO:main:9.89
INFO:main:9.50
INFO:main:9.73
INFO:main:10.04
INFO:main:9.65
INFO:main:9.67
INFO:main:9.98
INFO:main:9.16
INFO:main:10.05
INFO:main:8.60
INFO:main:8.63
INFO:main:9.47
INFO:main:9.20
INFO:main:9.90
INFO:main:9.55
INFO:main:9.93
INFO:main:8.90
INFO:main:9.96
INFO:main:9.88
INFO:main:9.68
INFO:main:9.89
INFO:main:9.55
INFO:main:9.69
INFO:main:9.83
INFO:main:9.96
INFO:main:7.21
INFO:main:8.87
INFO:main:9.26
INFO:main:10.00
INFO:main:9.51
INFO:main:8.86
INFO:main:9.43
INFO:main:8.64
INFO:main:9.66
