INFO:werkzeug:[31m[1mWARNING: This is a development server. Do not use it in a production deployment. Use a production WSGI server instead.[0m
 * Running on all addresses (0.0.0.0)
 * Running on http://127.0.0.1:8080
 * Running on http://10.244.1.162:8080
INFO:werkzeug:[33mPress CTRL+C to quit[0m
INFO:werkzeug:127.0.0.1 - - [05/Aug/2023 08:48:47] "GET /api/stream/active/192.168.2.2:1935/200 HTTP/1.1" 200 -
INFO:main:5.89
INFO:main:9.28
INFO:main:8.55
INFO:main:9.53
INFO:main:9.40
INFO:main:9.40
INFO:main:9.76
INFO:main:10.08
INFO:main:9.85
INFO:main:9.58
INFO:main:9.83
INFO:main:9.98
INFO:main:10.08
INFO:main:9.69
INFO:main:9.99
INFO:main:9.84
INFO:main:9.80
INFO:main:9.97
INFO:main:9.91
INFO:main:9.75
INFO:main:9.91
INFO:main:9.77
INFO:main:9.79
INFO:main:10.01
INFO:main:9.53
INFO:main:9.29
INFO:main:9.64
INFO:main:9.76
INFO:main:9.82
INFO:main:9.93
INFO:main:9.38
INFO:main:9.81
INFO:main:9.45
INFO:main:9.27
INFO:main:9.74
INFO:main:9.94
INFO:main:9.99
INFO:main:9.56
INFO:main:9.39
INFO:main:9.37
INFO:main:9.46
INFO:main:9.92
INFO:main:8.99
INFO:main:9.55
INFO:main:9.23
INFO:main:9.91
INFO:main:9.09
INFO:main:9.39
INFO:main:8.65
INFO:main:9.43
INFO:main:9.02
INFO:main:8.73
INFO:main:9.73
INFO:main:9.89
INFO:main:9.53
INFO:main:9.72
INFO:main:9.42
INFO:main:9.16
INFO:main:9.73
INFO:main:9.80
INFO:main:9.33
INFO:main:9.77
INFO:main:9.97
INFO:main:9.42
INFO:main:9.95
INFO:main:9.85
INFO:main:9.18
INFO:main:10.00
INFO:main:9.95
INFO:main:9.90
INFO:main:9.58
INFO:main:9.64
INFO:main:9.78
INFO:main:8.76
INFO:main:9.37
INFO:main:9.25
INFO:main:8.76
INFO:main:9.55
INFO:main:9.82
INFO:main:9.89
INFO:main:9.56
INFO:main:9.15
INFO:main:9.97
INFO:main:9.98
INFO:main:8.87
INFO:main:8.52
INFO:main:9.44
INFO:main:9.79
INFO:main:8.93
INFO:main:7.92
INFO:main:9.37
INFO:main:9.85
INFO:main:9.81
INFO:main:9.70
INFO:main:9.94
INFO:main:9.93
INFO:main:9.84
