INFO:werkzeug:[31m[1mWARNING: This is a development server. Do not use it in a production deployment. Use a production WSGI server instead.[0m
 * Running on all addresses (0.0.0.0)
 * Running on http://127.0.0.1:8080
 * Running on http://10.244.1.161:8080
INFO:werkzeug:[33mPress CTRL+C to quit[0m
INFO:werkzeug:127.0.0.1 - - [05/Aug/2023 03:33:10] "GET /api/stream/active/192.168.2.2:1935/200 HTTP/1.1" 200 -
INFO:main:7.87
INFO:main:14.12
INFO:main:14.73
INFO:main:13.89
INFO:main:12.34
INFO:main:12.77
INFO:main:12.17
INFO:main:11.70
INFO:main:11.52
INFO:main:12.16
INFO:main:12.96
INFO:main:12.02
INFO:main:11.25
INFO:main:11.48
INFO:main:11.55
INFO:main:11.30
INFO:main:11.59
INFO:main:11.60
INFO:main:11.18
INFO:main:11.26
INFO:main:11.58
INFO:main:11.24
INFO:main:11.44
INFO:main:11.20
INFO:main:11.47
INFO:main:12.06
INFO:main:12.36
INFO:main:11.55
INFO:main:12.08
INFO:main:12.04
INFO:main:11.87
INFO:main:11.46
INFO:main:13.52
INFO:main:14.73
INFO:main:14.55
INFO:main:12.77
INFO:main:11.75
INFO:main:11.61
INFO:main:11.39
INFO:main:12.79
INFO:main:12.34
INFO:main:14.69
INFO:main:12.79
INFO:main:12.75
INFO:main:12.73
INFO:main:13.37
INFO:main:14.28
INFO:main:14.21
INFO:main:14.44
INFO:main:12.27
INFO:main:12.99
INFO:main:11.18
INFO:main:11.99
INFO:main:11.46
INFO:main:11.36
INFO:main:11.25
INFO:main:11.12
INFO:main:11.60
INFO:main:10.76
INFO:main:11.15
INFO:main:11.72
INFO:main:13.41
INFO:main:11.42
INFO:main:12.69
INFO:main:11.75
INFO:main:11.31
INFO:main:12.98
INFO:main:14.44
INFO:main:14.82
INFO:main:14.59
INFO:main:14.90
INFO:main:14.35
INFO:main:13.36
INFO:main:11.81
INFO:main:12.45
INFO:main:14.61
INFO:main:14.62
INFO:main:13.84
INFO:main:12.60
INFO:main:14.37
INFO:main:14.34
INFO:main:12.58
INFO:main:11.30
INFO:main:12.26
INFO:main:13.84
INFO:main:12.98
INFO:main:12.72
INFO:main:13.90
INFO:main:13.80
INFO:main:14.28
INFO:main:14.58
INFO:main:12.90
INFO:main:12.00
