INFO:werkzeug:[31m[1mWARNING: This is a development server. Do not use it in a production deployment. Use a production WSGI server instead.[0m
 * Running on all addresses (0.0.0.0)
 * Running on http://127.0.0.1:8080
 * Running on http://10.244.1.159:8080
INFO:werkzeug:[33mPress CTRL+C to quit[0m
INFO:werkzeug:127.0.0.1 - - [05/Aug/2023 08:48:48] "GET /api/stream/active/192.168.2.2:1935/200 HTTP/1.1" 200 -
INFO:main:2.88
INFO:main:9.63
INFO:main:9.21
INFO:main:9.35
INFO:main:9.39
INFO:main:9.97
INFO:main:9.86
INFO:main:9.89
INFO:main:9.88
INFO:main:9.48
INFO:main:9.96
INFO:main:9.93
INFO:main:9.81
INFO:main:10.07
INFO:main:9.80
INFO:main:10.06
INFO:main:9.74
INFO:main:9.84
INFO:main:9.93
INFO:main:9.68
INFO:main:9.92
INFO:main:9.88
INFO:main:9.94
INFO:main:9.83
INFO:main:9.35
INFO:main:8.96
INFO:main:10.05
INFO:main:9.81
INFO:main:9.85
INFO:main:9.54
INFO:main:9.68
INFO:main:9.76
INFO:main:9.25
INFO:main:9.58
INFO:main:9.94
INFO:main:9.85
INFO:main:8.84
INFO:main:9.48
INFO:main:8.39
INFO:main:7.76
INFO:main:8.76
INFO:main:9.11
INFO:main:8.30
INFO:main:9.96
INFO:main:10.25
INFO:main:9.91
INFO:main:8.82
INFO:main:7.56
INFO:main:7.78
INFO:main:9.42
INFO:main:9.80
INFO:main:9.20
INFO:main:9.50
INFO:main:9.91
INFO:main:9.83
INFO:main:9.86
INFO:main:10.32
INFO:main:9.65
INFO:main:9.94
INFO:main:9.86
INFO:main:9.49
INFO:main:9.73
INFO:main:10.13
INFO:main:9.86
INFO:main:9.67
INFO:main:9.60
INFO:main:9.57
INFO:main:9.72
INFO:main:9.79
INFO:main:9.78
INFO:main:9.79
INFO:main:9.72
INFO:main:9.82
INFO:main:8.52
INFO:main:8.50
INFO:main:9.22
INFO:main:8.46
INFO:main:8.90
INFO:main:9.69
INFO:main:9.84
INFO:main:9.16
INFO:main:8.76
INFO:main:9.93
INFO:main:10.04
INFO:main:8.51
INFO:main:8.43
INFO:main:8.79
INFO:main:9.05
INFO:main:8.88
INFO:main:8.57
INFO:main:8.77
INFO:main:9.75
INFO:main:10.04
INFO:main:9.72
INFO:main:9.76
INFO:main:9.74
INFO:main:9.81
