INFO:werkzeug:[31m[1mWARNING: This is a development server. Do not use it in a production deployment. Use a production WSGI server instead.[0m
 * Running on all addresses (0.0.0.0)
 * Running on http://127.0.0.1:8080
 * Running on http://10.244.1.40:8080
INFO:werkzeug:[33mPress CTRL+C to quit[0m
INFO:werkzeug:127.0.0.1 - - [05/Aug/2023 10:55:39] "GET /api/stream/active/192.168.2.2:1935/200 HTTP/1.1" 200 -
INFO:main:7.55
INFO:main:13.53
INFO:main:12.73
INFO:main:14.27
INFO:main:13.99
INFO:main:13.46
INFO:main:13.08
INFO:main:13.25
INFO:main:13.27
INFO:main:13.36
INFO:main:13.34
INFO:main:13.25
INFO:main:13.25
INFO:main:13.32
INFO:main:13.34
INFO:main:13.77
INFO:main:13.72
INFO:main:13.38
INFO:main:13.39
INFO:main:13.23
INFO:main:13.42
INFO:main:13.65
INFO:main:13.57
INFO:main:13.48
INFO:main:13.57
INFO:main:13.71
INFO:main:13.67
INFO:main:13.60
INFO:main:13.41
INFO:main:15.01
INFO:main:13.91
INFO:main:14.29
INFO:main:14.12
INFO:main:14.19
INFO:main:14.23
INFO:main:14.35
INFO:main:14.73
INFO:main:15.02
INFO:main:14.52
INFO:main:14.06
INFO:main:13.86
INFO:main:14.18
INFO:main:14.01
INFO:main:13.94
INFO:main:13.93
INFO:main:13.85
INFO:main:14.17
INFO:main:13.84
INFO:main:13.80
INFO:main:13.88
INFO:main:13.56
INFO:main:13.55
INFO:main:13.50
INFO:main:13.97
INFO:main:13.67
INFO:main:13.60
INFO:main:13.77
INFO:main:14.20
INFO:main:14.34
INFO:main:14.03
INFO:main:13.78
INFO:main:13.84
INFO:main:13.88
INFO:main:14.09
INFO:main:13.82
INFO:main:13.96
INFO:main:14.46
INFO:main:14.35
INFO:main:14.68
INFO:main:14.76
INFO:main:14.48
INFO:main:14.51
INFO:main:14.80
INFO:main:14.76
INFO:main:14.90
INFO:main:14.44
INFO:main:14.41
INFO:main:14.01
INFO:main:13.67
INFO:main:13.66
INFO:main:13.40
INFO:main:13.36
INFO:main:13.21
INFO:main:13.45
INFO:main:13.59
INFO:main:13.49
INFO:main:14.02
INFO:main:14.18
INFO:main:14.05
INFO:main:14.39
INFO:main:14.34
INFO:main:14.13
INFO:main:14.24
INFO:main:14.05
INFO:main:13.70
INFO:main:13.90
INFO:main:14.05
INFO:main:14.37
INFO:main:14.81
