INFO:werkzeug:[31m[1mWARNING: This is a development server. Do not use it in a production deployment. Use a production WSGI server instead.[0m
 * Running on all addresses (0.0.0.0)
 * Running on http://127.0.0.1:8080
 * Running on http://10.244.1.81:8080
INFO:werkzeug:[33mPress CTRL+C to quit[0m
INFO:werkzeug:127.0.0.1 - - [05/Aug/2023 01:02:41] "GET /api/stream/active/192.168.2.2:1935/200 HTTP/1.1" 200 -
INFO:main:5.80
INFO:main:10.68
INFO:main:10.85
INFO:main:11.28
INFO:main:11.21
INFO:main:10.74
INFO:main:10.69
INFO:main:10.71
INFO:main:10.48
INFO:main:10.59
INFO:main:10.66
INFO:main:10.44
INFO:main:10.43
INFO:main:10.48
INFO:main:10.59
INFO:main:11.26
INFO:main:11.18
INFO:main:11.14
INFO:main:11.58
INFO:main:11.89
INFO:main:11.91
INFO:main:11.59
INFO:main:11.98
INFO:main:12.03
INFO:main:11.75
INFO:main:11.74
INFO:main:11.59
INFO:main:11.92
INFO:main:11.55
INFO:main:11.51
INFO:main:11.92
INFO:main:12.76
INFO:main:12.61
INFO:main:11.75
INFO:main:12.35
INFO:main:13.23
INFO:main:13.56
INFO:main:13.73
INFO:main:12.79
INFO:main:13.45
INFO:main:12.78
INFO:main:11.55
INFO:main:14.14
INFO:main:12.40
INFO:main:11.57
INFO:main:14.36
INFO:main:13.31
INFO:main:13.28
INFO:main:13.20
INFO:main:12.23
INFO:main:10.79
INFO:main:10.88
INFO:main:10.96
INFO:main:11.00
INFO:main:12.65
INFO:main:12.97
INFO:main:12.77
INFO:main:14.76
INFO:main:13.69
INFO:main:13.25
INFO:main:12.37
INFO:main:13.82
INFO:main:14.74
INFO:main:13.01
INFO:main:11.72
INFO:main:13.95
INFO:main:12.92
INFO:main:12.66
INFO:main:13.44
INFO:main:14.91
INFO:main:12.95
INFO:main:13.39
INFO:main:13.59
INFO:main:12.43
INFO:main:11.61
INFO:main:13.81
INFO:main:13.90
INFO:main:13.72
INFO:main:14.00
INFO:main:13.20
INFO:main:13.09
INFO:main:14.51
INFO:main:11.87
INFO:main:10.97
INFO:main:10.14
INFO:main:10.62
INFO:main:11.51
INFO:main:10.35
INFO:main:12.55
INFO:main:12.40
INFO:main:12.73
