INFO:werkzeug:[31m[1mWARNING: This is a development server. Do not use it in a production deployment. Use a production WSGI server instead.[0m
 * Running on all addresses (0.0.0.0)
 * Running on http://127.0.0.1:8080
 * Running on http://10.244.1.14:8080
INFO:werkzeug:[33mPress CTRL+C to quit[0m
INFO:werkzeug:127.0.0.1 - - [05/Aug/2023 06:08:57] "GET /api/stream/active/192.168.2.2:1935/200 HTTP/1.1" 200 -
INFO:main:7.54
INFO:main:11.38
INFO:main:12.86
INFO:main:9.44
INFO:main:12.76
INFO:main:11.94
INFO:main:12.50
INFO:main:12.36
INFO:main:9.70
INFO:main:10.47
INFO:main:11.20
INFO:main:10.32
INFO:main:9.91
INFO:main:11.45
INFO:main:10.00
INFO:main:10.85
INFO:main:11.11
INFO:main:10.42
INFO:main:10.32
INFO:main:11.50
INFO:main:11.88
INFO:main:11.90
INFO:main:11.47
INFO:main:11.81
INFO:main:12.39
INFO:main:13.15
INFO:main:13.40
INFO:main:12.92
INFO:main:12.78
INFO:main:13.21
INFO:main:11.72
INFO:main:11.13
INFO:main:9.29
INFO:main:12.20
INFO:main:13.00
INFO:main:12.92
INFO:main:9.97
INFO:main:11.89
INFO:main:11.64
INFO:main:10.74
INFO:main:11.90
INFO:main:11.60
INFO:main:11.73
INFO:main:10.81
INFO:main:10.81
INFO:main:11.49
INFO:main:10.70
INFO:main:11.82
INFO:main:9.83
INFO:main:11.61
INFO:main:12.95
INFO:main:12.50
INFO:main:11.58
INFO:main:10.84
INFO:main:11.17
INFO:main:12.39
INFO:main:12.88
INFO:main:9.92
INFO:main:11.00
INFO:main:11.62
INFO:main:10.60
INFO:main:10.31
INFO:main:11.36
INFO:main:10.80
INFO:main:10.32
INFO:main:13.08
INFO:main:12.20
INFO:main:10.48
INFO:main:10.51
INFO:main:11.58
INFO:main:11.36
INFO:main:10.73
INFO:main:11.71
INFO:main:12.12
INFO:main:12.97
INFO:main:11.13
INFO:main:11.37
INFO:main:10.99
INFO:main:12.64
INFO:main:11.76
INFO:main:11.18
INFO:main:11.13
INFO:main:11.12
INFO:main:10.70
INFO:main:10.63
INFO:main:11.88
INFO:main:10.53
INFO:main:10.79
INFO:main:9.28
INFO:main:11.36
INFO:main:11.30
INFO:main:12.58
INFO:main:10.85
INFO:main:10.68
INFO:main:11.83
INFO:main:10.73
