INFO:werkzeug:[31m[1mWARNING: This is a development server. Do not use it in a production deployment. Use a production WSGI server instead.[0m
 * Running on all addresses (0.0.0.0)
 * Running on http://127.0.0.1:8080
 * Running on http://10.244.1.52:8080
INFO:werkzeug:[33mPress CTRL+C to quit[0m
INFO:werkzeug:127.0.0.1 - - [05/Aug/2023 12:07:54] "GET /api/stream/active/192.168.2.2:1935/200 HTTP/1.1" 200 -
INFO:main:6.68
INFO:main:14.03
INFO:main:13.49
INFO:main:14.34
INFO:main:14.77
INFO:main:14.37
INFO:main:14.04
INFO:main:13.89
INFO:main:14.15
INFO:main:14.24
INFO:main:14.09
INFO:main:14.01
INFO:main:14.37
INFO:main:14.09
INFO:main:14.08
INFO:main:14.07
INFO:main:14.17
INFO:main:14.00
INFO:main:13.98
INFO:main:13.97
INFO:main:14.04
INFO:main:14.00
INFO:main:13.89
INFO:main:15.35
INFO:main:15.17
INFO:main:15.13
INFO:main:15.06
INFO:main:15.00
INFO:main:14.99
INFO:main:15.23
INFO:main:14.89
INFO:main:15.14
INFO:main:15.18
INFO:main:15.01
INFO:main:14.94
INFO:main:14.65
INFO:main:14.62
INFO:main:14.41
INFO:main:14.42
INFO:main:14.35
INFO:main:14.23
INFO:main:13.59
INFO:main:13.66
INFO:main:13.64
INFO:main:13.68
INFO:main:14.72
INFO:main:14.92
INFO:main:14.99
INFO:main:15.00
INFO:main:15.11
INFO:main:15.10
INFO:main:14.90
INFO:main:14.00
INFO:main:13.97
INFO:main:13.98
INFO:main:13.96
INFO:main:14.80
INFO:main:14.67
INFO:main:13.73
INFO:main:13.77
INFO:main:14.10
INFO:main:13.99
INFO:main:13.90
INFO:main:14.13
INFO:main:14.21
INFO:main:14.35
INFO:main:14.17
INFO:main:13.94
INFO:main:14.14
INFO:main:14.01
INFO:main:13.60
INFO:main:13.68
INFO:main:14.58
INFO:main:14.64
INFO:main:14.69
INFO:main:14.81
INFO:main:15.16
INFO:main:15.35
INFO:main:14.64
INFO:main:14.35
INFO:main:14.09
INFO:main:14.15
INFO:main:14.41
INFO:main:13.64
INFO:main:13.39
INFO:main:13.36
INFO:main:13.74
INFO:main:14.27
INFO:main:15.01
INFO:main:14.91
INFO:main:13.99
INFO:main:14.31
INFO:main:13.98
INFO:main:13.94
INFO:main:14.21
INFO:main:13.97
INFO:main:14.60
INFO:main:14.80
INFO:main:14.33
INFO:main:13.98
