INFO:werkzeug:[31m[1mWARNING: This is a development server. Do not use it in a production deployment. Use a production WSGI server instead.[0m
 * Running on all addresses (0.0.0.0)
 * Running on http://127.0.0.1:8080
 * Running on http://10.244.1.25:8080
INFO:werkzeug:[33mPress CTRL+C to quit[0m
INFO:werkzeug:127.0.0.1 - - [05/Aug/2023 06:26:26] "GET /api/stream/active/192.168.2.2:1935/200 HTTP/1.1" 200 -
INFO:main:5.95
INFO:main:9.64
INFO:main:10.74
INFO:main:10.46
INFO:main:10.71
INFO:main:10.29
INFO:main:11.85
INFO:main:12.02
INFO:main:13.12
INFO:main:10.40
INFO:main:11.36
INFO:main:11.80
INFO:main:9.58
INFO:main:11.50
INFO:main:13.29
INFO:main:10.65
INFO:main:10.57
INFO:main:11.10
INFO:main:10.98
INFO:main:12.67
INFO:main:12.85
INFO:main:12.41
INFO:main:10.03
INFO:main:10.74
INFO:main:10.76
INFO:main:11.55
INFO:main:10.95
INFO:main:11.36
INFO:main:13.01
INFO:main:11.40
INFO:main:12.00
INFO:main:12.96
INFO:main:12.32
INFO:main:10.73
INFO:main:10.70
INFO:main:10.34
INFO:main:10.50
INFO:main:9.18
INFO:main:10.46
INFO:main:10.13
INFO:main:12.48
INFO:main:10.77
INFO:main:11.39
INFO:main:12.60
INFO:main:11.58
INFO:main:11.37
INFO:main:8.92
INFO:main:9.73
INFO:main:11.66
INFO:main:10.66
INFO:main:11.79
INFO:main:9.41
INFO:main:11.70
INFO:main:11.04
INFO:main:9.94
INFO:main:11.37
INFO:main:10.45
INFO:main:10.43
INFO:main:11.58
INFO:main:11.46
INFO:main:11.70
INFO:main:11.42
INFO:main:10.37
INFO:main:12.70
INFO:main:12.41
INFO:main:10.50
INFO:main:11.44
INFO:main:10.70
INFO:main:12.13
INFO:main:12.96
INFO:main:11.60
INFO:main:11.23
INFO:main:12.34
INFO:main:10.99
INFO:main:10.81
INFO:main:11.83
INFO:main:12.87
INFO:main:12.15
INFO:main:10.82
INFO:main:10.32
INFO:main:10.37
INFO:main:10.14
INFO:main:10.43
INFO:main:12.60
INFO:main:12.34
INFO:main:10.28
INFO:main:10.62
INFO:main:9.96
INFO:main:10.12
INFO:main:9.99
INFO:main:10.41
INFO:main:9.81
INFO:main:10.99
