INFO:werkzeug:[31m[1mWARNING: This is a development server. Do not use it in a production deployment. Use a production WSGI server instead.[0m
 * Running on all addresses (0.0.0.0)
 * Running on http://127.0.0.1:8080
 * Running on http://10.244.1.80:8080
INFO:werkzeug:[33mPress CTRL+C to quit[0m
INFO:werkzeug:127.0.0.1 - - [05/Aug/2023 01:02:41] "GET /api/stream/active/192.168.2.2:1935/200 HTTP/1.1" 200 -
INFO:main:5.79
INFO:main:10.68
INFO:main:10.83
INFO:main:11.26
INFO:main:11.21
INFO:main:10.79
INFO:main:10.70
INFO:main:10.71
INFO:main:10.50
INFO:main:10.56
INFO:main:10.69
INFO:main:10.44
INFO:main:10.43
INFO:main:10.48
INFO:main:10.56
INFO:main:11.22
INFO:main:11.16
INFO:main:11.16
INFO:main:11.53
INFO:main:11.89
INFO:main:11.91
INFO:main:11.59
INFO:main:11.97
INFO:main:12.03
INFO:main:11.74
INFO:main:11.74
INFO:main:11.62
INFO:main:11.92
INFO:main:11.55
INFO:main:11.51
INFO:main:13.24
INFO:main:14.23
INFO:main:13.54
INFO:main:12.60
INFO:main:12.74
INFO:main:14.02
INFO:main:12.61
INFO:main:12.67
INFO:main:12.78
INFO:main:13.53
INFO:main:12.86
INFO:main:11.29
INFO:main:14.12
INFO:main:11.65
INFO:main:11.50
INFO:main:13.43
INFO:main:12.34
INFO:main:13.33
INFO:main:13.16
INFO:main:12.13
INFO:main:10.65
INFO:main:10.96
INFO:main:10.95
INFO:main:11.29
INFO:main:13.64
INFO:main:12.93
INFO:main:13.23
INFO:main:14.71
INFO:main:13.65
INFO:main:12.69
INFO:main:13.39
INFO:main:14.14
INFO:main:13.75
INFO:main:12.58
INFO:main:12.72
INFO:main:14.00
INFO:main:13.88
INFO:main:13.21
INFO:main:14.35
INFO:main:13.28
INFO:main:13.21
INFO:main:13.80
INFO:main:13.43
INFO:main:11.73
INFO:main:12.57
INFO:main:14.94
INFO:main:12.82
INFO:main:14.47
INFO:main:11.89
INFO:main:14.09
INFO:main:12.50
INFO:main:12.79
INFO:main:11.42
INFO:main:11.30
INFO:main:10.68
INFO:main:10.66
INFO:main:12.86
INFO:main:11.14
INFO:main:13.34
INFO:main:12.88
