INFO:werkzeug:[31m[1mWARNING: This is a development server. Do not use it in a production deployment. Use a production WSGI server instead.[0m
 * Running on all addresses (0.0.0.0)
 * Running on http://127.0.0.1:8080
 * Running on http://10.244.1.244:8080
INFO:werkzeug:[33mPress CTRL+C to quit[0m
INFO:werkzeug:127.0.0.1 - - [05/Aug/2023 05:34:26] "GET /api/stream/active/192.168.2.2:1935/200 HTTP/1.1" 200 -
INFO:main:3.74
INFO:main:11.64
INFO:main:9.83
INFO:main:12.03
INFO:main:10.74
INFO:main:10.17
INFO:main:11.75
INFO:main:12.38
INFO:main:9.93
INFO:main:10.56
INFO:main:12.07
INFO:main:13.70
INFO:main:12.17
INFO:main:11.87
INFO:main:10.83
INFO:main:10.53
INFO:main:11.60
INFO:main:10.73
INFO:main:11.81
INFO:main:12.64
INFO:main:13.40
INFO:main:12.14
INFO:main:11.28
INFO:main:9.22
INFO:main:11.48
INFO:main:11.00
INFO:main:12.40
INFO:main:11.56
INFO:main:12.34
INFO:main:12.43
INFO:main:12.38
INFO:main:11.18
INFO:main:10.42
INFO:main:9.80
INFO:main:11.78
INFO:main:12.03
INFO:main:8.92
INFO:main:10.43
INFO:main:12.33
INFO:main:10.14
INFO:main:11.42
INFO:main:11.16
INFO:main:10.12
INFO:main:11.14
INFO:main:11.49
INFO:main:10.72
INFO:main:12.91
INFO:main:11.23
INFO:main:10.96
INFO:main:10.72
INFO:main:12.42
INFO:main:11.67
INFO:main:10.70
INFO:main:9.99
INFO:main:11.18
INFO:main:11.63
INFO:main:11.58
INFO:main:10.70
INFO:main:10.12
INFO:main:10.63
INFO:main:10.68
INFO:main:11.37
INFO:main:10.65
INFO:main:11.25
INFO:main:10.35
INFO:main:12.19
INFO:main:9.19
INFO:main:8.98
INFO:main:11.19
INFO:main:10.18
INFO:main:12.17
INFO:main:12.12
INFO:main:10.74
INFO:main:10.71
INFO:main:11.95
INFO:main:12.37
INFO:main:12.26
INFO:main:9.97
INFO:main:11.42
INFO:main:11.80
INFO:main:12.52
INFO:main:11.61
INFO:main:10.50
INFO:main:10.73
INFO:main:10.97
INFO:main:9.79
INFO:main:11.35
INFO:main:10.55
INFO:main:11.60
INFO:main:9.68
INFO:main:11.56
INFO:main:13.27
