INFO:werkzeug:[31m[1mWARNING: This is a development server. Do not use it in a production deployment. Use a production WSGI server instead.[0m
 * Running on all addresses (0.0.0.0)
 * Running on http://127.0.0.1:8080
 * Running on http://10.244.1.96:8080
INFO:werkzeug:[33mPress CTRL+C to quit[0m
INFO:werkzeug:127.0.0.1 - - [05/Aug/2023 01:36:11] "GET /api/stream/active/192.168.2.2:1935/200 HTTP/1.1" 200 -
INFO:main:6.85
INFO:main:12.46
INFO:main:11.45
INFO:main:11.64
INFO:main:11.47
INFO:main:11.65
INFO:main:12.30
INFO:main:13.95
INFO:main:12.29
INFO:main:11.30
INFO:main:11.12
INFO:main:11.26
INFO:main:11.45
INFO:main:11.27
INFO:main:11.52
INFO:main:11.25
INFO:main:11.45
INFO:main:11.72
INFO:main:11.30
INFO:main:11.73
INFO:main:12.27
INFO:main:11.98
INFO:main:11.67
INFO:main:12.98
INFO:main:13.34
INFO:main:13.35
INFO:main:12.58
INFO:main:12.59
INFO:main:14.11
INFO:main:14.62
INFO:main:14.30
INFO:main:14.22
INFO:main:13.89
INFO:main:12.55
INFO:main:12.68
INFO:main:13.50
INFO:main:11.55
INFO:main:11.60
INFO:main:12.17
INFO:main:14.00
INFO:main:12.97
INFO:main:11.44
INFO:main:11.70
INFO:main:12.04
INFO:main:13.79
INFO:main:14.29
INFO:main:12.75
INFO:main:14.71
INFO:main:13.92
INFO:main:11.46
INFO:main:13.30
INFO:main:13.40
INFO:main:12.23
INFO:main:11.34
INFO:main:12.17
INFO:main:11.96
INFO:main:11.05
INFO:main:10.76
INFO:main:11.03
INFO:main:11.65
INFO:main:11.81
INFO:main:12.79
INFO:main:13.11
INFO:main:11.28
INFO:main:11.59
INFO:main:12.33
INFO:main:14.44
INFO:main:13.37
INFO:main:14.08
INFO:main:14.37
INFO:main:13.99
INFO:main:13.95
INFO:main:13.67
INFO:main:14.22
INFO:main:15.26
INFO:main:13.53
INFO:main:12.48
INFO:main:11.41
INFO:main:12.06
INFO:main:11.35
INFO:main:14.65
INFO:main:11.14
INFO:main:12.36
INFO:main:11.92
INFO:main:11.88
INFO:main:12.77
INFO:main:13.30
INFO:main:13.64
INFO:main:11.77
INFO:main:12.60
INFO:main:11.98
INFO:main:12.50
INFO:main:11.48
INFO:main:12.99
