INFO:werkzeug:[31m[1mWARNING: This is a development server. Do not use it in a production deployment. Use a production WSGI server instead.[0m
 * Running on all addresses (0.0.0.0)
 * Running on http://127.0.0.1:8080
 * Running on http://10.244.1.143:8080
INFO:werkzeug:[33mPress CTRL+C to quit[0m
INFO:werkzeug:127.0.0.1 - - [05/Aug/2023 08:30:51] "GET /api/stream/active/192.168.2.2:1935/200 HTTP/1.1" 200 -
INFO:main:4.62
INFO:main:9.78
INFO:main:9.63
INFO:main:8.84
INFO:main:9.85
INFO:main:9.79
INFO:main:9.90
INFO:main:9.84
INFO:main:9.54
INFO:main:9.85
INFO:main:9.57
INFO:main:9.53
INFO:main:9.72
INFO:main:9.83
INFO:main:9.76
INFO:main:9.76
INFO:main:9.98
INFO:main:9.59
INFO:main:9.64
INFO:main:9.75
INFO:main:9.47
INFO:main:9.72
INFO:main:9.62
INFO:main:9.94
INFO:main:9.94
INFO:main:9.75
INFO:main:10.06
INFO:main:9.75
INFO:main:9.91
INFO:main:9.49
INFO:main:9.61
INFO:main:8.57
INFO:main:9.58
INFO:main:9.82
INFO:main:9.94
INFO:main:9.74
INFO:main:9.79
INFO:main:9.56
INFO:main:9.76
INFO:main:9.35
INFO:main:8.98
INFO:main:9.60
INFO:main:9.92
INFO:main:10.04
INFO:main:10.14
INFO:main:9.83
INFO:main:9.86
INFO:main:9.65
INFO:main:10.07
INFO:main:9.50
INFO:main:9.86
INFO:main:9.77
INFO:main:9.80
INFO:main:9.79
INFO:main:9.62
INFO:main:8.98
INFO:main:9.64
INFO:main:9.73
INFO:main:9.60
INFO:main:9.62
INFO:main:9.67
INFO:main:9.44
INFO:main:9.81
INFO:main:9.65
INFO:main:9.58
INFO:main:9.92
INFO:main:9.50
INFO:main:9.82
INFO:main:10.32
INFO:main:9.41
INFO:main:10.19
INFO:main:9.77
INFO:main:9.56
INFO:main:8.99
INFO:main:9.50
INFO:main:9.61
INFO:main:9.06
INFO:main:9.45
INFO:main:8.67
INFO:main:9.41
INFO:main:8.43
INFO:main:8.76
INFO:main:8.48
INFO:main:10.24
INFO:main:8.79
INFO:main:8.75
INFO:main:9.48
INFO:main:9.83
INFO:main:9.56
INFO:main:9.74
INFO:main:9.61
INFO:main:9.90
INFO:main:9.52
INFO:main:9.60
INFO:main:9.89
INFO:main:9.65
INFO:main:9.50
INFO:main:9.74
INFO:main:9.69
INFO:main:9.96
