WARNING:werkzeug: * Running on all addresses.
   WARNING: This is a development server. Do not use it in a production deployment.
INFO:werkzeug: * Running on http://10.244.3.9:8080/ (Press CTRL+C to quit)
INFO:werkzeug:127.0.0.1 - - [06/Aug/2023 12:47:57] "GET /api/stream/active/192.168.2.2:1935/200 HTTP/1.1" 200 -
INFO:main:0.20
INFO:main:0.22
INFO:main:0.31
INFO:main:0.38
INFO:main:0.85
INFO:main:1.10
INFO:main:1.12
INFO:main:1.09
INFO:main:1.14
INFO:main:1.11
INFO:main:1.13
INFO:main:1.13
INFO:main:1.11
INFO:main:1.11
INFO:main:1.13
INFO:main:1.12
INFO:main:1.13
INFO:main:1.15
INFO:main:1.13
INFO:main:1.13
INFO:main:1.13
INFO:main:1.13
INFO:main:1.11
INFO:main:1.15
INFO:main:1.13
INFO:main:1.14
INFO:main:1.13
INFO:main:1.12
INFO:main:1.12
INFO:main:1.14
INFO:main:1.12
INFO:main:1.13
INFO:main:1.13
INFO:main:1.12
INFO:main:1.14
INFO:main:1.15
INFO:main:1.07
INFO:main:1.11
INFO:main:1.14
INFO:main:1.13
INFO:main:1.13
INFO:main:1.16
