WARNING:werkzeug: * Running on all addresses.
   WARNING: This is a development server. Do not use it in a production deployment.
INFO:werkzeug: * Running on http://10.244.3.210:8080/ (Press CTRL+C to quit)
INFO:werkzeug:127.0.0.1 - - [06/Aug/2023 00:42:11] "GET /api/stream/active/192.168.2.2:1935/200 HTTP/1.1" 200 -
INFO:main:0.47
INFO:main:0.53
INFO:main:0.43
INFO:main:1.20
INFO:main:1.11
INFO:main:0.98
INFO:main:0.27
INFO:main:0.52
INFO:main:1.14
INFO:main:1.13
INFO:main:1.09
INFO:main:1.13
INFO:main:0.58
INFO:main:1.14
INFO:main:1.13
INFO:main:0.61
INFO:main:1.14
INFO:main:0.76
INFO:main:1.16
INFO:main:1.13
INFO:main:1.10
INFO:main:1.14
INFO:main:1.14
INFO:main:0.84
INFO:main:1.16
INFO:main:1.12
INFO:main:1.13
INFO:main:1.13
INFO:main:1.14
INFO:main:1.13
INFO:main:1.15
INFO:main:1.12
INFO:main:1.15
INFO:main:1.14
INFO:main:1.14
INFO:main:0.72
INFO:main:1.16
INFO:main:1.13
INFO:main:1.13
INFO:main:1.14
INFO:main:1.15
INFO:main:1.11
INFO:main:1.16
INFO:main:1.14
INFO:main:1.14
INFO:main:1.14
INFO:main:1.12
