WARNING:werkzeug: * Running on all addresses.
   WARNING: This is a development server. Do not use it in a production deployment.
INFO:werkzeug: * Running on http://10.244.3.230:8080/ (Press CTRL+C to quit)
INFO:werkzeug:127.0.0.1 - - [06/Aug/2023 02:09:34] "GET /api/stream/active/192.168.2.2:1935/200 HTTP/1.1" 200 -
INFO:main:0.41
INFO:main:0.43
INFO:main:1.19
INFO:main:1.18
INFO:main:1.14
INFO:main:1.09
INFO:main:1.16
INFO:main:1.16
INFO:main:1.16
INFO:main:1.18
INFO:main:1.17
INFO:main:1.15
INFO:main:1.16
INFO:main:1.16
INFO:main:1.14
INFO:main:1.16
INFO:main:1.16
INFO:main:1.15
INFO:main:1.15
INFO:main:1.16
INFO:main:1.16
INFO:main:1.18
INFO:main:1.16
INFO:main:1.16
INFO:main:1.15
INFO:main:1.16
INFO:main:1.16
INFO:main:1.18
INFO:main:1.16
INFO:main:1.16
INFO:main:1.16
INFO:main:1.15
INFO:main:1.16
INFO:main:1.15
INFO:main:1.08
INFO:main:1.16
INFO:main:1.16
INFO:main:1.15
INFO:main:1.15
INFO:main:1.18
INFO:main:1.17
INFO:main:1.16
INFO:main:1.15
INFO:main:1.16
INFO:main:1.14
INFO:main:1.15
INFO:main:1.15
INFO:main:1.16
INFO:main:1.15
INFO:main:1.15
