INFO:werkzeug:[31m[1mWARNING: This is a development server. Do not use it in a production deployment. Use a production WSGI server instead.[0m
 * Running on all addresses (0.0.0.0)
 * Running on http://127.0.0.1:8080
 * Running on http://10.244.2.193:8080
INFO:werkzeug:[33mPress CTRL+C to quit[0m
INFO:werkzeug:127.0.0.1 - - [24/Nov/2023 04:23:18] "GET /api/stream/active/192.168.2.2:1935/200 HTTP/1.1" 200 -
INFO:main:7.91
INFO:main:13.48
INFO:main:13.34
INFO:main:13.17
INFO:main:12.95
INFO:main:12.95
INFO:main:13.26
INFO:main:13.28
INFO:main:13.19
INFO:main:13.22
INFO:main:13.20
INFO:main:13.11
INFO:main:13.37
INFO:main:13.45
INFO:main:13.74
INFO:main:13.53
INFO:main:13.19
INFO:main:13.35
INFO:main:13.56
INFO:main:13.47
INFO:main:13.45
INFO:main:13.51
INFO:main:13.44
INFO:main:13.79
INFO:main:15.01
INFO:main:14.58
INFO:main:14.35
INFO:main:14.56
INFO:main:14.70
INFO:main:14.85
INFO:main:14.32
INFO:main:14.03
INFO:main:14.53
INFO:main:13.41
INFO:main:13.28
INFO:main:13.63
INFO:main:13.39
INFO:main:13.73
INFO:main:13.63
INFO:main:13.65
INFO:main:13.51
INFO:main:14.57
INFO:main:14.32
INFO:main:14.04
INFO:main:14.09
INFO:main:14.19
INFO:main:14.12
INFO:main:14.30
INFO:main:14.06
INFO:main:14.18
INFO:main:14.09
INFO:main:13.61
INFO:main:13.60
INFO:main:13.41
INFO:main:13.40
INFO:main:13.49
INFO:main:13.89
INFO:main:14.07
INFO:main:13.93
INFO:main:13.79
INFO:main:13.46
INFO:main:13.33
INFO:main:13.34
INFO:main:13.47
INFO:main:13.74
INFO:main:13.84
INFO:main:13.72
INFO:main:13.75
INFO:main:13.62
INFO:main:13.53
INFO:main:13.66
INFO:main:13.56
INFO:main:13.87
INFO:main:14.21
INFO:main:13.84
INFO:main:13.97
INFO:main:13.57
INFO:main:13.65
INFO:main:13.73
INFO:main:13.78
INFO:main:13.86
INFO:main:14.20
INFO:main:14.56
INFO:main:14.51
INFO:main:14.47
INFO:main:14.15
INFO:main:14.23
