INFO:werkzeug:[31m[1mWARNING: This is a development server. Do not use it in a production deployment. Use a production WSGI server instead.[0m
 * Running on all addresses (0.0.0.0)
 * Running on http://127.0.0.1:8080
 * Running on http://172.17.0.2:8080
INFO:werkzeug:[33mPress CTRL+C to quit[0m
INFO:werkzeug:[31m[1mWARNING: This is a development server. Do not use it in a production deployment. Use a production WSGI server instead.[0m
 * Running on all addresses (0.0.0.0)
 * Running on http://127.0.0.1:8080
 * Running on http://10.244.2.224:8080
INFO:werkzeug:[33mPress CTRL+C to quit[0m
INFO:werkzeug:127.0.0.1 - - [24/Nov/2023 14:55:44] "GET /api/stream/active/192.168.2.2:1935/200/0 HTTP/1.1" 200 -
INFO:werkzeug:127.0.0.1 - - [24/Nov/2023 14:55:44] "GET /api/stream/active/192.168.2.2:1935/200/0 HTTP/1.1" 200 -
INFO:main:7.96
INFO:main:14.52
INFO:main:14.35
INFO:main:14.08
INFO:main:14.27
INFO:main:15.08
INFO:main:16.44
INFO:main:15.45
INFO:main:15.53
INFO:main:15.62
INFO:main:15.58
INFO:main:15.63
INFO:main:15.61
INFO:main:15.53
INFO:main:15.58
INFO:main:15.58
INFO:main:15.51
INFO:main:15.55
INFO:main:15.52
INFO:main:15.58
INFO:main:15.66
INFO:main:15.61
INFO:main:15.59
INFO:main:15.64
INFO:main:15.61
INFO:main:15.53
INFO:main:15.57
INFO:main:15.48
INFO:main:15.41
INFO:main:15.50
INFO:main:15.51
INFO:main:15.47
INFO:main:15.52
INFO:main:15.69
INFO:main:15.63
INFO:main:15.98
INFO:main:15.99
INFO:main:15.45
INFO:main:15.47
INFO:main:15.47
INFO:main:15.45
INFO:main:15.54
INFO:main:15.52
INFO:main:15.48
INFO:main:15.54
INFO:main:15.64
INFO:main:15.55
INFO:main:15.56
INFO:main:15.57
INFO:main:15.62
INFO:main:15.66
INFO:main:15.63
INFO:main:15.70
INFO:main:15.64
INFO:main:15.30
INFO:main:14.69
INFO:main:15.09
INFO:main:15.21
INFO:main:15.49
INFO:main:15.78
INFO:main:15.84
INFO:main:16.18
INFO:main:16.09
INFO:main:15.76
INFO:main:15.83
INFO:main:15.89
INFO:main:16.23
INFO:main:16.19
INFO:main:16.12
INFO:main:16.02
INFO:main:15.90
INFO:main:15.60
INFO:main:15.55
INFO:main:15.32
INFO:main:14.95
INFO:main:14.09
INFO:main:14.24
INFO:main:14.02
INFO:main:13.99
INFO:main:14.08
INFO:main:14.51
INFO:main:14.40
INFO:main:14.21
INFO:main:13.89
INFO:main:13.87
INFO:main:14.04
INFO:main:14.24
INFO:main:14.58
INFO:main:14.68
INFO:main:14.79
INFO:main:14.97
INFO:main:14.89
INFO:main:14.86
INFO:main:14.86
INFO:main:14.81
INFO:main:15.30
INFO:main:14.82
INFO:main:14.94
INFO:main:14.41
INFO:main:14.74
INFO:main:14.31
INFO:main:14.39
INFO:main:14.75
INFO:main:15.50
INFO:main:15.81
INFO:main:15.54
INFO:main:14.95
INFO:main:14.35
INFO:main:14.18
INFO:main:13.93
INFO:main:13.38
INFO:main:13.89
INFO:main:14.03
INFO:main:14.13
INFO:main:14.51
INFO:werkzeug:127.0.0.1 - - [24/Nov/2023 14:57:25] "GET /download HTTP/1.1" 200 -
