INFO:werkzeug:[31m[1mWARNING: This is a development server. Do not use it in a production deployment. Use a production WSGI server instead.[0m
 * Running on all addresses (0.0.0.0)
 * Running on http://127.0.0.1:8080
 * Running on http://172.17.0.2:8080
INFO:werkzeug:[33mPress CTRL+C to quit[0m
INFO:werkzeug:[31m[1mWARNING: This is a development server. Do not use it in a production deployment. Use a production WSGI server instead.[0m
 * Running on all addresses (0.0.0.0)
 * Running on http://127.0.0.1:8080
 * Running on http://172.17.0.2:8080
INFO:werkzeug:[33mPress CTRL+C to quit[0m
INFO:werkzeug:[31m[1mWARNING: This is a development server. Do not use it in a production deployment. Use a production WSGI server instead.[0m
 * Running on all addresses (0.0.0.0)
 * Running on http://127.0.0.1:8080
 * Running on http://172.17.0.2:8080
INFO:werkzeug:[33mPress CTRL+C to quit[0m
INFO:werkzeug:[31m[1mWARNING: This is a development server. Do not use it in a production deployment. Use a production WSGI server instead.[0m
 * Running on all addresses (0.0.0.0)
 * Running on http://127.0.0.1:8080
 * Running on http://172.17.0.2:8080
INFO:werkzeug:[33mPress CTRL+C to quit[0m
INFO:werkzeug:[31m[1mWARNING: This is a development server. Do not use it in a production deployment. Use a production WSGI server instead.[0m
 * Running on all addresses (0.0.0.0)
 * Running on http://127.0.0.1:8080
 * Running on http://10.244.2.151:8080
INFO:werkzeug:[33mPress CTRL+C to quit[0m
INFO:main:7.79
INFO:main:13.47
INFO:main:13.52
INFO:main:13.40
INFO:main:13.53
INFO:main:14.46
INFO:main:15.22
INFO:main:14.51
INFO:main:14.43
INFO:main:14.40
INFO:main:14.43
INFO:main:14.56
INFO:main:14.60
INFO:main:14.60
INFO:main:14.60
INFO:main:14.70
INFO:main:14.67
INFO:main:14.62
INFO:main:14.61
INFO:main:14.78
INFO:main:14.82
INFO:main:14.68
INFO:main:14.65
INFO:main:14.65
INFO:main:14.62
INFO:main:14.69
INFO:main:14.70
INFO:main:14.75
INFO:main:14.76
INFO:main:14.57
INFO:main:14.59
INFO:main:14.49
INFO:main:14.43
INFO:main:14.28
INFO:main:14.30
INFO:main:14.31
INFO:main:14.35
INFO:main:14.32
INFO:main:14.31
INFO:main:14.36
INFO:main:14.34
INFO:main:14.41
INFO:main:14.41
INFO:main:14.53
INFO:main:14.58
INFO:main:14.57
INFO:main:14.54
INFO:main:14.46
INFO:main:14.45
INFO:werkzeug:127.0.0.1 - - [15/Nov/2023 17:03:25] "GET /api/stream/active/192.168.2.2:1935/200/0 HTTP/1.1" 200 -
INFO:main:14.74
INFO:main:14.77
INFO:main:14.27
INFO:main:13.50
INFO:main:13.79
INFO:main:14.00
INFO:main:13.82
INFO:main:13.65
INFO:main:13.97
INFO:main:14.18
INFO:main:14.07
INFO:main:13.66
INFO:main:13.74
INFO:main:13.97
INFO:main:13.75
INFO:main:13.89
INFO:main:13.79
INFO:main:13.73
INFO:main:14.13
INFO:main:14.40
INFO:main:14.25
INFO:main:14.14
INFO:main:14.06
INFO:main:14.25
INFO:main:14.35
INFO:main:14.24
INFO:main:13.99
INFO:main:13.94
INFO:main:13.52
INFO:main:13.53
INFO:main:13.48
INFO:main:13.27
INFO:main:12.95
INFO:main:13.09
INFO:main:13.22
INFO:main:13.42
INFO:main:13.87
INFO:main:13.90
INFO:main:13.64
INFO:main:13.92
INFO:main:13.85
INFO:main:13.82
INFO:main:13.98
INFO:main:14.03
INFO:main:13.74
INFO:main:13.85
INFO:main:13.88
INFO:main:13.96
INFO:main:13.92
INFO:main:13.66
INFO:main:13.85
INFO:main:13.70
INFO:main:13.80
INFO:main:13.88
INFO:main:14.11
INFO:main:14.06
INFO:main:13.97
INFO:main:13.99
INFO:main:13.91
INFO:main:13.86
INFO:main:13.67
INFO:main:13.72
INFO:main:13.81
INFO:main:13.86
INFO:main:14.13
INFO:main:14.10
INFO:main:14.29
INFO:main:14.22
INFO:main:14.28
INFO:main:14.19
INFO:main:13.84
INFO:main:13.77
INFO:main:13.67
INFO:main:13.96
INFO:main:14.04
INFO:main:14.00
INFO:main:13.83
INFO:main:13.99
INFO:main:13.57
INFO:main:13.75
INFO:main:13.82
INFO:main:13.68
INFO:main:13.75
INFO:main:13.95
INFO:main:14.34
INFO:main:14.24
INFO:main:14.42
INFO:main:14.30
INFO:main:14.40
INFO:main:14.45
INFO:main:14.30
INFO:main:14.12
INFO:main:13.85
INFO:main:14.40
INFO:main:14.59
INFO:main:14.48
INFO:main:14.54
INFO:main:14.42
INFO:main:13.92
INFO:main:13.74
INFO:main:13.73
INFO:main:13.66
INFO:main:13.66
INFO:main:13.63
INFO:main:13.75
INFO:main:13.74
INFO:main:14.39
INFO:main:14.03
INFO:main:13.69
INFO:main:13.83
INFO:main:13.86
INFO:main:13.80
INFO:main:14.12
INFO:main:14.11
INFO:main:14.01
INFO:main:13.97
INFO:main:14.07
INFO:main:13.86
INFO:main:14.29
INFO:main:14.52
INFO:main:15.08
INFO:main:15.03
INFO:main:15.10
INFO:main:15.17
INFO:main:15.25
INFO:main:14.88
INFO:main:14.90
INFO:main:14.40
INFO:main:14.01
INFO:main:13.69
INFO:main:13.63
INFO:main:13.89
INFO:main:14.08
INFO:main:13.72
INFO:main:13.89
INFO:main:13.59
INFO:main:13.82
INFO:main:13.83
INFO:main:13.98
INFO:main:13.99
INFO:main:13.96
INFO:main:13.63
INFO:main:13.72
INFO:main:13.63
INFO:main:13.74
INFO:main:13.96
INFO:main:13.95
INFO:main:14.06
INFO:main:14.04
INFO:main:14.07
INFO:main:13.95
INFO:main:13.78
INFO:main:14.28
INFO:main:14.09
INFO:main:13.94
INFO:main:13.73
INFO:main:13.89
INFO:main:14.06
INFO:main:13.53
INFO:main:13.48
INFO:main:13.57
INFO:main:13.85
INFO:main:13.38
INFO:main:13.43
INFO:main:13.75
INFO:main:13.76
INFO:werkzeug:127.0.0.1 - - [15/Nov/2023 17:06:16] "GET /api/stream/active/192.168.2.2:1936/200/0 HTTP/1.1" 200 -
INFO:werkzeug:127.0.0.1 - - [15/Nov/2023 17:08:55] "GET /download HTTP/1.1" 200 -
