INFO:werkzeug:[31m[1mWARNING: This is a development server. Do not use it in a production deployment. Use a production WSGI server instead.[0m
 * Running on all addresses (0.0.0.0)
 * Running on http://127.0.0.1:8080
 * Running on http://10.244.1.8:8080
INFO:werkzeug:[33mPress CTRL+C to quit[0m
INFO:werkzeug:127.0.0.1 - - [25/Oct/2023 13:30:40] "GET /api/stream/active/192.168.2.2:1935/200 HTTP/1.1" 200 -
INFO:main:8.50
INFO:main:14.00
INFO:main:13.83
INFO:main:13.69
INFO:main:13.53
INFO:main:13.84
INFO:main:13.83
INFO:main:13.90
INFO:main:13.77
INFO:main:13.90
INFO:main:14.05
INFO:main:14.13
INFO:main:13.94
INFO:main:13.99
INFO:main:13.74
INFO:main:13.53
INFO:main:13.46
INFO:main:13.66
INFO:main:14.21
INFO:main:14.12
INFO:main:14.19
INFO:main:14.40
INFO:main:15.25
INFO:main:14.91
INFO:main:14.70
INFO:main:14.55
INFO:main:14.74
INFO:main:14.32
INFO:main:14.20
INFO:main:14.22
INFO:main:14.56
INFO:main:14.40
INFO:main:14.25
INFO:main:14.55
INFO:main:14.68
INFO:main:14.76
INFO:main:14.49
INFO:main:14.09
INFO:main:14.69
INFO:main:14.92
INFO:main:14.98
INFO:main:14.68
INFO:main:14.75
INFO:main:14.82
INFO:main:14.57
INFO:main:14.74
INFO:main:15.00
INFO:main:14.80
INFO:main:14.72
INFO:main:14.40
INFO:main:14.33
INFO:main:14.41
INFO:main:14.70
INFO:main:14.37
INFO:main:14.30
INFO:main:14.15
INFO:main:14.04
INFO:main:14.27
INFO:main:13.85
INFO:main:14.25
INFO:main:13.82
INFO:main:14.38
INFO:main:14.33
INFO:main:14.10
INFO:main:14.07
INFO:main:13.86
INFO:main:14.10
INFO:main:14.15
INFO:main:14.31
INFO:main:14.25
INFO:main:13.94
INFO:main:13.95
INFO:main:14.07
INFO:main:13.86
INFO:main:14.00
INFO:main:14.08
INFO:main:14.17
INFO:main:13.94
INFO:main:14.05
INFO:main:14.37
INFO:main:14.19
INFO:main:14.25
INFO:main:14.14
INFO:main:14.32
INFO:main:14.40
INFO:main:14.04
INFO:main:14.33
INFO:main:13.97
INFO:main:14.23
INFO:main:14.20
INFO:main:13.83
INFO:main:14.00
INFO:main:13.96
INFO:main:13.99
INFO:main:14.08
