INFO:werkzeug:[31m[1mWARNING: This is a development server. Do not use it in a production deployment. Use a production WSGI server instead.[0m
 * Running on all addresses (0.0.0.0)
 * Running on http://127.0.0.1:8080
 * Running on http://10.244.2.204:8080
INFO:werkzeug:[33mPress CTRL+C to quit[0m
INFO:werkzeug:127.0.0.1 - - [24/Nov/2023 09:08:14] "GET /api/stream/active/192.168.2.2:1935/200 HTTP/1.1" 200 -
INFO:main:1.50
INFO:main:13.72
INFO:main:13.86
INFO:main:13.97
INFO:main:13.91
INFO:main:13.80
INFO:main:13.97
INFO:main:13.99
INFO:main:13.87
INFO:main:13.85
INFO:main:13.89
INFO:main:13.88
INFO:main:13.99
INFO:main:13.93
INFO:main:13.92
INFO:main:13.96
INFO:main:13.93
INFO:main:13.76
INFO:main:13.77
INFO:main:14.01
INFO:main:14.16
INFO:main:13.98
INFO:main:13.99
INFO:main:14.33
INFO:main:14.06
INFO:main:14.87
INFO:main:15.19
INFO:main:14.25
INFO:main:14.40
INFO:main:14.75
INFO:main:14.41
INFO:main:14.24
INFO:main:14.35
INFO:main:14.46
INFO:main:15.03
INFO:main:14.46
INFO:main:14.37
INFO:main:14.36
INFO:main:14.41
INFO:main:14.52
INFO:main:14.43
INFO:main:14.33
INFO:main:14.40
INFO:main:14.27
INFO:main:13.86
INFO:main:13.94
INFO:main:13.95
INFO:main:13.65
INFO:main:13.87
INFO:main:14.19
INFO:main:14.39
INFO:main:14.75
INFO:main:14.45
INFO:main:14.35
INFO:main:14.38
INFO:main:15.02
INFO:main:15.09
INFO:main:14.34
INFO:main:13.86
INFO:main:13.94
INFO:main:15.04
INFO:main:15.65
INFO:main:15.16
INFO:main:14.55
INFO:main:14.22
INFO:main:14.05
INFO:main:13.98
INFO:main:13.97
INFO:main:13.86
INFO:main:14.08
INFO:main:13.91
INFO:main:13.58
INFO:main:13.84
INFO:main:13.60
INFO:main:13.26
INFO:main:13.15
INFO:main:13.88
INFO:main:13.69
INFO:main:13.61
INFO:main:13.86
INFO:main:14.24
INFO:main:14.32
INFO:main:14.35
INFO:main:14.26
INFO:main:13.91
INFO:main:13.83
INFO:main:13.87
INFO:main:13.72
INFO:main:13.62
INFO:main:13.35
INFO:main:13.05
INFO:main:13.87
INFO:main:13.98
