INFO:werkzeug:[31m[1mWARNING: This is a development server. Do not use it in a production deployment. Use a production WSGI server instead.[0m
 * Running on all addresses (0.0.0.0)
 * Running on http://127.0.0.1:8080
 * Running on http://172.17.0.2:8080
INFO:werkzeug:[33mPress CTRL+C to quit[0m
INFO:werkzeug:[31m[1mWARNING: This is a development server. Do not use it in a production deployment. Use a production WSGI server instead.[0m
 * Running on all addresses (0.0.0.0)
 * Running on http://127.0.0.1:8080
 * Running on http://10.244.2.221:8080
INFO:werkzeug:[33mPress CTRL+C to quit[0m
INFO:werkzeug:127.0.0.1 - - [24/Nov/2023 14:37:59] "GET /api/stream/active/192.168.2.2:1935/200/0 HTTP/1.1" 200 -
INFO:werkzeug:127.0.0.1 - - [24/Nov/2023 14:37:59] "GET /api/stream/active/192.168.2.2:1935/200/0 HTTP/1.1" 200 -
INFO:main:7.84
INFO:main:13.20
INFO:main:13.50
INFO:main:13.56
INFO:main:13.68
INFO:main:16.45
INFO:main:14.17
INFO:main:13.71
INFO:main:13.62
INFO:main:13.64
INFO:main:13.47
INFO:main:13.20
INFO:main:13.14
INFO:main:13.03
INFO:main:13.14
INFO:main:13.36
INFO:main:13.07
INFO:main:13.09
INFO:main:13.19
INFO:main:13.13
INFO:main:13.14
INFO:main:13.35
INFO:main:13.66
INFO:main:13.47
INFO:main:13.36
INFO:main:13.20
INFO:main:13.12
INFO:main:13.94
INFO:main:14.97
INFO:main:14.36
INFO:main:14.07
INFO:main:14.13
INFO:main:14.29
INFO:main:14.25
INFO:main:14.12
INFO:main:13.91
INFO:main:14.73
INFO:main:14.59
INFO:main:14.48
INFO:main:14.34
INFO:main:14.21
INFO:main:13.98
INFO:main:13.74
INFO:main:13.43
INFO:main:13.53
INFO:main:14.58
INFO:main:13.98
INFO:main:13.90
INFO:main:13.53
INFO:main:13.58
INFO:main:13.76
INFO:main:13.83
INFO:main:13.77
INFO:main:13.87
INFO:main:14.23
INFO:main:13.85
INFO:main:14.01
INFO:main:13.90
INFO:main:13.92
INFO:main:13.87
INFO:main:14.46
INFO:main:14.13
INFO:main:13.91
INFO:main:14.08
INFO:main:14.21
INFO:main:13.91
INFO:main:13.87
INFO:main:14.17
INFO:main:14.20
INFO:main:14.32
INFO:main:14.03
INFO:main:14.33
INFO:main:14.36
INFO:main:14.50
INFO:main:14.57
INFO:main:14.74
INFO:main:14.65
INFO:main:14.39
INFO:main:14.25
INFO:main:14.02
INFO:main:13.94
INFO:main:13.71
INFO:main:13.68
INFO:main:13.14
INFO:main:13.56
INFO:main:13.89
INFO:main:13.75
INFO:main:13.95
INFO:werkzeug:127.0.0.1 - - [24/Nov/2023 14:39:36] "GET /download HTTP/1.1" 200 -
