INFO:werkzeug:[31m[1mWARNING: This is a development server. Do not use it in a production deployment. Use a production WSGI server instead.[0m
 * Running on all addresses (0.0.0.0)
 * Running on http://127.0.0.1:8080
 * Running on http://10.244.1.2:8080
INFO:werkzeug:[33mPress CTRL+C to quit[0m
INFO:werkzeug:127.0.0.1 - - [25/Oct/2023 11:49:28] "GET /api/stream/active/192.168.2.2:1935/200 HTTP/1.1" 200 -
INFO:main:1.50
INFO:main:14.99
INFO:main:13.79
INFO:main:13.62
INFO:main:13.26
INFO:main:13.09
INFO:main:13.20
INFO:main:13.49
INFO:main:13.47
INFO:main:13.52
INFO:main:13.65
INFO:main:13.46
INFO:main:13.38
INFO:main:13.57
INFO:main:13.33
INFO:main:13.48
INFO:main:13.38
INFO:main:13.31
INFO:main:13.29
INFO:main:13.50
INFO:main:13.41
INFO:main:13.45
INFO:main:13.34
INFO:main:13.49
INFO:main:13.54
INFO:main:14.42
INFO:main:14.77
INFO:main:14.53
INFO:main:14.38
INFO:main:14.77
INFO:main:15.11
INFO:main:14.19
INFO:main:13.95
INFO:main:13.84
INFO:main:14.89
INFO:main:13.68
INFO:main:13.51
INFO:main:13.55
INFO:main:13.64
INFO:main:13.43
INFO:main:13.44
INFO:main:13.54
INFO:main:14.19
INFO:main:14.75
INFO:main:14.33
INFO:main:13.98
INFO:main:14.13
INFO:main:14.19
INFO:main:14.12
INFO:main:14.20
INFO:main:14.00
INFO:main:14.43
INFO:main:14.55
INFO:main:13.58
INFO:main:13.56
INFO:main:13.43
INFO:main:13.45
INFO:main:13.40
INFO:main:13.72
INFO:main:14.40
INFO:main:14.51
INFO:main:14.08
INFO:main:13.72
INFO:main:13.73
INFO:main:14.22
INFO:main:13.78
INFO:main:14.10
INFO:main:13.51
INFO:main:14.11
INFO:main:14.33
INFO:main:14.25
INFO:main:14.16
INFO:main:14.19
INFO:main:14.21
INFO:main:14.08
INFO:main:14.19
INFO:main:13.91
INFO:main:14.43
INFO:main:14.36
INFO:main:14.31
INFO:main:13.94
INFO:main:14.08
INFO:main:14.66
INFO:main:14.75
INFO:main:14.45
INFO:main:14.72
INFO:main:14.53
INFO:main:14.25
INFO:main:13.98
INFO:main:14.04
INFO:main:13.94
INFO:main:14.02
INFO:main:14.13
INFO:main:14.12
INFO:main:14.53
