INFO:werkzeug:[31m[1mWARNING: This is a development server. Do not use it in a production deployment. Use a production WSGI server instead.[0m
 * Running on all addresses (0.0.0.0)
 * Running on http://127.0.0.1:8080
 * Running on http://10.244.1.5:8080
INFO:werkzeug:[33mPress CTRL+C to quit[0m
INFO:werkzeug:127.0.0.1 - - [25/Oct/2023 12:47:14] "GET /api/stream/active/192.168.2.2:1935/200 HTTP/1.1" 200 -
INFO:main:7.76
INFO:main:13.45
INFO:main:13.50
INFO:main:13.53
INFO:main:13.52
INFO:main:13.49
INFO:main:13.50
INFO:main:13.44
INFO:main:13.32
INFO:main:13.35
INFO:main:13.48
INFO:main:13.74
INFO:main:13.83
INFO:main:13.70
INFO:main:13.65
INFO:main:13.61
INFO:main:14.03
INFO:main:13.93
INFO:main:13.86
INFO:main:13.97
INFO:main:13.85
INFO:main:13.99
INFO:main:14.62
INFO:main:15.18
INFO:main:14.53
INFO:main:14.22
INFO:main:14.23
INFO:main:14.06
INFO:main:14.30
INFO:main:14.39
INFO:main:14.31
INFO:main:14.32
INFO:main:13.94
INFO:main:13.81
INFO:main:13.90
INFO:main:13.88
INFO:main:14.08
INFO:main:13.99
INFO:main:14.08
INFO:main:14.03
INFO:main:14.24
INFO:main:13.79
INFO:main:13.96
INFO:main:13.79
INFO:main:13.95
INFO:main:13.83
INFO:main:14.22
INFO:main:14.04
INFO:main:14.22
INFO:main:14.43
INFO:main:13.98
INFO:main:13.96
INFO:main:14.15
INFO:main:14.05
INFO:main:14.54
INFO:main:14.28
INFO:main:13.76
INFO:main:14.18
INFO:main:13.83
INFO:main:13.65
INFO:main:13.75
INFO:main:13.94
INFO:main:13.85
INFO:main:14.30
INFO:main:14.24
INFO:main:14.14
INFO:main:14.29
INFO:main:14.24
INFO:main:14.26
INFO:main:14.27
INFO:main:14.64
INFO:main:14.73
INFO:main:14.54
INFO:main:14.12
INFO:main:14.15
INFO:main:14.26
INFO:main:15.31
INFO:main:15.72
INFO:main:15.45
INFO:main:15.03
INFO:main:14.98
INFO:main:14.48
INFO:main:14.74
INFO:main:14.44
INFO:main:14.52
INFO:main:14.28
INFO:main:14.34
INFO:main:14.30
