INFO:werkzeug:[31m[1mWARNING: This is a development server. Do not use it in a production deployment. Use a production WSGI server instead.[0m
 * Running on all addresses (0.0.0.0)
 * Running on http://127.0.0.1:8080
 * Running on http://10.244.1.58:8080
INFO:werkzeug:[33mPress CTRL+C to quit[0m
INFO:werkzeug:127.0.0.1 - - [04/Aug/2023 17:13:09] "GET /api/stream/active/192.168.2.2:1935/200 HTTP/1.1" 200 -
INFO:main:6.59
INFO:main:8.43
INFO:main:9.42
INFO:main:9.58
INFO:main:9.77
INFO:main:9.97
INFO:main:9.92
INFO:main:9.86
INFO:main:9.85
INFO:main:9.92
INFO:main:9.91
INFO:main:9.94
INFO:main:9.77
INFO:main:9.95
INFO:main:9.98
INFO:main:8.91
INFO:main:9.50
INFO:main:8.87
INFO:main:9.42
INFO:main:9.40
INFO:main:9.56
INFO:main:9.63
INFO:main:10.11
INFO:main:9.69
INFO:main:10.00
INFO:main:9.70
INFO:main:9.52
INFO:main:9.57
INFO:main:9.38
INFO:main:9.68
INFO:main:9.91
INFO:main:9.89
INFO:main:9.92
INFO:main:9.66
INFO:main:8.86
INFO:main:7.83
INFO:main:8.58
INFO:main:8.63
INFO:main:8.98
INFO:main:9.57
INFO:main:9.56
INFO:main:9.96
INFO:main:10.30
INFO:main:9.86
INFO:main:9.75
INFO:main:9.25
INFO:main:8.83
INFO:main:7.83
INFO:main:9.81
INFO:main:9.55
INFO:main:9.72
INFO:main:7.99
INFO:main:9.46
INFO:main:8.52
INFO:main:9.59
INFO:main:9.41
INFO:main:8.89
INFO:main:8.37
INFO:main:9.43
INFO:main:9.69
INFO:main:9.81
INFO:main:9.46
INFO:main:9.42
INFO:main:9.61
INFO:main:9.81
INFO:main:9.93
INFO:main:10.17
INFO:main:9.90
INFO:main:9.92
INFO:main:9.92
INFO:main:9.66
INFO:main:9.39
INFO:main:9.57
INFO:main:9.59
INFO:main:9.69
INFO:main:9.70
INFO:main:9.94
INFO:main:9.68
INFO:main:9.92
INFO:main:9.91
INFO:main:9.69
INFO:main:10.19
INFO:main:9.75
INFO:main:9.51
INFO:main:9.84
INFO:main:9.37
INFO:main:9.61
INFO:main:9.69
INFO:main:8.88
INFO:main:9.32
INFO:main:9.29
INFO:main:9.79
INFO:main:9.72
INFO:main:9.70
INFO:main:10.06
INFO:main:10.07
INFO:main:9.76
INFO:main:9.96
INFO:main:9.78
