INFO:werkzeug:[31m[1mWARNING: This is a development server. Do not use it in a production deployment. Use a production WSGI server instead.[0m
 * Running on all addresses (0.0.0.0)
 * Running on http://127.0.0.1:8080
 * Running on http://10.244.1.157:8080
INFO:werkzeug:[33mPress CTRL+C to quit[0m
INFO:werkzeug:127.0.0.1 - - [04/Aug/2023 14:12:26] "GET /api/stream/active/192.168.2.2:1935/200 HTTP/1.1" 200 -
INFO:main:4.84
INFO:main:9.98
INFO:main:10.34
INFO:main:9.65
INFO:main:9.85
INFO:main:9.19
INFO:main:10.24
INFO:main:10.10
INFO:main:10.66
INFO:main:10.94
INFO:main:10.35
INFO:main:10.79
INFO:main:11.98
INFO:main:12.89
INFO:main:11.97
INFO:main:11.43
INFO:main:12.28
INFO:main:12.14
INFO:main:10.26
INFO:main:10.82
INFO:main:13.00
INFO:main:12.03
INFO:main:9.11
INFO:main:8.83
INFO:main:8.79
INFO:main:9.52
INFO:main:10.54
INFO:main:9.31
INFO:main:10.74
INFO:main:11.98
INFO:main:12.89
INFO:main:13.33
INFO:main:11.92
INFO:main:11.78
INFO:main:11.36
INFO:main:10.93
INFO:main:12.51
INFO:main:10.64
INFO:main:11.29
INFO:main:10.11
INFO:main:9.94
INFO:main:9.84
INFO:main:10.35
INFO:main:11.87
INFO:main:11.86
INFO:main:10.96
INFO:main:10.39
INFO:main:10.49
INFO:main:10.25
INFO:main:10.23
INFO:main:9.60
INFO:main:11.54
INFO:main:12.16
INFO:main:12.29
INFO:main:12.30
INFO:main:11.10
INFO:main:11.63
INFO:main:10.44
INFO:main:11.32
INFO:main:10.67
INFO:main:10.74
INFO:main:12.11
INFO:main:11.56
INFO:main:10.64
INFO:main:11.10
INFO:main:12.49
INFO:main:11.34
INFO:main:10.50
INFO:main:9.93
INFO:main:9.21
INFO:main:11.73
INFO:main:10.65
INFO:main:9.37
INFO:main:10.18
INFO:main:10.06
INFO:main:11.66
INFO:main:10.41
INFO:main:11.61
INFO:main:12.17
INFO:main:11.39
INFO:main:10.27
INFO:main:9.53
INFO:main:11.28
INFO:main:11.59
INFO:main:11.26
INFO:main:12.70
INFO:main:12.81
INFO:main:12.84
INFO:main:12.16
INFO:main:11.30
INFO:main:9.76
INFO:main:12.33
INFO:main:10.79
INFO:main:10.93
INFO:main:10.27
INFO:main:10.35
