INFO:werkzeug:[31m[1mWARNING: This is a development server. Do not use it in a production deployment. Use a production WSGI server instead.[0m
 * Running on all addresses (0.0.0.0)
 * Running on http://127.0.0.1:8080
 * Running on http://10.244.1.89:8080
INFO:werkzeug:[33mPress CTRL+C to quit[0m
INFO:werkzeug:127.0.0.1 - - [04/Aug/2023 12:45:26] "GET /api/stream/active/192.168.2.2:1935/200 HTTP/1.1" 200 -
INFO:main:6.77
INFO:main:10.51
INFO:main:10.96
INFO:main:10.56
INFO:main:10.64
INFO:main:12.31
INFO:main:11.27
INFO:main:10.64
INFO:main:10.57
INFO:main:10.30
INFO:main:10.41
INFO:main:9.90
INFO:main:10.96
INFO:main:10.71
INFO:main:11.10
INFO:main:11.47
INFO:main:10.27
INFO:main:10.51
INFO:main:10.58
INFO:main:10.59
INFO:main:10.37
INFO:main:9.71
INFO:main:11.49
INFO:main:9.41
INFO:main:9.11
INFO:main:10.88
INFO:main:10.41
INFO:main:10.54
INFO:main:12.94
INFO:main:11.11
INFO:main:11.42
INFO:main:10.61
INFO:main:10.68
INFO:main:10.29
INFO:main:13.58
INFO:main:14.39
INFO:main:8.37
INFO:main:7.26
INFO:main:8.25
INFO:main:11.44
INFO:main:11.24
INFO:main:10.37
INFO:main:10.58
INFO:main:11.79
INFO:main:11.55
INFO:main:8.59
INFO:main:7.08
INFO:main:3.79
INFO:main:4.46
INFO:main:4.52
INFO:main:5.65
INFO:main:11.79
INFO:main:12.20
INFO:main:10.59
INFO:main:11.96
INFO:main:12.62
INFO:main:11.58
INFO:main:12.90
INFO:main:11.91
INFO:main:10.96
INFO:main:12.48
INFO:main:12.16
INFO:main:12.35
INFO:main:10.99
INFO:main:10.90
INFO:main:12.13
INFO:main:12.23
INFO:main:11.48
INFO:main:11.81
INFO:main:9.42
INFO:main:11.39
INFO:main:12.94
INFO:main:10.65
INFO:main:11.08
INFO:main:11.67
INFO:main:12.89
INFO:main:12.17
INFO:main:11.23
INFO:main:11.66
INFO:main:10.14
INFO:main:11.16
INFO:main:11.95
INFO:main:9.86
INFO:main:11.10
INFO:main:10.75
INFO:main:12.05
INFO:main:11.72
INFO:main:10.42
INFO:main:10.83
INFO:main:10.80
INFO:main:9.79
INFO:main:10.35
