INFO:werkzeug:[31m[1mWARNING: This is a development server. Do not use it in a production deployment. Use a production WSGI server instead.[0m
 * Running on all addresses (0.0.0.0)
 * Running on http://127.0.0.1:8080
 * Running on http://10.244.1.210:8080
INFO:werkzeug:[33mPress CTRL+C to quit[0m
INFO:werkzeug:127.0.0.1 - - [03/Aug/2023 22:24:37] "GET /api/stream/active/192.168.2.2:1935/200 HTTP/1.1" 200 -
INFO:main:8.66
INFO:main:15.65
INFO:main:15.99
INFO:main:16.42
INFO:main:16.35
INFO:main:16.21
INFO:main:15.74
INFO:main:15.66
INFO:main:15.64
INFO:main:15.82
INFO:main:15.99
INFO:main:16.03
INFO:main:16.04
INFO:main:15.98
INFO:main:15.81
INFO:main:15.76
INFO:main:15.78
INFO:main:15.81
INFO:main:15.75
INFO:main:15.91
INFO:main:16.01
INFO:main:15.93
INFO:main:15.97
INFO:main:16.16
INFO:main:16.22
INFO:main:15.75
INFO:main:15.90
INFO:main:15.85
INFO:main:15.69
INFO:main:15.72
INFO:main:15.63
INFO:main:15.54
INFO:main:15.98
INFO:main:15.84
INFO:main:15.77
INFO:main:15.31
INFO:main:14.99
INFO:main:14.98
INFO:main:14.92
INFO:main:15.00
INFO:main:15.05
INFO:main:15.17
INFO:main:15.57
INFO:main:15.41
INFO:main:15.25
INFO:main:15.05
INFO:main:15.11
INFO:main:14.82
INFO:main:14.90
INFO:main:14.77
INFO:main:14.83
INFO:main:14.92
INFO:main:14.98
INFO:main:14.56
INFO:main:15.01
INFO:main:14.91
INFO:main:15.21
INFO:main:15.60
INFO:main:15.55
INFO:main:15.83
INFO:main:15.33
INFO:main:15.08
INFO:main:14.70
INFO:main:14.67
INFO:main:14.88
INFO:main:15.40
INFO:main:15.72
INFO:main:16.00
INFO:main:15.83
INFO:main:15.79
INFO:main:15.73
INFO:main:15.50
INFO:main:15.78
INFO:main:15.70
INFO:main:15.48
INFO:main:15.90
INFO:main:16.28
INFO:main:16.42
INFO:main:16.31
INFO:main:16.43
INFO:main:16.34
INFO:main:15.98
INFO:main:15.99
INFO:main:16.44
INFO:main:16.53
INFO:main:16.57
INFO:main:16.46
INFO:main:16.42
INFO:main:16.33
INFO:main:16.04
INFO:main:15.93
INFO:main:15.44
INFO:main:15.08
