INFO:werkzeug:[31m[1mWARNING: This is a development server. Do not use it in a production deployment. Use a production WSGI server instead.[0m
 * Running on all addresses (0.0.0.0)
 * Running on http://127.0.0.1:8080
 * Running on http://10.244.1.240:8080
INFO:werkzeug:[33mPress CTRL+C to quit[0m
INFO:werkzeug:127.0.0.1 - - [04/Aug/2023 09:36:28] "GET /api/stream/active/192.168.2.2:1935/200 HTTP/1.1" 200 -
INFO:main:7.74
INFO:main:11.75
INFO:main:11.31
INFO:main:11.31
INFO:main:11.20
INFO:main:11.36
INFO:main:11.21
INFO:main:11.17
INFO:main:11.42
INFO:main:13.16
INFO:main:12.50
INFO:main:12.14
INFO:main:11.74
INFO:main:11.70
INFO:main:11.96
INFO:main:11.86
INFO:main:11.34
INFO:main:10.93
INFO:main:11.12
INFO:main:11.19
INFO:main:11.26
INFO:main:11.41
INFO:main:11.27
INFO:main:11.12
INFO:main:11.25
INFO:main:11.50
INFO:main:11.50
INFO:main:14.20
INFO:main:15.06
INFO:main:14.47
INFO:main:14.40
INFO:main:11.73
INFO:main:9.22
INFO:main:11.98
INFO:main:13.75
INFO:main:14.26
INFO:main:14.07
INFO:main:12.64
INFO:main:14.42
INFO:main:13.26
INFO:main:14.53
INFO:main:13.23
INFO:main:10.93
INFO:main:12.30
INFO:main:13.57
INFO:main:14.38
INFO:main:12.86
INFO:main:12.30
INFO:main:11.81
INFO:main:12.08
INFO:main:13.18
INFO:main:12.84
INFO:main:11.47
INFO:main:11.69
INFO:main:13.32
INFO:main:12.73
INFO:main:10.93
INFO:main:12.85
INFO:main:11.61
INFO:main:11.80
INFO:main:12.81
INFO:main:14.18
INFO:main:13.99
INFO:main:11.81
INFO:main:11.37
INFO:main:11.09
INFO:main:10.62
INFO:main:11.89
INFO:main:12.01
INFO:main:11.95
INFO:main:14.78
INFO:main:14.46
INFO:main:12.71
INFO:main:13.38
INFO:main:10.76
INFO:main:10.95
INFO:main:11.29
INFO:main:12.48
INFO:main:14.01
INFO:main:13.26
INFO:main:11.29
INFO:main:12.94
INFO:main:12.92
INFO:main:11.06
INFO:main:11.69
INFO:main:10.76
INFO:main:11.30
INFO:main:11.15
INFO:main:11.65
INFO:main:13.20
INFO:main:11.80
INFO:main:14.19
INFO:main:12.55
INFO:main:14.30
INFO:main:11.51
