INFO:werkzeug:[31m[1mWARNING: This is a development server. Do not use it in a production deployment. Use a production WSGI server instead.[0m
 * Running on all addresses (0.0.0.0)
 * Running on http://127.0.0.1:8080
 * Running on http://10.244.1.101:8080
INFO:werkzeug:[33mPress CTRL+C to quit[0m
INFO:werkzeug:127.0.0.1 - - [04/Aug/2023 13:03:08] "GET /api/stream/active/192.168.2.2:1935/200 HTTP/1.1" 200 -
INFO:main:7.39
INFO:main:11.79
INFO:main:12.11
INFO:main:9.80
INFO:main:11.48
INFO:main:11.20
INFO:main:12.72
INFO:main:12.08
INFO:main:11.77
INFO:main:9.90
INFO:main:11.86
INFO:main:12.22
INFO:main:12.62
INFO:main:11.18
INFO:main:10.36
INFO:main:12.38
INFO:main:12.46
INFO:main:10.98
INFO:main:10.92
INFO:main:12.00
INFO:main:11.60
INFO:main:9.55
INFO:main:9.60
INFO:main:12.37
INFO:main:12.61
INFO:main:10.99
INFO:main:11.96
INFO:main:10.98
INFO:main:10.32
INFO:main:10.60
INFO:main:10.75
INFO:main:10.71
INFO:main:12.60
INFO:main:10.61
INFO:main:12.74
INFO:main:11.64
INFO:main:12.85
INFO:main:11.41
INFO:main:9.29
INFO:main:10.98
INFO:main:10.67
INFO:main:12.87
INFO:main:11.46
INFO:main:10.72
INFO:main:10.83
INFO:main:10.97
INFO:main:11.43
INFO:main:10.60
INFO:main:10.87
INFO:main:10.30
INFO:main:10.72
INFO:main:10.91
INFO:main:9.52
INFO:main:10.68
INFO:main:10.04
INFO:main:10.71
INFO:main:11.69
INFO:main:11.10
INFO:main:8.85
INFO:main:10.04
INFO:main:10.28
INFO:main:10.53
INFO:main:11.17
INFO:main:10.54
INFO:main:9.52
INFO:main:11.64
INFO:main:11.71
INFO:main:10.35
INFO:main:10.37
INFO:main:11.20
INFO:main:10.83
INFO:main:11.40
INFO:main:12.13
INFO:main:11.50
INFO:main:11.90
INFO:main:11.54
INFO:main:11.84
INFO:main:12.00
INFO:main:10.67
INFO:main:10.79
INFO:main:10.93
INFO:main:10.37
INFO:main:11.90
INFO:main:12.81
INFO:main:12.81
INFO:main:10.77
INFO:main:11.99
INFO:main:9.96
INFO:main:11.98
INFO:main:10.62
INFO:main:11.94
INFO:main:12.93
INFO:main:11.20
INFO:main:11.89
INFO:main:12.32
INFO:main:10.73
INFO:main:11.75
INFO:main:11.87
INFO:main:12.15
INFO:main:10.86
INFO:main:11.27
INFO:main:12.27
INFO:main:10.93
INFO:main:10.23
INFO:main:10.13
