INFO:werkzeug:[31m[1mWARNING: This is a development server. Do not use it in a production deployment. Use a production WSGI server instead.[0m
 * Running on all addresses (0.0.0.0)
 * Running on http://127.0.0.1:8080
 * Running on http://10.244.1.219:8080
INFO:werkzeug:[33mPress CTRL+C to quit[0m
INFO:werkzeug:127.0.0.1 - - [04/Aug/2023 19:50:13] "GET /api/stream/active/192.168.2.2:1935/200 HTTP/1.1" 200 -
INFO:main:6.81
INFO:main:13.10
INFO:main:12.28
INFO:main:14.03
INFO:main:14.74
INFO:main:13.02
INFO:main:11.75
INFO:main:11.27
INFO:main:11.31
INFO:main:11.12
INFO:main:11.25
INFO:main:11.32
INFO:main:11.17
INFO:main:13.66
INFO:main:14.66
INFO:main:12.54
INFO:main:12.86
INFO:main:11.57
INFO:main:11.46
INFO:main:11.90
INFO:main:12.23
INFO:main:12.14
INFO:main:13.09
INFO:main:11.58
INFO:main:14.64
INFO:main:13.67
INFO:main:14.46
INFO:main:14.72
INFO:main:13.00
INFO:main:12.49
INFO:main:12.77
INFO:main:11.81
INFO:main:11.97
INFO:main:11.94
INFO:main:11.79
INFO:main:12.15
INFO:main:11.32
INFO:main:12.86
INFO:main:15.08
INFO:main:12.66
INFO:main:11.73
INFO:main:11.82
INFO:main:11.23
INFO:main:11.97
INFO:main:13.85
INFO:main:11.53
INFO:main:11.74
INFO:main:11.91
INFO:main:13.77
INFO:main:14.39
INFO:main:11.68
INFO:main:10.79
INFO:main:12.21
INFO:main:14.10
INFO:main:13.88
INFO:main:13.73
INFO:main:13.30
INFO:main:13.87
INFO:main:13.62
INFO:main:13.40
INFO:main:10.97
INFO:main:10.95
INFO:main:11.54
INFO:main:12.66
INFO:main:13.85
INFO:main:11.78
INFO:main:10.85
INFO:main:12.50
INFO:main:12.80
INFO:main:11.35
INFO:main:10.95
INFO:main:11.63
INFO:main:12.63
INFO:main:11.71
INFO:main:11.46
INFO:main:12.53
INFO:main:11.09
INFO:main:11.92
INFO:main:11.40
INFO:main:11.37
INFO:main:11.52
INFO:main:11.09
INFO:main:12.70
INFO:main:11.76
INFO:main:11.69
INFO:main:11.56
INFO:main:10.96
INFO:main:11.11
INFO:main:11.53
INFO:main:12.35
INFO:main:14.62
INFO:main:13.71
INFO:main:15.12
INFO:main:13.83
INFO:main:13.21
INFO:main:14.31
INFO:main:14.01
INFO:main:12.18
INFO:main:11.38
