INFO:werkzeug:[31m[1mWARNING: This is a development server. Do not use it in a production deployment. Use a production WSGI server instead.[0m
 * Running on all addresses (0.0.0.0)
 * Running on http://127.0.0.1:8080
 * Running on http://10.244.1.54:8080
INFO:werkzeug:[33mPress CTRL+C to quit[0m
INFO:werkzeug:127.0.0.1 - - [04/Aug/2023 11:52:38] "GET /api/stream/active/192.168.2.2:1935/200 HTTP/1.1" 200 -
INFO:main:5.72
INFO:main:10.85
INFO:main:11.57
INFO:main:12.23
INFO:main:12.41
INFO:main:10.66
INFO:main:11.50
INFO:main:11.81
INFO:main:10.26
INFO:main:11.30
INFO:main:10.50
INFO:main:10.59
INFO:main:10.78
INFO:main:10.54
INFO:main:10.86
INFO:main:11.40
INFO:main:9.84
INFO:main:10.88
INFO:main:10.15
INFO:main:11.60
INFO:main:10.94
INFO:main:11.98
INFO:main:11.91
INFO:main:9.57
INFO:main:10.50
INFO:main:10.02
INFO:main:10.00
INFO:main:11.62
INFO:main:11.23
INFO:main:11.20
INFO:main:11.75
INFO:main:10.55
INFO:main:10.07
INFO:main:10.60
INFO:main:11.56
INFO:main:11.93
INFO:main:12.25
INFO:main:11.58
INFO:main:11.23
INFO:main:11.88
INFO:main:12.02
INFO:main:11.49
INFO:main:9.93
INFO:main:11.96
INFO:main:12.70
INFO:main:11.81
INFO:main:12.87
INFO:main:10.95
INFO:main:11.51
INFO:main:10.83
INFO:main:10.01
INFO:main:10.50
INFO:main:10.56
INFO:main:11.79
INFO:main:10.85
INFO:main:10.33
INFO:main:11.59
INFO:main:10.43
INFO:main:10.05
INFO:main:12.01
INFO:main:12.90
INFO:main:12.46
INFO:main:10.57
INFO:main:10.90
INFO:main:11.76
INFO:main:9.73
INFO:main:11.87
INFO:main:10.76
INFO:main:9.26
INFO:main:11.18
INFO:main:10.71
INFO:main:12.10
INFO:main:10.77
INFO:main:10.84
INFO:main:12.41
INFO:main:12.01
INFO:main:11.40
INFO:main:12.30
INFO:main:12.26
INFO:main:11.95
INFO:main:10.74
INFO:main:10.32
INFO:main:10.27
INFO:main:10.65
INFO:main:10.48
INFO:main:10.43
INFO:main:10.48
INFO:main:9.53
INFO:main:11.73
INFO:main:11.57
INFO:main:10.94
INFO:main:11.49
