INFO:werkzeug:[31m[1mWARNING: This is a development server. Do not use it in a production deployment. Use a production WSGI server instead.[0m
 * Running on all addresses (0.0.0.0)
 * Running on http://127.0.0.1:8080
 * Running on http://10.244.1.66:8080
INFO:werkzeug:[33mPress CTRL+C to quit[0m
INFO:werkzeug:127.0.0.1 - - [04/Aug/2023 12:10:38] "GET /api/stream/active/192.168.2.2:1935/200 HTTP/1.1" 200 -
INFO:main:6.81
INFO:main:10.48
INFO:main:10.98
INFO:main:12.22
INFO:main:11.07
INFO:main:10.91
INFO:main:9.93
INFO:main:9.87
INFO:main:10.62
INFO:main:10.42
INFO:main:9.20
INFO:main:10.55
INFO:main:10.38
INFO:main:10.66
INFO:main:12.16
INFO:main:11.65
INFO:main:10.99
INFO:main:10.92
INFO:main:12.26
INFO:main:12.65
INFO:main:10.25
INFO:main:10.31
INFO:main:10.28
INFO:main:10.89
INFO:main:11.36
INFO:main:9.44
INFO:main:9.73
INFO:main:11.13
INFO:main:11.47
INFO:main:10.73
INFO:main:10.70
INFO:main:12.42
INFO:main:13.44
INFO:main:12.28
INFO:main:10.84
INFO:main:11.46
INFO:main:11.02
INFO:main:10.81
INFO:main:10.47
INFO:main:9.02
INFO:main:10.93
INFO:main:10.34
INFO:main:10.06
INFO:main:10.95
INFO:main:10.47
INFO:main:10.96
INFO:main:9.20
INFO:main:10.89
INFO:main:10.82
INFO:main:10.46
INFO:main:12.23
INFO:main:10.23
INFO:main:12.85
INFO:main:12.30
INFO:main:11.92
INFO:main:11.21
INFO:main:12.60
INFO:main:11.43
INFO:main:11.39
INFO:main:12.44
INFO:main:11.81
INFO:main:11.96
INFO:main:13.27
INFO:main:12.44
INFO:main:11.93
INFO:main:13.26
INFO:main:11.00
INFO:main:11.21
INFO:main:12.21
INFO:main:11.33
INFO:main:11.38
INFO:main:9.98
INFO:main:11.22
INFO:main:10.18
INFO:main:11.35
INFO:main:11.26
INFO:main:11.80
INFO:main:10.98
INFO:main:11.65
INFO:main:12.48
INFO:main:11.75
INFO:main:12.43
INFO:main:10.69
INFO:main:10.47
INFO:main:10.58
INFO:main:11.59
INFO:main:11.39
INFO:main:12.10
INFO:main:10.67
INFO:main:9.73
INFO:main:10.64
INFO:main:10.98
INFO:main:10.47
INFO:main:11.04
INFO:main:10.45
INFO:main:12.15
