INFO:werkzeug:[31m[1mWARNING: This is a development server. Do not use it in a production deployment. Use a production WSGI server instead.[0m
 * Running on all addresses (0.0.0.0)
 * Running on http://127.0.0.1:8080
 * Running on http://10.244.1.2:8080
INFO:werkzeug:[33mPress CTRL+C to quit[0m
INFO:werkzeug:127.0.0.1 - - [04/Aug/2023 10:10:52] "GET /api/stream/active/192.168.2.2:1935/200 HTTP/1.1" 200 -
INFO:main:8.48
INFO:main:14.76
INFO:main:14.43
INFO:main:14.67
INFO:main:14.79
INFO:main:14.31
INFO:main:13.52
INFO:main:13.23
INFO:main:13.29
INFO:main:12.74
INFO:main:12.43
INFO:main:12.34
INFO:main:11.72
INFO:main:10.95
INFO:main:10.67
INFO:main:10.78
INFO:main:10.63
INFO:main:10.87
INFO:main:11.16
INFO:main:10.94
INFO:main:10.98
INFO:main:12.22
INFO:main:12.42
INFO:main:11.29
INFO:main:13.20
INFO:main:14.56
INFO:main:12.90
INFO:main:12.72
INFO:main:13.44
INFO:main:11.53
INFO:main:12.81
INFO:main:12.72
INFO:main:12.17
INFO:main:14.00
INFO:main:14.76
INFO:main:14.77
INFO:main:13.92
INFO:main:12.80
INFO:main:13.38
INFO:main:13.97
INFO:main:12.45
INFO:main:13.91
INFO:main:13.45
INFO:main:13.99
INFO:main:13.57
INFO:main:12.99
INFO:main:12.82
INFO:main:11.60
INFO:main:12.32
INFO:main:11.64
INFO:main:14.58
INFO:main:11.17
INFO:main:12.38
INFO:main:12.76
INFO:main:14.47
INFO:main:11.90
INFO:main:11.62
INFO:main:14.47
INFO:main:14.58
INFO:main:13.88
INFO:main:14.15
INFO:main:14.08
INFO:main:12.98
INFO:main:14.34
INFO:main:13.28
INFO:main:12.76
INFO:main:14.39
INFO:main:11.80
INFO:main:13.54
INFO:main:14.95
INFO:main:14.93
INFO:main:14.90
INFO:main:13.61
INFO:main:11.98
INFO:main:12.42
INFO:main:11.86
INFO:main:14.99
INFO:main:11.48
INFO:main:14.37
INFO:main:14.76
INFO:main:14.73
INFO:main:13.79
INFO:main:14.25
INFO:main:13.11
INFO:main:13.30
INFO:main:15.05
INFO:main:14.51
INFO:main:11.73
INFO:main:13.76
INFO:main:12.06
INFO:main:14.31
INFO:main:14.39
INFO:main:13.07
INFO:main:11.61
INFO:main:12.80
