INFO:werkzeug:[31m[1mWARNING: This is a development server. Do not use it in a production deployment. Use a production WSGI server instead.[0m
 * Running on all addresses (0.0.0.0)
 * Running on http://127.0.0.1:8080
 * Running on http://10.244.1.42:8080
INFO:werkzeug:[33mPress CTRL+C to quit[0m
INFO:werkzeug:127.0.0.1 - - [04/Aug/2023 11:35:48] "GET /api/stream/active/192.168.2.2:1935/200 HTTP/1.1" 200 -
INFO:main:7.54
INFO:main:14.42
INFO:main:14.14
INFO:main:14.42
INFO:main:14.55
INFO:main:14.55
INFO:main:14.33
INFO:main:13.93
INFO:main:13.71
INFO:main:13.41
INFO:main:12.56
INFO:main:11.97
INFO:main:11.53
INFO:main:10.99
INFO:main:10.88
INFO:main:10.96
INFO:main:11.06
INFO:main:10.89
INFO:main:11.05
INFO:main:11.39
INFO:main:11.31
INFO:main:11.43
INFO:main:12.24
INFO:main:12.00
INFO:main:12.46
INFO:main:13.19
INFO:main:11.72
INFO:main:13.74
INFO:main:12.47
INFO:main:14.49
INFO:main:14.16
INFO:main:13.86
INFO:main:12.98
INFO:main:14.57
INFO:main:15.09
INFO:main:12.53
INFO:main:13.72
INFO:main:13.52
INFO:main:14.39
INFO:main:13.28
INFO:main:13.75
INFO:main:12.82
INFO:main:14.23
INFO:main:14.46
INFO:main:11.58
INFO:main:13.03
INFO:main:13.67
INFO:main:14.17
INFO:main:12.87
INFO:main:11.23
INFO:main:13.66
INFO:main:13.64
INFO:main:12.74
INFO:main:14.46
INFO:main:14.17
INFO:main:12.82
INFO:main:11.26
INFO:main:13.19
INFO:main:11.76
INFO:main:10.98
INFO:main:11.05
INFO:main:11.97
INFO:main:12.99
INFO:main:13.55
INFO:main:13.17
INFO:main:14.13
INFO:main:11.51
INFO:main:11.34
INFO:main:11.69
INFO:main:13.02
INFO:main:12.91
INFO:main:13.65
INFO:main:11.96
INFO:main:13.61
INFO:main:11.78
INFO:main:11.39
INFO:main:12.00
INFO:main:12.67
INFO:main:10.70
INFO:main:12.31
INFO:main:13.81
INFO:main:12.98
INFO:main:13.17
INFO:main:11.88
INFO:main:11.65
INFO:main:11.53
INFO:main:13.14
INFO:main:12.09
INFO:main:14.22
INFO:main:11.10
INFO:main:12.09
