INFO:werkzeug:[31m[1mWARNING: This is a development server. Do not use it in a production deployment. Use a production WSGI server instead.[0m
 * Running on all addresses (0.0.0.0)
 * Running on http://127.0.0.1:8080
 * Running on http://10.244.1.100:8080
INFO:werkzeug:[33mPress CTRL+C to quit[0m
INFO:werkzeug:127.0.0.1 - - [04/Aug/2023 13:03:09] "GET /api/stream/active/192.168.2.2:1935/200 HTTP/1.1" 200 -
INFO:main:4.96
INFO:main:12.89
INFO:main:11.72
INFO:main:10.53
INFO:main:11.30
INFO:main:12.22
INFO:main:12.23
INFO:main:12.08
INFO:main:11.48
INFO:main:11.70
INFO:main:11.51
INFO:main:12.61
INFO:main:12.40
INFO:main:10.49
INFO:main:11.69
INFO:main:12.70
INFO:main:12.25
INFO:main:10.75
INFO:main:11.17
INFO:main:11.82
INFO:main:11.53
INFO:main:10.52
INFO:main:10.40
INFO:main:12.67
INFO:main:12.38
INFO:main:11.30
INFO:main:11.24
INFO:main:11.26
INFO:main:9.58
INFO:main:10.02
INFO:main:10.77
INFO:main:11.37
INFO:main:12.97
INFO:main:10.66
INFO:main:12.14
INFO:main:12.38
INFO:main:12.21
INFO:main:11.07
INFO:main:11.12
INFO:main:9.76
INFO:main:11.79
INFO:main:12.96
INFO:main:10.70
INFO:main:10.38
INFO:main:10.57
INFO:main:10.77
INFO:main:10.98
INFO:main:11.21
INFO:main:10.63
INFO:main:9.82
INFO:main:11.35
INFO:main:10.89
INFO:main:9.41
INFO:main:9.37
INFO:main:10.55
INFO:main:12.46
INFO:main:11.53
INFO:main:9.86
INFO:main:9.92
INFO:main:10.73
INFO:main:10.82
INFO:main:10.37
INFO:main:10.74
INFO:main:8.85
INFO:main:10.33
INFO:main:11.51
INFO:main:11.05
INFO:main:11.25
INFO:main:11.07
INFO:main:11.21
INFO:main:10.97
INFO:main:12.25
INFO:main:11.56
INFO:main:11.41
INFO:main:12.39
INFO:main:11.28
INFO:main:12.33
INFO:main:11.75
INFO:main:10.30
INFO:main:10.46
INFO:main:10.30
INFO:main:11.88
INFO:main:12.58
INFO:main:12.90
INFO:main:11.67
INFO:main:11.99
INFO:main:10.96
INFO:main:11.18
INFO:main:11.00
INFO:main:11.59
INFO:main:12.81
INFO:main:11.49
INFO:main:11.57
INFO:main:12.62
INFO:main:11.03
INFO:main:10.83
INFO:main:11.94
INFO:main:12.65
INFO:main:10.75
INFO:main:11.42
INFO:main:12.06
INFO:main:10.05
INFO:main:10.52
INFO:main:10.22
