INFO:werkzeug:[31m[1mWARNING: This is a development server. Do not use it in a production deployment. Use a production WSGI server instead.[0m
 * Running on all addresses (0.0.0.0)
 * Running on http://127.0.0.1:8080
 * Running on http://10.244.1.214:8080
INFO:werkzeug:[33mPress CTRL+C to quit[0m
INFO:werkzeug:127.0.0.1 - - [03/Aug/2023 22:41:04] "GET /api/stream/active/192.168.2.2:1935/200 HTTP/1.1" 200 -
INFO:main:8.47
INFO:main:13.61
INFO:main:13.60
INFO:main:13.56
INFO:main:13.46
INFO:main:13.48
INFO:main:13.42
INFO:main:13.22
INFO:main:13.24
INFO:main:13.20
INFO:main:13.26
INFO:main:13.57
INFO:main:13.55
INFO:main:13.40
INFO:main:13.44
INFO:main:13.45
INFO:main:13.47
INFO:main:13.37
INFO:main:13.37
INFO:main:13.30
INFO:main:13.30
INFO:main:13.20
INFO:main:13.25
INFO:main:13.54
INFO:main:14.30
INFO:main:14.48
INFO:main:13.59
INFO:main:13.60
INFO:main:14.03
INFO:main:13.92
INFO:main:13.93
INFO:main:13.97
INFO:main:14.15
INFO:main:14.59
INFO:main:14.09
INFO:main:14.18
INFO:main:14.09
INFO:main:14.57
INFO:main:14.58
INFO:main:14.78
INFO:main:14.37
INFO:main:14.43
INFO:main:14.47
INFO:main:14.02
INFO:main:13.82
INFO:main:13.82
INFO:main:13.97
INFO:main:14.38
INFO:main:14.03
INFO:main:14.47
INFO:main:14.01
INFO:main:14.04
INFO:main:13.97
INFO:main:13.77
INFO:main:13.94
INFO:main:13.83
INFO:main:14.00
INFO:main:14.28
INFO:main:14.16
INFO:main:13.85
INFO:main:14.05
INFO:main:14.31
INFO:main:14.30
INFO:main:14.21
INFO:main:14.40
INFO:main:14.71
INFO:main:14.52
INFO:main:14.54
INFO:main:14.61
INFO:main:14.22
INFO:main:14.65
INFO:main:14.13
INFO:main:14.77
INFO:main:14.99
INFO:main:15.32
INFO:main:15.13
INFO:main:14.99
INFO:main:15.15
INFO:main:14.95
INFO:main:14.96
INFO:main:14.51
INFO:main:15.17
INFO:main:15.00
INFO:main:14.78
INFO:main:14.42
INFO:main:14.34
INFO:main:14.43
INFO:main:14.36
INFO:main:14.50
INFO:main:14.27
INFO:main:14.92
INFO:main:14.58
