INFO:werkzeug:[31m[1mWARNING: This is a development server. Do not use it in a production deployment. Use a production WSGI server instead.[0m
 * Running on all addresses (0.0.0.0)
 * Running on http://127.0.0.1:8080
 * Running on http://10.244.1.239:8080
INFO:werkzeug:[33mPress CTRL+C to quit[0m
INFO:werkzeug:127.0.0.1 - - [04/Aug/2023 09:36:28] "GET /api/stream/active/192.168.2.2:1935/200 HTTP/1.1" 200 -
INFO:main:7.00
INFO:main:12.26
INFO:main:11.41
INFO:main:11.23
INFO:main:11.25
INFO:main:11.35
INFO:main:11.17
INFO:main:11.22
INFO:main:11.53
INFO:main:13.20
INFO:main:12.41
INFO:main:12.10
INFO:main:11.72
INFO:main:11.74
INFO:main:11.97
INFO:main:11.85
INFO:main:11.31
INFO:main:10.80
INFO:main:11.14
INFO:main:11.22
INFO:main:11.31
INFO:main:11.42
INFO:main:11.25
INFO:main:11.06
INFO:main:11.24
INFO:main:11.59
INFO:main:11.98
INFO:main:8.52
INFO:main:6.93
INFO:main:11.38
INFO:main:12.74
INFO:main:13.25
INFO:main:12.84
INFO:main:14.28
INFO:main:14.09
INFO:main:14.45
INFO:main:13.83
INFO:main:13.73
INFO:main:14.13
INFO:main:12.84
INFO:main:13.37
INFO:main:11.88
INFO:main:11.16
INFO:main:12.46
INFO:main:13.70
INFO:main:14.36
INFO:main:13.21
INFO:main:12.41
INFO:main:12.48
INFO:main:11.91
INFO:main:12.02
INFO:main:13.92
INFO:main:10.88
INFO:main:12.22
INFO:main:14.35
INFO:main:11.90
INFO:main:11.47
INFO:main:13.94
INFO:main:11.40
INFO:main:11.54
INFO:main:13.91
INFO:main:14.08
INFO:main:12.05
INFO:main:11.88
INFO:main:10.71
INFO:main:11.03
INFO:main:11.28
INFO:main:13.58
INFO:main:10.83
INFO:main:15.05
INFO:main:14.40
INFO:main:12.86
INFO:main:12.88
INFO:main:10.91
INFO:main:11.10
INFO:main:11.13
INFO:main:11.56
INFO:main:14.35
INFO:main:13.65
INFO:main:12.63
INFO:main:11.20
INFO:main:13.25
INFO:main:11.21
INFO:main:11.65
INFO:main:10.93
INFO:main:11.19
INFO:main:10.82
INFO:main:11.37
INFO:main:14.23
INFO:main:11.83
INFO:main:14.10
INFO:main:12.94
INFO:main:12.87
INFO:main:12.26
INFO:main:11.09
