INFO:werkzeug:[31m[1mWARNING: This is a development server. Do not use it in a production deployment. Use a production WSGI server instead.[0m
 * Running on all addresses (0.0.0.0)
 * Running on http://127.0.0.1:8080
 * Running on http://10.244.1.43:8080
INFO:werkzeug:[33mPress CTRL+C to quit[0m
INFO:werkzeug:127.0.0.1 - - [04/Aug/2023 16:52:01] "GET /api/stream/active/192.168.2.2:1935/200 HTTP/1.1" 200 -
INFO:main:7.41
INFO:main:10.90
INFO:main:8.86
INFO:main:10.05
INFO:main:9.84
INFO:main:9.52
INFO:main:10.04
INFO:main:9.85
INFO:main:9.99
INFO:main:9.89
INFO:main:9.76
INFO:main:10.06
INFO:main:10.06
INFO:main:9.66
INFO:main:9.99
INFO:main:8.78
INFO:main:9.24
INFO:main:8.86
INFO:main:9.39
INFO:main:9.41
INFO:main:9.43
INFO:main:9.68
INFO:main:9.48
INFO:main:9.76
INFO:main:9.93
INFO:main:9.76
INFO:main:9.37
INFO:main:9.70
INFO:main:9.60
INFO:main:8.86
INFO:main:9.82
INFO:main:9.97
INFO:main:9.45
INFO:main:8.79
INFO:main:8.89
INFO:main:9.27
INFO:main:9.52
INFO:main:8.80
INFO:main:8.77
INFO:main:9.73
INFO:main:9.59
INFO:main:9.97
INFO:main:9.79
INFO:main:9.72
INFO:main:9.80
INFO:main:9.59
INFO:main:9.73
INFO:main:9.26
INFO:main:9.81
INFO:main:9.88
INFO:main:10.26
INFO:main:8.98
INFO:main:9.84
INFO:main:9.43
INFO:main:9.14
INFO:main:9.41
INFO:main:9.65
INFO:main:9.35
INFO:main:8.54
INFO:main:8.95
INFO:main:8.44
INFO:main:8.93
INFO:main:9.23
INFO:main:10.67
INFO:main:9.34
INFO:main:9.66
INFO:main:9.55
INFO:main:9.49
INFO:main:9.33
INFO:main:9.95
INFO:main:9.75
INFO:main:9.93
INFO:main:9.63
INFO:main:8.76
INFO:main:8.57
INFO:main:9.57
INFO:main:9.90
INFO:main:9.66
INFO:main:9.56
INFO:main:9.07
INFO:main:9.25
INFO:main:9.00
INFO:main:9.54
INFO:main:9.97
INFO:main:9.74
INFO:main:9.64
INFO:main:9.85
INFO:main:8.69
INFO:main:9.21
INFO:main:9.64
INFO:main:8.92
INFO:main:9.89
INFO:main:9.95
INFO:main:9.83
INFO:main:9.66
