INFO:werkzeug:[31m[1mWARNING: This is a development server. Do not use it in a production deployment. Use a production WSGI server instead.[0m
 * Running on all addresses (0.0.0.0)
 * Running on http://127.0.0.1:8080
 * Running on http://10.244.1.53:8080
INFO:werkzeug:[33mPress CTRL+C to quit[0m
INFO:werkzeug:127.0.0.1 - - [04/Aug/2023 11:52:37] "GET /api/stream/active/192.168.2.2:1935/200 HTTP/1.1" 200 -
INFO:main:6.91
INFO:main:10.57
INFO:main:10.91
INFO:main:11.57
INFO:main:12.86
INFO:main:11.44
INFO:main:10.98
INFO:main:12.71
INFO:main:9.43
INFO:main:10.77
INFO:main:10.08
INFO:main:10.70
INFO:main:10.77
INFO:main:11.39
INFO:main:9.70
INFO:main:11.65
INFO:main:10.25
INFO:main:10.92
INFO:main:10.61
INFO:main:11.37
INFO:main:9.99
INFO:main:11.85
INFO:main:12.07
INFO:main:10.67
INFO:main:10.48
INFO:main:10.08
INFO:main:10.10
INFO:main:10.40
INFO:main:11.20
INFO:main:11.90
INFO:main:11.05
INFO:main:11.33
INFO:main:9.52
INFO:main:9.28
INFO:main:11.69
INFO:main:11.59
INFO:main:12.43
INFO:main:11.13
INFO:main:11.61
INFO:main:12.17
INFO:main:11.92
INFO:main:11.81
INFO:main:10.92
INFO:main:11.60
INFO:main:12.77
INFO:main:11.58
INFO:main:12.96
INFO:main:11.96
INFO:main:10.33
INFO:main:11.31
INFO:main:10.68
INFO:main:9.45
INFO:main:11.55
INFO:main:10.46
INFO:main:11.01
INFO:main:10.36
INFO:main:10.73
INFO:main:11.12
INFO:main:10.01
INFO:main:11.33
INFO:main:11.97
INFO:main:12.44
INFO:main:11.38
INFO:main:10.58
INFO:main:11.49
INFO:main:9.73
INFO:main:12.02
INFO:main:10.93
INFO:main:9.79
INFO:main:9.95
INFO:main:11.15
INFO:main:11.52
INFO:main:10.77
INFO:main:10.35
INFO:main:12.57
INFO:main:11.61
INFO:main:11.40
INFO:main:12.20
INFO:main:11.99
INFO:main:12.47
INFO:main:10.87
INFO:main:10.20
INFO:main:9.34
INFO:main:10.47
INFO:main:10.73
INFO:main:11.18
INFO:main:10.61
INFO:main:10.53
INFO:main:11.49
INFO:main:10.83
INFO:main:10.92
INFO:main:11.46
INFO:main:11.58
