INFO:werkzeug:[31m[1mWARNING: This is a development server. Do not use it in a production deployment. Use a production WSGI server instead.[0m
 * Running on all addresses (0.0.0.0)
 * Running on http://127.0.0.1:8080
 * Running on http://10.244.1.78:8080
INFO:werkzeug:[33mPress CTRL+C to quit[0m
INFO:werkzeug:127.0.0.1 - - [04/Aug/2023 12:28:14] "GET /api/stream/active/192.168.2.2:1935/200 HTTP/1.1" 200 -
INFO:main:4.86
INFO:main:11.91
INFO:main:10.49
INFO:main:11.31
INFO:main:9.22
INFO:main:12.68
INFO:main:12.60
INFO:main:10.23
INFO:main:10.84
INFO:main:11.47
INFO:main:12.62
INFO:main:10.36
INFO:main:9.43
INFO:main:11.72
INFO:main:10.34
INFO:main:10.88
INFO:main:11.91
INFO:main:11.37
INFO:main:11.03
INFO:main:10.75
INFO:main:10.80
INFO:main:10.57
INFO:main:10.42
INFO:main:10.44
INFO:main:10.57
INFO:main:12.03
INFO:main:12.72
INFO:main:12.86
INFO:main:12.75
INFO:main:13.18
INFO:main:13.14
INFO:main:12.80
INFO:main:8.94
INFO:main:9.38
INFO:main:10.56
INFO:main:11.58
INFO:main:12.47
INFO:main:11.31
INFO:main:9.57
INFO:main:10.58
INFO:main:8.98
INFO:main:9.30
INFO:main:10.33
INFO:main:11.71
INFO:main:12.02
INFO:main:11.85
INFO:main:11.59
INFO:main:11.67
INFO:main:9.77
INFO:main:10.97
INFO:main:11.32
INFO:main:10.74
INFO:main:12.61
INFO:main:13.17
INFO:main:9.96
INFO:main:11.59
INFO:main:11.67
INFO:main:10.47
INFO:main:11.07
INFO:main:11.59
INFO:main:11.68
INFO:main:9.95
INFO:main:10.62
INFO:main:9.96
INFO:main:10.34
INFO:main:12.63
INFO:main:11.80
INFO:main:11.40
INFO:main:10.86
INFO:main:12.20
INFO:main:10.62
INFO:main:11.48
INFO:main:11.92
INFO:main:11.82
INFO:main:11.19
INFO:main:11.99
INFO:main:11.34
INFO:main:12.58
INFO:main:12.45
INFO:main:11.65
INFO:main:11.57
INFO:main:11.91
INFO:main:11.26
INFO:main:11.41
INFO:main:10.60
INFO:main:12.03
INFO:main:11.61
INFO:main:11.70
INFO:main:11.15
INFO:main:10.91
INFO:main:11.91
INFO:main:9.33
INFO:main:10.70
INFO:main:11.52
INFO:main:10.59
INFO:main:9.78
