INFO:werkzeug:[31m[1mWARNING: This is a development server. Do not use it in a production deployment. Use a production WSGI server instead.[0m
 * Running on all addresses (0.0.0.0)
 * Running on http://127.0.0.1:8080
 * Running on http://10.244.1.179:8080
INFO:werkzeug:[33mPress CTRL+C to quit[0m
INFO:werkzeug:127.0.0.1 - - [04/Aug/2023 19:12:14] "GET /api/stream/active/192.168.2.2:1935/200 HTTP/1.1" 200 -
INFO:main:4.73
INFO:main:11.00
INFO:main:11.31
INFO:main:10.97
INFO:main:11.31
INFO:main:11.07
INFO:main:11.39
INFO:main:11.19
INFO:main:10.97
INFO:main:11.00
INFO:main:11.53
INFO:main:11.95
INFO:main:11.98
INFO:main:11.42
INFO:main:11.45
INFO:main:11.47
INFO:main:11.82
INFO:main:11.82
INFO:main:11.76
INFO:main:12.11
INFO:main:12.11
INFO:main:11.82
INFO:main:12.78
INFO:main:12.87
INFO:main:12.53
INFO:main:12.68
INFO:main:12.20
INFO:main:11.65
INFO:main:14.99
INFO:main:14.13
INFO:main:11.94
INFO:main:12.53
INFO:main:13.20
INFO:main:13.69
INFO:main:11.64
INFO:main:12.70
INFO:main:14.10
INFO:main:13.38
INFO:main:12.72
INFO:main:12.93
INFO:main:12.83
INFO:main:13.75
INFO:main:14.49
INFO:main:11.72
INFO:main:13.67
INFO:main:13.20
INFO:main:14.22
INFO:main:12.94
INFO:main:12.79
INFO:main:14.44
INFO:main:14.74
INFO:main:13.60
INFO:main:11.73
INFO:main:13.03
INFO:main:11.95
INFO:main:11.48
INFO:main:13.15
INFO:main:12.62
INFO:main:13.42
INFO:main:14.82
INFO:main:13.21
INFO:main:13.90
INFO:main:11.80
INFO:main:12.81
INFO:main:13.89
INFO:main:13.24
INFO:main:14.31
INFO:main:13.22
INFO:main:13.05
INFO:main:14.44
INFO:main:14.04
INFO:main:12.58
INFO:main:11.36
INFO:main:14.09
INFO:main:11.20
INFO:main:11.72
INFO:main:11.13
INFO:main:11.74
INFO:main:13.17
INFO:main:13.51
INFO:main:13.64
INFO:main:13.29
INFO:main:11.40
INFO:main:10.84
INFO:main:12.37
INFO:main:12.20
INFO:main:14.44
INFO:main:11.98
INFO:main:11.48
INFO:main:12.18
INFO:main:14.21
INFO:main:12.89
INFO:main:13.70
INFO:main:13.82
INFO:main:13.32
INFO:main:13.08
INFO:main:14.17
INFO:main:12.21
INFO:main:13.85
INFO:main:13.75
INFO:main:11.98
INFO:main:13.02
