INFO:werkzeug:[31m[1mWARNING: This is a development server. Do not use it in a production deployment. Use a production WSGI server instead.[0m
 * Running on all addresses (0.0.0.0)
 * Running on http://127.0.0.1:8080
 * Running on http://10.244.1.232:8080
INFO:werkzeug:[33mPress CTRL+C to quit[0m
INFO:werkzeug:127.0.0.1 - - [04/Aug/2023 09:19:48] "GET /api/stream/active/192.168.2.2:1935/200 HTTP/1.1" 200 -
INFO:main:6.86
INFO:main:12.11
INFO:main:11.13
INFO:main:10.46
INFO:main:10.59
INFO:main:11.09
INFO:main:11.63
INFO:main:11.97
INFO:main:13.64
INFO:main:13.96
INFO:main:12.95
INFO:main:12.92
INFO:main:12.02
INFO:main:11.67
INFO:main:11.57
INFO:main:11.11
INFO:main:10.87
INFO:main:11.10
INFO:main:11.62
INFO:main:11.28
INFO:main:11.28
INFO:main:11.64
INFO:main:12.31
INFO:main:12.27
INFO:main:12.66
INFO:main:14.73
INFO:main:16.65
INFO:main:14.19
INFO:main:11.85
INFO:main:12.01
INFO:main:12.26
INFO:main:12.16
INFO:main:12.71
INFO:main:13.12
INFO:main:12.03
INFO:main:12.38
INFO:main:12.93
INFO:main:13.17
INFO:main:12.33
INFO:main:12.67
INFO:main:14.10
INFO:main:15.44
INFO:main:15.24
INFO:main:13.26
INFO:main:11.78
INFO:main:11.49
INFO:main:11.64
INFO:main:12.86
INFO:main:14.33
INFO:main:15.41
INFO:main:12.83
INFO:main:11.77
INFO:main:11.75
INFO:main:12.03
INFO:main:11.96
INFO:main:13.09
INFO:main:15.38
INFO:main:13.66
INFO:main:13.15
INFO:main:12.87
INFO:main:12.66
INFO:main:14.88
INFO:main:15.94
INFO:main:16.09
INFO:main:15.78
INFO:main:15.55
INFO:main:14.83
INFO:main:15.90
INFO:main:15.60
INFO:main:13.98
INFO:main:12.85
INFO:main:12.41
INFO:main:12.66
INFO:main:12.46
INFO:main:11.98
INFO:main:11.84
INFO:main:11.54
INFO:main:12.57
INFO:main:13.65
INFO:main:14.87
INFO:main:11.75
INFO:main:14.07
INFO:main:12.99
INFO:main:11.93
INFO:main:11.74
INFO:main:13.45
INFO:main:12.17
INFO:main:11.97
INFO:main:11.63
INFO:main:11.77
INFO:main:12.12
