INFO:werkzeug:[31m[1mWARNING: This is a development server. Do not use it in a production deployment. Use a production WSGI server instead.[0m
 * Running on all addresses (0.0.0.0)
 * Running on http://127.0.0.1:8080
 * Running on http://10.244.1.246:8080
INFO:werkzeug:[33mPress CTRL+C to quit[0m
INFO:werkzeug:127.0.0.1 - - [04/Aug/2023 15:58:14] "GET /api/stream/active/192.168.2.2:1935/200 HTTP/1.1" 200 -
INFO:main:1.98
INFO:main:11.42
INFO:main:9.52
INFO:main:9.90
INFO:main:9.90
INFO:main:9.91
INFO:main:9.91
INFO:main:9.93
INFO:main:9.94
INFO:main:9.85
INFO:main:9.90
INFO:main:9.95
INFO:main:9.78
INFO:main:10.05
INFO:main:9.79
INFO:main:9.91
INFO:main:9.53
INFO:main:9.84
INFO:main:10.00
INFO:main:9.57
INFO:main:9.91
INFO:main:9.00
INFO:main:9.56
INFO:main:9.39
INFO:main:9.90
INFO:main:9.54
INFO:main:9.97
INFO:main:9.53
INFO:main:9.85
INFO:main:9.62
INFO:main:9.77
INFO:main:9.40
INFO:main:9.58
INFO:main:9.87
INFO:main:10.02
INFO:main:10.24
INFO:main:9.96
INFO:main:9.97
INFO:main:9.64
INFO:main:9.31
INFO:main:9.26
INFO:main:10.28
INFO:main:9.20
INFO:main:10.15
INFO:main:10.71
INFO:main:10.68
INFO:main:5.98
INFO:main:9.07
INFO:main:9.71
INFO:main:9.52
INFO:main:8.64
INFO:main:9.45
INFO:main:9.67
INFO:main:9.69
INFO:main:9.87
INFO:main:9.68
INFO:main:9.82
INFO:main:9.85
INFO:main:9.61
INFO:main:9.99
INFO:main:9.93
INFO:main:9.76
INFO:main:9.98
INFO:main:9.65
INFO:main:9.87
INFO:main:9.24
INFO:main:9.76
INFO:main:9.99
INFO:main:9.94
INFO:main:9.34
INFO:main:9.83
INFO:main:9.82
INFO:main:10.09
INFO:main:9.65
INFO:main:9.88
INFO:main:9.55
INFO:main:9.68
INFO:main:7.49
INFO:main:8.87
INFO:main:10.00
INFO:main:9.74
INFO:main:9.43
INFO:main:8.90
INFO:main:9.58
INFO:main:9.65
INFO:main:9.68
INFO:main:9.64
INFO:main:8.76
INFO:main:9.88
INFO:main:10.00
INFO:main:9.87
INFO:main:9.95
INFO:main:9.74
INFO:main:9.94
INFO:main:9.79
INFO:main:9.53
INFO:main:10.02
INFO:main:10.10
INFO:main:9.68
INFO:main:9.71
