INFO:werkzeug:[31m[1mWARNING: This is a development server. Do not use it in a production deployment. Use a production WSGI server instead.[0m
 * Running on all addresses (0.0.0.0)
 * Running on http://127.0.0.1:8080
 * Running on http://10.244.1.26:8080
INFO:werkzeug:[33mPress CTRL+C to quit[0m
INFO:werkzeug:127.0.0.1 - - [04/Aug/2023 20:49:36] "GET /api/stream/active/192.168.2.2:1935/200 HTTP/1.1" 200 -
INFO:main:6.59
INFO:main:11.36
INFO:main:12.60
INFO:main:12.00
INFO:main:11.53
INFO:main:10.57
INFO:main:11.32
INFO:main:12.11
INFO:main:13.10
INFO:main:12.56
INFO:main:12.76
INFO:main:12.81
INFO:main:12.04
INFO:main:11.39
INFO:main:12.84
INFO:main:10.35
INFO:main:10.64
INFO:main:10.40
INFO:main:10.53
INFO:main:9.75
INFO:main:10.99
INFO:main:10.96
INFO:main:9.50
INFO:main:12.19
INFO:main:11.38
INFO:main:10.70
INFO:main:10.86
INFO:main:11.60
INFO:main:10.99
INFO:main:11.95
INFO:main:11.71
INFO:main:12.97
INFO:main:11.70
INFO:main:10.96
INFO:main:10.03
INFO:main:9.82
INFO:main:10.10
INFO:main:10.67
INFO:main:12.15
INFO:main:12.99
INFO:main:11.90
INFO:main:11.92
INFO:main:11.88
INFO:main:10.42
INFO:main:11.78
INFO:main:11.20
INFO:main:11.34
INFO:main:10.73
INFO:main:12.24
INFO:main:11.83
INFO:main:10.83
INFO:main:10.65
INFO:main:10.90
INFO:main:11.75
INFO:main:10.16
INFO:main:9.29
INFO:main:11.77
INFO:main:12.88
INFO:main:12.82
INFO:main:11.78
INFO:main:10.45
INFO:main:11.29
INFO:main:11.31
INFO:main:11.65
INFO:main:10.69
INFO:main:11.84
INFO:main:12.15
INFO:main:11.86
INFO:main:10.53
INFO:main:12.34
INFO:main:11.09
INFO:main:11.49
INFO:main:11.67
INFO:main:12.46
INFO:main:10.92
INFO:main:10.14
INFO:main:11.96
INFO:main:10.78
INFO:main:10.99
INFO:main:11.33
INFO:main:9.44
INFO:main:13.20
INFO:main:12.02
INFO:main:11.05
INFO:main:11.88
INFO:main:10.62
INFO:main:10.44
INFO:main:10.74
INFO:main:11.30
INFO:main:10.87
INFO:main:9.91
INFO:main:11.66
INFO:main:10.08
INFO:main:10.71
INFO:main:12.02
INFO:main:11.28
INFO:main:10.79
INFO:main:9.21
INFO:main:10.70
INFO:main:11.58
INFO:main:10.93
INFO:main:9.97
INFO:main:12.71
INFO:main:12.67
INFO:main:11.58
INFO:main:12.57
