INFO:werkzeug:[31m[1mWARNING: This is a development server. Do not use it in a production deployment. Use a production WSGI server instead.[0m
 * Running on all addresses (0.0.0.0)
 * Running on http://127.0.0.1:8080
 * Running on http://10.244.1.9:8080
INFO:werkzeug:[33mPress CTRL+C to quit[0m
INFO:werkzeug:127.0.0.1 - - [04/Aug/2023 16:16:08] "GET /api/stream/active/192.168.2.2:1935/200 HTTP/1.1" 200 -
INFO:main:5.39
INFO:main:8.81
INFO:main:8.69
INFO:main:9.53
INFO:main:8.31
INFO:main:9.44
INFO:main:9.59
INFO:main:9.61
INFO:main:9.79
INFO:main:10.07
INFO:main:9.97
INFO:main:9.94
INFO:main:9.70
INFO:main:10.01
INFO:main:9.77
INFO:main:9.83
INFO:main:9.86
INFO:main:10.00
INFO:main:9.95
INFO:main:9.57
INFO:main:9.81
INFO:main:9.98
INFO:main:9.83
INFO:main:10.09
INFO:main:9.79
INFO:main:9.82
INFO:main:9.96
INFO:main:9.97
INFO:main:9.92
INFO:main:9.93
INFO:main:9.70
INFO:main:10.04
INFO:main:9.83
INFO:main:9.94
INFO:main:9.72
INFO:main:9.96
INFO:main:9.79
INFO:main:9.80
INFO:main:9.49
INFO:main:9.45
INFO:main:9.58
INFO:main:9.88
INFO:main:9.96
INFO:main:9.92
INFO:main:9.63
INFO:main:9.89
INFO:main:9.64
INFO:main:9.99
INFO:main:9.85
INFO:main:9.69
INFO:main:9.62
INFO:main:9.50
INFO:main:8.71
INFO:main:9.63
INFO:main:9.82
INFO:main:9.86
INFO:main:9.41
INFO:main:10.26
INFO:main:9.63
INFO:main:9.99
INFO:main:9.88
INFO:main:10.29
INFO:main:9.05
INFO:main:9.60
INFO:main:7.73
INFO:main:8.66
INFO:main:8.79
INFO:main:8.99
INFO:main:9.47
INFO:main:9.70
INFO:main:10.28
INFO:main:9.85
INFO:main:9.83
INFO:main:10.00
INFO:main:7.61
INFO:main:8.30
INFO:main:8.83
INFO:main:7.73
INFO:main:9.43
INFO:main:9.80
INFO:main:9.69
INFO:main:8.89
INFO:main:9.63
INFO:main:9.38
INFO:main:9.66
INFO:main:9.38
INFO:main:9.56
INFO:main:9.71
INFO:main:9.58
INFO:main:9.98
INFO:main:9.64
INFO:main:9.54
INFO:main:9.70
INFO:main:10.08
INFO:main:9.55
INFO:main:8.89
INFO:main:9.83
INFO:main:10.00
INFO:main:9.97
INFO:main:9.33
