INFO:werkzeug:[31m[1mWARNING: This is a development server. Do not use it in a production deployment. Use a production WSGI server instead.[0m
 * Running on all addresses (0.0.0.0)
 * Running on http://127.0.0.1:8080
 * Running on http://10.244.1.19:8080
INFO:werkzeug:[33mPress CTRL+C to quit[0m
INFO:werkzeug:127.0.0.1 - - [04/Aug/2023 10:44:50] "GET /api/stream/active/192.168.2.2:1935/200 HTTP/1.1" 200 -
INFO:main:6.82
INFO:main:11.52
INFO:main:11.07
INFO:main:11.34
INFO:main:11.09
INFO:main:11.03
INFO:main:11.23
INFO:main:11.01
INFO:main:11.19
INFO:main:11.14
INFO:main:11.23
INFO:main:11.20
INFO:main:11.13
INFO:main:11.15
INFO:main:11.11
INFO:main:11.30
INFO:main:11.46
INFO:main:11.22
INFO:main:11.24
INFO:main:11.23
INFO:main:11.11
INFO:main:11.22
INFO:main:11.47
INFO:main:11.11
INFO:main:11.15
INFO:main:11.65
INFO:main:11.45
INFO:main:11.24
INFO:main:11.17
INFO:main:12.92
INFO:main:11.61
INFO:main:13.78
INFO:main:14.58
INFO:main:14.35
INFO:main:11.76
INFO:main:11.61
INFO:main:13.92
INFO:main:14.76
INFO:main:12.99
INFO:main:12.85
INFO:main:14.69
INFO:main:11.68
INFO:main:10.95
INFO:main:10.88
INFO:main:13.34
INFO:main:14.13
INFO:main:14.28
INFO:main:12.16
INFO:main:13.23
INFO:main:13.42
INFO:main:13.32
INFO:main:11.25
INFO:main:11.39
INFO:main:13.00
INFO:main:11.61
INFO:main:14.30
INFO:main:11.22
INFO:main:11.67
INFO:main:11.47
INFO:main:12.55
INFO:main:13.38
INFO:main:12.42
INFO:main:14.14
INFO:main:11.59
INFO:main:11.85
INFO:main:14.28
INFO:main:13.03
INFO:main:13.43
INFO:main:14.91
INFO:main:11.60
INFO:main:12.05
INFO:main:12.91
INFO:main:14.59
INFO:main:11.67
INFO:main:14.33
INFO:main:14.25
INFO:main:12.92
INFO:main:14.34
INFO:main:12.16
INFO:main:11.96
INFO:main:11.34
INFO:main:12.81
INFO:main:14.25
INFO:main:11.59
INFO:main:11.75
INFO:main:11.69
INFO:main:13.71
INFO:main:14.24
INFO:main:14.71
INFO:main:13.11
INFO:main:14.50
INFO:main:14.85
INFO:main:14.22
INFO:main:13.07
