INFO:werkzeug:[31m[1mWARNING: This is a development server. Do not use it in a production deployment. Use a production WSGI server instead.[0m
 * Running on all addresses (0.0.0.0)
 * Running on http://127.0.0.1:8080
 * Running on http://10.244.1.159:8080
INFO:werkzeug:[33mPress CTRL+C to quit[0m
INFO:werkzeug:127.0.0.1 - - [04/Aug/2023 18:53:56] "GET /api/stream/active/192.168.2.2:1935/200 HTTP/1.1" 200 -
INFO:main:6.84
INFO:main:14.75
INFO:main:13.78
INFO:main:13.64
INFO:main:15.18
INFO:main:14.93
INFO:main:14.57
INFO:main:14.71
INFO:main:14.48
INFO:main:14.21
INFO:main:14.24
INFO:main:14.39
INFO:main:14.26
INFO:main:13.98
INFO:main:14.00
INFO:main:13.81
INFO:main:14.05
INFO:main:14.08
INFO:main:14.49
INFO:main:14.20
INFO:main:14.14
INFO:main:13.95
INFO:main:13.92
INFO:main:14.05
INFO:main:14.46
INFO:main:15.44
INFO:main:15.16
INFO:main:14.30
INFO:main:13.98
INFO:main:14.36
INFO:main:14.33
INFO:main:14.52
INFO:main:14.06
INFO:main:14.99
INFO:main:13.95
INFO:main:13.51
INFO:main:14.10
INFO:main:13.76
INFO:main:13.79
INFO:main:14.08
INFO:main:13.81
INFO:main:13.55
INFO:main:14.66
INFO:main:14.41
INFO:main:14.20
INFO:main:13.96
INFO:main:14.18
INFO:main:14.10
INFO:main:13.99
INFO:main:13.58
INFO:main:13.94
INFO:main:14.49
INFO:main:14.25
INFO:main:14.00
INFO:main:13.85
INFO:main:13.99
INFO:main:13.88
INFO:main:13.95
INFO:main:13.93
INFO:main:14.06
INFO:main:14.00
INFO:main:13.99
INFO:main:13.75
INFO:main:14.05
INFO:main:13.74
INFO:main:13.70
INFO:main:13.99
INFO:main:14.40
INFO:main:14.44
INFO:main:14.14
INFO:main:13.75
INFO:main:13.55
INFO:main:13.39
INFO:main:13.41
INFO:main:13.38
INFO:main:13.36
INFO:main:13.79
INFO:main:13.74
INFO:main:14.16
INFO:main:13.90
INFO:main:13.74
INFO:main:13.73
INFO:main:14.01
INFO:main:14.33
INFO:main:14.26
INFO:main:14.47
INFO:main:14.63
INFO:main:14.52
INFO:main:14.49
INFO:main:14.15
INFO:main:14.18
INFO:main:14.22
INFO:main:14.21
INFO:main:14.52
INFO:main:14.33
INFO:main:14.13
INFO:main:14.14
INFO:main:13.98
INFO:main:14.03
INFO:main:14.10
INFO:main:14.08
INFO:main:14.14
INFO:main:14.35
INFO:main:14.12
INFO:main:13.79
INFO:main:14.03
INFO:main:13.90
