INFO:werkzeug:[31m[1mWARNING: This is a development server. Do not use it in a production deployment. Use a production WSGI server instead.[0m
 * Running on all addresses (0.0.0.0)
 * Running on http://127.0.0.1:8080
 * Running on http://10.244.1.34:8080
INFO:werkzeug:[33mPress CTRL+C to quit[0m
INFO:werkzeug:127.0.0.1 - - [04/Aug/2023 11:18:45] "GET /api/stream/active/192.168.2.2:1935/200 HTTP/1.1" 200 -
INFO:main:7.99
INFO:main:15.47
INFO:main:15.14
INFO:main:14.27
INFO:main:12.41
INFO:main:12.86
INFO:main:13.73
INFO:main:14.45
INFO:main:13.11
INFO:main:12.33
INFO:main:11.83
INFO:main:11.56
INFO:main:11.78
INFO:main:11.67
INFO:main:11.78
INFO:main:12.79
INFO:main:14.38
INFO:main:14.57
INFO:main:14.41
INFO:main:14.77
INFO:main:14.85
INFO:main:14.06
INFO:main:14.30
INFO:main:14.54
INFO:main:14.46
INFO:main:13.98
INFO:main:13.10
INFO:main:13.88
INFO:main:12.75
INFO:main:14.05
INFO:main:14.66
INFO:main:14.73
INFO:main:14.93
INFO:main:14.51
INFO:main:14.60
INFO:main:14.58
INFO:main:12.16
INFO:main:11.61
INFO:main:13.26
INFO:main:12.45
INFO:main:12.17
INFO:main:14.15
INFO:main:12.29
INFO:main:12.40
INFO:main:14.13
INFO:main:11.82
INFO:main:12.05
INFO:main:11.24
INFO:main:12.32
INFO:main:13.11
INFO:main:11.76
INFO:main:12.94
INFO:main:13.68
INFO:main:12.53
INFO:main:12.99
INFO:main:11.97
INFO:main:13.64
INFO:main:14.22
INFO:main:12.26
INFO:main:12.85
INFO:main:11.98
INFO:main:12.37
INFO:main:12.24
INFO:main:13.75
INFO:main:14.38
INFO:main:13.55
INFO:main:15.21
INFO:main:15.80
INFO:main:15.06
INFO:main:14.94
INFO:main:13.92
INFO:main:12.22
INFO:main:12.20
INFO:main:11.87
INFO:main:11.92
INFO:main:12.48
INFO:main:13.78
INFO:main:13.16
INFO:main:12.09
INFO:main:11.98
INFO:main:12.39
INFO:main:12.12
INFO:main:13.47
INFO:main:12.12
INFO:main:12.00
INFO:main:12.75
INFO:main:13.90
INFO:main:15.69
INFO:main:14.32
INFO:main:15.54
INFO:main:13.19
INFO:main:12.80
INFO:main:11.97
INFO:main:12.25
