INFO:werkzeug:[31m[1mWARNING: This is a development server. Do not use it in a production deployment. Use a production WSGI server instead.[0m
 * Running on all addresses (0.0.0.0)
 * Running on http://127.0.0.1:8080
 * Running on http://10.244.1.18:8080
INFO:werkzeug:[33mPress CTRL+C to quit[0m
INFO:werkzeug:127.0.0.1 - - [04/Aug/2023 10:44:50] "GET /api/stream/active/192.168.2.2:1935/200 HTTP/1.1" 200 -
INFO:main:7.78
INFO:main:11.60
INFO:main:11.12
INFO:main:11.21
INFO:main:11.18
INFO:main:10.97
INFO:main:11.18
INFO:main:11.16
INFO:main:11.06
INFO:main:11.16
INFO:main:11.22
INFO:main:11.19
INFO:main:11.19
INFO:main:11.14
INFO:main:11.14
INFO:main:11.14
INFO:main:11.48
INFO:main:11.33
INFO:main:11.29
INFO:main:11.26
INFO:main:11.10
INFO:main:11.10
INFO:main:11.55
INFO:main:11.10
INFO:main:11.09
INFO:main:11.50
INFO:main:11.57
INFO:main:11.23
INFO:main:11.16
INFO:main:13.73
INFO:main:12.35
INFO:main:12.37
INFO:main:14.22
INFO:main:14.43
INFO:main:12.81
INFO:main:11.22
INFO:main:13.55
INFO:main:14.51
INFO:main:13.79
INFO:main:13.27
INFO:main:13.36
INFO:main:11.52
INFO:main:10.93
INFO:main:10.88
INFO:main:13.59
INFO:main:14.17
INFO:main:14.77
INFO:main:12.53
INFO:main:13.95
INFO:main:12.29
INFO:main:12.76
INFO:main:11.14
INFO:main:11.54
INFO:main:13.27
INFO:main:12.22
INFO:main:14.98
INFO:main:11.61
INFO:main:11.59
INFO:main:11.58
INFO:main:11.84
INFO:main:13.10
INFO:main:11.82
INFO:main:14.04
INFO:main:12.21
INFO:main:11.81
INFO:main:14.40
INFO:main:12.98
INFO:main:13.30
INFO:main:15.05
INFO:main:11.67
INFO:main:11.94
INFO:main:12.09
INFO:main:14.83
INFO:main:12.35
INFO:main:14.32
INFO:main:14.27
INFO:main:11.91
INFO:main:14.39
INFO:main:12.07
INFO:main:11.61
INFO:main:11.66
INFO:main:12.72
INFO:main:14.67
INFO:main:12.34
INFO:main:11.96
INFO:main:11.56
INFO:main:12.74
INFO:main:13.95
INFO:main:14.92
INFO:main:12.85
INFO:main:14.44
INFO:main:15.05
INFO:main:14.39
INFO:main:13.27
