INFO:werkzeug:[31m[1mWARNING: This is a development server. Do not use it in a production deployment. Use a production WSGI server instead.[0m
 * Running on all addresses (0.0.0.0)
 * Running on http://127.0.0.1:8080
 * Running on http://10.244.1.90:8080
INFO:werkzeug:[33mPress CTRL+C to quit[0m
INFO:werkzeug:127.0.0.1 - - [04/Aug/2023 12:45:27] "GET /api/stream/active/192.168.2.2:1935/200 HTTP/1.1" 200 -
INFO:main:4.83
INFO:main:9.70
INFO:main:11.63
INFO:main:10.62
INFO:main:11.74
INFO:main:12.52
INFO:main:10.99
INFO:main:10.79
INFO:main:10.10
INFO:main:10.77
INFO:main:10.19
INFO:main:10.18
INFO:main:11.56
INFO:main:11.22
INFO:main:10.67
INFO:main:10.49
INFO:main:10.27
INFO:main:10.42
INFO:main:10.92
INFO:main:11.80
INFO:main:9.00
INFO:main:11.36
INFO:main:10.89
INFO:main:10.24
INFO:main:10.03
INFO:main:11.00
INFO:main:10.06
INFO:main:12.29
INFO:main:12.80
INFO:main:10.56
INFO:main:10.79
INFO:main:11.22
INFO:main:11.46
INFO:main:7.01
INFO:main:4.95
INFO:main:7.78
INFO:main:9.43
INFO:main:11.83
INFO:main:10.41
INFO:main:11.28
INFO:main:11.60
INFO:main:10.17
INFO:main:10.78
INFO:main:12.10
INFO:main:12.45
INFO:main:6.25
INFO:main:3.88
INFO:main:4.73
INFO:main:8.73
INFO:main:10.89
INFO:main:14.22
INFO:main:12.50
INFO:main:11.42
INFO:main:10.57
INFO:main:12.69
INFO:main:11.93
INFO:main:12.45
INFO:main:12.99
INFO:main:11.82
INFO:main:10.67
INFO:main:3.88
INFO:main:11.31
INFO:main:11.31
INFO:main:11.77
INFO:main:11.31
INFO:main:12.36
INFO:main:11.33
INFO:main:11.86
INFO:main:11.16
INFO:main:11.58
INFO:main:12.95
INFO:main:11.90
INFO:main:11.54
INFO:main:11.67
INFO:main:12.70
INFO:main:12.59
INFO:main:10.07
INFO:main:11.79
INFO:main:9.38
INFO:main:10.99
INFO:main:11.99
INFO:main:10.83
INFO:main:11.52
INFO:main:11.26
INFO:main:11.94
INFO:main:11.78
INFO:main:10.90
INFO:main:10.75
INFO:main:10.53
INFO:main:11.31
INFO:main:9.00
INFO:main:9.29
