INFO:werkzeug:[31m[1mWARNING: This is a development server. Do not use it in a production deployment. Use a production WSGI server instead.[0m
 * Running on all addresses (0.0.0.0)
 * Running on http://127.0.0.1:8080
 * Running on http://10.244.1.182:8080
INFO:werkzeug:[33mPress CTRL+C to quit[0m
INFO:werkzeug:127.0.0.1 - - [04/Aug/2023 19:12:14] "GET /api/stream/active/192.168.2.2:1935/200 HTTP/1.1" 200 -
INFO:main:7.56
INFO:main:12.88
INFO:main:11.00
INFO:main:11.23
INFO:main:11.05
INFO:main:11.30
INFO:main:11.08
INFO:main:11.41
INFO:main:11.16
INFO:main:10.94
INFO:main:10.97
INFO:main:11.53
INFO:main:11.97
INFO:main:12.06
INFO:main:11.42
INFO:main:11.43
INFO:main:11.50
INFO:main:11.92
INFO:main:11.80
INFO:main:11.81
INFO:main:12.02
INFO:main:11.97
INFO:main:11.89
INFO:main:13.08
INFO:main:12.80
INFO:main:12.62
INFO:main:12.70
INFO:main:11.91
INFO:main:11.55
INFO:main:13.95
INFO:main:13.21
INFO:main:11.76
INFO:main:12.53
INFO:main:12.40
INFO:main:12.57
INFO:main:11.64
INFO:main:12.82
INFO:main:13.52
INFO:main:12.17
INFO:main:11.50
INFO:main:12.98
INFO:main:12.86
INFO:main:13.84
INFO:main:13.66
INFO:main:11.60
INFO:main:13.34
INFO:main:12.69
INFO:main:13.27
INFO:main:11.79
INFO:main:12.76
INFO:main:14.42
INFO:main:14.72
INFO:main:12.71
INFO:main:11.61
INFO:main:13.27
INFO:main:11.73
INFO:main:11.49
INFO:main:12.50
INFO:main:12.39
INFO:main:13.65
INFO:main:14.59
INFO:main:13.26
INFO:main:13.87
INFO:main:11.73
INFO:main:14.20
INFO:main:13.48
INFO:main:13.53
INFO:main:14.96
INFO:main:13.42
INFO:main:14.17
INFO:main:15.19
INFO:main:13.95
INFO:main:12.85
INFO:main:11.60
INFO:main:14.83
INFO:main:11.24
INFO:main:11.99
INFO:main:11.05
INFO:main:11.82
INFO:main:13.06
INFO:main:13.62
INFO:main:12.78
INFO:main:13.17
INFO:main:11.27
INFO:main:10.96
INFO:main:12.47
INFO:main:12.27
INFO:main:14.49
INFO:main:11.81
INFO:main:11.49
INFO:main:12.07
INFO:main:13.59
INFO:main:12.57
INFO:main:13.24
INFO:main:13.26
INFO:main:12.81
INFO:main:12.43
INFO:main:13.60
INFO:main:11.71
INFO:main:13.39
INFO:main:12.80
INFO:main:11.95
INFO:main:12.90
INFO:main:13.75
