INFO:werkzeug:[31m[1mWARNING: This is a development server. Do not use it in a production deployment. Use a production WSGI server instead.[0m
 * Running on all addresses (0.0.0.0)
 * Running on http://127.0.0.1:8080
 * Running on http://10.244.1.145:8080
INFO:werkzeug:[33mPress CTRL+C to quit[0m
INFO:werkzeug:127.0.0.1 - - [04/Aug/2023 13:55:19] "GET /api/stream/active/192.168.2.2:1935/200 HTTP/1.1" 200 -
INFO:main:4.60
INFO:main:10.26
INFO:main:10.58
INFO:main:10.68
INFO:main:10.51
INFO:main:10.98
INFO:main:10.42
INFO:main:11.16
INFO:main:12.10
INFO:main:12.00
INFO:main:12.20
INFO:main:13.32
INFO:main:13.55
INFO:main:13.47
INFO:main:13.62
INFO:main:13.43
INFO:main:12.38
INFO:main:10.73
INFO:main:11.74
INFO:main:9.98
INFO:main:10.89
INFO:main:10.60
INFO:main:10.69
INFO:main:10.74
INFO:main:12.15
INFO:main:12.98
INFO:main:12.34
INFO:main:11.18
INFO:main:12.17
INFO:main:12.70
INFO:main:11.59
INFO:main:10.36
INFO:main:9.87
INFO:main:12.37
INFO:main:12.80
INFO:main:10.92
INFO:main:10.77
INFO:main:11.13
INFO:main:10.25
INFO:main:11.17
INFO:main:10.56
INFO:main:11.28
INFO:main:11.72
INFO:main:12.58
INFO:main:10.13
INFO:main:10.93
INFO:main:10.29
INFO:main:11.91
INFO:main:13.38
INFO:main:12.30
INFO:main:11.94
INFO:main:10.83
INFO:main:10.51
INFO:main:11.20
INFO:main:11.76
INFO:main:9.99
INFO:main:10.81
INFO:main:12.08
INFO:main:12.33
INFO:main:11.59
INFO:main:10.51
INFO:main:11.77
INFO:main:12.26
INFO:main:11.05
INFO:main:11.17
INFO:main:10.83
INFO:main:10.72
INFO:main:10.80
INFO:main:12.48
INFO:main:11.21
INFO:main:11.49
INFO:main:11.67
INFO:main:11.58
INFO:main:10.47
INFO:main:10.81
INFO:main:12.21
INFO:main:11.92
INFO:main:11.68
INFO:main:11.53
INFO:main:10.94
INFO:main:9.83
INFO:main:9.81
INFO:main:10.59
INFO:main:10.26
INFO:main:10.21
INFO:main:11.50
INFO:main:10.42
INFO:main:10.15
INFO:main:10.80
