INFO:werkzeug:[31m[1mWARNING: This is a development server. Do not use it in a production deployment. Use a production WSGI server instead.[0m
 * Running on all addresses (0.0.0.0)
 * Running on http://127.0.0.1:8080
 * Running on http://10.244.1.30:8080
INFO:werkzeug:[33mPress CTRL+C to quit[0m
INFO:werkzeug:127.0.0.1 - - [04/Aug/2023 20:49:32] "GET /api/stream/active/192.168.2.2:1935/200 HTTP/1.1" 200 -
INFO:main:8.46
INFO:main:14.05
INFO:main:14.00
INFO:main:13.80
INFO:main:12.54
INFO:main:11.41
INFO:main:12.73
INFO:main:10.31
INFO:main:11.43
INFO:main:10.78
INFO:main:11.62
INFO:main:12.44
INFO:main:12.98
INFO:main:12.59
INFO:main:12.72
INFO:main:12.76
INFO:main:11.98
INFO:main:11.32
INFO:main:12.66
INFO:main:10.43
INFO:main:10.42
INFO:main:10.47
INFO:main:10.83
INFO:main:9.97
INFO:main:10.93
INFO:main:10.60
INFO:main:11.51
INFO:main:12.05
INFO:main:11.99
INFO:main:10.33
INFO:main:11.69
INFO:main:11.77
INFO:main:10.88
INFO:main:12.41
INFO:main:11.48
INFO:main:12.92
INFO:main:11.30
INFO:main:10.53
INFO:main:10.45
INFO:main:11.29
INFO:main:9.44
INFO:main:10.30
INFO:main:12.53
INFO:main:12.65
INFO:main:11.82
INFO:main:10.57
INFO:main:11.80
INFO:main:10.57
INFO:main:11.97
INFO:main:11.16
INFO:main:11.86
INFO:main:11.59
INFO:main:12.01
INFO:main:10.38
INFO:main:11.41
INFO:main:10.42
INFO:main:10.49
INFO:main:10.91
INFO:main:9.11
INFO:main:9.28
INFO:main:12.91
INFO:main:13.21
INFO:main:12.28
INFO:main:10.40
INFO:main:11.30
INFO:main:10.73
INFO:main:10.63
INFO:main:10.55
INFO:main:11.65
INFO:main:11.98
INFO:main:12.41
INFO:main:10.88
INFO:main:11.65
INFO:main:11.56
INFO:main:12.07
INFO:main:10.62
INFO:main:11.81
INFO:main:11.73
INFO:main:10.24
INFO:main:10.97
INFO:main:10.84
INFO:main:10.58
INFO:main:10.99
INFO:main:10.83
INFO:main:11.98
INFO:main:12.62
INFO:main:11.77
INFO:main:11.59
INFO:main:11.14
INFO:main:10.30
INFO:main:10.09
INFO:main:11.25
INFO:main:10.83
INFO:main:11.30
INFO:main:10.32
INFO:main:10.82
INFO:main:10.60
INFO:main:12.07
INFO:main:11.44
INFO:main:11.38
INFO:main:10.58
INFO:main:10.21
INFO:main:11.84
INFO:main:10.80
INFO:main:10.42
INFO:main:12.28
INFO:main:12.74
INFO:main:11.85
INFO:main:12.30
