INFO:werkzeug:[31m[1mWARNING: This is a development server. Do not use it in a production deployment. Use a production WSGI server instead.[0m
 * Running on all addresses (0.0.0.0)
 * Running on http://127.0.0.1:8080
 * Running on http://10.244.1.156:8080
INFO:werkzeug:[33mPress CTRL+C to quit[0m
INFO:werkzeug:127.0.0.1 - - [04/Aug/2023 14:12:26] "GET /api/stream/active/192.168.2.2:1935/200 HTTP/1.1" 200 -
INFO:main:6.79
INFO:main:11.56
INFO:main:10.20
INFO:main:10.61
INFO:main:8.86
INFO:main:9.97
INFO:main:10.28
INFO:main:10.30
INFO:main:10.52
INFO:main:11.40
INFO:main:10.78
INFO:main:9.61
INFO:main:11.76
INFO:main:12.76
INFO:main:12.30
INFO:main:11.32
INFO:main:12.23
INFO:main:12.50
INFO:main:10.78
INFO:main:10.33
INFO:main:12.65
INFO:main:12.31
INFO:main:10.41
INFO:main:8.90
INFO:main:8.73
INFO:main:8.61
INFO:main:10.42
INFO:main:9.92
INFO:main:9.94
INFO:main:11.95
INFO:main:12.72
INFO:main:13.28
INFO:main:12.87
INFO:main:10.50
INFO:main:11.03
INFO:main:10.61
INFO:main:11.64
INFO:main:10.93
INFO:main:10.70
INFO:main:11.46
INFO:main:11.20
INFO:main:10.34
INFO:main:11.17
INFO:main:11.61
INFO:main:11.21
INFO:main:10.80
INFO:main:11.24
INFO:main:10.63
INFO:main:11.21
INFO:main:10.45
INFO:main:10.36
INFO:main:11.55
INFO:main:11.84
INFO:main:12.67
INFO:main:11.99
INFO:main:10.38
INFO:main:10.83
INFO:main:10.55
INFO:main:10.71
INFO:main:10.42
INFO:main:10.36
INFO:main:12.38
INFO:main:11.61
INFO:main:10.14
INFO:main:10.31
INFO:main:12.34
INFO:main:11.99
INFO:main:10.55
INFO:main:8.81
INFO:main:10.22
INFO:main:10.50
INFO:main:10.74
INFO:main:10.24
INFO:main:11.35
INFO:main:9.25
INFO:main:10.40
INFO:main:10.55
INFO:main:9.47
INFO:main:12.00
INFO:main:12.13
INFO:main:9.84
INFO:main:10.33
INFO:main:9.44
INFO:main:11.80
INFO:main:10.81
INFO:main:12.88
INFO:main:12.62
INFO:main:13.18
INFO:main:12.57
INFO:main:9.94
INFO:main:10.53
INFO:main:11.58
INFO:main:11.94
INFO:main:10.99
INFO:main:11.13
INFO:main:9.96
