INFO:werkzeug:[31m[1mWARNING: This is a development server. Do not use it in a production deployment. Use a production WSGI server instead.[0m
 * Running on all addresses (0.0.0.0)
 * Running on http://127.0.0.1:8080
 * Running on http://10.244.1.247:8080
INFO:werkzeug:[33mPress CTRL+C to quit[0m
INFO:werkzeug:127.0.0.1 - - [04/Aug/2023 09:53:16] "GET /api/stream/active/192.168.2.2:1935/200 HTTP/1.1" 200 -
INFO:main:6.84
INFO:main:12.17
INFO:main:11.36
INFO:main:11.39
INFO:main:11.18
INFO:main:11.20
INFO:main:11.22
INFO:main:11.54
INFO:main:11.20
INFO:main:11.21
INFO:main:11.01
INFO:main:11.25
INFO:main:11.21
INFO:main:11.32
INFO:main:11.81
INFO:main:11.82
INFO:main:11.63
INFO:main:11.43
INFO:main:11.48
INFO:main:11.67
INFO:main:11.79
INFO:main:11.70
INFO:main:11.03
INFO:main:11.18
INFO:main:11.01
INFO:main:11.07
INFO:main:11.37
INFO:main:12.37
INFO:main:13.14
INFO:main:12.54
INFO:main:13.75
INFO:main:13.17
INFO:main:12.98
INFO:main:12.28
INFO:main:13.41
INFO:main:13.55
INFO:main:11.91
INFO:main:11.97
INFO:main:12.10
INFO:main:11.21
INFO:main:10.79
INFO:main:10.78
INFO:main:11.30
INFO:main:12.26
INFO:main:12.54
INFO:main:12.20
INFO:main:11.98
INFO:main:11.87
INFO:main:14.13
INFO:main:12.78
INFO:main:11.47
INFO:main:10.91
INFO:main:11.33
INFO:main:12.10
INFO:main:11.94
INFO:main:11.60
INFO:main:12.03
INFO:main:12.39
INFO:main:12.10
INFO:main:11.21
INFO:main:11.20
INFO:main:11.44
INFO:main:12.04
INFO:main:12.20
INFO:main:11.53
INFO:main:11.21
INFO:main:12.06
INFO:main:13.56
INFO:main:13.12
INFO:main:13.67
INFO:main:11.51
INFO:main:11.01
INFO:main:11.19
INFO:main:11.60
INFO:main:12.47
INFO:main:11.99
INFO:main:11.65
INFO:main:11.65
INFO:main:12.97
INFO:main:13.78
INFO:main:14.13
INFO:main:13.74
INFO:main:13.97
INFO:main:14.29
INFO:main:13.63
INFO:main:14.47
INFO:main:14.48
INFO:main:14.03
INFO:main:13.23
INFO:main:13.79
