INFO:werkzeug:[31m[1mWARNING: This is a development server. Do not use it in a production deployment. Use a production WSGI server instead.[0m
 * Running on all addresses (0.0.0.0)
 * Running on http://127.0.0.1:8080
 * Running on http://10.244.1.239:8080
INFO:werkzeug:[33mPress CTRL+C to quit[0m
INFO:werkzeug:127.0.0.1 - - [04/Aug/2023 20:10:40] "GET /api/stream/active/192.168.2.2:1935/200 HTTP/1.1" 200 -
INFO:main:7.97
INFO:main:13.30
INFO:main:14.13
INFO:main:13.87
INFO:main:13.91
INFO:main:14.22
INFO:main:13.82
INFO:main:13.58
INFO:main:13.68
INFO:main:13.99
INFO:main:13.70
INFO:main:13.81
INFO:main:13.87
INFO:main:13.67
INFO:main:13.77
INFO:main:13.81
INFO:main:14.03
INFO:main:14.13
INFO:main:13.94
INFO:main:13.99
INFO:main:14.02
INFO:main:13.91
INFO:main:15.58
INFO:main:15.22
INFO:main:14.96
INFO:main:14.56
INFO:main:14.24
INFO:main:14.40
INFO:main:14.90
INFO:main:14.87
INFO:main:14.93
INFO:main:14.35
INFO:main:13.91
INFO:main:13.54
INFO:main:13.94
INFO:main:13.98
INFO:main:14.21
INFO:main:14.22
INFO:main:14.10
INFO:main:14.25
INFO:main:14.20
INFO:main:13.82
INFO:main:13.76
INFO:main:14.09
INFO:main:14.78
INFO:main:14.34
INFO:main:14.35
INFO:main:14.36
INFO:main:14.36
INFO:main:14.07
INFO:main:13.86
INFO:main:14.27
INFO:main:14.22
INFO:main:14.38
INFO:main:14.02
INFO:main:14.32
INFO:main:14.07
INFO:main:14.29
INFO:main:14.26
INFO:main:14.10
INFO:main:13.96
INFO:main:14.69
INFO:main:14.86
INFO:main:14.67
INFO:main:14.50
INFO:main:14.61
INFO:main:14.36
INFO:main:14.25
INFO:main:14.36
INFO:main:14.43
INFO:main:14.56
INFO:main:14.42
INFO:main:14.31
INFO:main:14.47
INFO:main:14.87
INFO:main:14.97
INFO:main:14.97
INFO:main:14.63
INFO:main:14.58
INFO:main:14.39
INFO:main:14.86
INFO:main:14.62
INFO:main:14.83
INFO:main:14.30
INFO:main:14.48
INFO:main:14.40
INFO:main:14.66
INFO:main:14.72
INFO:main:13.87
INFO:main:13.99
INFO:main:14.13
INFO:main:14.32
INFO:main:14.37
INFO:main:14.24
INFO:main:14.12
INFO:main:14.17
INFO:main:14.04
INFO:main:14.07
INFO:main:14.50
INFO:main:14.07
INFO:main:14.58
