INFO:werkzeug:[31m[1mWARNING: This is a development server. Do not use it in a production deployment. Use a production WSGI server instead.[0m
 * Running on all addresses (0.0.0.0)
 * Running on http://127.0.0.1:8080
 * Running on http://10.244.1.76:8080
INFO:werkzeug:[33mPress CTRL+C to quit[0m
INFO:werkzeug:127.0.0.1 - - [04/Aug/2023 12:28:13] "GET /api/stream/active/192.168.2.2:1935/200 HTTP/1.1" 200 -
INFO:main:7.50
INFO:main:12.11
INFO:main:10.21
INFO:main:10.79
INFO:main:10.36
INFO:main:10.72
INFO:main:13.14
INFO:main:10.41
INFO:main:10.65
INFO:main:11.42
INFO:main:12.43
INFO:main:10.68
INFO:main:10.87
INFO:main:11.15
INFO:main:10.83
INFO:main:10.61
INFO:main:11.23
INFO:main:11.89
INFO:main:10.46
INFO:main:11.25
INFO:main:10.40
INFO:main:10.81
INFO:main:10.49
INFO:main:10.83
INFO:main:10.08
INFO:main:10.90
INFO:main:12.67
INFO:main:12.97
INFO:main:12.40
INFO:main:13.53
INFO:main:12.97
INFO:main:12.97
INFO:main:10.37
INFO:main:9.96
INFO:main:10.29
INFO:main:10.48
INFO:main:10.90
INFO:main:10.95
INFO:main:11.18
INFO:main:9.82
INFO:main:9.94
INFO:main:9.98
INFO:main:10.31
INFO:main:10.80
INFO:main:11.94
INFO:main:11.97
INFO:main:11.84
INFO:main:10.54
INFO:main:10.52
INFO:main:10.56
INFO:main:10.27
INFO:main:12.55
INFO:main:11.76
INFO:main:13.08
INFO:main:11.32
INFO:main:10.97
INFO:main:10.97
INFO:main:10.53
INFO:main:10.83
INFO:main:11.72
INFO:main:12.28
INFO:main:10.66
INFO:main:10.21
INFO:main:10.13
INFO:main:10.46
INFO:main:11.45
INFO:main:11.86
INFO:main:10.68
INFO:main:11.40
INFO:main:11.63
INFO:main:11.99
INFO:main:10.87
INFO:main:12.00
INFO:main:11.82
INFO:main:11.60
INFO:main:11.88
INFO:main:11.35
INFO:main:11.98
INFO:main:12.67
INFO:main:12.73
INFO:main:10.61
INFO:main:11.98
INFO:main:11.89
INFO:main:11.38
INFO:main:10.55
INFO:main:11.55
INFO:main:11.20
INFO:main:11.47
INFO:main:9.45
INFO:main:11.73
INFO:main:10.61
INFO:main:10.93
INFO:main:10.47
INFO:main:11.87
INFO:main:11.31
INFO:main:10.09
