INFO:werkzeug:[31m[1mWARNING: This is a development server. Do not use it in a production deployment. Use a production WSGI server instead.[0m
 * Running on all addresses (0.0.0.0)
 * Running on http://127.0.0.1:8080
 * Running on http://10.244.1.77:8080
INFO:werkzeug:[33mPress CTRL+C to quit[0m
INFO:werkzeug:127.0.0.1 - - [04/Aug/2023 12:28:14] "GET /api/stream/active/192.168.2.2:1935/200 HTTP/1.1" 200 -
INFO:main:5.96
INFO:main:12.40
INFO:main:9.77
INFO:main:11.34
INFO:main:10.70
INFO:main:11.24
INFO:main:13.01
INFO:main:9.88
INFO:main:10.54
INFO:main:10.95
INFO:main:12.41
INFO:main:11.23
INFO:main:10.74
INFO:main:10.95
INFO:main:11.24
INFO:main:9.86
INFO:main:11.29
INFO:main:11.95
INFO:main:10.60
INFO:main:11.53
INFO:main:10.10
INFO:main:10.80
INFO:main:10.39
INFO:main:11.53
INFO:main:9.53
INFO:main:10.91
INFO:main:12.81
INFO:main:12.86
INFO:main:12.60
INFO:main:13.29
INFO:main:13.23
INFO:main:12.96
INFO:main:11.07
INFO:main:10.94
INFO:main:10.27
INFO:main:11.70
INFO:main:10.63
INFO:main:11.27
INFO:main:10.85
INFO:main:10.61
INFO:main:9.12
INFO:main:9.15
INFO:main:11.08
INFO:main:11.39
INFO:main:12.14
INFO:main:11.78
INFO:main:10.95
INFO:main:10.68
INFO:main:10.00
INFO:main:10.69
INFO:main:10.37
INFO:main:11.63
INFO:main:11.93
INFO:main:12.92
INFO:main:11.23
INFO:main:10.66
INFO:main:11.55
INFO:main:10.51
INFO:main:9.98
INFO:main:11.76
INFO:main:11.59
INFO:main:10.26
INFO:main:10.31
INFO:main:9.97
INFO:main:11.36
INFO:main:12.55
INFO:main:11.87
INFO:main:9.77
INFO:main:10.69
INFO:main:11.97
INFO:main:10.88
INFO:main:11.36
INFO:main:11.90
INFO:main:11.86
INFO:main:11.16
INFO:main:11.90
INFO:main:11.43
INFO:main:12.34
INFO:main:12.64
INFO:main:12.46
INFO:main:10.61
INFO:main:11.87
INFO:main:11.99
INFO:main:11.63
INFO:main:11.23
INFO:main:11.90
INFO:main:10.96
INFO:main:11.53
INFO:main:10.55
INFO:main:11.48
INFO:main:10.59
INFO:main:9.38
INFO:main:11.18
INFO:main:10.98
INFO:main:10.98
INFO:main:11.19
