INFO:werkzeug:[31m[1mWARNING: This is a development server. Do not use it in a production deployment. Use a production WSGI server instead.[0m
 * Running on all addresses (0.0.0.0)
 * Running on http://127.0.0.1:8080
 * Running on http://10.244.1.216:8080
INFO:werkzeug:[33mPress CTRL+C to quit[0m
INFO:werkzeug:127.0.0.1 - - [04/Aug/2023 15:21:44] "GET /api/stream/active/192.168.2.2:1935/200 HTTP/1.1" 200 -
INFO:main:5.89
INFO:main:9.94
INFO:main:9.87
INFO:main:9.74
INFO:main:9.84
INFO:main:9.97
INFO:main:9.97
INFO:main:9.89
INFO:main:9.80
INFO:main:9.77
INFO:main:9.97
INFO:main:9.93
INFO:main:9.76
INFO:main:9.24
INFO:main:9.62
INFO:main:9.64
INFO:main:9.56
INFO:main:9.94
INFO:main:9.66
INFO:main:9.86
INFO:main:9.98
INFO:main:9.75
INFO:main:9.97
INFO:main:9.71
INFO:main:9.80
INFO:main:9.91
INFO:main:9.98
INFO:main:9.86
INFO:main:9.73
INFO:main:9.67
INFO:main:9.82
INFO:main:10.07
INFO:main:7.82
INFO:main:9.24
INFO:main:9.54
INFO:main:5.73
INFO:main:3.87
INFO:main:4.86
INFO:main:5.65
INFO:main:9.25
INFO:main:10.26
INFO:main:9.11
INFO:main:9.79
INFO:main:9.78
INFO:main:9.40
INFO:main:8.99
INFO:main:9.57
INFO:main:7.69
INFO:main:9.02
INFO:main:9.79
INFO:main:8.34
INFO:main:7.93
INFO:main:7.11
INFO:main:8.43
INFO:main:10.58
INFO:main:8.57
INFO:main:9.28
INFO:main:9.77
INFO:main:8.10
INFO:main:8.52
INFO:main:9.66
INFO:main:9.90
INFO:main:10.20
INFO:main:9.81
INFO:main:10.10
INFO:main:8.50
INFO:main:8.18
INFO:main:8.82
INFO:main:9.47
INFO:main:8.89
INFO:main:9.81
INFO:main:9.48
INFO:main:9.51
INFO:main:9.73
INFO:main:9.92
INFO:main:9.97
INFO:main:9.23
INFO:main:9.59
INFO:main:9.99
INFO:main:9.70
INFO:main:9.98
INFO:main:9.75
INFO:main:9.99
INFO:main:9.66
INFO:main:9.80
INFO:main:9.62
INFO:main:9.17
INFO:main:9.29
INFO:main:9.43
INFO:main:9.73
INFO:main:9.77
INFO:main:10.14
INFO:main:9.09
INFO:main:8.94
INFO:main:9.61
INFO:main:8.85
INFO:main:9.49
INFO:main:9.63
INFO:main:9.54
INFO:main:10.15
INFO:main:9.34
INFO:main:9.27
INFO:main:9.82
INFO:main:9.93
INFO:main:9.85
INFO:main:9.89
INFO:main:9.94
INFO:main:9.26
INFO:main:9.33
INFO:main:8.78
INFO:main:9.75
INFO:main:9.21
INFO:main:9.57
