INFO:werkzeug:[31m[1mWARNING: This is a development server. Do not use it in a production deployment. Use a production WSGI server instead.[0m
 * Running on all addresses (0.0.0.0)
 * Running on http://127.0.0.1:8080
 * Running on http://10.244.1.158:8080
INFO:werkzeug:[33mPress CTRL+C to quit[0m
INFO:werkzeug:127.0.0.1 - - [04/Aug/2023 14:12:26] "GET /api/stream/active/192.168.2.2:1935/200 HTTP/1.1" 200 -
INFO:main:6.45
INFO:main:11.31
INFO:main:9.49
INFO:main:10.36
INFO:main:9.30
INFO:main:10.56
INFO:main:9.69
INFO:main:10.12
INFO:main:11.37
INFO:main:11.52
INFO:main:10.60
INFO:main:10.56
INFO:main:11.98
INFO:main:12.62
INFO:main:11.89
INFO:main:11.42
INFO:main:12.52
INFO:main:12.55
INFO:main:10.50
INFO:main:10.66
INFO:main:12.98
INFO:main:11.93
INFO:main:10.09
INFO:main:9.59
INFO:main:9.77
INFO:main:9.81
INFO:main:10.37
INFO:main:10.50
INFO:main:10.83
INFO:main:11.75
INFO:main:13.17
INFO:main:13.37
INFO:main:11.55
INFO:main:11.57
INFO:main:10.53
INFO:main:10.65
INFO:main:12.15
INFO:main:10.65
INFO:main:10.07
INFO:main:10.71
INFO:main:11.26
INFO:main:11.27
INFO:main:11.36
INFO:main:11.77
INFO:main:10.85
INFO:main:10.97
INFO:main:11.35
INFO:main:10.48
INFO:main:11.16
INFO:main:10.32
INFO:main:10.52
INFO:main:11.57
INFO:main:12.19
INFO:main:12.41
INFO:main:11.92
INFO:main:11.34
INFO:main:10.52
INFO:main:10.46
INFO:main:10.99
INFO:main:8.51
INFO:main:11.40
INFO:main:12.09
INFO:main:10.70
INFO:main:10.20
INFO:main:10.71
INFO:main:12.41
INFO:main:11.23
INFO:main:10.48
INFO:main:9.31
INFO:main:10.74
INFO:main:10.96
INFO:main:10.55
INFO:main:11.10
INFO:main:9.84
INFO:main:9.94
INFO:main:11.44
INFO:main:10.86
INFO:main:11.28
INFO:main:12.75
INFO:main:11.42
INFO:main:9.74
INFO:main:10.37
INFO:main:10.39
INFO:main:11.69
INFO:main:11.37
INFO:main:12.57
INFO:main:12.98
INFO:main:12.90
INFO:main:12.39
INFO:main:10.91
INFO:main:10.39
INFO:main:11.76
INFO:main:11.73
INFO:main:11.14
INFO:main:10.69
INFO:main:10.49
