INFO:werkzeug:[31m[1mWARNING: This is a development server. Do not use it in a production deployment. Use a production WSGI server instead.[0m
 * Running on all addresses (0.0.0.0)
 * Running on http://127.0.0.1:8080
 * Running on http://10.244.1.65:8080
INFO:werkzeug:[33mPress CTRL+C to quit[0m
INFO:werkzeug:127.0.0.1 - - [04/Aug/2023 12:10:38] "GET /api/stream/active/192.168.2.2:1935/200 HTTP/1.1" 200 -
INFO:main:5.51
INFO:main:10.48
INFO:main:10.87
INFO:main:11.98
INFO:main:11.55
INFO:main:10.66
INFO:main:9.64
INFO:main:10.30
INFO:main:10.56
INFO:main:11.31
INFO:main:9.44
INFO:main:9.42
INFO:main:10.33
INFO:main:10.84
INFO:main:12.17
INFO:main:11.25
INFO:main:11.20
INFO:main:10.87
INFO:main:12.70
INFO:main:11.88
INFO:main:10.49
INFO:main:10.44
INFO:main:10.39
INFO:main:10.78
INFO:main:10.82
INFO:main:9.99
INFO:main:9.81
INFO:main:10.71
INFO:main:11.47
INFO:main:10.38
INFO:main:11.42
INFO:main:12.53
INFO:main:13.45
INFO:main:11.66
INFO:main:11.39
INFO:main:11.39
INFO:main:10.97
INFO:main:11.07
INFO:main:10.47
INFO:main:9.87
INFO:main:10.88
INFO:main:10.42
INFO:main:9.95
INFO:main:10.51
INFO:main:10.61
INFO:main:10.57
INFO:main:9.96
INFO:main:11.67
INFO:main:10.88
INFO:main:10.69
INFO:main:12.03
INFO:main:10.47
INFO:main:13.03
INFO:main:12.72
INFO:main:11.06
INFO:main:11.44
INFO:main:12.08
INFO:main:11.59
INFO:main:11.70
INFO:main:12.26
INFO:main:11.66
INFO:main:12.27
INFO:main:13.24
INFO:main:12.24
INFO:main:11.98
INFO:main:13.05
INFO:main:10.78
INFO:main:11.35
INFO:main:12.14
INFO:main:11.26
INFO:main:9.77
INFO:main:11.15
INFO:main:10.67
INFO:main:10.19
INFO:main:10.88
INFO:main:10.95
INFO:main:11.50
INFO:main:11.11
INFO:main:11.71
INFO:main:12.68
INFO:main:11.80
INFO:main:11.93
INFO:main:10.41
INFO:main:10.46
INFO:main:11.51
INFO:main:11.42
INFO:main:10.27
INFO:main:12.13
INFO:main:10.85
INFO:main:9.78
INFO:main:10.37
INFO:main:11.37
INFO:main:10.20
INFO:main:10.95
INFO:main:10.85
