INFO:werkzeug:[31m[1mWARNING: This is a development server. Do not use it in a production deployment. Use a production WSGI server instead.[0m
 * Running on all addresses (0.0.0.0)
 * Running on http://127.0.0.1:8080
 * Running on http://10.244.1.169:8080
INFO:werkzeug:[33mPress CTRL+C to quit[0m
INFO:werkzeug:127.0.0.1 - - [04/Aug/2023 14:29:43] "GET /api/stream/active/192.168.2.2:1935/200 HTTP/1.1" 200 -
INFO:main:4.88
INFO:main:11.93
INFO:main:11.85
INFO:main:10.62
INFO:main:11.35
INFO:main:11.13
INFO:main:9.28
INFO:main:10.98
INFO:main:11.79
INFO:main:12.26
INFO:main:11.01
INFO:main:10.98
INFO:main:11.90
INFO:main:12.28
INFO:main:10.91
INFO:main:10.77
INFO:main:10.93
INFO:main:11.38
INFO:main:11.13
INFO:main:11.86
INFO:main:11.77
INFO:main:12.70
INFO:main:11.56
INFO:main:10.37
INFO:main:11.45
INFO:main:12.31
INFO:main:12.67
INFO:main:12.68
INFO:main:11.76
INFO:main:10.94
INFO:main:10.41
INFO:main:9.82
INFO:main:11.36
INFO:main:10.22
INFO:main:10.57
INFO:main:12.16
INFO:main:11.88
INFO:main:10.62
INFO:main:10.74
INFO:main:11.87
INFO:main:11.71
INFO:main:10.60
INFO:main:11.80
INFO:main:10.65
INFO:main:11.69
INFO:main:12.10
INFO:main:11.30
INFO:main:10.94
INFO:main:10.56
INFO:main:12.74
INFO:main:11.95
INFO:main:9.76
INFO:main:11.47
INFO:main:13.21
INFO:main:13.32
INFO:main:11.59
INFO:main:10.43
INFO:main:10.97
INFO:main:10.60
INFO:main:11.41
INFO:main:11.75
INFO:main:9.79
INFO:main:9.09
INFO:main:8.77
INFO:main:9.55
INFO:main:11.63
INFO:main:11.33
INFO:main:10.57
INFO:main:10.86
INFO:main:10.58
INFO:main:10.49
INFO:main:10.27
INFO:main:11.41
INFO:main:11.48
INFO:main:11.67
INFO:main:10.61
INFO:main:12.71
INFO:main:12.52
INFO:main:12.43
INFO:main:12.46
INFO:main:11.86
INFO:main:12.22
INFO:main:11.47
INFO:main:11.31
INFO:main:12.00
INFO:main:10.60
INFO:main:12.41
INFO:main:11.15
INFO:main:10.32
INFO:main:12.58
INFO:main:10.84
INFO:main:11.54
INFO:main:10.40
INFO:main:10.23
INFO:main:11.51
INFO:main:10.62
INFO:main:9.66
