INFO:werkzeug:[31m[1mWARNING: This is a development server. Do not use it in a production deployment. Use a production WSGI server instead.[0m
 * Running on all addresses (0.0.0.0)
 * Running on http://127.0.0.1:8080
 * Running on http://10.244.1.52:8080
INFO:werkzeug:[33mPress CTRL+C to quit[0m
INFO:werkzeug:127.0.0.1 - - [04/Aug/2023 11:52:38] "GET /api/stream/active/192.168.2.2:1935/200 HTTP/1.1" 200 -
INFO:main:5.93
INFO:main:10.59
INFO:main:11.21
INFO:main:11.90
INFO:main:12.79
INFO:main:10.81
INFO:main:11.37
INFO:main:12.04
INFO:main:9.25
INFO:main:11.63
INFO:main:9.20
INFO:main:10.61
INFO:main:10.88
INFO:main:10.55
INFO:main:10.48
INFO:main:11.67
INFO:main:10.30
INFO:main:10.98
INFO:main:10.55
INFO:main:10.75
INFO:main:10.98
INFO:main:12.00
INFO:main:11.90
INFO:main:11.40
INFO:main:10.40
INFO:main:9.19
INFO:main:10.06
INFO:main:11.50
INFO:main:11.19
INFO:main:11.75
INFO:main:11.23
INFO:main:10.80
INFO:main:10.11
INFO:main:10.52
INFO:main:11.43
INFO:main:11.75
INFO:main:12.47
INFO:main:11.64
INFO:main:11.17
INFO:main:11.82
INFO:main:11.95
INFO:main:11.36
INFO:main:11.41
INFO:main:11.39
INFO:main:12.64
INFO:main:11.67
INFO:main:13.16
INFO:main:12.02
INFO:main:9.60
INFO:main:11.64
INFO:main:9.39
INFO:main:10.20
INFO:main:11.66
INFO:main:10.63
INFO:main:11.31
INFO:main:10.34
INFO:main:11.27
INFO:main:10.26
INFO:main:9.23
INFO:main:12.12
INFO:main:12.64
INFO:main:12.49
INFO:main:10.75
INFO:main:10.76
INFO:main:11.78
INFO:main:10.10
INFO:main:11.56
INFO:main:10.57
INFO:main:8.84
INFO:main:10.62
INFO:main:10.57
INFO:main:11.54
INFO:main:10.72
INFO:main:10.62
INFO:main:12.63
INFO:main:11.99
INFO:main:11.30
INFO:main:12.53
INFO:main:11.23
INFO:main:12.78
INFO:main:10.06
INFO:main:10.52
INFO:main:10.22
INFO:main:10.55
INFO:main:10.38
INFO:main:10.62
INFO:main:11.36
INFO:main:10.55
INFO:main:9.69
INFO:main:11.73
INFO:main:11.55
INFO:main:10.93
INFO:main:11.88
