INFO:werkzeug:[31m[1mWARNING: This is a development server. Do not use it in a production deployment. Use a production WSGI server instead.[0m
 * Running on all addresses (0.0.0.0)
 * Running on http://127.0.0.1:8080
 * Running on http://10.244.1.43:8080
INFO:werkzeug:[33mPress CTRL+C to quit[0m
INFO:werkzeug:127.0.0.1 - - [04/Aug/2023 11:35:47] "GET /api/stream/active/192.168.2.2:1935/200 HTTP/1.1" 200 -
INFO:main:7.70
INFO:main:14.44
INFO:main:14.26
INFO:main:14.18
INFO:main:14.63
INFO:main:14.55
INFO:main:14.40
INFO:main:13.92
INFO:main:13.55
INFO:main:13.52
INFO:main:12.67
INFO:main:11.92
INFO:main:11.68
INFO:main:11.02
INFO:main:10.90
INFO:main:10.91
INFO:main:11.06
INFO:main:10.66
INFO:main:10.97
INFO:main:11.32
INFO:main:11.20
INFO:main:11.44
INFO:main:12.11
INFO:main:12.24
INFO:main:12.70
INFO:main:9.89
INFO:main:9.36
INFO:main:13.21
INFO:main:12.90
INFO:main:12.98
INFO:main:12.75
INFO:main:12.94
INFO:main:13.00
INFO:main:13.20
INFO:main:15.10
INFO:main:11.87
INFO:main:12.78
INFO:main:12.70
INFO:main:13.83
INFO:main:13.36
INFO:main:13.79
INFO:main:13.74
INFO:main:13.26
INFO:main:14.57
INFO:main:11.57
INFO:main:13.25
INFO:main:12.49
INFO:main:14.06
INFO:main:13.16
INFO:main:11.31
INFO:main:13.36
INFO:main:13.83
INFO:main:12.41
INFO:main:13.29
INFO:main:14.59
INFO:main:13.92
INFO:main:11.26
INFO:main:13.33
INFO:main:12.50
INFO:main:11.62
INFO:main:11.00
INFO:main:11.98
INFO:main:11.46
INFO:main:13.95
INFO:main:12.55
INFO:main:13.67
INFO:main:12.93
INFO:main:11.29
INFO:main:10.94
INFO:main:13.64
INFO:main:13.48
INFO:main:13.66
INFO:main:12.68
INFO:main:13.84
INFO:main:13.52
INFO:main:10.76
INFO:main:11.87
INFO:main:13.02
INFO:main:10.83
INFO:main:12.25
INFO:main:13.29
INFO:main:13.38
INFO:main:13.17
INFO:main:12.76
INFO:main:11.58
INFO:main:11.42
INFO:main:12.14
INFO:main:12.95
INFO:main:13.40
INFO:main:12.51
INFO:main:11.99
INFO:main:12.50
