INFO:werkzeug:[31m[1mWARNING: This is a development server. Do not use it in a production deployment. Use a production WSGI server instead.[0m
 * Running on all addresses (0.0.0.0)
 * Running on http://127.0.0.1:8080
 * Running on http://10.244.1.17:8080
INFO:werkzeug:[33mPress CTRL+C to quit[0m
INFO:werkzeug:127.0.0.1 - - [06/Aug/2023 19:21:35] "GET /api/stream/active/192.168.2.2:1935/200 HTTP/1.1" 200 -
INFO:main:8.47
INFO:main:13.93
INFO:main:13.62
INFO:main:11.82
INFO:main:10.74
INFO:main:10.79
INFO:main:11.41
INFO:main:11.57
INFO:main:11.02
INFO:main:11.24
INFO:main:11.31
INFO:main:10.94
INFO:main:11.47
INFO:main:13.58
INFO:main:14.26
INFO:main:14.22
INFO:main:14.36
INFO:main:13.99
INFO:main:13.28
INFO:main:12.47
INFO:main:11.52
INFO:main:11.17
INFO:main:13.96
INFO:main:12.40
INFO:main:9.87
INFO:main:3.62
INFO:main:3.65
INFO:main:3.27
INFO:main:3.95
INFO:main:3.61
INFO:main:3.87
INFO:main:3.85
INFO:main:3.12
INFO:main:3.15
INFO:main:8.11
INFO:main:5.78
INFO:main:8.95
INFO:main:11.85
INFO:main:13.80
INFO:main:10.70
INFO:main:7.81
INFO:main:10.18
INFO:main:9.33
INFO:main:5.77
INFO:main:6.18
INFO:main:5.81
INFO:main:3.94
INFO:main:4.79
INFO:main:5.77
INFO:main:6.93
INFO:main:5.91
INFO:main:5.05
INFO:main:6.80
INFO:main:7.54
INFO:main:7.35
INFO:main:8.91
INFO:main:6.64
INFO:main:10.19
INFO:main:8.26
INFO:main:4.67
INFO:main:5.50
INFO:main:5.12
INFO:main:5.72
INFO:main:7.96
INFO:main:6.24
INFO:main:4.63
INFO:main:7.41
INFO:main:10.79
INFO:main:8.22
INFO:main:9.49
INFO:main:9.71
INFO:main:10.95
INFO:main:14.74
INFO:main:14.55
INFO:main:8.93
INFO:main:5.83
INFO:main:8.51
INFO:main:9.29
INFO:main:7.75
INFO:main:7.84
INFO:main:7.45
INFO:main:6.30
INFO:main:11.25
INFO:main:7.19
