INFO:werkzeug:[31m[1mWARNING: This is a development server. Do not use it in a production deployment. Use a production WSGI server instead.[0m
 * Running on all addresses (0.0.0.0)
 * Running on http://127.0.0.1:8080
 * Running on http://10.244.1.159:8080
INFO:werkzeug:[33mPress CTRL+C to quit[0m
INFO:werkzeug:127.0.0.1 - - [06/Aug/2023 22:52:37] "GET /api/stream/active/192.168.2.2:1935/200 HTTP/1.1" 200 -
INFO:main:8.70
INFO:main:13.61
INFO:main:12.35
INFO:main:11.05
INFO:main:11.90
INFO:main:12.44
INFO:main:11.73
INFO:main:8.89
INFO:main:9.94
INFO:main:9.59
INFO:main:9.97
INFO:main:10.53
INFO:main:10.49
INFO:main:10.67
INFO:main:11.90
INFO:main:11.79
INFO:main:11.11
INFO:main:12.93
INFO:main:10.27
INFO:main:9.84
INFO:main:10.42
INFO:main:10.73
INFO:main:10.38
INFO:main:12.04
INFO:main:12.64
INFO:main:11.96
INFO:main:11.80
INFO:main:11.56
INFO:main:2.98
INFO:main:2.25
INFO:main:1.51
INFO:main:1.54
INFO:main:1.98
INFO:main:1.89
INFO:main:1.55
INFO:main:2.49
INFO:main:1.80
INFO:main:1.18
INFO:main:3.58
INFO:main:7.19
INFO:main:5.28
INFO:main:5.51
INFO:main:3.92
INFO:main:5.23
INFO:main:4.78
INFO:main:9.44
INFO:main:4.86
INFO:main:5.57
INFO:main:6.86
INFO:main:3.90
INFO:main:7.80
INFO:main:2.27
INFO:main:7.67
INFO:main:3.26
INFO:main:1.76
INFO:main:1.94
INFO:main:2.98
INFO:main:2.84
INFO:main:3.29
INFO:main:3.41
INFO:main:1.89
INFO:main:1.97
INFO:main:1.98
INFO:main:1.73
INFO:main:1.30
INFO:main:1.23
INFO:main:1.52
INFO:main:1.42
INFO:main:1.76
INFO:main:1.70
INFO:main:0.85
INFO:main:0.95
INFO:main:0.77
INFO:main:1.72
INFO:main:1.85
INFO:main:3.00
INFO:main:0.88
INFO:main:1.92
INFO:main:3.23
INFO:main:2.93
INFO:main:1.59
