INFO:werkzeug:[31m[1mWARNING: This is a development server. Do not use it in a production deployment. Use a production WSGI server instead.[0m
 * Running on all addresses (0.0.0.0)
 * Running on http://127.0.0.1:8080
 * Running on http://10.244.1.25:8080
INFO:werkzeug:[33mPress CTRL+C to quit[0m
INFO:werkzeug:127.0.0.1 - - [06/Aug/2023 19:38:52] "GET /api/stream/active/192.168.2.2:1935/200 HTTP/1.1" 200 -
INFO:main:8.62
INFO:main:14.15
INFO:main:14.36
INFO:main:14.16
INFO:main:11.60
INFO:main:11.58
INFO:main:12.19
INFO:main:12.15
INFO:main:11.61
INFO:main:11.45
INFO:main:11.23
INFO:main:13.10
INFO:main:9.39
INFO:main:3.44
INFO:main:3.03
INFO:main:10.50
INFO:main:13.85
INFO:main:13.71
INFO:main:13.89
INFO:main:13.79
INFO:main:13.76
INFO:main:4.96
INFO:main:4.73
INFO:main:6.59
INFO:main:4.87
INFO:main:5.83
INFO:main:4.47
INFO:main:4.38
INFO:main:3.50
INFO:main:2.94
INFO:main:3.83
INFO:main:3.23
INFO:main:3.35
INFO:main:3.88
INFO:main:2.90
INFO:main:3.63
INFO:main:4.71
INFO:main:8.92
INFO:main:9.39
INFO:main:10.60
INFO:main:12.56
INFO:main:12.34
INFO:main:4.50
INFO:main:5.68
INFO:main:4.64
INFO:main:5.72
INFO:main:5.01
INFO:main:4.83
INFO:main:6.87
INFO:main:3.27
INFO:main:5.86
INFO:main:5.92
INFO:main:5.95
INFO:main:6.88
INFO:main:9.97
INFO:main:10.77
INFO:main:14.11
INFO:main:14.17
INFO:main:10.83
INFO:main:7.81
INFO:main:8.32
INFO:main:6.33
INFO:main:7.70
INFO:main:7.78
INFO:main:8.47
INFO:main:8.94
INFO:main:8.38
INFO:main:6.93
INFO:main:6.60
INFO:main:3.36
