INFO:werkzeug:[31m[1mWARNING: This is a development server. Do not use it in a production deployment. Use a production WSGI server instead.[0m
 * Running on all addresses (0.0.0.0)
 * Running on http://127.0.0.1:8080
 * Running on http://10.244.1.175:8080
INFO:werkzeug:[33mPress CTRL+C to quit[0m
INFO:werkzeug:127.0.0.1 - - [06/Aug/2023 14:51:05] "GET /api/stream/active/192.168.2.2:1935/200 HTTP/1.1" 200 -
INFO:main:7.69
INFO:main:13.81
INFO:main:13.94
INFO:main:13.87
INFO:main:13.83
INFO:main:13.78
INFO:main:13.57
INFO:main:13.58
INFO:main:13.71
INFO:main:13.91
INFO:main:14.02
INFO:main:13.93
INFO:main:14.09
INFO:main:14.15
INFO:main:14.21
INFO:main:14.00
INFO:main:14.10
INFO:main:14.14
INFO:main:14.35
INFO:main:14.39
INFO:main:14.31
INFO:main:14.43
INFO:main:10.24
INFO:main:9.43
INFO:main:15.90
INFO:main:15.48
INFO:main:15.33
INFO:main:15.06
INFO:main:14.87
INFO:main:14.71
INFO:main:15.14
INFO:main:15.75
INFO:main:15.09
INFO:main:14.53
INFO:main:14.66
INFO:main:14.16
INFO:main:13.89
INFO:main:13.78
INFO:main:14.11
INFO:main:14.14
INFO:main:14.79
INFO:main:14.90
INFO:main:14.64
INFO:main:14.49
INFO:main:14.62
INFO:main:14.33
INFO:main:14.38
INFO:main:14.58
INFO:main:14.98
INFO:main:14.63
INFO:main:14.80
INFO:main:14.62
INFO:main:14.33
INFO:main:14.12
INFO:main:14.15
INFO:main:13.92
INFO:main:14.20
INFO:main:14.61
INFO:main:14.67
INFO:main:14.48
INFO:main:14.83
INFO:main:14.30
INFO:main:14.35
INFO:main:14.22
INFO:main:10.59
INFO:main:7.37
INFO:main:6.99
INFO:main:7.07
INFO:main:3.71
INFO:main:8.95
INFO:main:13.57
INFO:main:8.33
INFO:main:5.93
INFO:main:8.69
INFO:main:8.47
INFO:main:5.49
INFO:main:7.82
INFO:main:7.88
INFO:main:8.37
INFO:main:9.57
INFO:main:11.50
INFO:main:5.18
INFO:main:5.23
INFO:main:6.51
INFO:main:9.36
INFO:main:8.53
INFO:main:12.36
INFO:main:8.86
INFO:main:9.98
INFO:main:10.13
INFO:main:10.64
