INFO:werkzeug:[31m[1mWARNING: This is a development server. Do not use it in a production deployment. Use a production WSGI server instead.[0m
 * Running on all addresses (0.0.0.0)
 * Running on http://127.0.0.1:8080
 * Running on http://10.244.1.33:8080
INFO:werkzeug:[33mPress CTRL+C to quit[0m
INFO:werkzeug:127.0.0.1 - - [06/Aug/2023 19:55:53] "GET /api/stream/active/192.168.2.2:1935/200 HTTP/1.1" 200 -
INFO:main:8.79
INFO:main:13.47
INFO:main:14.26
INFO:main:13.72
INFO:main:11.97
INFO:main:11.26
INFO:main:11.38
INFO:main:11.81
INFO:main:11.18
INFO:main:11.31
INFO:main:12.25
INFO:main:12.44
INFO:main:10.97
INFO:main:11.15
INFO:main:12.03
INFO:main:12.02
INFO:main:12.31
INFO:main:14.14
INFO:main:13.98
INFO:main:14.00
INFO:main:12.98
INFO:main:13.59
INFO:main:9.55
INFO:main:10.62
INFO:main:8.89
INFO:main:10.63
INFO:main:11.90
INFO:main:9.51
INFO:main:6.29
INFO:main:3.73
INFO:main:3.87
INFO:main:3.95
INFO:main:3.41
INFO:main:4.13
INFO:main:4.55
INFO:main:3.43
INFO:main:2.87
INFO:main:7.23
INFO:main:9.59
INFO:main:10.65
INFO:main:11.36
INFO:main:12.45
INFO:main:4.93
INFO:main:6.43
INFO:main:8.75
INFO:main:6.41
INFO:main:4.62
INFO:main:3.77
INFO:main:2.56
INFO:main:3.26
INFO:main:4.49
INFO:main:3.35
INFO:main:3.89
INFO:main:4.18
INFO:main:1.58
INFO:main:4.74
INFO:main:1.65
INFO:main:4.39
INFO:main:6.62
INFO:main:6.98
INFO:main:7.94
INFO:main:3.91
INFO:main:7.27
INFO:main:6.86
INFO:main:5.46
INFO:main:3.36
INFO:main:7.05
INFO:main:3.87
INFO:main:4.86
INFO:main:2.61
INFO:main:2.54
INFO:main:1.95
INFO:main:3.31
INFO:main:2.76
INFO:main:1.74
INFO:main:1.70
INFO:main:2.32
INFO:main:0.95
