INFO:werkzeug:[31m[1mWARNING: This is a development server. Do not use it in a production deployment. Use a production WSGI server instead.[0m
 * Running on all addresses (0.0.0.0)
 * Running on http://127.0.0.1:8080
 * Running on http://10.244.1.230:8080
INFO:werkzeug:[33mPress CTRL+C to quit[0m
INFO:werkzeug:127.0.0.1 - - [06/Aug/2023 17:56:27] "GET /api/stream/active/192.168.2.2:1935/200 HTTP/1.1" 200 -
INFO:main:5.68
INFO:main:13.85
INFO:main:12.19
INFO:main:12.40
INFO:main:14.37
INFO:main:11.80
INFO:main:14.04
INFO:main:12.64
INFO:main:13.71
INFO:main:13.90
INFO:main:12.03
INFO:main:11.72
INFO:main:13.90
INFO:main:12.05
INFO:main:5.85
INFO:main:3.65
INFO:main:2.39
INFO:main:1.37
INFO:main:3.59
INFO:main:2.82
INFO:main:3.98
INFO:main:5.75
INFO:main:3.65
INFO:main:4.99
INFO:main:4.12
INFO:main:4.53
INFO:main:2.61
INFO:main:2.79
INFO:main:4.95
INFO:main:2.55
INFO:main:6.99
INFO:main:5.31
INFO:main:4.83
INFO:main:7.45
INFO:main:6.84
INFO:main:4.51
INFO:main:5.51
INFO:main:4.83
INFO:main:2.27
INFO:main:2.21
INFO:main:2.51
INFO:main:2.34
INFO:main:3.02
INFO:main:1.80
INFO:main:1.60
INFO:main:1.62
INFO:main:2.13
INFO:main:1.82
INFO:main:1.58
INFO:main:1.70
INFO:main:1.68
INFO:main:3.68
INFO:main:4.11
INFO:main:3.33
INFO:main:2.93
INFO:main:3.41
INFO:main:4.30
INFO:main:2.57
INFO:main:2.48
INFO:main:2.38
INFO:main:2.48
INFO:main:1.81
INFO:main:1.61
INFO:main:1.75
INFO:main:1.77
INFO:main:2.07
INFO:main:2.17
INFO:main:3.84
INFO:main:4.45
INFO:main:4.84
INFO:main:5.08
INFO:main:4.19
INFO:main:2.73
INFO:main:2.38
