INFO:werkzeug:[31m[1mWARNING: This is a development server. Do not use it in a production deployment. Use a production WSGI server instead.[0m
 * Running on all addresses (0.0.0.0)
 * Running on http://127.0.0.1:8080
 * Running on http://10.244.1.221:8080
INFO:werkzeug:[33mPress CTRL+C to quit[0m
INFO:werkzeug:127.0.0.1 - - [06/Aug/2023 17:39:09] "GET /api/stream/active/192.168.2.2:1935/200 HTTP/1.1" 200 -
INFO:main:8.83
INFO:main:14.31
INFO:main:13.50
INFO:main:10.98
INFO:main:10.70
INFO:main:10.73
INFO:main:10.70
INFO:main:11.28
INFO:main:12.21
INFO:main:11.59
INFO:main:11.47
INFO:main:11.57
INFO:main:10.94
INFO:main:10.75
INFO:main:10.88
INFO:main:11.62
INFO:main:11.06
INFO:main:10.64
INFO:main:10.86
INFO:main:11.26
INFO:main:11.30
INFO:main:11.54
INFO:main:11.76
INFO:main:11.71
INFO:main:11.68
INFO:main:11.98
INFO:main:13.32
INFO:main:6.43
INFO:main:3.61
INFO:main:3.12
INFO:main:3.58
INFO:main:4.39
INFO:main:4.31
INFO:main:5.09
INFO:main:11.83
INFO:main:7.59
INFO:main:8.86
INFO:main:9.17
INFO:main:7.42
INFO:main:10.08
INFO:main:7.73
INFO:main:8.59
INFO:main:7.50
INFO:main:6.88
INFO:main:4.85
INFO:main:4.60
INFO:main:4.91
INFO:main:4.59
INFO:main:5.77
INFO:main:7.67
INFO:main:7.89
INFO:main:8.75
INFO:main:5.84
INFO:main:5.12
INFO:main:8.17
INFO:main:7.44
INFO:main:11.37
INFO:main:9.22
INFO:main:7.15
INFO:main:9.31
INFO:main:4.61
INFO:main:7.34
INFO:main:4.87
INFO:main:5.46
INFO:main:8.42
INFO:main:7.72
INFO:main:9.72
INFO:main:7.84
INFO:main:8.51
INFO:main:9.97
INFO:main:6.82
INFO:main:8.53
INFO:main:8.09
INFO:main:10.63
INFO:main:9.52
INFO:main:8.88
INFO:main:4.20
INFO:main:6.85
INFO:main:5.62
INFO:main:9.35
INFO:main:12.38
INFO:main:10.52
INFO:main:9.95
INFO:main:6.57
INFO:main:9.88
INFO:main:5.37
INFO:main:7.86
