INFO:werkzeug:[31m[1mWARNING: This is a development server. Do not use it in a production deployment. Use a production WSGI server instead.[0m
 * Running on all addresses (0.0.0.0)
 * Running on http://127.0.0.1:8080
 * Running on http://10.244.1.171:8080
INFO:werkzeug:[33mPress CTRL+C to quit[0m
INFO:werkzeug:127.0.0.1 - - [06/Aug/2023 14:34:14] "GET /api/stream/active/192.168.2.2:1935/200 HTTP/1.1" 200 -
INFO:main:8.48
INFO:main:14.59
INFO:main:14.73
INFO:main:14.84
INFO:main:14.54
INFO:main:14.66
INFO:main:15.15
INFO:main:15.10
INFO:main:15.10
INFO:main:14.91
INFO:main:14.90
INFO:main:14.68
INFO:main:14.61
INFO:main:14.67
INFO:main:15.01
INFO:main:15.73
INFO:main:15.93
INFO:main:15.61
INFO:main:15.52
INFO:main:15.39
INFO:main:9.81
INFO:main:4.98
INFO:main:4.47
INFO:main:5.46
INFO:main:5.96
INFO:main:11.63
INFO:main:15.06
INFO:main:14.97
INFO:main:14.64
INFO:main:14.29
INFO:main:14.50
INFO:main:15.28
INFO:main:8.81
INFO:main:8.75
INFO:main:11.37
INFO:main:15.00
INFO:main:14.83
INFO:main:14.51
INFO:main:14.90
INFO:main:15.05
INFO:main:15.42
INFO:main:16.33
INFO:main:16.58
INFO:main:15.91
INFO:main:13.79
INFO:main:16.02
INFO:main:16.54
INFO:main:16.68
INFO:main:16.56
INFO:main:16.48
INFO:main:16.21
INFO:main:16.01
INFO:main:15.71
INFO:main:15.57
INFO:main:15.32
INFO:main:14.99
INFO:main:14.67
INFO:main:14.78
INFO:main:14.56
INFO:main:14.23
INFO:main:14.58
INFO:main:14.66
INFO:main:15.28
INFO:main:14.68
INFO:main:14.44
INFO:main:14.27
INFO:main:14.02
INFO:main:14.55
INFO:main:14.93
INFO:main:14.64
INFO:main:14.78
INFO:main:14.90
INFO:main:15.02
INFO:main:14.75
INFO:main:14.78
INFO:main:14.87
INFO:main:15.40
INFO:main:15.53
INFO:main:15.41
INFO:main:15.48
INFO:main:15.72
INFO:main:15.29
INFO:main:15.13
INFO:main:15.15
INFO:main:15.73
INFO:main:16.34
