INFO:werkzeug:[31m[1mWARNING: This is a development server. Do not use it in a production deployment. Use a production WSGI server instead.[0m
 * Running on all addresses (0.0.0.0)
 * Running on http://127.0.0.1:8080
 * Running on http://10.244.1.90:8080
INFO:werkzeug:[33mPress CTRL+C to quit[0m
INFO:werkzeug:127.0.0.1 - - [06/Aug/2023 21:26:04] "GET /api/stream/active/192.168.2.2:1935/200 HTTP/1.1" 200 -
INFO:main:3.73
INFO:main:11.65
INFO:main:11.72
INFO:main:10.68
INFO:main:11.20
INFO:main:10.96
INFO:main:11.21
INFO:main:11.16
INFO:main:10.68
INFO:main:11.64
INFO:main:10.55
INFO:main:10.96
INFO:main:11.66
INFO:main:10.22
INFO:main:10.96
INFO:main:9.18
INFO:main:7.00
INFO:main:3.79
INFO:main:3.87
INFO:main:1.94
INFO:main:3.54
INFO:main:3.25
INFO:main:0.87
INFO:main:3.30
INFO:main:2.29
INFO:main:0.65
INFO:main:3.56
INFO:main:2.87
INFO:main:1.78
INFO:main:1.49
INFO:main:3.73
INFO:main:2.55
INFO:main:1.76
INFO:main:0.88
INFO:main:4.62
INFO:main:1.54
INFO:main:0.83
INFO:main:1.63
INFO:main:3.44
INFO:main:2.82
INFO:main:2.40
INFO:main:3.10
INFO:main:2.42
INFO:main:0.96
INFO:main:1.98
INFO:main:5.74
INFO:main:2.52
INFO:main:2.41
INFO:main:2.77
INFO:main:5.28
INFO:main:1.79
INFO:main:1.61
INFO:main:1.49
INFO:main:1.28
INFO:main:2.35
INFO:main:2.72
INFO:main:2.07
INFO:main:1.55
INFO:main:1.01
INFO:main:0.50
INFO:main:0.86
INFO:main:0.82
INFO:main:2.58
INFO:main:2.78
