INFO:werkzeug:[31m[1mWARNING: This is a development server. Do not use it in a production deployment. Use a production WSGI server instead.[0m
 * Running on all addresses (0.0.0.0)
 * Running on http://127.0.0.1:8080
 * Running on http://10.244.1.49:8080
INFO:werkzeug:[33mPress CTRL+C to quit[0m
INFO:werkzeug:127.0.0.1 - - [07/Aug/2023 01:34:33] "GET /api/stream/active/192.168.2.2:1935/200 HTTP/1.1" 200 -
INFO:main:6.66
INFO:main:9.85
INFO:main:8.70
INFO:main:8.70
INFO:main:9.97
INFO:main:9.93
INFO:main:10.00
INFO:main:10.12
INFO:main:9.48
INFO:main:9.80
INFO:main:9.60
INFO:main:9.86
INFO:main:12.42
INFO:main:14.09
INFO:main:12.67
INFO:main:1.83
INFO:main:2.11
INFO:main:2.83
INFO:main:2.97
INFO:main:3.57
INFO:main:1.42
INFO:main:3.04
INFO:main:3.55
INFO:main:1.06
INFO:main:2.42
INFO:main:0.70
INFO:main:0.89
INFO:main:1.53
INFO:main:1.41
INFO:main:1.85
INFO:main:0.88
INFO:main:2.12
INFO:main:3.81
INFO:main:0.97
INFO:main:0.85
INFO:main:0.59
INFO:main:0.53
INFO:main:0.86
INFO:main:1.07
INFO:main:2.44
INFO:main:0.99
INFO:main:0.82
INFO:main:0.67
INFO:main:1.03
INFO:main:1.94
INFO:main:1.96
INFO:main:1.99
INFO:main:0.69
INFO:main:4.19
INFO:main:0.68
INFO:main:0.66
INFO:main:0.69
INFO:main:1.92
INFO:main:1.47
INFO:main:0.62
INFO:main:1.27
INFO:main:3.72
