INFO:werkzeug:[31m[1mWARNING: This is a development server. Do not use it in a production deployment. Use a production WSGI server instead.[0m
 * Running on all addresses (0.0.0.0)
 * Running on http://127.0.0.1:8080
 * Running on http://10.244.1.146:8080
INFO:werkzeug:[33mPress CTRL+C to quit[0m
INFO:werkzeug:127.0.0.1 - - [06/Aug/2023 22:35:32] "GET /api/stream/active/192.168.2.2:1935/200 HTTP/1.1" 200 -
INFO:main:8.38
INFO:main:13.99
INFO:main:13.91
INFO:main:11.49
INFO:main:10.29
INFO:main:9.82
INFO:main:10.87
INFO:main:11.75
INFO:main:13.04
INFO:main:10.67
INFO:main:11.88
INFO:main:10.87
INFO:main:10.92
INFO:main:11.10
INFO:main:13.56
INFO:main:3.63
INFO:main:7.82
INFO:main:6.48
INFO:main:3.85
INFO:main:1.99
INFO:main:3.70
INFO:main:1.18
INFO:main:3.00
INFO:main:1.49
INFO:main:2.97
INFO:main:1.54
INFO:main:6.53
INFO:main:2.39
INFO:main:2.35
INFO:main:1.80
INFO:main:4.85
INFO:main:2.70
INFO:main:1.85
INFO:main:2.91
INFO:main:1.63
INFO:main:1.76
INFO:main:1.91
INFO:main:1.50
INFO:main:2.07
INFO:main:1.38
INFO:main:3.16
INFO:main:1.70
INFO:main:1.39
INFO:main:4.73
INFO:main:2.89
INFO:main:3.39
INFO:main:5.62
INFO:main:2.54
INFO:main:4.99
INFO:main:1.83
INFO:main:1.70
INFO:main:1.45
INFO:main:1.52
INFO:main:1.58
INFO:main:1.54
INFO:main:2.24
INFO:main:2.33
INFO:main:2.40
INFO:main:1.21
INFO:main:1.30
INFO:main:2.01
