INFO:werkzeug:[31m[1mWARNING: This is a development server. Do not use it in a production deployment. Use a production WSGI server instead.[0m
 * Running on all addresses (0.0.0.0)
 * Running on http://127.0.0.1:8080
 * Running on http://10.244.1.8:8080
INFO:werkzeug:[33mPress CTRL+C to quit[0m
INFO:werkzeug:127.0.0.1 - - [06/Aug/2023 19:04:16] "GET /api/stream/active/192.168.2.2:1935/200 HTTP/1.1" 200 -
INFO:main:8.64
INFO:main:15.15
INFO:main:14.62
INFO:main:14.13
INFO:main:12.84
INFO:main:12.96
INFO:main:11.90
INFO:main:13.45
INFO:main:14.31
INFO:main:13.20
INFO:main:11.84
INFO:main:11.59
INFO:main:12.93
INFO:main:14.46
INFO:main:13.12
INFO:main:12.52
INFO:main:14.23
INFO:main:12.65
INFO:main:7.02
INFO:main:3.75
INFO:main:4.12
INFO:main:4.00
INFO:main:2.66
INFO:main:2.92
INFO:main:4.58
INFO:main:6.99
INFO:main:7.67
INFO:main:5.69
INFO:main:7.66
INFO:main:2.59
INFO:main:1.86
INFO:main:1.60
INFO:main:1.87
INFO:main:2.55
INFO:main:2.32
INFO:main:1.99
INFO:main:1.76
INFO:main:1.57
INFO:main:1.55
INFO:main:0.98
INFO:main:1.79
INFO:main:2.36
INFO:main:5.91
INFO:main:10.13
INFO:main:5.00
INFO:main:5.26
INFO:main:4.42
INFO:main:3.88
INFO:main:4.72
INFO:main:3.19
INFO:main:2.47
INFO:main:2.78
INFO:main:3.11
INFO:main:1.71
INFO:main:1.62
INFO:main:1.85
INFO:main:2.89
INFO:main:1.82
INFO:main:2.39
INFO:main:3.57
INFO:main:4.83
INFO:main:6.69
INFO:main:6.13
INFO:main:1.52
INFO:main:2.52
INFO:main:1.63
INFO:main:2.17
INFO:main:1.37
INFO:main:1.52
INFO:main:1.49
INFO:main:1.45
INFO:main:1.32
INFO:main:0.86
INFO:main:0.63
INFO:main:0.92
INFO:main:1.16
INFO:main:1.44
