INFO:werkzeug:[31m[1mWARNING: This is a development server. Do not use it in a production deployment. Use a production WSGI server instead.[0m
 * Running on all addresses (0.0.0.0)
 * Running on http://127.0.0.1:8080
 * Running on http://10.244.1.34:8080
INFO:werkzeug:[33mPress CTRL+C to quit[0m
INFO:werkzeug:127.0.0.1 - - [07/Aug/2023 01:16:43] "GET /api/stream/active/192.168.2.2:1935/200 HTTP/1.1" 200 -
INFO:main:4.87
INFO:main:9.41
INFO:main:8.54
INFO:main:9.52
INFO:main:10.13
INFO:main:9.96
INFO:main:9.99
INFO:main:9.86
INFO:main:10.09
INFO:main:9.69
INFO:main:9.84
INFO:main:10.56
INFO:main:8.78
INFO:main:9.94
INFO:main:8.47
INFO:main:9.60
INFO:main:8.69
INFO:main:9.50
INFO:main:1.85
INFO:main:5.06
INFO:main:1.10
INFO:main:1.38
INFO:main:0.82
INFO:main:1.63
INFO:main:1.56
INFO:main:0.69
INFO:main:3.62
INFO:main:1.95
INFO:main:1.21
INFO:main:2.67
INFO:main:0.77
INFO:main:0.95
INFO:main:0.72
INFO:main:0.94
INFO:main:2.38
INFO:main:3.85
INFO:main:1.65
INFO:main:0.72
INFO:main:0.80
INFO:main:0.83
INFO:main:0.98
INFO:main:4.31
INFO:main:2.18
INFO:main:1.47
INFO:main:4.24
INFO:main:2.53
INFO:main:0.67
INFO:main:0.63
INFO:main:1.20
INFO:main:0.50
INFO:main:1.75
INFO:main:0.65
INFO:main:0.85
INFO:main:1.54
INFO:main:1.12
INFO:main:0.91
INFO:main:2.88
INFO:main:2.39
INFO:main:1.76
