INFO:werkzeug:[31m[1mWARNING: This is a development server. Do not use it in a production deployment. Use a production WSGI server instead.[0m
 * Running on all addresses (0.0.0.0)
 * Running on http://127.0.0.1:8080
 * Running on http://10.244.1.237:8080
INFO:werkzeug:[33mPress CTRL+C to quit[0m
INFO:werkzeug:127.0.0.1 - - [07/Aug/2023 00:22:46] "GET /api/stream/active/192.168.2.2:1935/200 HTTP/1.1" 200 -
INFO:main:8.91
INFO:main:13.54
INFO:main:12.41
INFO:main:13.19
INFO:main:11.83
INFO:main:10.76
INFO:main:10.85
INFO:main:9.30
INFO:main:8.95
INFO:main:9.35
INFO:main:9.52
INFO:main:9.63
INFO:main:9.35
INFO:main:9.94
INFO:main:8.65
INFO:main:8.77
INFO:main:9.96
INFO:main:9.58
INFO:main:9.79
INFO:main:9.80
INFO:main:10.77
INFO:main:12.52
INFO:main:12.92
INFO:main:1.97
INFO:main:1.26
INFO:main:1.77
INFO:main:1.17
INFO:main:0.58
INFO:main:0.97
INFO:main:0.66
INFO:main:1.65
INFO:main:2.91
INFO:main:0.77
INFO:main:1.39
INFO:main:2.30
INFO:main:3.99
INFO:main:2.02
INFO:main:3.70
INFO:main:3.75
INFO:main:1.52
INFO:main:0.98
INFO:main:5.73
INFO:main:4.64
INFO:main:1.13
INFO:main:2.74
INFO:main:4.09
INFO:main:1.11
INFO:main:1.18
INFO:main:3.34
INFO:main:2.71
INFO:main:2.79
INFO:main:0.76
INFO:main:7.33
INFO:main:1.11
INFO:main:3.07
INFO:main:3.42
INFO:main:2.19
INFO:main:3.91
INFO:main:1.17
INFO:main:1.18
INFO:main:1.08
INFO:main:1.55
INFO:main:1.16
INFO:main:1.46
INFO:main:0.92
INFO:main:1.39
