INFO:werkzeug:[31m[1mWARNING: This is a development server. Do not use it in a production deployment. Use a production WSGI server instead.[0m
 * Running on all addresses (0.0.0.0)
 * Running on http://127.0.0.1:8080
 * Running on http://10.244.1.114:8080
INFO:werkzeug:[33mPress CTRL+C to quit[0m
INFO:werkzeug:127.0.0.1 - - [06/Aug/2023 22:00:57] "GET /api/stream/active/192.168.2.2:1935/200 HTTP/1.1" 200 -
INFO:main:8.76
INFO:main:15.93
INFO:main:15.78
INFO:main:13.02
INFO:main:12.92
INFO:main:12.07
INFO:main:11.09
INFO:main:11.42
INFO:main:11.66
INFO:main:11.45
INFO:main:12.29
INFO:main:12.06
INFO:main:10.36
INFO:main:10.95
INFO:main:10.87
INFO:main:10.66
INFO:main:11.98
INFO:main:10.86
INFO:main:9.32
INFO:main:7.26
INFO:main:10.43
INFO:main:10.48
INFO:main:9.98
INFO:main:7.50
INFO:main:5.63
INFO:main:4.38
INFO:main:4.51
INFO:main:2.37
INFO:main:2.60
INFO:main:3.28
INFO:main:3.41
INFO:main:3.48
INFO:main:2.96
INFO:main:3.64
INFO:main:2.64
INFO:main:3.53
INFO:main:3.99
INFO:main:10.24
INFO:main:7.46
INFO:main:3.73
INFO:main:6.37
INFO:main:1.95
INFO:main:2.92
INFO:main:4.26
INFO:main:8.72
INFO:main:10.62
INFO:main:5.87
INFO:main:6.55
INFO:main:5.50
INFO:main:3.91
INFO:main:4.32
INFO:main:2.80
INFO:main:2.91
INFO:main:2.99
INFO:main:3.77
INFO:main:3.45
INFO:main:3.01
INFO:main:2.73
INFO:main:4.21
INFO:main:2.89
INFO:main:4.15
INFO:main:6.23
INFO:main:7.76
INFO:main:5.02
INFO:main:4.56
INFO:main:3.95
INFO:main:6.83
INFO:main:2.32
INFO:main:3.79
INFO:main:6.62
INFO:main:7.49
INFO:main:8.76
INFO:main:3.96
INFO:main:4.15
