INFO:werkzeug:[31m[1mWARNING: This is a development server. Do not use it in a production deployment. Use a production WSGI server instead.[0m
 * Running on all addresses (0.0.0.0)
 * Running on http://127.0.0.1:8080
 * Running on http://10.244.1.9:8080
INFO:werkzeug:[33mPress CTRL+C to quit[0m
INFO:werkzeug:127.0.0.1 - - [06/Aug/2023 19:04:16] "GET /api/stream/active/192.168.2.2:1935/200 HTTP/1.1" 200 -
INFO:main:5.78
INFO:main:13.87
INFO:main:13.26
INFO:main:12.58
INFO:main:13.46
INFO:main:14.83
INFO:main:13.65
INFO:main:12.03
INFO:main:11.55
INFO:main:13.11
INFO:main:14.39
INFO:main:12.78
INFO:main:11.94
INFO:main:13.99
INFO:main:11.99
INFO:main:7.77
INFO:main:10.60
INFO:main:4.49
INFO:main:4.00
INFO:main:5.85
INFO:main:4.52
INFO:main:5.78
INFO:main:6.85
INFO:main:3.52
INFO:main:8.83
INFO:main:2.64
INFO:main:8.81
INFO:main:6.07
INFO:main:10.55
INFO:main:6.90
INFO:main:2.06
INFO:main:2.21
INFO:main:1.85
INFO:main:1.81
INFO:main:2.15
INFO:main:2.58
INFO:main:1.80
INFO:main:1.73
INFO:main:1.60
INFO:main:3.53
INFO:main:4.12
INFO:main:2.90
INFO:main:2.64
INFO:main:2.26
INFO:main:3.58
INFO:main:3.19
INFO:main:4.96
INFO:main:3.07
INFO:main:3.52
INFO:main:2.12
INFO:main:2.13
INFO:main:4.64
INFO:main:3.24
INFO:main:4.10
INFO:main:3.50
INFO:main:2.90
INFO:main:5.72
INFO:main:3.41
INFO:main:2.74
INFO:main:1.91
INFO:main:2.38
INFO:main:3.23
INFO:main:2.99
INFO:main:3.84
INFO:main:1.58
INFO:main:2.81
INFO:main:1.63
INFO:main:1.90
INFO:main:2.45
INFO:main:2.67
INFO:main:2.60
INFO:main:1.68
INFO:main:1.50
INFO:main:1.73
INFO:main:1.30
