INFO:werkzeug:[31m[1mWARNING: This is a development server. Do not use it in a production deployment. Use a production WSGI server instead.[0m
 * Running on all addresses (0.0.0.0)
 * Running on http://127.0.0.1:8080
 * Running on http://10.244.1.195:8080
INFO:werkzeug:[33mPress CTRL+C to quit[0m
INFO:werkzeug:127.0.0.1 - - [06/Aug/2023 16:14:28] "GET /api/stream/active/192.168.2.2:1935/200 HTTP/1.1" 200 -
INFO:main:8.70
INFO:main:13.86
INFO:main:13.77
INFO:main:13.43
INFO:main:13.45
INFO:main:13.53
INFO:main:13.89
INFO:main:13.92
INFO:main:14.21
INFO:main:13.95
INFO:main:13.92
INFO:main:13.92
INFO:main:13.85
INFO:main:13.61
INFO:main:13.43
INFO:main:13.82
INFO:main:13.90
INFO:main:14.23
INFO:main:14.14
INFO:main:14.06
INFO:main:14.16
INFO:main:14.42
INFO:main:14.56
INFO:main:5.39
INFO:main:3.48
INFO:main:2.98
INFO:main:3.30
INFO:main:2.75
INFO:main:3.40
INFO:main:5.78
INFO:main:8.79
INFO:main:10.32
INFO:main:9.61
INFO:main:9.75
INFO:main:10.92
INFO:main:9.46
INFO:main:9.75
INFO:main:11.80
INFO:main:9.79
INFO:main:4.06
INFO:main:5.98
INFO:main:4.61
INFO:main:4.20
INFO:main:5.40
INFO:main:8.61
INFO:main:13.87
INFO:main:11.98
INFO:main:11.93
INFO:main:14.17
INFO:main:14.06
INFO:main:14.24
INFO:main:10.83
INFO:main:7.93
INFO:main:7.38
INFO:main:8.82
INFO:main:13.97
INFO:main:14.52
INFO:main:14.36
INFO:main:14.74
INFO:main:14.75
INFO:main:14.48
INFO:main:11.65
INFO:main:9.69
INFO:main:12.17
INFO:main:13.94
INFO:main:14.14
INFO:main:14.33
INFO:main:14.15
INFO:main:14.56
INFO:main:14.29
INFO:main:14.28
INFO:main:14.42
INFO:main:14.39
INFO:main:14.11
INFO:main:14.13
INFO:main:13.93
INFO:main:14.06
INFO:main:14.07
INFO:main:14.03
INFO:main:14.63
INFO:main:14.35
INFO:main:14.39
INFO:main:13.73
INFO:main:13.61
INFO:main:13.70
INFO:main:13.62
INFO:main:13.64
