INFO:werkzeug:[31m[1mWARNING: This is a development server. Do not use it in a production deployment. Use a production WSGI server instead.[0m
 * Running on all addresses (0.0.0.0)
 * Running on http://127.0.0.1:8080
 * Running on http://10.244.1.153:8080
INFO:werkzeug:[33mPress CTRL+C to quit[0m
INFO:werkzeug:127.0.0.1 - - [05/Aug/2023 03:16:18] "GET /api/stream/active/192.168.2.2:1935/200 HTTP/1.1" 200 -
INFO:main:8.57
INFO:main:12.84
INFO:main:12.62
INFO:main:11.87
INFO:main:11.59
INFO:main:11.42
INFO:main:11.59
INFO:main:12.04
INFO:main:11.48
INFO:main:11.30
INFO:main:11.58
INFO:main:11.38
INFO:main:11.27
INFO:main:11.77
INFO:main:11.46
INFO:main:11.15
INFO:main:11.49
INFO:main:11.28
INFO:main:11.39
INFO:main:11.51
INFO:main:11.49
INFO:main:11.70
INFO:main:11.85
INFO:main:11.41
INFO:main:11.72
INFO:main:12.41
INFO:main:13.21
INFO:main:14.41
INFO:main:15.43
INFO:main:12.79
INFO:main:11.64
INFO:main:13.57
INFO:main:15.10
INFO:main:12.92
INFO:main:11.55
INFO:main:11.63
INFO:main:12.08
INFO:main:14.12
INFO:main:12.74
INFO:main:13.86
INFO:main:14.51
INFO:main:13.26
INFO:main:13.18
INFO:main:12.71
INFO:main:11.46
INFO:main:12.40
INFO:main:11.53
INFO:main:11.47
INFO:main:12.83
INFO:main:14.75
INFO:main:14.91
INFO:main:14.95
INFO:main:14.98
INFO:main:13.65
INFO:main:12.44
INFO:main:12.87
INFO:main:12.41
INFO:main:11.89
INFO:main:11.88
INFO:main:12.11
INFO:main:12.40
INFO:main:12.20
INFO:main:11.81
INFO:main:11.68
INFO:main:12.08
INFO:main:14.62
INFO:main:13.57
INFO:main:14.22
INFO:main:14.78
INFO:main:14.93
INFO:main:14.07
INFO:main:13.82
INFO:main:13.64
INFO:main:14.70
INFO:main:12.33
INFO:main:13.59
INFO:main:11.98
INFO:main:12.91
INFO:main:15.08
INFO:main:14.61
INFO:main:12.99
INFO:main:11.27
INFO:main:11.54
INFO:main:11.38
INFO:main:14.49
INFO:main:14.77
INFO:main:12.26
INFO:main:14.49
INFO:main:14.63
INFO:main:12.85
INFO:main:14.03
INFO:main:11.97
INFO:main:11.84
INFO:main:12.74
INFO:main:14.05
INFO:main:12.34
INFO:main:12.61
