INFO:werkzeug:[31m[1mWARNING: This is a development server. Do not use it in a production deployment. Use a production WSGI server instead.[0m
 * Running on all addresses (0.0.0.0)
 * Running on http://127.0.0.1:8080
 * Running on http://10.244.1.211:8080
INFO:werkzeug:[33mPress CTRL+C to quit[0m
INFO:werkzeug:127.0.0.1 - - [05/Aug/2023 09:42:14] "GET /api/stream/active/192.168.2.2:1935/200 HTTP/1.1" 200 -
INFO:main:7.63
INFO:main:14.30
INFO:main:14.70
INFO:main:16.13
INFO:main:16.33
INFO:main:16.27
INFO:main:16.17
INFO:main:16.14
INFO:main:16.14
INFO:main:16.02
INFO:main:16.20
INFO:main:16.07
INFO:main:16.30
INFO:main:16.03
INFO:main:16.28
INFO:main:16.20
INFO:main:16.01
INFO:main:16.15
INFO:main:15.86
INFO:main:15.94
INFO:main:16.25
INFO:main:16.44
INFO:main:15.89
INFO:main:15.55
INFO:main:15.09
INFO:main:15.63
INFO:main:16.10
INFO:main:16.11
INFO:main:16.41
INFO:main:15.99
INFO:main:15.75
INFO:main:15.57
INFO:main:15.89
INFO:main:15.92
INFO:main:15.94
INFO:main:15.90
INFO:main:16.02
INFO:main:16.28
INFO:main:16.06
INFO:main:16.19
INFO:main:16.28
INFO:main:16.35
INFO:main:16.22
INFO:main:16.23
INFO:main:16.14
INFO:main:16.16
INFO:main:16.26
INFO:main:16.17
INFO:main:16.35
INFO:main:16.14
INFO:main:16.26
INFO:main:16.30
INFO:main:16.33
INFO:main:16.22
INFO:main:15.94
INFO:main:15.95
INFO:main:15.97
INFO:main:16.44
INFO:main:16.46
INFO:main:16.51
INFO:main:16.29
INFO:main:16.09
INFO:main:16.10
INFO:main:16.21
INFO:main:16.01
INFO:main:15.58
INFO:main:15.20
INFO:main:15.70
INFO:main:15.67
INFO:main:15.62
INFO:main:15.88
INFO:main:15.84
INFO:main:15.56
INFO:main:15.21
INFO:main:15.44
INFO:main:15.66
INFO:main:15.55
INFO:main:15.55
INFO:main:15.44
INFO:main:15.42
INFO:main:15.06
INFO:main:14.78
INFO:main:15.18
INFO:main:15.18
INFO:main:15.31
INFO:main:15.41
INFO:main:15.18
INFO:main:14.91
INFO:main:14.23
INFO:main:14.58
INFO:main:14.42
INFO:main:14.42
INFO:main:14.83
INFO:main:15.21
INFO:main:15.21
INFO:main:14.91
INFO:main:14.79
INFO:main:14.69
INFO:main:14.41
INFO:main:14.37
