INFO:werkzeug:[31m[1mWARNING: This is a development server. Do not use it in a production deployment. Use a production WSGI server instead.[0m
 * Running on all addresses (0.0.0.0)
 * Running on http://127.0.0.1:8080
 * Running on http://10.244.1.112:8080
INFO:werkzeug:[33mPress CTRL+C to quit[0m
INFO:werkzeug:127.0.0.1 - - [05/Aug/2023 02:09:41] "GET /api/stream/active/192.168.2.2:1935/200 HTTP/1.1" 200 -
INFO:main:7.82
INFO:main:12.67
INFO:main:11.65
INFO:main:11.00
INFO:main:10.93
INFO:main:10.77
INFO:main:11.16
INFO:main:11.43
INFO:main:10.91
INFO:main:10.91
INFO:main:10.88
INFO:main:11.31
INFO:main:11.04
INFO:main:11.08
INFO:main:11.17
INFO:main:11.54
INFO:main:11.98
INFO:main:11.86
INFO:main:11.94
INFO:main:12.16
INFO:main:11.70
INFO:main:11.40
INFO:main:11.54
INFO:main:10.93
INFO:main:10.97
INFO:main:11.20
INFO:main:10.87
INFO:main:10.65
INFO:main:10.70
INFO:main:10.91
INFO:main:12.45
INFO:main:12.50
INFO:main:14.09
INFO:main:13.36
INFO:main:14.32
INFO:main:13.95
INFO:main:11.93
INFO:main:12.48
INFO:main:14.75
INFO:main:14.29
INFO:main:13.71
INFO:main:12.38
INFO:main:13.47
INFO:main:13.88
INFO:main:13.28
INFO:main:14.25
INFO:main:12.82
INFO:main:13.08
INFO:main:11.80
INFO:main:12.52
INFO:main:14.66
INFO:main:12.95
INFO:main:12.66
INFO:main:13.83
INFO:main:14.84
INFO:main:13.21
INFO:main:13.32
INFO:main:14.91
INFO:main:12.99
INFO:main:14.69
INFO:main:14.81
INFO:main:13.91
INFO:main:11.89
INFO:main:12.73
INFO:main:13.04
INFO:main:11.35
INFO:main:13.93
INFO:main:13.53
INFO:main:14.55
INFO:main:13.50
INFO:main:14.58
INFO:main:12.22
INFO:main:11.22
INFO:main:14.35
INFO:main:13.65
INFO:main:12.97
INFO:main:12.45
INFO:main:14.46
INFO:main:11.95
INFO:main:13.71
INFO:main:15.10
INFO:main:12.96
INFO:main:11.84
INFO:main:12.61
INFO:main:15.15
INFO:main:14.70
INFO:main:13.67
INFO:main:11.96
INFO:main:11.88
INFO:main:12.08
INFO:main:11.98
