INFO:werkzeug:[31m[1mWARNING: This is a development server. Do not use it in a production deployment. Use a production WSGI server instead.[0m
 * Running on all addresses (0.0.0.0)
 * Running on http://127.0.0.1:8080
 * Running on http://10.244.1.66:8080
INFO:werkzeug:[33mPress CTRL+C to quit[0m
INFO:werkzeug:127.0.0.1 - - [05/Aug/2023 00:13:12] "GET /api/stream/active/192.168.2.2:1935/200 HTTP/1.1" 200 -
INFO:main:8.83
INFO:main:13.95
INFO:main:13.86
INFO:main:13.64
INFO:main:13.71
INFO:main:13.60
INFO:main:13.74
INFO:main:13.93
INFO:main:13.62
INFO:main:13.63
INFO:main:13.68
INFO:main:13.73
INFO:main:13.95
INFO:main:14.03
INFO:main:13.89
INFO:main:13.83
INFO:main:13.58
INFO:main:13.85
INFO:main:14.05
INFO:main:13.90
INFO:main:13.94
INFO:main:13.98
INFO:main:13.83
INFO:main:13.67
INFO:main:13.76
INFO:main:13.87
INFO:main:14.99
INFO:main:13.94
INFO:main:13.93
INFO:main:14.00
INFO:main:13.93
INFO:main:14.01
INFO:main:14.26
INFO:main:13.95
INFO:main:14.50
INFO:main:15.42
INFO:main:14.93
INFO:main:14.59
INFO:main:14.15
INFO:main:14.00
INFO:main:13.97
INFO:main:14.47
INFO:main:13.96
INFO:main:14.64
INFO:main:14.20
INFO:main:13.70
INFO:main:13.91
INFO:main:14.12
INFO:main:13.77
INFO:main:13.77
INFO:main:13.64
INFO:main:13.70
INFO:main:13.90
INFO:main:14.61
INFO:main:14.32
INFO:main:13.80
INFO:main:13.91
INFO:main:13.56
INFO:main:13.52
INFO:main:13.26
INFO:main:13.53
INFO:main:13.85
INFO:main:14.23
INFO:main:14.91
INFO:main:14.90
INFO:main:14.53
INFO:main:14.29
INFO:main:14.01
INFO:main:14.27
INFO:main:14.36
INFO:main:14.53
INFO:main:14.90
INFO:main:14.71
INFO:main:13.99
INFO:main:14.54
INFO:main:14.53
INFO:main:14.37
INFO:main:14.35
INFO:main:14.08
INFO:main:14.64
INFO:main:14.96
INFO:main:15.38
INFO:main:15.55
INFO:main:15.78
INFO:main:15.25
INFO:main:15.18
INFO:main:15.23
INFO:main:15.53
INFO:main:15.34
