INFO:werkzeug:[31m[1mWARNING: This is a development server. Do not use it in a production deployment. Use a production WSGI server instead.[0m
 * Running on all addresses (0.0.0.0)
 * Running on http://127.0.0.1:8080
 * Running on http://10.244.1.27:8080
INFO:werkzeug:[33mPress CTRL+C to quit[0m
INFO:werkzeug:127.0.0.1 - - [05/Aug/2023 06:26:27] "GET /api/stream/active/192.168.2.2:1935/200 HTTP/1.1" 200 -
INFO:main:4.85
INFO:main:10.70
INFO:main:10.79
INFO:main:9.58
INFO:main:10.47
INFO:main:11.40
INFO:main:12.04
INFO:main:12.32
INFO:main:12.21
INFO:main:9.80
INFO:main:11.63
INFO:main:11.38
INFO:main:10.65
INFO:main:11.75
INFO:main:12.55
INFO:main:10.49
INFO:main:10.40
INFO:main:11.17
INFO:main:10.91
INFO:main:12.92
INFO:main:12.89
INFO:main:11.13
INFO:main:10.31
INFO:main:11.41
INFO:main:10.80
INFO:main:11.61
INFO:main:10.99
INFO:main:12.42
INFO:main:12.88
INFO:main:10.45
INFO:main:12.22
INFO:main:13.01
INFO:main:11.97
INFO:main:10.54
INFO:main:11.45
INFO:main:11.36
INFO:main:10.37
INFO:main:11.07
INFO:main:12.14
INFO:main:10.64
INFO:main:12.44
INFO:main:10.63
INFO:main:10.66
INFO:main:12.50
INFO:main:12.12
INFO:main:10.52
INFO:main:10.75
INFO:main:10.40
INFO:main:10.88
INFO:main:11.44
INFO:main:11.69
INFO:main:9.07
INFO:main:9.28
INFO:main:10.49
INFO:main:10.15
INFO:main:11.91
INFO:main:11.60
INFO:main:11.36
INFO:main:11.09
INFO:main:11.63
INFO:main:11.44
INFO:main:10.12
INFO:main:11.82
INFO:main:13.12
INFO:main:10.62
INFO:main:9.91
INFO:main:11.18
INFO:main:11.52
INFO:main:12.65
INFO:main:12.43
INFO:main:11.71
INFO:main:11.17
INFO:main:12.01
INFO:main:10.41
INFO:main:10.72
INFO:main:12.42
INFO:main:12.63
INFO:main:11.95
INFO:main:10.27
INFO:main:11.25
INFO:main:10.48
INFO:main:10.98
INFO:main:11.53
INFO:main:12.45
INFO:main:10.61
INFO:main:10.51
INFO:main:10.25
INFO:main:11.00
INFO:main:9.99
INFO:main:10.96
INFO:main:10.69
INFO:main:12.20
INFO:main:10.54
