INFO:werkzeug:[31m[1mWARNING: This is a development server. Do not use it in a production deployment. Use a production WSGI server instead.[0m
 * Running on all addresses (0.0.0.0)
 * Running on http://127.0.0.1:8080
 * Running on http://10.244.1.111:8080
INFO:werkzeug:[33mPress CTRL+C to quit[0m
INFO:werkzeug:127.0.0.1 - - [05/Aug/2023 13:04:11] "GET /api/stream/active/192.168.2.2:1935/200 HTTP/1.1" 200 -
INFO:main:6.89
INFO:main:13.60
INFO:main:13.60
INFO:main:13.69
INFO:main:14.37
INFO:main:14.13
INFO:main:13.83
INFO:main:13.66
INFO:main:13.48
INFO:main:13.25
INFO:main:13.53
INFO:main:13.42
INFO:main:13.27
INFO:main:13.19
INFO:main:13.34
INFO:main:13.64
INFO:main:13.74
INFO:main:13.37
INFO:main:13.24
INFO:main:13.43
INFO:main:13.39
INFO:main:13.57
INFO:main:13.90
INFO:main:13.96
INFO:main:13.71
INFO:main:13.77
INFO:main:13.98
INFO:main:14.94
INFO:main:14.17
INFO:main:14.17
INFO:main:14.22
INFO:main:13.99
INFO:main:14.31
INFO:main:14.90
INFO:main:14.60
INFO:main:14.46
INFO:main:13.98
INFO:main:13.22
INFO:main:13.10
INFO:main:13.55
INFO:main:13.74
INFO:main:13.89
INFO:main:13.65
INFO:main:13.64
INFO:main:13.87
INFO:main:13.99
INFO:main:14.10
INFO:main:13.98
INFO:main:14.02
INFO:main:13.76
INFO:main:13.78
INFO:main:14.05
INFO:main:14.32
INFO:main:13.92
INFO:main:14.25
INFO:main:13.98
INFO:main:14.24
INFO:main:13.82
INFO:main:13.45
INFO:main:13.75
INFO:main:13.67
INFO:main:13.80
INFO:main:14.13
INFO:main:14.00
INFO:main:13.52
INFO:main:13.90
INFO:main:13.89
INFO:main:14.23
INFO:main:13.81
INFO:main:14.00
INFO:main:13.99
INFO:main:14.05
INFO:main:13.89
INFO:main:14.12
INFO:main:14.49
INFO:main:14.41
INFO:main:14.33
INFO:main:14.60
INFO:main:14.78
INFO:main:14.26
INFO:main:14.62
INFO:main:14.65
INFO:main:14.62
INFO:main:14.36
INFO:main:14.65
INFO:main:14.74
INFO:main:14.62
INFO:main:14.62
INFO:main:14.62
INFO:main:15.43
INFO:main:15.02
INFO:main:14.38
INFO:main:14.24
INFO:main:14.64
INFO:main:13.78
INFO:main:13.96
INFO:main:13.96
INFO:main:14.16
INFO:main:14.21
INFO:main:14.28
INFO:main:14.05
INFO:main:14.11
INFO:main:14.11
