INFO:werkzeug:[31m[1mWARNING: This is a development server. Do not use it in a production deployment. Use a production WSGI server instead.[0m
 * Running on all addresses (0.0.0.0)
 * Running on http://127.0.0.1:8080
 * Running on http://10.244.1.46:8080
INFO:werkzeug:[33mPress CTRL+C to quit[0m
INFO:werkzeug:127.0.0.1 - - [04/Aug/2023 22:51:05] "GET /api/stream/active/192.168.2.2:1935/200 HTTP/1.1" 200 -
INFO:main:8.76
INFO:main:14.53
INFO:main:14.25
INFO:main:14.04
INFO:main:13.89
INFO:main:13.77
INFO:main:13.75
INFO:main:13.92
INFO:main:13.81
INFO:main:13.69
INFO:main:13.70
INFO:main:13.88
INFO:main:13.85
INFO:main:13.91
INFO:main:13.95
INFO:main:14.01
INFO:main:13.64
INFO:main:14.00
INFO:main:13.72
INFO:main:13.57
INFO:main:13.65
INFO:main:13.66
INFO:main:13.84
INFO:main:13.75
INFO:main:13.71
INFO:main:13.53
INFO:main:13.54
INFO:main:13.56
INFO:main:14.95
INFO:main:15.80
INFO:main:14.83
INFO:main:13.65
INFO:main:13.26
INFO:main:13.54
INFO:main:13.58
INFO:main:13.49
INFO:main:13.47
INFO:main:14.20
INFO:main:14.92
INFO:main:14.02
INFO:main:13.49
INFO:main:13.37
INFO:main:13.33
INFO:main:13.17
INFO:main:13.37
INFO:main:13.38
INFO:main:13.85
INFO:main:14.10
INFO:main:13.98
INFO:main:13.49
INFO:main:13.69
INFO:main:13.76
INFO:main:13.90
INFO:main:13.87
INFO:main:13.89
INFO:main:13.87
INFO:main:14.19
INFO:main:15.14
INFO:main:14.53
INFO:main:13.71
INFO:main:13.84
INFO:main:13.62
INFO:main:13.61
INFO:main:13.56
INFO:main:13.86
INFO:main:13.72
INFO:main:14.05
INFO:main:14.11
INFO:main:14.13
INFO:main:14.45
INFO:main:14.10
INFO:main:13.67
INFO:main:13.44
INFO:main:13.52
INFO:main:13.48
INFO:main:13.42
INFO:main:13.86
INFO:main:13.87
INFO:main:13.80
INFO:main:14.05
INFO:main:13.76
INFO:main:13.75
INFO:main:13.79
INFO:main:13.58
INFO:main:13.43
INFO:main:13.38
INFO:main:13.87
INFO:main:13.88
INFO:main:14.19
INFO:main:13.23
INFO:main:14.24
INFO:main:15.49
