INFO:werkzeug:[31m[1mWARNING: This is a development server. Do not use it in a production deployment. Use a production WSGI server instead.[0m
 * Running on all addresses (0.0.0.0)
 * Running on http://127.0.0.1:8080
 * Running on http://10.244.1.178:8080
INFO:werkzeug:[33mPress CTRL+C to quit[0m
INFO:werkzeug:127.0.0.1 - - [05/Aug/2023 09:06:37] "GET /api/stream/active/192.168.2.2:1935/200 HTTP/1.1" 200 -
INFO:main:5.57
INFO:main:8.91
INFO:main:8.60
INFO:main:8.57
INFO:main:9.47
INFO:main:9.68
INFO:main:9.58
INFO:main:8.92
INFO:main:9.65
INFO:main:9.38
INFO:main:9.46
INFO:main:9.89
INFO:main:9.95
INFO:main:9.21
INFO:main:9.23
INFO:main:9.55
INFO:main:9.62
INFO:main:8.89
INFO:main:9.49
INFO:main:8.57
INFO:main:8.51
INFO:main:9.03
INFO:main:8.64
INFO:main:9.03
INFO:main:10.21
INFO:main:9.37
INFO:main:9.67
INFO:main:9.65
INFO:main:8.85
INFO:main:8.71
INFO:main:9.70
INFO:main:10.04
INFO:main:9.90
INFO:main:9.98
INFO:main:9.83
INFO:main:10.07
INFO:main:9.90
INFO:main:9.82
INFO:main:9.91
INFO:main:9.78
INFO:main:9.66
INFO:main:9.61
INFO:main:9.99
INFO:main:9.95
INFO:main:9.94
INFO:main:9.83
INFO:main:9.89
INFO:main:9.98
INFO:main:9.92
INFO:main:9.76
INFO:main:9.40
INFO:main:9.76
INFO:main:9.33
INFO:main:8.50
INFO:main:8.49
INFO:main:8.71
INFO:main:9.56
INFO:main:9.49
INFO:main:9.38
INFO:main:8.74
INFO:main:10.26
INFO:main:9.34
INFO:main:9.25
INFO:main:8.99
INFO:main:9.55
INFO:main:8.67
INFO:main:8.49
INFO:main:8.57
INFO:main:8.44
INFO:main:9.36
INFO:main:9.42
INFO:main:9.66
INFO:main:10.19
INFO:main:9.72
INFO:main:10.00
INFO:main:9.68
INFO:main:9.20
INFO:main:9.29
INFO:main:9.37
INFO:main:10.03
INFO:main:9.97
INFO:main:9.84
INFO:main:10.09
INFO:main:9.79
INFO:main:10.16
INFO:main:9.78
INFO:main:9.56
INFO:main:9.72
INFO:main:9.92
INFO:main:9.69
INFO:main:9.18
INFO:main:9.69
INFO:main:9.38
INFO:main:9.54
INFO:main:9.63
INFO:main:9.39
INFO:main:8.76
INFO:main:8.42
