INFO:werkzeug:[31m[1mWARNING: This is a development server. Do not use it in a production deployment. Use a production WSGI server instead.[0m
 * Running on all addresses (0.0.0.0)
 * Running on http://127.0.0.1:8080
 * Running on http://10.244.1.254:8080
INFO:werkzeug:[33mPress CTRL+C to quit[0m
INFO:werkzeug:127.0.0.1 - - [05/Aug/2023 05:51:42] "GET /api/stream/active/192.168.2.2:1935/200 HTTP/1.1" 200 -
INFO:main:6.85
INFO:main:10.60
INFO:main:12.69
INFO:main:11.17
INFO:main:9.82
INFO:main:11.57
INFO:main:12.48
INFO:main:10.80
INFO:main:10.53
INFO:main:10.88
INFO:main:10.80
INFO:main:10.25
INFO:main:10.54
INFO:main:11.04
INFO:main:10.76
INFO:main:10.87
INFO:main:9.53
INFO:main:12.83
INFO:main:10.89
INFO:main:10.68
INFO:main:10.12
INFO:main:10.66
INFO:main:10.42
INFO:main:10.52
INFO:main:10.30
INFO:main:9.97
INFO:main:12.67
INFO:main:11.95
INFO:main:11.44
INFO:main:10.60
INFO:main:10.88
INFO:main:11.85
INFO:main:10.89
INFO:main:10.55
INFO:main:10.51
INFO:main:10.27
INFO:main:10.59
INFO:main:10.50
INFO:main:10.40
INFO:main:11.53
INFO:main:11.92
INFO:main:10.74
INFO:main:10.50
INFO:main:13.03
INFO:main:13.03
INFO:main:13.28
INFO:main:11.80
INFO:main:11.85
INFO:main:11.37
INFO:main:11.06
INFO:main:11.95
INFO:main:10.94
INFO:main:10.60
INFO:main:12.61
INFO:main:10.91
INFO:main:11.85
INFO:main:9.25
INFO:main:9.40
INFO:main:10.42
INFO:main:10.52
INFO:main:11.58
INFO:main:11.18
INFO:main:12.57
INFO:main:12.10
INFO:main:11.80
INFO:main:10.89
INFO:main:11.54
INFO:main:12.96
INFO:main:13.31
INFO:main:12.40
INFO:main:10.23
INFO:main:10.74
INFO:main:12.00
INFO:main:12.97
INFO:main:12.35
INFO:main:12.22
INFO:main:11.33
INFO:main:10.99
INFO:main:11.33
INFO:main:11.71
INFO:main:10.61
INFO:main:9.59
INFO:main:9.27
INFO:main:11.74
INFO:main:9.68
INFO:main:9.87
INFO:main:11.58
INFO:main:11.92
INFO:main:10.88
INFO:main:10.17
INFO:main:10.61
INFO:main:11.73
INFO:main:10.94
