INFO:werkzeug:[31m[1mWARNING: This is a development server. Do not use it in a production deployment. Use a production WSGI server instead.[0m
 * Running on all addresses (0.0.0.0)
 * Running on http://127.0.0.1:8080
 * Running on http://10.244.1.231:8080
INFO:werkzeug:[33mPress CTRL+C to quit[0m
INFO:werkzeug:127.0.0.1 - - [05/Aug/2023 05:16:58] "GET /api/stream/active/192.168.2.2:1935/200 HTTP/1.1" 200 -
INFO:main:4.81
INFO:main:10.48
INFO:main:12.58
INFO:main:13.09
INFO:main:10.80
INFO:main:10.45
INFO:main:12.34
INFO:main:12.22
INFO:main:12.07
INFO:main:10.03
INFO:main:11.32
INFO:main:10.95
INFO:main:12.02
INFO:main:12.84
INFO:main:13.45
INFO:main:11.83
INFO:main:11.00
INFO:main:11.11
INFO:main:12.61
INFO:main:13.46
INFO:main:12.99
INFO:main:12.86
INFO:main:11.18
INFO:main:11.98
INFO:main:13.20
INFO:main:12.56
INFO:main:12.13
INFO:main:11.97
INFO:main:12.31
INFO:main:13.16
INFO:main:13.24
INFO:main:11.77
INFO:main:12.33
INFO:main:12.25
INFO:main:10.96
INFO:main:10.50
INFO:main:11.57
INFO:main:10.77
INFO:main:11.46
INFO:main:12.83
INFO:main:12.79
INFO:main:11.74
INFO:main:10.62
INFO:main:11.78
INFO:main:12.04
INFO:main:11.72
INFO:main:11.98
INFO:main:12.72
INFO:main:13.37
INFO:main:13.13
INFO:main:11.98
INFO:main:11.24
INFO:main:11.45
INFO:main:10.48
INFO:main:10.42
INFO:main:11.53
INFO:main:10.15
INFO:main:11.44
INFO:main:11.55
INFO:main:11.54
INFO:main:11.96
INFO:main:10.99
INFO:main:11.45
INFO:main:10.76
INFO:main:12.23
INFO:main:11.83
INFO:main:11.14
INFO:main:10.27
INFO:main:11.54
INFO:main:11.41
INFO:main:11.59
INFO:main:11.39
INFO:main:10.55
INFO:main:11.37
INFO:main:11.20
INFO:main:12.96
INFO:main:11.85
INFO:main:10.62
INFO:main:12.20
INFO:main:12.48
INFO:main:12.50
INFO:main:12.02
INFO:main:10.63
INFO:main:10.30
INFO:main:12.20
INFO:main:12.18
INFO:main:10.13
INFO:main:10.67
INFO:main:11.39
INFO:main:11.68
INFO:main:11.80
INFO:main:11.53
INFO:main:12.57
INFO:main:11.05
INFO:main:10.69
