INFO:werkzeug:[31m[1mWARNING: This is a development server. Do not use it in a production deployment. Use a production WSGI server instead.[0m
 * Running on all addresses (0.0.0.0)
 * Running on http://127.0.0.1:8080
 * Running on http://10.244.1.232:8080
INFO:werkzeug:[33mPress CTRL+C to quit[0m
INFO:werkzeug:127.0.0.1 - - [05/Aug/2023 05:16:57] "GET /api/stream/active/192.168.2.2:1935/200 HTTP/1.1" 200 -
INFO:main:6.46
INFO:main:11.26
INFO:main:12.18
INFO:main:13.30
INFO:main:10.64
INFO:main:10.72
INFO:main:11.93
INFO:main:12.00
INFO:main:12.50
INFO:main:9.37
INFO:main:10.38
INFO:main:10.85
INFO:main:12.09
INFO:main:13.18
INFO:main:13.32
INFO:main:11.48
INFO:main:11.10
INFO:main:11.60
INFO:main:12.37
INFO:main:13.23
INFO:main:13.29
INFO:main:12.46
INFO:main:11.51
INFO:main:12.00
INFO:main:13.09
INFO:main:12.67
INFO:main:11.99
INFO:main:12.12
INFO:main:12.36
INFO:main:13.02
INFO:main:13.14
INFO:main:11.44
INFO:main:13.02
INFO:main:11.79
INFO:main:11.34
INFO:main:10.50
INFO:main:10.55
INFO:main:10.60
INFO:main:11.60
INFO:main:12.38
INFO:main:12.91
INFO:main:11.16
INFO:main:10.64
INFO:main:12.70
INFO:main:11.96
INFO:main:11.73
INFO:main:11.97
INFO:main:12.62
INFO:main:13.47
INFO:main:12.86
INFO:main:12.28
INFO:main:11.17
INFO:main:11.58
INFO:main:10.39
INFO:main:10.45
INFO:main:11.50
INFO:main:9.39
INFO:main:12.04
INFO:main:11.17
INFO:main:11.82
INFO:main:11.78
INFO:main:10.81
INFO:main:11.77
INFO:main:9.60
INFO:main:12.45
INFO:main:11.89
INFO:main:10.92
INFO:main:9.41
INFO:main:11.49
INFO:main:11.59
INFO:main:10.44
INFO:main:10.47
INFO:main:10.87
INFO:main:11.86
INFO:main:11.31
INFO:main:12.75
INFO:main:12.18
INFO:main:9.52
INFO:main:12.09
INFO:main:12.60
INFO:main:12.43
INFO:main:11.23
INFO:main:10.66
INFO:main:11.33
INFO:main:11.84
INFO:main:12.59
INFO:main:11.26
INFO:main:11.16
INFO:main:9.79
INFO:main:11.28
INFO:main:12.17
INFO:main:10.34
INFO:main:11.38
INFO:main:11.50
INFO:main:10.37
