INFO:werkzeug:[31m[1mWARNING: This is a development server. Do not use it in a production deployment. Use a production WSGI server instead.[0m
 * Running on all addresses (0.0.0.0)
 * Running on http://127.0.0.1:8080
 * Running on http://10.244.1.104:8080
INFO:werkzeug:[33mPress CTRL+C to quit[0m
INFO:werkzeug:127.0.0.1 - - [05/Aug/2023 01:52:49] "GET /api/stream/active/192.168.2.2:1935/200 HTTP/1.1" 200 -
INFO:main:6.98
INFO:main:13.12
INFO:main:13.84
INFO:main:14.14
INFO:main:14.41
INFO:main:14.45
INFO:main:13.68
INFO:main:13.26
INFO:main:13.47
INFO:main:13.61
INFO:main:13.77
INFO:main:13.92
INFO:main:14.29
INFO:main:14.26
INFO:main:13.41
INFO:main:12.89
INFO:main:12.29
INFO:main:11.65
INFO:main:11.53
INFO:main:11.23
INFO:main:12.55
INFO:main:12.82
INFO:main:12.44
INFO:main:11.62
INFO:main:11.19
INFO:main:11.37
INFO:main:12.85
INFO:main:14.01
INFO:main:13.52
INFO:main:13.64
INFO:main:13.07
INFO:main:12.50
INFO:main:13.95
INFO:main:14.89
INFO:main:12.65
INFO:main:13.43
INFO:main:13.58
INFO:main:13.63
INFO:main:12.65
INFO:main:12.38
INFO:main:11.19
INFO:main:11.30
INFO:main:11.25
INFO:main:12.78
INFO:main:13.71
INFO:main:12.68
INFO:main:14.34
INFO:main:14.15
INFO:main:14.35
INFO:main:13.72
INFO:main:14.54
INFO:main:14.54
INFO:main:13.87
INFO:main:11.37
INFO:main:13.48
INFO:main:11.53
INFO:main:13.21
INFO:main:14.17
INFO:main:13.35
INFO:main:13.72
INFO:main:11.71
INFO:main:11.41
INFO:main:12.96
INFO:main:12.93
INFO:main:13.24
INFO:main:13.91
INFO:main:12.78
INFO:main:13.47
INFO:main:12.98
INFO:main:14.45
INFO:main:14.66
INFO:main:14.54
INFO:main:14.93
INFO:main:14.74
INFO:main:14.13
INFO:main:13.91
INFO:main:12.54
INFO:main:13.10
INFO:main:12.94
INFO:main:13.75
INFO:main:11.49
INFO:main:13.14
INFO:main:13.96
INFO:main:11.50
INFO:main:10.82
INFO:main:11.27
INFO:main:14.18
INFO:main:12.86
INFO:main:13.14
INFO:main:14.31
INFO:main:12.84
INFO:main:13.60
INFO:main:13.86
