INFO:werkzeug:[31m[1mWARNING: This is a development server. Do not use it in a production deployment. Use a production WSGI server instead.[0m
 * Running on all addresses (0.0.0.0)
 * Running on http://127.0.0.1:8080
 * Running on http://10.244.1.113:8080
INFO:werkzeug:[33mPress CTRL+C to quit[0m
INFO:werkzeug:127.0.0.1 - - [05/Aug/2023 02:09:41] "GET /api/stream/active/192.168.2.2:1935/200 HTTP/1.1" 200 -
INFO:main:6.53
INFO:main:12.29
INFO:main:11.32
INFO:main:10.99
INFO:main:10.82
INFO:main:10.91
INFO:main:11.34
INFO:main:11.24
INFO:main:10.98
INFO:main:10.94
INFO:main:10.82
INFO:main:11.29
INFO:main:11.07
INFO:main:11.04
INFO:main:11.23
INFO:main:11.64
INFO:main:12.01
INFO:main:11.79
INFO:main:12.04
INFO:main:12.05
INFO:main:11.48
INFO:main:11.52
INFO:main:11.36
INFO:main:10.82
INFO:main:11.12
INFO:main:11.06
INFO:main:10.80
INFO:main:10.63
INFO:main:10.86
INFO:main:11.52
INFO:main:14.93
INFO:main:13.94
INFO:main:14.22
INFO:main:13.51
INFO:main:13.57
INFO:main:12.07
INFO:main:11.83
INFO:main:14.32
INFO:main:14.62
INFO:main:14.21
INFO:main:12.83
INFO:main:12.92
INFO:main:11.92
INFO:main:13.40
INFO:main:12.42
INFO:main:13.35
INFO:main:13.33
INFO:main:11.78
INFO:main:13.50
INFO:main:13.78
INFO:main:13.97
INFO:main:11.43
INFO:main:13.93
INFO:main:12.99
INFO:main:14.13
INFO:main:12.04
INFO:main:14.42
INFO:main:14.52
INFO:main:14.27
INFO:main:14.89
INFO:main:14.03
INFO:main:12.12
INFO:main:11.82
INFO:main:13.45
INFO:main:11.87
INFO:main:13.32
INFO:main:13.56
INFO:main:15.04
INFO:main:13.45
INFO:main:14.36
INFO:main:12.37
INFO:main:11.10
INFO:main:13.30
INFO:main:13.77
INFO:main:12.96
INFO:main:12.32
INFO:main:15.23
INFO:main:11.87
INFO:main:13.20
INFO:main:14.93
INFO:main:12.97
INFO:main:11.85
INFO:main:11.98
INFO:main:14.75
INFO:main:14.69
INFO:main:13.74
INFO:main:11.72
INFO:main:11.68
INFO:main:12.11
INFO:main:12.20
