INFO:werkzeug:[31m[1mWARNING: This is a development server. Do not use it in a production deployment. Use a production WSGI server instead.[0m
 * Running on all addresses (0.0.0.0)
 * Running on http://127.0.0.1:8080
 * Running on http://10.244.1.160:8080
INFO:werkzeug:[33mPress CTRL+C to quit[0m
INFO:werkzeug:127.0.0.1 - - [05/Aug/2023 08:48:48] "GET /api/stream/active/192.168.2.2:1935/200 HTTP/1.1" 200 -
INFO:main:6.53
INFO:main:8.92
INFO:main:9.49
INFO:main:9.35
INFO:main:9.60
INFO:main:9.46
INFO:main:9.81
INFO:main:10.04
INFO:main:9.77
INFO:main:9.78
INFO:main:9.71
INFO:main:9.87
INFO:main:9.74
INFO:main:9.98
INFO:main:9.88
INFO:main:9.92
INFO:main:9.68
INFO:main:9.84
INFO:main:9.87
INFO:main:9.59
INFO:main:9.98
INFO:main:9.94
INFO:main:9.57
INFO:main:10.00
INFO:main:9.46
INFO:main:9.37
INFO:main:9.45
INFO:main:9.85
INFO:main:9.92
INFO:main:9.99
INFO:main:9.39
INFO:main:9.65
INFO:main:8.80
INFO:main:9.86
INFO:main:9.94
INFO:main:9.74
INFO:main:9.23
INFO:main:9.34
INFO:main:8.51
INFO:main:8.73
INFO:main:9.63
INFO:main:9.73
INFO:main:9.37
INFO:main:9.33
INFO:main:9.33
INFO:main:9.85
INFO:main:9.66
INFO:main:9.35
INFO:main:8.42
INFO:main:9.40
INFO:main:9.23
INFO:main:8.61
INFO:main:9.66
INFO:main:9.80
INFO:main:9.45
INFO:main:9.82
INFO:main:9.35
INFO:main:9.87
INFO:main:9.95
INFO:main:9.99
INFO:main:9.75
INFO:main:9.31
INFO:main:9.92
INFO:main:9.19
INFO:main:9.95
INFO:main:9.96
INFO:main:9.22
INFO:main:10.06
INFO:main:9.84
INFO:main:9.86
INFO:main:9.84
INFO:main:9.40
INFO:main:9.73
INFO:main:9.61
INFO:main:9.42
INFO:main:9.41
INFO:main:8.61
INFO:main:8.89
INFO:main:9.69
INFO:main:9.99
INFO:main:9.67
INFO:main:8.93
INFO:main:9.94
INFO:main:9.43
INFO:main:8.53
INFO:main:7.98
INFO:main:9.82
INFO:main:9.23
INFO:main:9.60
INFO:main:8.43
INFO:main:8.59
INFO:main:9.77
INFO:main:9.67
INFO:main:9.94
INFO:main:9.95
INFO:main:10.02
INFO:main:9.78
