INFO:werkzeug:[31m[1mWARNING: This is a development server. Do not use it in a production deployment. Use a production WSGI server instead.[0m
 * Running on all addresses (0.0.0.0)
 * Running on http://127.0.0.1:8080
 * Running on http://10.244.1.54:8080
INFO:werkzeug:[33mPress CTRL+C to quit[0m
INFO:werkzeug:127.0.0.1 - - [04/Aug/2023 23:24:07] "GET /api/stream/active/192.168.2.2:1935/200 HTTP/1.1" 200 -
INFO:main:8.82
INFO:main:14.45
INFO:main:14.56
INFO:main:13.85
INFO:main:13.63
INFO:main:13.82
INFO:main:14.10
INFO:main:13.80
INFO:main:14.04
INFO:main:13.92
INFO:main:13.78
INFO:main:13.73
INFO:main:13.83
INFO:main:13.78
INFO:main:13.68
INFO:main:13.83
INFO:main:13.83
INFO:main:13.89
INFO:main:13.89
INFO:main:13.90
INFO:main:13.79
INFO:main:13.88
INFO:main:14.02
INFO:main:14.11
INFO:main:14.96
INFO:main:15.27
INFO:main:14.93
INFO:main:14.64
INFO:main:14.45
INFO:main:14.31
INFO:main:13.92
INFO:main:14.17
INFO:main:14.33
INFO:main:15.05
INFO:main:14.06
INFO:main:14.05
INFO:main:13.92
INFO:main:13.97
INFO:main:13.96
INFO:main:14.05
INFO:main:14.05
INFO:main:14.26
INFO:main:14.04
INFO:main:13.87
INFO:main:13.75
INFO:main:14.40
INFO:main:14.96
INFO:main:14.89
INFO:main:14.88
INFO:main:14.57
INFO:main:14.58
INFO:main:14.74
INFO:main:14.45
INFO:main:14.06
INFO:main:14.08
INFO:main:13.83
INFO:main:13.94
INFO:main:14.14
INFO:main:14.22
INFO:main:14.88
INFO:main:15.22
INFO:main:14.85
INFO:main:14.72
INFO:main:14.52
INFO:main:14.32
INFO:main:14.26
INFO:main:13.88
INFO:main:14.68
INFO:main:14.75
INFO:main:14.81
INFO:main:14.54
INFO:main:14.44
INFO:main:14.36
INFO:main:14.51
INFO:main:14.50
INFO:main:14.94
INFO:main:14.71
INFO:main:14.11
INFO:main:13.73
INFO:main:13.79
INFO:main:13.51
INFO:main:13.94
INFO:main:14.34
INFO:main:14.07
INFO:main:14.22
INFO:main:14.01
INFO:main:13.56
INFO:main:13.67
INFO:main:13.29
INFO:main:13.43
INFO:main:13.70
INFO:main:13.39
