INFO:werkzeug:[31m[1mWARNING: This is a development server. Do not use it in a production deployment. Use a production WSGI server instead.[0m
 * Running on all addresses (0.0.0.0)
 * Running on http://127.0.0.1:8080
 * Running on http://10.244.1.55:8080
INFO:werkzeug:[33mPress CTRL+C to quit[0m
INFO:werkzeug:127.0.0.1 - - [05/Aug/2023 07:02:02] "GET /api/stream/active/192.168.2.2:1935/200 HTTP/1.1" 200 -
INFO:main:7.58
INFO:main:9.63
INFO:main:9.62
INFO:main:9.64
INFO:main:9.60
INFO:main:9.86
INFO:main:10.06
INFO:main:9.88
INFO:main:9.36
INFO:main:9.00
INFO:main:9.61
INFO:main:9.88
INFO:main:9.87
INFO:main:9.98
INFO:main:9.90
INFO:main:9.90
INFO:main:9.79
INFO:main:9.97
INFO:main:9.90
INFO:main:9.90
INFO:main:9.71
INFO:main:9.94
INFO:main:9.89
INFO:main:9.79
INFO:main:9.94
INFO:main:9.94
INFO:main:9.94
INFO:main:9.69
INFO:main:9.72
INFO:main:9.94
INFO:main:9.98
INFO:main:9.89
INFO:main:9.89
INFO:main:9.84
INFO:main:10.00
INFO:main:10.21
INFO:main:10.25
INFO:main:9.69
INFO:main:9.68
INFO:main:8.68
INFO:main:9.70
INFO:main:9.70
INFO:main:10.03
INFO:main:8.85
INFO:main:9.65
INFO:main:8.70
INFO:main:9.24
INFO:main:9.59
INFO:main:9.93
INFO:main:9.87
INFO:main:9.88
INFO:main:9.56
INFO:main:9.69
INFO:main:9.64
INFO:main:9.60
INFO:main:9.88
INFO:main:9.81
INFO:main:9.68
INFO:main:9.63
INFO:main:9.40
INFO:main:8.67
INFO:main:9.73
INFO:main:9.46
INFO:main:9.30
INFO:main:9.91
INFO:main:9.85
INFO:main:9.86
INFO:main:9.82
INFO:main:9.90
INFO:main:10.04
INFO:main:9.88
INFO:main:9.50
INFO:main:9.60
INFO:main:9.65
INFO:main:9.87
INFO:main:9.78
INFO:main:9.36
INFO:main:9.61
INFO:main:9.23
INFO:main:9.11
INFO:main:9.98
INFO:main:9.63
INFO:main:8.56
INFO:main:9.20
INFO:main:9.78
INFO:main:9.81
INFO:main:9.80
INFO:main:9.46
INFO:main:8.50
INFO:main:8.56
INFO:main:8.60
INFO:main:8.30
INFO:main:8.82
INFO:main:8.38
INFO:main:8.52
INFO:main:8.54
INFO:main:8.59
INFO:main:9.53
INFO:main:9.43
INFO:main:9.40
