INFO:werkzeug:[31m[1mWARNING: This is a development server. Do not use it in a production deployment. Use a production WSGI server instead.[0m
 * Running on all addresses (0.0.0.0)
 * Running on http://127.0.0.1:8080
 * Running on http://10.244.1.176:8080
INFO:werkzeug:[33mPress CTRL+C to quit[0m
INFO:werkzeug:127.0.0.1 - - [05/Aug/2023 09:06:37] "GET /api/stream/active/192.168.2.2:1935/200 HTTP/1.1" 200 -
INFO:main:4.87
INFO:main:9.20
INFO:main:9.03
INFO:main:8.57
INFO:main:9.38
INFO:main:9.73
INFO:main:9.59
INFO:main:8.97
INFO:main:9.62
INFO:main:8.89
INFO:main:9.71
INFO:main:9.96
INFO:main:9.86
INFO:main:9.30
INFO:main:9.48
INFO:main:9.50
INFO:main:9.08
INFO:main:9.47
INFO:main:9.36
INFO:main:8.77
INFO:main:8.38
INFO:main:7.55
INFO:main:9.50
INFO:main:9.64
INFO:main:9.81
INFO:main:9.79
INFO:main:9.46
INFO:main:9.48
INFO:main:8.89
INFO:main:8.82
INFO:main:9.93
INFO:main:9.77
INFO:main:9.86
INFO:main:10.02
INFO:main:9.88
INFO:main:8.94
INFO:main:9.68
INFO:main:9.99
INFO:main:9.99
INFO:main:9.75
INFO:main:9.97
INFO:main:9.31
INFO:main:10.07
INFO:main:9.96
INFO:main:9.81
INFO:main:9.92
INFO:main:9.75
INFO:main:9.52
INFO:main:9.75
INFO:main:9.79
INFO:main:9.89
INFO:main:10.07
INFO:main:8.94
INFO:main:8.51
INFO:main:8.42
INFO:main:8.84
INFO:main:9.39
INFO:main:9.25
INFO:main:8.66
INFO:main:9.46
INFO:main:9.62
INFO:main:9.63
INFO:main:8.94
INFO:main:9.68
INFO:main:9.66
INFO:main:9.36
INFO:main:7.95
INFO:main:9.29
INFO:main:8.46
INFO:main:8.45
INFO:main:9.46
INFO:main:8.92
INFO:main:9.68
INFO:main:9.96
INFO:main:9.57
INFO:main:9.68
INFO:main:9.23
INFO:main:9.57
INFO:main:9.87
INFO:main:9.99
INFO:main:9.75
INFO:main:9.61
INFO:main:9.70
INFO:main:9.94
INFO:main:10.02
INFO:main:9.84
INFO:main:9.71
INFO:main:9.70
INFO:main:9.84
INFO:main:10.18
INFO:main:9.63
INFO:main:8.72
INFO:main:9.48
INFO:main:9.50
INFO:main:9.55
INFO:main:8.90
INFO:main:9.35
INFO:main:8.42
