INFO:werkzeug:[31m[1mWARNING: This is a development server. Do not use it in a production deployment. Use a production WSGI server instead.[0m
 * Running on all addresses (0.0.0.0)
 * Running on http://127.0.0.1:8080
 * Running on http://10.244.1.230:8080
INFO:werkzeug:[33mPress CTRL+C to quit[0m
INFO:werkzeug:127.0.0.1 - - [05/Aug/2023 10:00:45] "GET /api/stream/active/192.168.2.2:1935/200 HTTP/1.1" 200 -
INFO:main:7.69
INFO:main:14.47
INFO:main:12.65
INFO:main:13.26
INFO:main:14.86
INFO:main:15.40
INFO:main:14.91
INFO:main:12.93
INFO:main:11.49
INFO:main:11.49
INFO:main:11.18
INFO:main:12.06
INFO:main:13.79
INFO:main:15.09
INFO:main:14.75
INFO:main:14.89
INFO:main:15.06
INFO:main:15.10
INFO:main:14.91
INFO:main:14.91
INFO:main:15.04
INFO:main:14.79
INFO:main:13.99
INFO:main:11.50
INFO:main:12.57
INFO:main:11.90
INFO:main:12.26
INFO:main:14.13
INFO:main:14.59
INFO:main:13.67
INFO:main:13.49
INFO:main:14.48
INFO:main:13.43
INFO:main:11.69
INFO:main:11.71
INFO:main:12.05
INFO:main:11.64
INFO:main:11.51
INFO:main:13.60
INFO:main:13.12
INFO:main:11.89
INFO:main:11.27
INFO:main:11.00
INFO:main:11.21
INFO:main:11.12
INFO:main:11.27
INFO:main:11.65
INFO:main:11.78
INFO:main:12.52
INFO:main:14.52
INFO:main:12.83
INFO:main:12.10
INFO:main:14.38
INFO:main:11.53
INFO:main:10.77
INFO:main:11.34
INFO:main:11.07
INFO:main:11.24
INFO:main:11.82
INFO:main:12.84
INFO:main:13.12
INFO:main:11.62
INFO:main:10.97
INFO:main:11.22
INFO:main:12.57
INFO:main:11.52
INFO:main:11.08
INFO:main:10.93
INFO:main:11.90
INFO:main:13.58
INFO:main:12.16
INFO:main:14.55
INFO:main:14.20
INFO:main:11.26
INFO:main:12.80
INFO:main:13.28
INFO:main:14.25
INFO:main:12.39
INFO:main:11.43
INFO:main:14.42
INFO:main:14.76
INFO:main:14.91
INFO:main:14.64
INFO:main:12.36
INFO:main:11.14
INFO:main:12.41
INFO:main:11.41
INFO:main:10.92
INFO:main:12.11
INFO:main:13.97
INFO:main:14.18
INFO:main:12.52
INFO:main:11.14
INFO:main:11.76
INFO:main:12.06
INFO:main:11.13
INFO:main:11.53
INFO:main:12.74
INFO:main:14.32
INFO:main:14.69
INFO:main:14.95
INFO:main:14.28
INFO:main:12.48
