INFO:werkzeug:[31m[1mWARNING: This is a development server. Do not use it in a production deployment. Use a production WSGI server instead.[0m
 * Running on all addresses (0.0.0.0)
 * Running on http://127.0.0.1:8080
 * Running on http://10.244.1.144:8080
INFO:werkzeug:[33mPress CTRL+C to quit[0m
INFO:werkzeug:127.0.0.1 - - [05/Aug/2023 02:59:49] "GET /api/stream/active/192.168.2.2:1935/200 HTTP/1.1" 200 -
INFO:main:7.40
INFO:main:11.47
INFO:main:12.19
INFO:main:12.97
INFO:main:12.88
INFO:main:12.63
INFO:main:12.74
INFO:main:13.18
INFO:main:13.43
INFO:main:13.09
INFO:main:12.64
INFO:main:12.48
INFO:main:11.80
INFO:main:11.75
INFO:main:11.17
INFO:main:10.97
INFO:main:11.61
INFO:main:12.11
INFO:main:12.04
INFO:main:12.38
INFO:main:12.23
INFO:main:12.86
INFO:main:12.94
INFO:main:12.60
INFO:main:12.47
INFO:main:12.57
INFO:main:12.59
INFO:main:13.69
INFO:main:13.91
INFO:main:13.24
INFO:main:12.76
INFO:main:12.17
INFO:main:14.11
INFO:main:11.37
INFO:main:12.94
INFO:main:12.95
INFO:main:12.26
INFO:main:14.33
INFO:main:13.43
INFO:main:14.93
INFO:main:14.88
INFO:main:14.94
INFO:main:12.18
INFO:main:12.48
INFO:main:12.97
INFO:main:14.37
INFO:main:14.88
INFO:main:12.52
INFO:main:11.78
INFO:main:11.40
INFO:main:14.20
INFO:main:12.80
INFO:main:11.61
INFO:main:14.27
INFO:main:11.70
INFO:main:11.83
INFO:main:11.34
INFO:main:13.79
INFO:main:11.82
INFO:main:13.83
INFO:main:11.95
INFO:main:14.22
INFO:main:13.93
INFO:main:12.93
INFO:main:13.01
INFO:main:12.90
INFO:main:14.35
INFO:main:13.97
INFO:main:11.61
INFO:main:14.76
INFO:main:13.26
INFO:main:12.97
INFO:main:13.02
INFO:main:12.93
INFO:main:12.74
INFO:main:12.20
INFO:main:13.05
INFO:main:13.04
INFO:main:13.51
INFO:main:15.76
INFO:main:14.72
INFO:main:12.43
INFO:main:12.27
INFO:main:13.94
INFO:main:12.90
INFO:main:14.27
INFO:main:11.36
INFO:main:12.31
INFO:main:14.11
INFO:main:13.89
INFO:main:11.47
INFO:main:12.21
INFO:main:11.95
INFO:main:13.58
