INFO:werkzeug:[31m[1mWARNING: This is a development server. Do not use it in a production deployment. Use a production WSGI server instead.[0m
 * Running on all addresses (0.0.0.0)
 * Running on http://127.0.0.1:8080
 * Running on http://10.244.1.128:8080
INFO:werkzeug:[33mPress CTRL+C to quit[0m
INFO:werkzeug:127.0.0.1 - - [05/Aug/2023 02:43:08] "GET /api/stream/active/192.168.2.2:1935/200 HTTP/1.1" 200 -
INFO:main:7.54
INFO:main:11.59
INFO:main:11.47
INFO:main:11.91
INFO:main:11.06
INFO:main:10.83
INFO:main:10.96
INFO:main:11.02
INFO:main:11.53
INFO:main:11.65
INFO:main:11.68
INFO:main:11.55
INFO:main:11.58
INFO:main:10.79
INFO:main:10.90
INFO:main:11.16
INFO:main:11.03
INFO:main:11.27
INFO:main:11.85
INFO:main:12.48
INFO:main:12.25
INFO:main:11.27
INFO:main:11.14
INFO:main:11.31
INFO:main:11.34
INFO:main:11.27
INFO:main:11.16
INFO:main:11.26
INFO:main:11.77
INFO:main:13.52
INFO:main:14.21
INFO:main:13.78
INFO:main:11.61
INFO:main:12.52
INFO:main:13.69
INFO:main:13.96
INFO:main:11.98
INFO:main:12.45
INFO:main:13.51
INFO:main:14.71
INFO:main:13.68
INFO:main:13.79
INFO:main:13.37
INFO:main:12.51
INFO:main:11.82
INFO:main:12.07
INFO:main:11.74
INFO:main:13.37
INFO:main:12.69
INFO:main:14.28
INFO:main:12.46
INFO:main:12.27
INFO:main:14.84
INFO:main:12.88
INFO:main:11.81
INFO:main:11.54
INFO:main:11.50
INFO:main:12.86
INFO:main:14.60
INFO:main:13.36
INFO:main:12.45
INFO:main:11.60
INFO:main:11.36
INFO:main:10.97
INFO:main:11.96
INFO:main:13.40
INFO:main:13.99
INFO:main:14.30
INFO:main:13.31
INFO:main:14.46
INFO:main:11.58
INFO:main:14.76
INFO:main:12.39
INFO:main:11.90
INFO:main:12.16
INFO:main:12.30
INFO:main:11.64
INFO:main:14.66
INFO:main:14.43
INFO:main:15.10
INFO:main:13.99
INFO:main:12.22
INFO:main:11.57
INFO:main:12.08
INFO:main:11.99
INFO:main:11.97
INFO:main:11.97
INFO:main:15.45
INFO:main:12.34
INFO:main:11.77
INFO:main:13.27
INFO:main:14.78
INFO:main:12.17
INFO:main:12.35
INFO:main:14.50
INFO:main:16.14
