INFO:werkzeug:[31m[1mWARNING: This is a development server. Do not use it in a production deployment. Use a production WSGI server instead.[0m
 * Running on all addresses (0.0.0.0)
 * Running on http://127.0.0.1:8080
 * Running on http://10.244.1.242:8080
INFO:werkzeug:[33mPress CTRL+C to quit[0m
INFO:werkzeug:127.0.0.1 - - [05/Aug/2023 05:34:26] "GET /api/stream/active/192.168.2.2:1935/200 HTTP/1.1" 200 -
INFO:main:5.74
INFO:main:10.92
INFO:main:10.53
INFO:main:12.20
INFO:main:10.61
INFO:main:10.45
INFO:main:11.61
INFO:main:12.99
INFO:main:9.64
INFO:main:10.46
INFO:main:11.81
INFO:main:13.19
INFO:main:12.68
INFO:main:11.56
INFO:main:11.29
INFO:main:10.55
INFO:main:11.63
INFO:main:10.74
INFO:main:11.62
INFO:main:12.48
INFO:main:13.17
INFO:main:12.54
INFO:main:10.70
INFO:main:8.87
INFO:main:10.57
INFO:main:10.53
INFO:main:11.76
INFO:main:11.78
INFO:main:12.11
INFO:main:12.26
INFO:main:12.90
INFO:main:11.58
INFO:main:10.45
INFO:main:9.79
INFO:main:10.84
INFO:main:12.28
INFO:main:10.12
INFO:main:9.40
INFO:main:12.32
INFO:main:10.92
INFO:main:11.73
INFO:main:10.55
INFO:main:10.69
INFO:main:10.87
INFO:main:11.74
INFO:main:10.86
INFO:main:11.94
INFO:main:11.86
INFO:main:12.38
INFO:main:10.37
INFO:main:11.61
INFO:main:12.50
INFO:main:10.85
INFO:main:10.40
INFO:main:9.30
INFO:main:11.65
INFO:main:11.34
INFO:main:10.97
INFO:main:11.11
INFO:main:10.09
INFO:main:11.36
INFO:main:12.11
INFO:main:10.19
INFO:main:11.32
INFO:main:10.65
INFO:main:10.69
INFO:main:11.67
INFO:main:10.18
INFO:main:9.30
INFO:main:11.58
INFO:main:10.96
INFO:main:12.36
INFO:main:11.49
INFO:main:10.85
INFO:main:11.83
INFO:main:12.30
INFO:main:11.70
INFO:main:11.90
INFO:main:11.27
INFO:main:10.92
INFO:main:12.32
INFO:main:12.60
INFO:main:10.74
INFO:main:9.78
INFO:main:11.66
INFO:main:10.47
INFO:main:9.92
INFO:main:9.96
INFO:main:10.78
INFO:main:11.17
INFO:main:10.54
INFO:main:11.85
INFO:main:13.13
