INFO:werkzeug:[31m[1mWARNING: This is a development server. Do not use it in a production deployment. Use a production WSGI server instead.[0m
 * Running on all addresses (0.0.0.0)
 * Running on http://127.0.0.1:8080
 * Running on http://10.244.1.206:8080
INFO:werkzeug:[33mPress CTRL+C to quit[0m
INFO:werkzeug:127.0.0.1 - - [05/Aug/2023 04:41:58] "GET /api/stream/active/192.168.2.2:1935/200 HTTP/1.1" 200 -
INFO:main:3.94
INFO:main:12.53
INFO:main:11.00
INFO:main:11.46
INFO:main:10.82
INFO:main:11.80
INFO:main:9.00
INFO:main:11.08
INFO:main:10.68
INFO:main:9.93
INFO:main:10.23
INFO:main:11.30
INFO:main:10.97
INFO:main:10.23
INFO:main:10.99
INFO:main:11.26
INFO:main:11.11
INFO:main:10.35
INFO:main:10.76
INFO:main:12.54
INFO:main:12.60
INFO:main:10.84
INFO:main:10.00
INFO:main:10.69
INFO:main:10.55
INFO:main:11.61
INFO:main:10.62
INFO:main:9.68
INFO:main:9.19
INFO:main:11.00
INFO:main:11.10
INFO:main:11.87
INFO:main:11.94
INFO:main:11.77
INFO:main:12.08
INFO:main:11.30
INFO:main:9.60
INFO:main:11.72
INFO:main:10.67
INFO:main:11.94
INFO:main:10.46
INFO:main:11.37
INFO:main:10.70
INFO:main:10.45
INFO:main:9.14
INFO:main:10.65
INFO:main:10.45
INFO:main:12.48
INFO:main:12.49
INFO:main:10.62
INFO:main:11.00
INFO:main:11.44
INFO:main:9.45
INFO:main:11.79
INFO:main:9.99
INFO:main:10.11
INFO:main:10.71
INFO:main:10.57
INFO:main:11.31
INFO:main:9.59
INFO:main:11.93
INFO:main:12.39
INFO:main:11.94
INFO:main:12.63
INFO:main:11.94
INFO:main:10.78
INFO:main:10.42
INFO:main:10.31
INFO:main:11.41
INFO:main:12.28
INFO:main:11.30
INFO:main:13.55
INFO:main:13.35
INFO:main:11.83
INFO:main:9.48
INFO:main:10.70
INFO:main:11.25
INFO:main:12.58
INFO:main:13.20
INFO:main:11.54
INFO:main:11.69
INFO:main:11.92
INFO:main:11.95
INFO:main:11.86
INFO:main:11.86
INFO:main:10.83
INFO:main:10.72
INFO:main:12.60
INFO:main:12.31
INFO:main:11.68
INFO:main:11.99
INFO:main:12.60
INFO:main:10.33
INFO:main:10.97
INFO:main:11.77
INFO:main:12.32
