INFO:werkzeug:[31m[1mWARNING: This is a development server. Do not use it in a production deployment. Use a production WSGI server instead.[0m
 * Running on all addresses (0.0.0.0)
 * Running on http://127.0.0.1:8080
 * Running on http://10.244.1.121:8080
INFO:werkzeug:[33mPress CTRL+C to quit[0m
INFO:werkzeug:127.0.0.1 - - [05/Aug/2023 02:26:25] "GET /api/stream/active/192.168.2.2:1935/200 HTTP/1.1" 200 -
INFO:main:7.98
INFO:main:13.99
INFO:main:12.67
INFO:main:11.80
INFO:main:11.21
INFO:main:11.40
INFO:main:10.97
INFO:main:10.93
INFO:main:10.69
INFO:main:10.67
INFO:main:10.64
INFO:main:10.94
INFO:main:11.03
INFO:main:10.67
INFO:main:10.63
INFO:main:10.98
INFO:main:10.44
INFO:main:10.70
INFO:main:10.82
INFO:main:10.98
INFO:main:10.81
INFO:main:10.90
INFO:main:10.81
INFO:main:10.63
INFO:main:10.56
INFO:main:10.54
INFO:main:10.50
INFO:main:10.52
INFO:main:10.60
INFO:main:10.89
INFO:main:12.65
INFO:main:13.47
INFO:main:14.36
INFO:main:13.39
INFO:main:12.36
INFO:main:12.37
INFO:main:14.26
INFO:main:13.37
INFO:main:14.92
INFO:main:12.49
INFO:main:13.81
INFO:main:14.14
INFO:main:14.05
INFO:main:12.86
INFO:main:12.63
INFO:main:12.10
INFO:main:12.13
INFO:main:11.43
INFO:main:13.17
INFO:main:15.28
INFO:main:15.10
INFO:main:12.79
INFO:main:12.51
INFO:main:12.79
INFO:main:12.54
INFO:main:12.15
INFO:main:10.98
INFO:main:10.75
INFO:main:11.64
INFO:main:14.85
INFO:main:11.70
INFO:main:14.44
INFO:main:11.99
INFO:main:11.33
INFO:main:11.51
INFO:main:14.28
INFO:main:14.23
INFO:main:14.66
INFO:main:13.54
INFO:main:11.77
INFO:main:13.74
INFO:main:14.43
INFO:main:12.60
INFO:main:12.43
INFO:main:14.69
INFO:main:14.70
INFO:main:12.32
INFO:main:11.87
INFO:main:13.21
INFO:main:13.47
INFO:main:12.92
INFO:main:13.03
INFO:main:12.10
INFO:main:12.07
INFO:main:11.67
INFO:main:11.32
INFO:main:11.71
INFO:main:11.76
INFO:main:12.95
INFO:main:12.84
INFO:main:11.60
