INFO:werkzeug:[31m[1mWARNING: This is a development server. Do not use it in a production deployment. Use a production WSGI server instead.[0m
 * Running on all addresses (0.0.0.0)
 * Running on http://127.0.0.1:8080
 * Running on http://10.244.1.70:8080
INFO:werkzeug:[33mPress CTRL+C to quit[0m
INFO:werkzeug:127.0.0.1 - - [05/Aug/2023 00:29:32] "GET /api/stream/active/192.168.2.2:1935/200 HTTP/1.1" 200 -
INFO:main:8.78
INFO:main:14.65
INFO:main:14.29
INFO:main:13.87
INFO:main:13.63
INFO:main:13.64
INFO:main:13.78
INFO:main:13.44
INFO:main:13.28
INFO:main:13.41
INFO:main:13.48
INFO:main:13.38
INFO:main:13.85
INFO:main:13.88
INFO:main:13.82
INFO:main:13.86
INFO:main:13.81
INFO:main:13.65
INFO:main:13.87
INFO:main:13.61
INFO:main:13.70
INFO:main:13.67
INFO:main:13.74
INFO:main:13.47
INFO:main:13.54
INFO:main:13.59
INFO:main:14.42
INFO:main:14.54
INFO:main:14.08
INFO:main:14.40
INFO:main:14.32
INFO:main:14.27
INFO:main:14.23
INFO:main:14.09
INFO:main:14.28
INFO:main:14.81
INFO:main:13.93
INFO:main:13.94
INFO:main:14.10
INFO:main:14.68
INFO:main:14.64
INFO:main:14.83
INFO:main:14.53
INFO:main:14.66
INFO:main:14.25
INFO:main:13.87
INFO:main:13.94
INFO:main:13.66
INFO:main:13.87
INFO:main:13.96
INFO:main:13.52
INFO:main:13.50
INFO:main:13.94
INFO:main:13.52
INFO:main:14.18
INFO:main:13.63
INFO:main:14.13
INFO:main:13.86
INFO:main:14.17
INFO:main:14.49
INFO:main:14.77
INFO:main:14.50
INFO:main:14.59
INFO:main:14.68
INFO:main:14.31
INFO:main:14.28
INFO:main:14.30
INFO:main:14.56
INFO:main:14.45
INFO:main:14.31
INFO:main:14.40
INFO:main:14.66
INFO:main:14.72
INFO:main:14.62
INFO:main:14.55
INFO:main:14.56
INFO:main:14.79
INFO:main:14.42
INFO:main:14.15
INFO:main:14.05
INFO:main:13.77
INFO:main:14.52
INFO:main:14.62
INFO:main:14.96
INFO:main:15.15
INFO:main:15.25
INFO:main:14.87
INFO:main:14.51
INFO:main:14.07
INFO:main:13.92
INFO:main:14.05
INFO:main:14.43
INFO:main:14.27
