INFO:werkzeug:[31m[1mWARNING: This is a development server. Do not use it in a production deployment. Use a production WSGI server instead.[0m
 * Running on all addresses (0.0.0.0)
 * Running on http://127.0.0.1:8080
 * Running on http://10.244.1.182:8080
INFO:werkzeug:[33mPress CTRL+C to quit[0m
INFO:werkzeug:127.0.0.1 - - [05/Aug/2023 04:07:19] "GET /api/stream/active/192.168.2.2:1935/200 HTTP/1.1" 200 -
INFO:main:4.66
INFO:main:11.51
INFO:main:9.50
INFO:main:9.88
INFO:main:9.50
INFO:main:11.85
INFO:main:12.15
INFO:main:12.32
INFO:main:11.72
INFO:main:11.36
INFO:main:12.79
INFO:main:11.11
INFO:main:9.42
INFO:main:10.64
INFO:main:8.99
INFO:main:12.99
INFO:main:10.62
INFO:main:11.58
INFO:main:11.21
INFO:main:10.63
INFO:main:11.21
INFO:main:11.47
INFO:main:10.48
INFO:main:11.96
INFO:main:11.95
INFO:main:10.85
INFO:main:10.85
INFO:main:10.57
INFO:main:11.38
INFO:main:11.12
INFO:main:11.58
INFO:main:11.93
INFO:main:9.72
INFO:main:11.64
INFO:main:10.01
INFO:main:11.09
INFO:main:10.23
INFO:main:9.15
INFO:main:9.49
INFO:main:10.21
INFO:main:12.46
INFO:main:13.12
INFO:main:11.81
INFO:main:10.40
INFO:main:10.17
INFO:main:10.12
INFO:main:10.67
INFO:main:9.79
INFO:main:11.45
INFO:main:10.45
INFO:main:12.13
INFO:main:12.11
INFO:main:11.93
INFO:main:10.45
INFO:main:12.21
INFO:main:10.42
INFO:main:9.83
INFO:main:10.99
INFO:main:9.14
INFO:main:9.80
INFO:main:10.33
INFO:main:10.31
INFO:main:10.17
INFO:main:11.19
INFO:main:10.12
INFO:main:10.36
INFO:main:10.98
INFO:main:12.72
INFO:main:11.30
INFO:main:10.76
INFO:main:11.10
INFO:main:11.40
INFO:main:12.65
INFO:main:12.13
INFO:main:12.78
INFO:main:11.24
INFO:main:11.12
INFO:main:12.79
INFO:main:10.61
INFO:main:10.91
INFO:main:10.76
INFO:main:11.73
INFO:main:11.78
INFO:main:9.55
INFO:main:11.29
INFO:main:11.61
INFO:main:10.45
INFO:main:10.59
INFO:main:10.95
INFO:main:11.22
INFO:main:10.39
INFO:main:11.61
INFO:main:10.82
INFO:main:11.42
INFO:main:11.98
INFO:main:10.84
