INFO:werkzeug:[31m[1mWARNING: This is a development server. Do not use it in a production deployment. Use a production WSGI server instead.[0m
 * Running on all addresses (0.0.0.0)
 * Running on http://127.0.0.1:8080
 * Running on http://10.244.1.219:8080
INFO:werkzeug:[33mPress CTRL+C to quit[0m
INFO:werkzeug:127.0.0.1 - - [05/Aug/2023 04:59:11] "GET /api/stream/active/192.168.2.2:1935/200 HTTP/1.1" 200 -
INFO:main:6.69
INFO:main:11.47
INFO:main:10.56
INFO:main:10.59
INFO:main:10.12
INFO:main:10.99
INFO:main:10.83
INFO:main:11.55
INFO:main:11.09
INFO:main:9.96
INFO:main:11.95
INFO:main:11.84
INFO:main:11.53
INFO:main:12.41
INFO:main:12.44
INFO:main:12.24
INFO:main:11.16
INFO:main:11.67
INFO:main:10.71
INFO:main:10.99
INFO:main:12.09
INFO:main:10.11
INFO:main:10.38
INFO:main:10.70
INFO:main:11.34
INFO:main:10.48
INFO:main:8.84
INFO:main:11.64
INFO:main:9.42
INFO:main:10.87
INFO:main:10.02
INFO:main:10.63
INFO:main:10.70
INFO:main:11.51
INFO:main:11.84
INFO:main:12.32
INFO:main:9.82
INFO:main:11.92
INFO:main:10.70
INFO:main:12.55
INFO:main:11.52
INFO:main:10.53
INFO:main:11.87
INFO:main:10.65
INFO:main:11.01
INFO:main:10.50
INFO:main:11.28
INFO:main:9.18
INFO:main:11.88
INFO:main:10.71
INFO:main:10.03
INFO:main:11.20
INFO:main:10.74
INFO:main:11.71
INFO:main:11.05
INFO:main:11.78
INFO:main:12.12
INFO:main:12.18
INFO:main:11.50
INFO:main:12.35
INFO:main:11.65
INFO:main:11.83
INFO:main:12.63
INFO:main:11.98
INFO:main:9.46
INFO:main:12.66
INFO:main:10.34
INFO:main:11.48
INFO:main:9.81
INFO:main:11.22
INFO:main:11.62
INFO:main:12.88
INFO:main:12.42
INFO:main:10.64
INFO:main:12.15
INFO:main:11.44
INFO:main:12.07
INFO:main:10.88
INFO:main:13.09
INFO:main:12.98
INFO:main:12.68
INFO:main:12.72
INFO:main:13.15
INFO:main:13.64
INFO:main:13.00
INFO:main:10.13
INFO:main:9.33
INFO:main:10.35
INFO:main:11.52
INFO:main:12.06
INFO:main:11.24
INFO:main:10.80
INFO:main:11.43
INFO:main:11.79
INFO:main:11.01
INFO:main:10.57
INFO:main:10.81
INFO:main:9.53
INFO:main:11.83
INFO:main:11.38
INFO:main:11.80
INFO:main:11.29
INFO:main:12.18
INFO:main:12.94
INFO:main:11.85
INFO:main:11.42
INFO:main:10.91
INFO:main:10.76
INFO:main:10.45
INFO:main:10.45
INFO:main:9.82
INFO:main:11.21
INFO:main:10.84
INFO:main:10.57
INFO:main:10.41
INFO:main:11.46
INFO:main:11.16
INFO:main:10.27
INFO:main:10.87
INFO:main:10.66
INFO:main:10.57
INFO:main:11.31
INFO:main:10.97
INFO:main:10.64
INFO:main:10.94
INFO:main:8.90
INFO:main:10.17
INFO:main:12.97
INFO:main:11.60
