INFO:werkzeug:[31m[1mWARNING: This is a development server. Do not use it in a production deployment. Use a production WSGI server instead.[0m
 * Running on all addresses (0.0.0.0)
 * Running on http://127.0.0.1:8080
 * Running on http://10.244.1.72:8080
INFO:werkzeug:[33mPress CTRL+C to quit[0m
INFO:werkzeug:127.0.0.1 - - [05/Aug/2023 07:19:56] "GET /api/stream/active/192.168.2.2:1935/200 HTTP/1.1" 200 -
INFO:main:3.99
INFO:main:8.06
INFO:main:9.65
INFO:main:9.30
INFO:main:9.72
INFO:main:9.93
INFO:main:9.91
INFO:main:9.99
INFO:main:9.86
INFO:main:9.88
INFO:main:9.91
INFO:main:9.93
INFO:main:9.60
INFO:main:9.65
INFO:main:9.45
INFO:main:8.48
INFO:main:9.47
INFO:main:9.65
INFO:main:8.72
INFO:main:9.71
INFO:main:9.74
INFO:main:8.68
INFO:main:8.89
INFO:main:10.09
INFO:main:9.86
INFO:main:9.40
INFO:main:8.73
INFO:main:8.52
INFO:main:9.38
INFO:main:8.24
INFO:main:8.74
INFO:main:8.70
INFO:main:9.34
INFO:main:8.94
INFO:main:9.74
INFO:main:9.76
INFO:main:10.08
INFO:main:9.95
INFO:main:9.82
INFO:main:9.84
INFO:main:9.90
INFO:main:9.82
INFO:main:8.56
INFO:main:8.84
INFO:main:9.39
INFO:main:8.86
INFO:main:9.52
INFO:main:9.64
INFO:main:9.73
INFO:main:10.00
INFO:main:9.71
INFO:main:9.54
INFO:main:7.83
INFO:main:8.95
INFO:main:9.23
INFO:main:8.98
INFO:main:9.58
INFO:main:8.08
INFO:main:9.71
INFO:main:5.88
INFO:main:8.61
INFO:main:9.73
INFO:main:9.47
INFO:main:9.40
INFO:main:9.96
INFO:main:8.93
INFO:main:9.48
INFO:main:9.81
INFO:main:9.67
INFO:main:9.63
INFO:main:9.63
INFO:main:9.67
INFO:main:9.68
INFO:main:9.25
INFO:main:8.83
INFO:main:9.09
INFO:main:9.56
INFO:main:9.91
INFO:main:9.75
INFO:main:9.58
INFO:main:8.96
INFO:main:9.75
INFO:main:9.83
INFO:main:9.29
INFO:main:10.08
INFO:main:9.81
INFO:main:9.95
INFO:main:9.88
INFO:main:9.85
INFO:main:7.63
INFO:main:9.63
INFO:main:8.78
INFO:main:9.87
INFO:main:8.79
INFO:main:8.62
INFO:main:8.71
INFO:main:8.69
