INFO:werkzeug:[31m[1mWARNING: This is a development server. Do not use it in a production deployment. Use a production WSGI server instead.[0m
 * Running on all addresses (0.0.0.0)
 * Running on http://127.0.0.1:8080
 * Running on http://10.244.1.175:8080
INFO:werkzeug:[33mPress CTRL+C to quit[0m
INFO:werkzeug:127.0.0.1 - - [05/Aug/2023 09:06:36] "GET /api/stream/active/192.168.2.2:1935/200 HTTP/1.1" 200 -
INFO:main:6.84
INFO:main:9.26
INFO:main:8.64
INFO:main:8.85
INFO:main:9.18
INFO:main:9.50
INFO:main:9.69
INFO:main:8.99
INFO:main:8.84
INFO:main:9.66
INFO:main:8.99
INFO:main:10.03
INFO:main:9.82
INFO:main:9.80
INFO:main:9.38
INFO:main:9.77
INFO:main:8.98
INFO:main:9.66
INFO:main:9.34
INFO:main:8.96
INFO:main:8.32
INFO:main:7.46
INFO:main:7.88
INFO:main:9.53
INFO:main:9.76
INFO:main:9.74
INFO:main:9.75
INFO:main:9.09
INFO:main:9.65
INFO:main:8.67
INFO:main:8.96
INFO:main:10.07
INFO:main:9.75
INFO:main:9.89
INFO:main:9.65
INFO:main:9.40
INFO:main:9.92
INFO:main:9.91
INFO:main:9.86
INFO:main:9.84
INFO:main:9.76
INFO:main:9.50
INFO:main:9.57
INFO:main:9.97
INFO:main:9.81
INFO:main:9.88
INFO:main:9.68
INFO:main:9.74
INFO:main:9.74
INFO:main:9.99
INFO:main:9.84
INFO:main:9.15
INFO:main:9.98
INFO:main:8.25
INFO:main:9.34
INFO:main:8.54
INFO:main:8.44
INFO:main:8.75
INFO:main:9.32
INFO:main:9.34
INFO:main:9.14
INFO:main:9.69
INFO:main:10.19
INFO:main:8.93
INFO:main:9.52
INFO:main:9.11
INFO:main:8.96
INFO:main:7.82
INFO:main:8.45
INFO:main:8.95
INFO:main:9.00
INFO:main:9.73
INFO:main:10.14
INFO:main:9.67
INFO:main:9.84
INFO:main:9.96
INFO:main:9.49
INFO:main:9.63
INFO:main:9.21
INFO:main:9.71
INFO:main:10.00
INFO:main:9.85
INFO:main:9.58
INFO:main:9.59
INFO:main:9.82
INFO:main:9.75
INFO:main:9.82
INFO:main:10.06
INFO:main:9.99
INFO:main:9.75
INFO:main:9.91
INFO:main:9.29
INFO:main:9.37
INFO:main:9.36
INFO:main:9.45
INFO:main:8.99
INFO:main:8.81
INFO:main:8.07
