INFO:werkzeug:[31m[1mWARNING: This is a development server. Do not use it in a production deployment. Use a production WSGI server instead.[0m
 * Running on all addresses (0.0.0.0)
 * Running on http://127.0.0.1:8080
 * Running on http://10.244.1.160:8080
INFO:werkzeug:[33mPress CTRL+C to quit[0m
INFO:werkzeug:127.0.0.1 - - [05/Aug/2023 13:40:46] "GET /api/stream/active/192.168.2.2:1935/200 HTTP/1.1" 200 -
INFO:main:7.53
INFO:main:15.20
INFO:main:15.79
INFO:main:16.68
INFO:main:17.71
INFO:main:16.54
INFO:main:15.51
INFO:main:15.51
INFO:main:15.09
INFO:main:15.01
INFO:main:14.98
INFO:main:14.91
INFO:main:15.23
INFO:main:15.22
INFO:main:15.36
INFO:main:15.39
INFO:main:15.28
INFO:main:15.42
INFO:main:15.61
INFO:main:16.02
INFO:main:16.02
INFO:main:16.13
INFO:main:16.14
INFO:main:16.31
INFO:main:15.96
INFO:main:16.29
INFO:main:16.14
INFO:main:16.18
INFO:main:15.99
INFO:main:16.16
INFO:main:16.10
INFO:main:16.13
INFO:main:15.96
INFO:main:16.01
INFO:main:15.59
INFO:main:15.49
INFO:main:15.65
INFO:main:15.77
INFO:main:15.84
INFO:main:15.93
INFO:main:16.13
INFO:main:15.85
INFO:main:15.95
INFO:main:15.74
INFO:main:15.61
INFO:main:15.85
INFO:main:15.65
INFO:main:15.84
INFO:main:15.66
INFO:main:15.89
INFO:main:15.90
INFO:main:16.07
INFO:main:16.08
INFO:main:16.30
INFO:main:16.25
INFO:main:16.16
INFO:main:16.34
INFO:main:16.25
INFO:main:16.40
INFO:main:16.21
INFO:main:16.15
INFO:main:16.28
INFO:main:16.24
INFO:main:16.32
INFO:main:16.31
INFO:main:16.34
INFO:main:16.12
INFO:main:16.06
INFO:main:16.02
INFO:main:16.30
INFO:main:16.56
INFO:main:16.53
INFO:main:16.47
INFO:main:16.24
INFO:main:16.23
INFO:main:16.37
INFO:main:16.09
INFO:main:16.21
INFO:main:16.07
INFO:main:16.02
INFO:main:15.99
INFO:main:16.20
INFO:main:16.35
INFO:main:16.41
INFO:main:16.28
INFO:main:16.22
INFO:main:15.90
INFO:main:15.65
INFO:main:15.88
INFO:main:16.02
INFO:main:15.94
INFO:main:16.01
INFO:main:15.85
INFO:main:15.63
INFO:main:15.42
INFO:main:15.59
INFO:main:15.88
INFO:main:15.44
INFO:main:15.60
INFO:main:15.50
