INFO:werkzeug:[31m[1mWARNING: This is a development server. Do not use it in a production deployment. Use a production WSGI server instead.[0m
 * Running on all addresses (0.0.0.0)
 * Running on http://127.0.0.1:8080
 * Running on http://10.244.1.194:8080
INFO:werkzeug:[33mPress CTRL+C to quit[0m
INFO:werkzeug:127.0.0.1 - - [05/Aug/2023 04:24:55] "GET /api/stream/active/192.168.2.2:1935/200 HTTP/1.1" 200 -
INFO:main:6.85
INFO:main:9.28
INFO:main:10.61
INFO:main:10.76
INFO:main:12.72
INFO:main:10.87
INFO:main:9.85
INFO:main:10.51
INFO:main:12.07
INFO:main:10.55
INFO:main:11.00
INFO:main:12.22
INFO:main:11.37
INFO:main:11.85
INFO:main:10.90
INFO:main:10.23
INFO:main:11.91
INFO:main:11.83
INFO:main:9.97
INFO:main:9.87
INFO:main:11.60
INFO:main:10.69
INFO:main:10.37
INFO:main:11.37
INFO:main:10.98
INFO:main:10.99
INFO:main:10.98
INFO:main:10.81
INFO:main:11.92
INFO:main:9.89
INFO:main:10.16
INFO:main:10.88
INFO:main:10.41
INFO:main:8.94
INFO:main:11.45
INFO:main:11.17
INFO:main:11.21
INFO:main:12.27
INFO:main:11.05
INFO:main:11.29
INFO:main:11.31
INFO:main:10.74
INFO:main:11.38
INFO:main:10.92
INFO:main:12.91
INFO:main:11.04
INFO:main:11.66
INFO:main:11.75
INFO:main:10.50
INFO:main:10.42
INFO:main:11.47
INFO:main:11.27
INFO:main:10.75
INFO:main:10.56
INFO:main:12.24
INFO:main:12.85
INFO:main:11.32
INFO:main:11.61
INFO:main:11.90
INFO:main:11.61
INFO:main:11.61
INFO:main:11.29
INFO:main:10.32
INFO:main:10.63
INFO:main:11.42
INFO:main:10.89
INFO:main:12.32
INFO:main:11.69
INFO:main:11.39
INFO:main:12.25
INFO:main:12.05
INFO:main:11.61
INFO:main:11.93
INFO:main:12.38
INFO:main:9.49
INFO:main:11.67
INFO:main:9.29
INFO:main:10.44
INFO:main:10.27
INFO:main:11.94
INFO:main:11.92
INFO:main:10.23
INFO:main:11.31
INFO:main:9.28
INFO:main:10.96
INFO:main:10.92
INFO:main:12.45
INFO:main:10.94
INFO:main:12.59
INFO:main:11.58
INFO:main:12.07
INFO:main:11.93
INFO:main:11.67
INFO:main:11.31
INFO:main:10.97
INFO:main:10.49
