INFO:werkzeug:[31m[1mWARNING: This is a development server. Do not use it in a production deployment. Use a production WSGI server instead.[0m
 * Running on all addresses (0.0.0.0)
 * Running on http://127.0.0.1:8080
 * Running on http://10.244.1.120:8080
INFO:werkzeug:[33mPress CTRL+C to quit[0m
INFO:werkzeug:127.0.0.1 - - [05/Aug/2023 02:26:25] "GET /api/stream/active/192.168.2.2:1935/200 HTTP/1.1" 200 -
INFO:main:7.84
INFO:main:13.43
INFO:main:12.51
INFO:main:11.54
INFO:main:11.19
INFO:main:11.24
INFO:main:10.95
INFO:main:10.94
INFO:main:10.67
INFO:main:10.53
INFO:main:10.67
INFO:main:11.05
INFO:main:10.87
INFO:main:10.70
INFO:main:10.76
INFO:main:10.81
INFO:main:10.54
INFO:main:10.70
INFO:main:10.90
INFO:main:10.97
INFO:main:10.78
INFO:main:10.92
INFO:main:10.69
INFO:main:10.59
INFO:main:10.54
INFO:main:10.54
INFO:main:10.52
INFO:main:10.55
INFO:main:10.74
INFO:main:10.94
INFO:main:12.26
INFO:main:12.47
INFO:main:14.16
INFO:main:14.44
INFO:main:12.11
INFO:main:12.81
INFO:main:14.12
INFO:main:13.31
INFO:main:13.90
INFO:main:11.99
INFO:main:12.24
INFO:main:14.58
INFO:main:14.47
INFO:main:14.32
INFO:main:12.16
INFO:main:12.57
INFO:main:11.50
INFO:main:11.56
INFO:main:13.88
INFO:main:15.11
INFO:main:15.10
INFO:main:12.97
INFO:main:13.84
INFO:main:12.78
INFO:main:13.74
INFO:main:11.87
INFO:main:10.73
INFO:main:10.83
INFO:main:12.34
INFO:main:13.79
INFO:main:11.58
INFO:main:13.79
INFO:main:11.51
INFO:main:11.14
INFO:main:12.49
INFO:main:14.56
INFO:main:14.41
INFO:main:14.87
INFO:main:12.10
INFO:main:11.73
INFO:main:14.16
INFO:main:14.47
INFO:main:11.90
INFO:main:13.59
INFO:main:15.25
INFO:main:13.16
INFO:main:12.10
INFO:main:12.03
INFO:main:13.61
INFO:main:13.19
INFO:main:12.61
INFO:main:12.40
INFO:main:11.97
INFO:main:12.09
INFO:main:11.53
INFO:main:11.40
INFO:main:11.89
INFO:main:11.74
INFO:main:13.02
INFO:main:13.55
