INFO:werkzeug:[31m[1mWARNING: This is a development server. Do not use it in a production deployment. Use a production WSGI server instead.[0m
 * Running on all addresses (0.0.0.0)
 * Running on http://127.0.0.1:8080
 * Running on http://10.244.1.184:8080
INFO:werkzeug:[33mPress CTRL+C to quit[0m
INFO:werkzeug:127.0.0.1 - - [05/Aug/2023 04:07:19] "GET /api/stream/active/192.168.2.2:1935/200 HTTP/1.1" 200 -
INFO:main:5.50
INFO:main:11.61
INFO:main:10.34
INFO:main:8.95
INFO:main:9.23
INFO:main:11.05
INFO:main:12.28
INFO:main:12.49
INFO:main:11.98
INFO:main:10.47
INFO:main:12.51
INFO:main:11.54
INFO:main:8.57
INFO:main:11.42
INFO:main:10.01
INFO:main:12.99
INFO:main:10.51
INFO:main:11.58
INFO:main:11.25
INFO:main:9.66
INFO:main:10.81
INFO:main:11.45
INFO:main:10.80
INFO:main:12.06
INFO:main:11.91
INFO:main:10.50
INFO:main:10.47
INFO:main:10.39
INFO:main:10.51
INFO:main:9.90
INFO:main:11.89
INFO:main:10.99
INFO:main:11.46
INFO:main:11.59
INFO:main:10.06
INFO:main:10.97
INFO:main:10.80
INFO:main:10.70
INFO:main:10.31
INFO:main:11.11
INFO:main:12.55
INFO:main:12.59
INFO:main:11.76
INFO:main:10.36
INFO:main:10.07
INFO:main:10.38
INFO:main:9.93
INFO:main:10.50
INFO:main:11.24
INFO:main:10.56
INFO:main:11.54
INFO:main:12.25
INFO:main:12.21
INFO:main:10.38
INFO:main:11.82
INFO:main:10.32
INFO:main:10.96
INFO:main:10.72
INFO:main:9.85
INFO:main:9.26
INFO:main:10.79
INFO:main:11.20
INFO:main:10.28
INFO:main:10.31
INFO:main:9.71
INFO:main:10.72
INFO:main:10.63
INFO:main:12.61
INFO:main:10.23
INFO:main:10.56
INFO:main:11.74
INFO:main:10.72
INFO:main:13.09
INFO:main:11.68
INFO:main:12.84
INFO:main:11.49
INFO:main:11.17
INFO:main:13.15
INFO:main:10.93
INFO:main:10.97
INFO:main:11.42
INFO:main:11.65
INFO:main:11.28
INFO:main:10.13
INFO:main:11.50
INFO:main:11.84
INFO:main:10.67
INFO:main:10.48
INFO:main:11.33
INFO:main:11.07
INFO:main:11.43
INFO:main:11.63
INFO:main:10.85
INFO:main:11.73
INFO:main:11.82
INFO:main:10.53
