INFO:werkzeug:[31m[1mWARNING: This is a development server. Do not use it in a production deployment. Use a production WSGI server instead.[0m
 * Running on all addresses (0.0.0.0)
 * Running on http://127.0.0.1:8080
 * Running on http://10.244.1.195:8080
INFO:werkzeug:[33mPress CTRL+C to quit[0m
INFO:werkzeug:127.0.0.1 - - [05/Aug/2023 04:24:55] "GET /api/stream/active/192.168.2.2:1935/200 HTTP/1.1" 200 -
INFO:main:3.86
INFO:main:10.95
INFO:main:11.47
INFO:main:11.44
INFO:main:12.27
INFO:main:10.55
INFO:main:9.78
INFO:main:10.84
INFO:main:12.05
INFO:main:9.66
INFO:main:11.45
INFO:main:12.43
INFO:main:10.60
INFO:main:11.99
INFO:main:10.41
INFO:main:9.49
INFO:main:12.98
INFO:main:10.19
INFO:main:10.54
INFO:main:11.63
INFO:main:10.89
INFO:main:10.37
INFO:main:10.51
INFO:main:11.50
INFO:main:10.61
INFO:main:10.57
INFO:main:10.98
INFO:main:11.50
INFO:main:11.00
INFO:main:11.27
INFO:main:9.84
INFO:main:10.93
INFO:main:11.86
INFO:main:10.39
INFO:main:11.42
INFO:main:10.50
INFO:main:11.38
INFO:main:11.27
INFO:main:10.82
INFO:main:11.67
INFO:main:11.06
INFO:main:10.47
INFO:main:10.48
INFO:main:12.15
INFO:main:12.88
INFO:main:10.56
INFO:main:10.89
INFO:main:10.59
INFO:main:11.54
INFO:main:9.39
INFO:main:10.50
INFO:main:10.54
INFO:main:10.57
INFO:main:11.71
INFO:main:12.76
INFO:main:12.80
INFO:main:11.13
INFO:main:11.20
INFO:main:10.71
INFO:main:11.06
INFO:main:11.90
INFO:main:10.60
INFO:main:10.32
INFO:main:10.93
INFO:main:11.60
INFO:main:11.98
INFO:main:12.11
INFO:main:11.12
INFO:main:12.26
INFO:main:12.35
INFO:main:12.42
INFO:main:11.24
INFO:main:12.38
INFO:main:10.82
INFO:main:11.45
INFO:main:10.61
INFO:main:10.19
INFO:main:11.25
INFO:main:10.74
INFO:main:12.20
INFO:main:10.54
INFO:main:9.81
INFO:main:9.50
INFO:main:9.57
INFO:main:10.12
INFO:main:11.89
INFO:main:11.83
INFO:main:10.88
INFO:main:12.95
INFO:main:11.58
INFO:main:12.42
INFO:main:11.78
INFO:main:11.82
INFO:main:10.67
INFO:main:10.06
