INFO:werkzeug:[31m[1mWARNING: This is a development server. Do not use it in a production deployment. Use a production WSGI server instead.[0m
 * Running on all addresses (0.0.0.0)
 * Running on http://127.0.0.1:8080
 * Running on http://10.244.1.42:8080
INFO:werkzeug:[33mPress CTRL+C to quit[0m
INFO:werkzeug:127.0.0.1 - - [04/Aug/2023 22:34:43] "GET /api/stream/active/192.168.2.2:1935/200 HTTP/1.1" 200 -
INFO:main:8.56
INFO:main:13.88
INFO:main:13.96
INFO:main:13.85
INFO:main:13.85
INFO:main:14.11
INFO:main:13.93
INFO:main:14.03
INFO:main:13.98
INFO:main:14.05
INFO:main:14.15
INFO:main:14.05
INFO:main:14.14
INFO:main:14.13
INFO:main:14.50
INFO:main:14.26
INFO:main:14.08
INFO:main:14.34
INFO:main:14.48
INFO:main:14.32
INFO:main:14.31
INFO:main:13.92
INFO:main:14.17
INFO:main:14.10
INFO:main:13.99
INFO:main:13.90
INFO:main:13.97
INFO:main:15.06
INFO:main:14.08
INFO:main:14.28
INFO:main:14.14
INFO:main:14.09
INFO:main:14.11
INFO:main:14.30
INFO:main:14.04
INFO:main:14.60
INFO:main:14.79
INFO:main:14.36
INFO:main:14.47
INFO:main:14.13
INFO:main:14.21
INFO:main:14.48
INFO:main:14.52
INFO:main:14.84
INFO:main:14.83
INFO:main:14.84
INFO:main:14.42
INFO:main:13.73
INFO:main:13.76
INFO:main:13.92
INFO:main:13.99
INFO:main:14.20
INFO:main:14.35
INFO:main:14.39
INFO:main:14.92
INFO:main:14.41
INFO:main:14.30
INFO:main:14.42
INFO:main:14.23
INFO:main:14.37
INFO:main:13.95
INFO:main:13.91
INFO:main:14.02
INFO:main:13.99
INFO:main:14.11
INFO:main:13.93
INFO:main:13.97
INFO:main:14.00
INFO:main:14.17
INFO:main:14.38
INFO:main:14.71
INFO:main:14.84
INFO:main:14.97
INFO:main:14.52
INFO:main:14.38
INFO:main:14.08
INFO:main:14.10
INFO:main:14.34
INFO:main:14.60
INFO:main:14.58
INFO:main:14.67
INFO:main:15.06
INFO:main:15.10
INFO:main:14.30
INFO:main:14.11
INFO:main:14.14
INFO:main:14.39
INFO:main:14.61
INFO:main:14.59
INFO:main:14.30
INFO:main:14.28
INFO:main:14.26
