INFO:werkzeug:[31m[1mWARNING: This is a development server. Do not use it in a production deployment. Use a production WSGI server instead.[0m
 * Running on all addresses (0.0.0.0)
 * Running on http://127.0.0.1:8080
 * Running on http://10.244.1.2:8080
INFO:werkzeug:[33mPress CTRL+C to quit[0m
INFO:werkzeug:127.0.0.1 - - [05/Aug/2023 05:51:42] "GET /api/stream/active/192.168.2.2:1935/200 HTTP/1.1" 200 -
INFO:main:4.69
INFO:main:11.78
INFO:main:12.79
INFO:main:10.39
INFO:main:10.48
INFO:main:12.97
INFO:main:11.96
INFO:main:11.47
INFO:main:9.64
INFO:main:10.33
INFO:main:9.28
INFO:main:10.48
INFO:main:11.73
INFO:main:10.80
INFO:main:10.52
INFO:main:10.39
INFO:main:10.70
INFO:main:12.58
INFO:main:11.50
INFO:main:10.54
INFO:main:10.20
INFO:main:10.99
INFO:main:11.09
INFO:main:10.32
INFO:main:10.51
INFO:main:11.55
INFO:main:12.53
INFO:main:11.62
INFO:main:10.89
INFO:main:10.94
INFO:main:11.21
INFO:main:11.90
INFO:main:10.29
INFO:main:10.85
INFO:main:10.32
INFO:main:10.61
INFO:main:11.19
INFO:main:10.68
INFO:main:9.96
INFO:main:10.88
INFO:main:12.09
INFO:main:9.65
INFO:main:10.80
INFO:main:13.24
INFO:main:13.11
INFO:main:13.03
INFO:main:11.82
INFO:main:11.73
INFO:main:11.48
INFO:main:10.22
INFO:main:11.83
INFO:main:10.91
INFO:main:11.27
INFO:main:12.08
INFO:main:11.24
INFO:main:11.00
INFO:main:8.85
INFO:main:8.66
INFO:main:10.69
INFO:main:11.21
INFO:main:11.37
INFO:main:11.84
INFO:main:12.25
INFO:main:11.46
INFO:main:10.79
INFO:main:10.63
INFO:main:11.81
INFO:main:13.23
INFO:main:13.19
INFO:main:11.68
INFO:main:10.62
INFO:main:11.45
INFO:main:12.50
INFO:main:13.36
INFO:main:12.19
INFO:main:11.94
INFO:main:10.50
INFO:main:11.76
INFO:main:11.41
INFO:main:11.38
INFO:main:9.99
INFO:main:10.98
INFO:main:10.43
INFO:main:10.18
INFO:main:10.36
INFO:main:9.93
INFO:main:11.91
INFO:main:11.98
INFO:main:10.48
INFO:main:10.27
INFO:main:10.62
INFO:main:10.94
