INFO:werkzeug:[31m[1mWARNING: This is a development server. Do not use it in a production deployment. Use a production WSGI server instead.[0m
 * Running on all addresses (0.0.0.0)
 * Running on http://127.0.0.1:8080
 * Running on http://10.244.1.160:8080
INFO:werkzeug:[33mPress CTRL+C to quit[0m
INFO:werkzeug:127.0.0.1 - - [05/Aug/2023 03:33:10] "GET /api/stream/active/192.168.2.2:1935/200 HTTP/1.1" 200 -
INFO:main:6.87
INFO:main:15.03
INFO:main:14.91
INFO:main:13.85
INFO:main:12.27
INFO:main:12.83
INFO:main:12.06
INFO:main:11.62
INFO:main:11.65
INFO:main:12.41
INFO:main:12.74
INFO:main:11.95
INFO:main:11.22
INFO:main:11.56
INFO:main:11.48
INFO:main:11.31
INFO:main:11.59
INFO:main:11.59
INFO:main:11.18
INFO:main:11.25
INFO:main:11.57
INFO:main:11.27
INFO:main:11.43
INFO:main:11.19
INFO:main:11.60
INFO:main:12.11
INFO:main:12.17
INFO:main:11.62
INFO:main:12.39
INFO:main:11.92
INFO:main:11.92
INFO:main:11.39
INFO:main:13.87
INFO:main:14.45
INFO:main:14.74
INFO:main:12.49
INFO:main:11.73
INFO:main:11.53
INFO:main:11.40
INFO:main:12.71
INFO:main:12.17
INFO:main:14.71
INFO:main:12.96
INFO:main:12.77
INFO:main:12.59
INFO:main:13.22
INFO:main:14.25
INFO:main:14.33
INFO:main:14.45
INFO:main:12.43
INFO:main:12.85
INFO:main:11.41
INFO:main:11.91
INFO:main:11.54
INFO:main:11.24
INFO:main:11.26
INFO:main:11.17
INFO:main:11.40
INFO:main:10.75
INFO:main:11.19
INFO:main:11.77
INFO:main:13.33
INFO:main:11.79
INFO:main:12.61
INFO:main:11.45
INFO:main:11.41
INFO:main:12.96
INFO:main:14.48
INFO:main:14.55
INFO:main:14.53
INFO:main:14.90
INFO:main:14.41
INFO:main:13.52
INFO:main:11.76
INFO:main:12.48
INFO:main:14.57
INFO:main:14.58
INFO:main:13.91
INFO:main:12.56
INFO:main:14.49
INFO:main:14.30
INFO:main:12.59
INFO:main:11.31
INFO:main:12.28
INFO:main:13.85
INFO:main:12.89
INFO:main:12.72
INFO:main:13.77
INFO:main:13.81
INFO:main:14.33
INFO:main:14.63
INFO:main:12.97
INFO:main:11.98
