INFO:werkzeug:[31m[1mWARNING: This is a development server. Do not use it in a production deployment. Use a production WSGI server instead.[0m
 * Running on all addresses (0.0.0.0)
 * Running on http://127.0.0.1:8080
 * Running on http://10.244.1.74:8080
INFO:werkzeug:[33mPress CTRL+C to quit[0m
INFO:werkzeug:127.0.0.1 - - [05/Aug/2023 07:19:56] "GET /api/stream/active/192.168.2.2:1935/200 HTTP/1.1" 200 -
INFO:main:1.71
INFO:main:9.62
INFO:main:9.74
INFO:main:9.65
INFO:main:9.70
INFO:main:9.73
INFO:main:10.17
INFO:main:9.89
INFO:main:9.89
INFO:main:9.80
INFO:main:9.91
INFO:main:9.89
INFO:main:9.55
INFO:main:9.46
INFO:main:8.66
INFO:main:9.21
INFO:main:9.41
INFO:main:9.07
INFO:main:8.90
INFO:main:9.41
INFO:main:9.63
INFO:main:8.55
INFO:main:9.68
INFO:main:9.88
INFO:main:10.06
INFO:main:8.86
INFO:main:8.50
INFO:main:8.82
INFO:main:9.09
INFO:main:7.74
INFO:main:9.15
INFO:main:8.76
INFO:main:9.41
INFO:main:8.83
INFO:main:9.79
INFO:main:9.73
INFO:main:10.02
INFO:main:9.77
INFO:main:9.85
INFO:main:9.89
INFO:main:9.92
INFO:main:9.91
INFO:main:7.75
INFO:main:9.33
INFO:main:9.97
INFO:main:9.64
INFO:main:9.67
INFO:main:9.37
INFO:main:9.58
INFO:main:9.66
INFO:main:9.44
INFO:main:8.68
INFO:main:9.41
INFO:main:8.95
INFO:main:9.27
INFO:main:8.94
INFO:main:10.13
INFO:main:8.69
INFO:main:8.76
INFO:main:7.55
INFO:main:9.34
INFO:main:9.11
INFO:main:9.49
INFO:main:9.98
INFO:main:9.60
INFO:main:9.54
INFO:main:10.05
INFO:main:9.72
INFO:main:9.97
INFO:main:9.87
INFO:main:9.66
INFO:main:9.51
INFO:main:9.32
INFO:main:8.51
INFO:main:9.35
INFO:main:9.55
INFO:main:9.23
INFO:main:9.53
INFO:main:10.10
INFO:main:9.13
INFO:main:9.80
INFO:main:9.87
INFO:main:9.85
INFO:main:9.52
INFO:main:9.73
INFO:main:9.68
INFO:main:10.00
INFO:main:9.75
INFO:main:8.11
INFO:main:7.75
INFO:main:8.71
INFO:main:9.48
INFO:main:9.45
INFO:main:9.48
INFO:main:8.74
INFO:main:9.35
INFO:main:9.52
