INFO:werkzeug:[31m[1mWARNING: This is a development server. Do not use it in a production deployment. Use a production WSGI server instead.[0m
 * Running on all addresses (0.0.0.0)
 * Running on http://127.0.0.1:8080
 * Running on http://10.244.1.172:8080
INFO:werkzeug:[33mPress CTRL+C to quit[0m
INFO:werkzeug:127.0.0.1 - - [05/Aug/2023 03:50:00] "GET /api/stream/active/192.168.2.2:1935/200 HTTP/1.1" 200 -
INFO:main:4.95
INFO:main:10.98
INFO:main:10.74
INFO:main:11.49
INFO:main:12.75
INFO:main:11.26
INFO:main:10.15
INFO:main:10.26
INFO:main:11.57
INFO:main:10.88
INFO:main:11.70
INFO:main:11.88
INFO:main:9.43
INFO:main:10.17
INFO:main:11.03
INFO:main:11.87
INFO:main:9.89
INFO:main:11.27
INFO:main:11.89
INFO:main:10.83
INFO:main:11.92
INFO:main:11.46
INFO:main:10.18
INFO:main:10.11
INFO:main:10.82
INFO:main:11.47
INFO:main:11.19
INFO:main:10.47
INFO:main:11.37
INFO:main:10.35
INFO:main:11.78
INFO:main:11.86
INFO:main:12.72
INFO:main:10.75
INFO:main:11.16
INFO:main:11.22
INFO:main:11.18
INFO:main:10.51
INFO:main:11.67
INFO:main:12.82
INFO:main:11.66
INFO:main:10.06
INFO:main:11.01
INFO:main:10.68
INFO:main:11.47
INFO:main:10.16
INFO:main:10.00
INFO:main:10.37
INFO:main:10.68
INFO:main:11.56
INFO:main:10.73
INFO:main:9.44
INFO:main:9.48
INFO:main:11.41
INFO:main:10.61
INFO:main:10.25
INFO:main:9.67
INFO:main:10.90
INFO:main:11.82
INFO:main:10.52
INFO:main:11.11
INFO:main:11.69
INFO:main:10.58
INFO:main:10.63
INFO:main:10.49
INFO:main:10.34
INFO:main:9.15
INFO:main:9.34
INFO:main:11.21
INFO:main:11.65
INFO:main:12.21
INFO:main:12.01
INFO:main:12.76
INFO:main:13.02
INFO:main:12.95
INFO:main:12.55
INFO:main:12.24
INFO:main:12.62
INFO:main:12.01
INFO:main:11.42
INFO:main:11.95
INFO:main:10.51
INFO:main:10.23
INFO:main:11.56
INFO:main:10.94
INFO:main:10.35
INFO:main:10.40
INFO:main:11.68
INFO:main:10.77
INFO:main:11.46
INFO:main:11.96
INFO:main:12.48
