INFO:werkzeug:[31m[1mWARNING: This is a development server. Do not use it in a production deployment. Use a production WSGI server instead.[0m
 * Running on all addresses (0.0.0.0)
 * Running on http://127.0.0.1:8080
 * Running on http://10.244.1.74:8080
INFO:werkzeug:[33mPress CTRL+C to quit[0m
INFO:werkzeug:127.0.0.1 - - [05/Aug/2023 00:45:46] "GET /api/stream/active/192.168.2.2:1935/200 HTTP/1.1" 200 -
INFO:main:8.59
INFO:main:15.61
INFO:main:15.93
INFO:main:16.28
INFO:main:16.07
INFO:main:15.88
INFO:main:15.99
INFO:main:15.96
INFO:main:15.98
INFO:main:15.90
INFO:main:16.00
INFO:main:16.17
INFO:main:16.06
INFO:main:16.09
INFO:main:16.09
INFO:main:15.79
INFO:main:15.85
INFO:main:16.16
INFO:main:16.16
INFO:main:16.17
INFO:main:15.93
INFO:main:16.06
INFO:main:15.96
INFO:main:16.35
INFO:main:16.05
INFO:main:16.44
INFO:main:16.29
INFO:main:16.13
INFO:main:16.08
INFO:main:16.24
INFO:main:16.17
INFO:main:16.32
INFO:main:16.25
INFO:main:16.47
INFO:main:16.26
INFO:main:16.31
INFO:main:16.33
INFO:main:16.42
INFO:main:16.26
INFO:main:15.79
INFO:main:16.11
INFO:main:15.80
INFO:main:15.87
INFO:main:15.55
INFO:main:15.93
INFO:main:15.67
INFO:main:15.75
INFO:main:15.39
INFO:main:15.52
INFO:main:15.77
INFO:main:15.76
INFO:main:15.54
INFO:main:15.72
INFO:main:15.52
INFO:main:15.19
INFO:main:15.29
INFO:main:15.47
INFO:main:15.26
INFO:main:15.62
INFO:main:15.72
INFO:main:15.77
INFO:main:15.47
INFO:main:15.53
INFO:main:15.43
INFO:main:15.53
INFO:main:15.50
INFO:main:15.20
INFO:main:15.19
INFO:main:15.47
INFO:main:15.66
INFO:main:15.33
INFO:main:15.49
INFO:main:15.60
INFO:main:15.44
INFO:main:15.50
INFO:main:15.68
INFO:main:15.72
INFO:main:15.51
INFO:main:15.17
INFO:main:14.68
INFO:main:14.95
INFO:main:14.99
INFO:main:15.46
INFO:main:15.66
INFO:main:15.86
INFO:main:15.80
INFO:main:15.71
INFO:main:15.64
INFO:main:15.47
INFO:main:15.87
INFO:main:15.46
INFO:main:15.47
