INFO:werkzeug:[31m[1mWARNING: This is a development server. Do not use it in a production deployment. Use a production WSGI server instead.[0m
 * Running on all addresses (0.0.0.0)
 * Running on http://127.0.0.1:8080
 * Running on http://10.244.1.95:8080
INFO:werkzeug:[33mPress CTRL+C to quit[0m
INFO:werkzeug:127.0.0.1 - - [05/Aug/2023 12:45:51] "GET /api/stream/active/192.168.2.2:1935/200 HTTP/1.1" 200 -
INFO:main:6.92
INFO:main:13.10
INFO:main:13.27
INFO:main:13.23
INFO:main:14.13
INFO:main:14.02
INFO:main:13.78
INFO:main:13.74
INFO:main:13.79
INFO:main:13.77
INFO:main:13.89
INFO:main:13.75
INFO:main:13.96
INFO:main:13.79
INFO:main:13.83
INFO:main:13.86
INFO:main:13.91
INFO:main:14.02
INFO:main:14.40
INFO:main:14.08
INFO:main:14.12
INFO:main:14.37
INFO:main:13.95
INFO:main:14.15
INFO:main:14.08
INFO:main:14.46
INFO:main:14.33
INFO:main:14.83
INFO:main:14.98
INFO:main:14.63
INFO:main:13.87
INFO:main:13.69
INFO:main:13.62
INFO:main:13.51
INFO:main:13.75
INFO:main:13.91
INFO:main:14.83
INFO:main:14.77
INFO:main:13.62
INFO:main:13.66
INFO:main:13.50
INFO:main:13.70
INFO:main:13.59
INFO:main:13.65
INFO:main:14.37
INFO:main:14.57
INFO:main:14.92
INFO:main:14.42
INFO:main:13.91
INFO:main:13.83
INFO:main:13.92
INFO:main:13.52
INFO:main:13.45
INFO:main:13.85
INFO:main:14.27
INFO:main:14.30
INFO:main:14.12
INFO:main:13.87
INFO:main:14.10
INFO:main:13.94
INFO:main:13.72
INFO:main:14.28
INFO:main:14.15
INFO:main:14.34
INFO:main:14.16
INFO:main:15.47
INFO:main:16.21
INFO:main:14.66
INFO:main:13.77
INFO:main:13.10
INFO:main:13.30
INFO:main:13.70
INFO:main:13.88
INFO:main:14.35
INFO:main:14.66
INFO:main:14.94
INFO:main:14.81
INFO:main:14.24
INFO:main:14.19
INFO:main:13.95
INFO:main:13.78
INFO:main:13.91
INFO:main:14.42
INFO:main:13.96
INFO:main:13.96
INFO:main:13.67
INFO:main:13.80
INFO:main:13.46
INFO:main:13.30
INFO:main:13.25
INFO:main:13.05
INFO:main:13.36
INFO:main:13.76
INFO:main:14.78
INFO:main:14.33
INFO:main:15.08
INFO:main:15.56
INFO:main:16.09
INFO:main:16.03
INFO:main:15.87
INFO:main:14.81
INFO:main:14.88
INFO:main:14.34
