INFO:werkzeug:[31m[1mWARNING: This is a development server. Do not use it in a production deployment. Use a production WSGI server instead.[0m
 * Running on all addresses (0.0.0.0)
 * Running on http://127.0.0.1:8080
 * Running on http://10.244.1.218:8080
INFO:werkzeug:[33mPress CTRL+C to quit[0m
INFO:werkzeug:127.0.0.1 - - [05/Aug/2023 04:59:11] "GET /api/stream/active/192.168.2.2:1935/200 HTTP/1.1" 200 -
INFO:main:4.75
INFO:main:11.71
INFO:main:9.99
INFO:main:10.73
INFO:main:9.75
INFO:main:11.74
INFO:main:11.66
INFO:main:11.15
INFO:main:10.61
INFO:main:10.78
INFO:main:11.96
INFO:main:11.69
INFO:main:11.74
INFO:main:12.47
INFO:main:12.37
INFO:main:12.33
INFO:main:10.89
INFO:main:10.74
INFO:main:11.71
INFO:main:11.03
INFO:main:11.90
INFO:main:10.17
INFO:main:10.39
INFO:main:10.73
INFO:main:11.28
INFO:main:9.22
INFO:main:10.79
INFO:main:10.11
INFO:main:10.46
INFO:main:10.51
INFO:main:10.16
INFO:main:10.69
INFO:main:10.55
INFO:main:12.46
INFO:main:11.63
INFO:main:11.55
INFO:main:10.21
INFO:main:11.76
INFO:main:11.41
INFO:main:12.23
INFO:main:10.93
INFO:main:12.32
INFO:main:11.81
INFO:main:10.93
INFO:main:10.40
INFO:main:11.08
INFO:main:9.93
INFO:main:10.84
INFO:main:11.27
INFO:main:10.16
INFO:main:10.37
INFO:main:10.55
INFO:main:10.95
INFO:main:12.64
INFO:main:10.86
INFO:main:11.55
INFO:main:11.82
INFO:main:12.57
INFO:main:11.60
INFO:main:12.26
INFO:main:11.48
INFO:main:12.12
INFO:main:12.21
INFO:main:11.18
INFO:main:11.17
INFO:main:11.00
INFO:main:10.41
INFO:main:10.20
INFO:main:10.55
INFO:main:11.64
INFO:main:12.23
INFO:main:12.86
INFO:main:11.00
INFO:main:11.41
INFO:main:11.72
INFO:main:12.38
INFO:main:10.94
INFO:main:11.95
INFO:main:13.36
INFO:main:12.84
INFO:main:12.40
INFO:main:13.02
INFO:main:13.32
INFO:main:13.53
INFO:main:11.89
INFO:main:8.76
INFO:main:10.54
INFO:main:11.60
INFO:main:11.94
INFO:main:11.66
INFO:main:11.24
INFO:main:10.36
INFO:main:11.08
INFO:main:11.98
INFO:main:10.68
INFO:main:11.52
INFO:main:9.88
INFO:main:10.65
INFO:main:12.08
INFO:main:11.22
INFO:main:11.62
INFO:main:11.95
INFO:main:12.52
INFO:main:12.91
INFO:main:11.86
INFO:main:11.27
INFO:main:11.11
INFO:main:10.72
INFO:main:10.81
INFO:main:11.12
INFO:main:10.62
INFO:main:11.63
INFO:main:11.44
INFO:main:10.26
INFO:main:10.78
INFO:main:11.63
INFO:main:10.12
INFO:main:9.97
INFO:main:9.72
INFO:main:11.19
INFO:main:10.52
INFO:main:11.17
INFO:main:11.67
INFO:main:11.37
INFO:main:11.40
INFO:main:10.05
INFO:main:9.96
INFO:main:12.89
INFO:main:11.62
