INFO:werkzeug:[31m[1mWARNING: This is a development server. Do not use it in a production deployment. Use a production WSGI server instead.[0m
 * Running on all addresses (0.0.0.0)
 * Running on http://127.0.0.1:8080
 * Running on http://10.244.1.243:8080
INFO:werkzeug:[33mPress CTRL+C to quit[0m
INFO:werkzeug:127.0.0.1 - - [05/Aug/2023 05:34:26] "GET /api/stream/active/192.168.2.2:1935/200 HTTP/1.1" 200 -
INFO:main:6.90
INFO:main:11.47
INFO:main:10.91
INFO:main:11.36
INFO:main:10.77
INFO:main:10.41
INFO:main:10.64
INFO:main:12.89
INFO:main:10.52
INFO:main:10.24
INFO:main:10.94
INFO:main:13.09
INFO:main:12.80
INFO:main:11.87
INFO:main:11.67
INFO:main:11.00
INFO:main:10.61
INFO:main:10.47
INFO:main:10.84
INFO:main:12.32
INFO:main:13.08
INFO:main:12.80
INFO:main:11.22
INFO:main:9.53
INFO:main:9.60
INFO:main:11.45
INFO:main:11.82
INFO:main:11.76
INFO:main:12.66
INFO:main:11.84
INFO:main:12.98
INFO:main:11.20
INFO:main:9.22
INFO:main:8.99
INFO:main:10.51
INFO:main:12.27
INFO:main:10.26
INFO:main:10.04
INFO:main:11.48
INFO:main:11.58
INFO:main:9.95
INFO:main:11.81
INFO:main:10.79
INFO:main:10.27
INFO:main:10.18
INFO:main:10.58
INFO:main:11.60
INFO:main:11.86
INFO:main:12.34
INFO:main:10.61
INFO:main:11.48
INFO:main:12.03
INFO:main:10.54
INFO:main:10.17
INFO:main:10.36
INFO:main:11.36
INFO:main:11.48
INFO:main:10.96
INFO:main:10.99
INFO:main:10.20
INFO:main:10.38
INFO:main:12.01
INFO:main:9.45
INFO:main:9.88
INFO:main:11.02
INFO:main:10.59
INFO:main:11.22
INFO:main:9.99
INFO:main:10.85
INFO:main:11.18
INFO:main:11.55
INFO:main:12.71
INFO:main:10.51
INFO:main:11.46
INFO:main:11.01
INFO:main:12.52
INFO:main:12.03
INFO:main:11.89
INFO:main:11.46
INFO:main:10.92
INFO:main:12.28
INFO:main:11.99
INFO:main:10.89
INFO:main:11.08
INFO:main:11.75
INFO:main:10.44
INFO:main:10.40
INFO:main:10.21
INFO:main:11.33
INFO:main:9.87
INFO:main:10.45
INFO:main:12.33
